--- Log opened Sun Dec 14 18:45:04 2003
18:45 -!- hendry [~hendry@xdsl-176-161.nblnetworks.fi] has joined #debian-edu
18:45 -!- Irssi: #debian-edu: Total of 15 nicks [0 ops, 0 halfops, 0 voices, 15 normal]
18:45 -!- Irssi: Join to #debian-edu was synced in 16 secs
19:02 < k4x> klaus: hallo hallo
19:03 < k4x> klausAde: hallo hallo hallo ;-)
19:03 < stockholm> hallo!
19:04 < klausAde> k4x: i just wanted to know if you run 'make' on the IKT-book when you work on it?
19:05 < stockholm> und die installation is auch bei uns das beste
19:05 < stockholm> sorry
19:27 < Barbarossa> huhu
19:39 < k4x> ok ich bin wieder da
19:39 < k4x> nein ich habe make nicht aufgerufen
19:39 < k4x> kann das jemand fuer mich tun?
19:43 < Barbarossa> was willst Du denn bauen?
19:44 -!- jbragnar [~ragnar@ti221110a080-3556.bb.online.no] has joined #debian-edu
19:44 < k4x> liest du commits?
19:44 < Barbarossa> jp
19:44 < Barbarossa> s/p/o/
19:44 < k4x> ich hab die installationsanleitung im englischen orginal erweitert
19:45 < klausAde> k4x: yes I do.
19:45 < k4x> thanks
19:45 < k4x> Patrick is translating back to german ;-)
19:46 < Barbarossa> oder so...
19:46 < k4x> ?
19:46 < Barbarossa> 18:45 < k4x> Patrick is translating back to german ;-)
19:49 < k4x> ok oder so
19:50 < k4x> Patrick ist sehr fleissig, er hat dich ;-) voll vertreten ....
20:00 < k4x> Barbarossa: kommst du am Freitag? an Sylvester?
20:10 < Barbarossa> sowohl als auch vermutlich nicht
20:17 < k4x> Barbarossa: schade aber auch ...
20:17 < Barbarossa> freitag bekomm ich evtl. besuch, sylvester private Einladung :)
20:18 < k4x> ab naechstes Jahr wechseln wir wieder auf Donnerstag ;-))
20:19 < Barbarossa> und dann?
20:20 < Barbarossa> als aktives fachschaftsmitglied hat man nebenbei auch noch a bisserl was zu tun
20:20 < k4x> dann kommst du haeufuger ... statistisch gesehen
20:20 < k4x> ok ok ich vermiss dich ja nur ;-)
20:20 < k4x> kein weib kein max ehmm
20:20 < Barbarossa> http://webserv.uni-paderborn.de/eim/fsmi/fachschaft/wirueberuns/wirueberuns.php?fsID=40&tab=umfeld
20:21 < k4x> aha
20:21 < Barbarossa> Luege -> notluege -> Statistik
20:22 < Barbarossa> wie meinen?  "20 < k4x> kein weib kein max ehm"
20:23 -!- k4x is now known as k4x_essenspause
20:23 < Barbarossa> guten Hunger
20:24 -!- Barbarossa changed the topic of #debian-edu to: Samba fans see http://debian.rfc3514.org
20:28 -!- Barbarossa changed the topic of #debian-edu to: Samba fans see http://debian.rfc3514.org | Bug #545 resolved
21:10 -!- k4x_essenspause is now known as k4x
21:20 < Barbarossa> k4x: Du moechtest "19:20 < k4x> kein weib kein max ehmm" erlaeutern
21:21 < k4x> Barbarossa: nein, moechte er nicht, er moechte mit dem uebersetzen fertig werden ..
21:22 < Barbarossa> dann spare er sich solche kommentare, die nerven naemlich langsam
21:28 < k4x> Barbarossa: k4x spart sich das vom Munde ab ..
21:33  * Barbarossa geht jetzt mal lieber offline...
--- Log closed Sun Dec 14 23:56:49 2003
--- Log opened Mon Dec 15 23:09:29 2003
23:09 -!- hendry [~hendry@xdsl-176-161.nblnetworks.fi] has joined #debian-edu
23:09 -!- Irssi: #debian-edu: Total of 16 nicks [0 ops, 0 halfops, 0 voices, 16 normal]
23:09 -!- Irssi: Join to #debian-edu was synced in 14 secs
23:10  * perh_ is back
23:10 < perh_> hendry: Hi there, Suomi! :-)
23:29 < hendry> perh_: oletko suomalainen?
--- Day changed Tue Dec 16 2003
00:05 -!- klausAde [~klaus@217-148-238.adsl.tele2.no] has quit ["Klienten avslutter"]
00:25 < perh_> hendry: :-) No not really.
00:27 < perh_> hendry: I understand you taken on responsibility as coordinator for Finnish translations. Great! :-)
--- Log closed Tue Dec 16 01:08:23 2003
--- Log opened Tue Dec 16 14:13:10 2003
14:13 -!- hendry [~hendry@xdsl-176-161.nblnetworks.fi] has joined #debian-edu
14:13 -!- Irssi: #debian-edu: Total of 16 nicks [0 ops, 0 halfops, 0 voices, 16 normal]
14:13 -!- Irssi: Join to #debian-edu was synced in 15 secs
15:03 -!- tcragnar [~ragnar@193.91.146.34] has quit ["Klient afslutter"]
--- Log closed Tue Dec 16 15:30:50 2003
--- Log opened Tue Dec 16 18:08:37 2003
18:08 -!- hendry [~hendry@xdsl-176-161.nblnetworks.fi] has joined #debian-edu
18:08 -!- Irssi: #debian-edu: Total of 15 nicks [0 ops, 0 halfops, 0 voices, 15 normal]
18:08 -!- Irssi: Join to #debian-edu was synced in 15 secs
18:12 < stockholm> is rangnar in the other channel?
18:17 < klausAde> stockholm: can't see ragnar anywhere.
18:20 < stockholm> ok, thanks
--- Log closed Tue Dec 16 18:42:46 2003
--- Log opened Tue Dec 16 19:59:51 2003
19:59 -!- hendry [~hendry@xdsl-176-161.nblnetworks.fi] has joined #debian-edu
19:59 -!- Irssi: #debian-edu: Total of 14 nicks [0 ops, 0 halfops, 0 voices, 14 normal]
20:00 -!- Irssi: Join to #debian-edu was synced in 15 secs
22:28 -!- pere is now known as pere_poff
22:56 -!- pere [~pere@217-13-7-10.dd.nextgentel.com] has joined #debian-edu
23:46 -!- klausAde [~klaus@217-148-238.adsl.tele2.no] has quit ["Klienten avslutter"]
--- Log closed Wed Dec 17 00:41:38 2003
<<<<<<< .mine
--- Log opened Wed Dec 17 16:54:06 2003
16:54 -!- hendry [~hendry@xdsl-176-161.nblnetworks.fi] has joined #debian-edu
16:54 -!- Irssi: #debian-edu: Total of 16 nicks [0 ops, 0 halfops, 0 voices, 16 normal]
16:54 -!- Irssi: Join to #debian-edu was synced in 14 secs
17:23 -!- Colargol [runesk@george.medisin.ntnu.no] has quit ["Client exiting"]
17:35 -!- Fotokis [~Tommy@ti500710a002-0140.dialup.online.no] has quit ["Client Exiting"]
17:55 -!- perh [~perh@26.80-202-19.nextgentel.com] has quit ["Client Exiting"]
18:01 -!- perh [~perh@26.80-202-19.nextgentel.com] has joined #debian-edu
18:13 -!- perh [~perh@26.80-202-19.nextgentel.com] has quit ["Client Exiting"]
18:14 -!- perh [~perh@26.80-202-19.nextgentel.com] has joined #debian-edu
19:00 -!- Colargol [runesk@george.medisin.ntnu.no] has joined #debian-edu
19:04 < Werner_> Colargol: g'day.. I'm leaving Trondheim tomorrow, but should we try to set up a framework for the security-team by email during christmas?
19:20 -!- klausAde [~klaus@217-148-238.adsl.tele2.no] has joined #debian-edu
19:26 -!- pere is now known as pere_poff
19:39 -!- Colargol [runesk@george.medisin.ntnu.no] has quit ["Client exiting"]
20:00 -!- fjemtland [~fjemtland@developer.skolelinux.no] has joined #debian-edu
20:54 -!- Fotokis [~Tommy@ti500710a001-0009.dialup.online.no] has joined #debian-edu
21:05 -!- fjemtland [~fjemtland@developer.skolelinux.no] has quit ["[BX] Do you... BitchX?"]
21:11 -!- Jerazol [~Tommy@ti500710a012-0115.dialup.online.no] has joined #debian-edu
--- Log closed Wed Dec 17 21:12:17 2003
--- Log opened Wed Dec 17 21:58:04 2003
21:58 -!- hendry [~hendry@xdsl-176-161.nblnetworks.fi] has joined #debian-edu
21:58 -!- Irssi: #debian-edu: Total of 16 nicks [0 ops, 0 halfops, 0 voices, 16 normal]
21:58 -!- Irssi: Join to #debian-edu was synced in 16 secs
21:58 < hendry> how big is this co of skolelinux?
--- Log closed Wed Dec 17 22:04:27 2003
--- Log opened Wed Dec 17 22:23:31 2003
22:23 -!- hendry_ [~hendry@cs180217.pp.htv.fi] has joined #debian-edu
22:23 -!- Irssi: #debian-edu: Total of 16 nicks [0 ops, 0 halfops, 0 voices, 16 normal]
22:23 -!- Irssi: Join to #debian-edu was synced in 21 secs
22:26 < stockholm> wait...
22:27 < stockholm> 540M    /home/andreas/src/skolelinux
22:27 < stockholm> du output
22:27 -!- hendry [~hendry@xdsl-176-161.nblnetworks.fi] has quit [Read error: 104 (Connection reset by peer)]
22:28 < stockholm> hendry_: did you get that?
--- Log closed Wed Dec 17 23:47:14 2003
--- Log opened Thu Dec 18 00:04:04 2003
00:04 -!- hendry [~hendry@xdsl-176-161.nblnetworks.fi] has joined #debian-edu
00:04 -!- Irssi: #debian-edu: Total of 15 nicks [0 ops, 0 halfops, 0 voices, 15 normal]
00:04 -!- Irssi: Join to #debian-edu was synced in 15 secs
00:16 -!- osmuvaag [~osmuvaag@ti132110a080-2473.bb.online.no] has joined #debian-edu
00:19 < osmuvaag> I'm trying to install a fresh slx todays build. Autopart fails with error 'ped_file_system_create failed'. Has anyone else seen this?
00:24 < klausAde> osmuvaag: yes, saw it myself today. Can you bug it?
00:25 < osmuvaag> yes
00:25 < klausAde> i'm struggling with upgraded firewall
00:35 -!- klausAde [~klaus@217-148-238.adsl.tele2.no] has quit ["Klienten avslutter"]
--- Log closed Thu Dec 18 00:44:49 2003
--- Log opened Thu Dec 18 23:30:52 2003
23:30 -!- hendry [~hendry@xdsl-176-161.nblnetworks.fi] has joined #debian-edu
23:30 -!- Irssi: #debian-edu: Total of 20 nicks [0 ops, 0 halfops, 0 voices, 20 normal]
23:31 -!- Irssi: Join to #debian-edu was synced in 14 secs
--- Day changed Fri Dec 19 2003
00:17 -!- klausAde [~klaus@217-148-238.adsl.tele2.no] has quit ["Klienten avslutter"]
--- Log closed Fri Dec 19 00:38:31 2003
--- Log opened Fri Dec 19 19:08:36 2003
19:08 -!- hendry [~hendry@xdsl-176-161.nblnetworks.fi] has joined #debian-edu
19:08 -!- Irssi: #debian-edu: Total of 19 nicks [0 ops, 0 halfops, 0 voices, 19 normal]
19:08 -!- Irssi: Join to #debian-edu was synced in 15 secs
