--- Log opened Sun Dec 14 18:44:34 2003
18:44 !irc.eu.freenode.net *** Looking up your hostname...
18:44 !irc.eu.freenode.net *** Checking ident
18:44 !irc.eu.freenode.net *** Found your hostname
18:45 !irc.eu.freenode.net *** No identd (auth) response
--- Log closed Sun Dec 14 18:50:33 2003
--- Log opened Mon Dec 15 23:08:35 2003
23:08 !irc.eu.freenode.net *** Looking up your hostname...
23:08 !irc.eu.freenode.net *** Checking ident
23:08 !irc.eu.freenode.net *** Found your hostname
23:09 !irc.eu.freenode.net *** No identd (auth) response
--- Log closed Mon Dec 15 23:14:35 2003
--- Log opened Tue Dec 16 14:11:39 2003
14:11 !irc.eu.freenode.net *** Looking up your hostname...
14:11 !irc.eu.freenode.net *** Checking ident
14:11 !irc.eu.freenode.net *** Found your hostname
14:13 !irc.eu.freenode.net *** No identd (auth) response
--- Log closed Tue Dec 16 14:18:28 2003
--- Log opened Tue Dec 16 18:08:06 2003
18:08 !irc.eu.freenode.net *** Looking up your hostname...
18:08 !irc.eu.freenode.net *** Checking ident
18:08 !irc.eu.freenode.net *** Found your hostname
18:08 !irc.eu.freenode.net *** No identd (auth) response
--- Log closed Tue Dec 16 18:14:05 2003
--- Log opened Tue Dec 16 19:59:20 2003
19:59 !irc.eu.freenode.net *** Looking up your hostname...
19:59 !irc.eu.freenode.net *** Checking ident
19:59 !irc.eu.freenode.net *** Found your hostname
19:59 !irc.eu.freenode.net *** No identd (auth) response
--- Log closed Tue Dec 16 20:05:19 2003
--- Log opened Wed Dec 17 16:52:39 2003
16:52 !irc.eu.freenode.net *** Looking up your hostname...
16:52 !irc.eu.freenode.net *** Checking ident
16:52 !irc.eu.freenode.net *** Found your hostname
16:54 !irc.eu.freenode.net *** No identd (auth) response
--- Log closed Wed Dec 17 16:59:38 2003
--- Log opened Wed Dec 17 21:57:33 2003
21:57 !irc.eu.freenode.net *** Looking up your hostname...
21:57 !irc.eu.freenode.net *** Checking ident
21:57 !irc.eu.freenode.net *** Found your hostname
21:58 !irc.eu.freenode.net *** No identd (auth) response
--- Log closed Wed Dec 17 22:03:32 2003
--- Log opened Wed Dec 17 22:23:29 2003
22:23 !irc.eu.freenode.net *** Looking up your hostname...
22:23 !irc.eu.freenode.net *** Checking ident
22:23 !irc.eu.freenode.net *** No identd (auth) response
22:23 !irc.eu.freenode.net *** Found your hostname
--- Log closed Wed Dec 17 22:28:32 2003
--- Log opened Thu Dec 18 00:02:16 2003
00:02 !irc.eu.freenode.net *** Looking up your hostname...
00:02 !irc.eu.freenode.net *** Checking ident
00:02 !irc.eu.freenode.net *** Found your hostname
00:04 !irc.eu.freenode.net *** No identd (auth) response
--- Log closed Thu Dec 18 00:09:32 2003
--- Log opened Thu Dec 18 23:30:21 2003
23:30 !irc.eu.freenode.net *** Looking up your hostname...
23:30 !irc.eu.freenode.net *** Checking ident
23:30 !irc.eu.freenode.net *** Found your hostname
23:30 !irc.eu.freenode.net *** No identd (auth) response
--- Log closed Thu Dec 18 23:36:20 2003
--- Log opened Fri Dec 19 19:08:05 2003
19:08 !irc.eu.freenode.net *** Looking up your hostname...
19:08 !irc.eu.freenode.net *** Checking ident
19:08 !irc.eu.freenode.net *** Found your hostname
19:08 !irc.eu.freenode.net *** No identd (auth) response
--- Log closed Fri Dec 19 19:14:04 2003
