--- Log opened Sun Dec 14 18:45:04 2003
18:45 !sterling.freenode.net *** Your host is sterling.freenode.net[freebsd.widexs.nl/6667], running version dancer-ircd-1.0.32
--- Log closed Sun Dec 14 18:50:33 2003
--- Log opened Mon Dec 15 23:09:29 2003
23:09 !herbert.freenode.net *** Your host is herbert.freenode.net[lajnux.nu/6667], running version dancer-ircd-1.0.32
--- Log closed Mon Dec 15 23:14:35 2003
--- Log opened Tue Dec 16 14:13:09 2003
14:13 !truong.freenode.net *** Your host is truong.freenode.net[truong.freenode.net/6667], running version dancer-ircd-1.0.32
--- Log closed Tue Dec 16 14:18:28 2003
--- Log opened Tue Dec 16 18:08:37 2003
18:08 !kornbluth.freenode.net *** Your host is kornbluth.freenode.net[kornbluth.freenode.net/6667], running version dancer-ircd-1.0.32
--- Log closed Tue Dec 16 18:14:05 2003
--- Log opened Tue Dec 16 19:59:51 2003
19:59 !kornbluth.freenode.net *** Your host is kornbluth.freenode.net[kornbluth.freenode.net/6667], running version dancer-ircd-1.0.32
--- Log closed Tue Dec 16 20:05:19 2003
--- Log opened Wed Dec 17 21:58:04 2003
21:58 !leguin.freenode.net *** Your host is leguin.freenode.net[leguin.acc.umu.se/6667], running version dancer-ircd-1.0.32
--- Log closed Wed Dec 17 22:03:32 2003
--- Log opened Thu Dec 18 00:04:04 2003
00:04 !truong.freenode.net *** Your host is truong.freenode.net[truong.freenode.net/6667], running version dancer-ircd-1.0.32
--- Log closed Thu Dec 18 00:09:32 2003
