--- Log opened Sun Dec 14 18:44:34 2003
18:44 -!- hendry [hendry@scrooge-15] has joined #bitlbee
18:44 -!- ServerMode/#bitlbee [+nt] by scrooge-15
18:44 -!- Irssi: #bitlbee: Total of 2 nicks [2 ops, 0 halfops, 0 voices, 0 normal]
18:44 <@root> Welcome to the BitlBee gateway!
18:44 <@root> 
18:44 <@root> If you've never used BitlBee before, please do read the help information using the help command. Lots of FAQ's are answered there.
18:44 -!- Irssi: Join to #bitlbee was synced in 0 secs
21:34 -!- 303916119 [303916119@login.icq.com] has joined #bitlbee
21:34 -!- mode/#bitlbee [+v 303916119] by root
21:34 <@hendry> info 303916119 
21:34 <@root> User info - UIN: 303916119   Nick: Dna   First/Last name: Dna    E-mail: 
21:34 <@hendry> rename 303916119 dna
21:34 -!- 303916119 is now known as dna
21:34 <@root> Nick successfully changed
21:34 <@hendry> dna: lo
21:35 <+dna> hendry: ever heard of eizo? btw
21:35 <+dna> hendry: i am thinking of buying a lcd screen... but donno which one!
21:37 <@hendry> dna: if you like dead pixels get an LCD panel
21:37 <@hendry> dna: CRTs still rule on the desktop for me
21:37 <@hendry> dna: update much faster, better defn.
21:40 <+dna> hendry: donno eye pain and headaches and they are cute : i am thinking eizo bt i'll tell u when i decide 25ms would do for me i dont paly ;)
21:42 <@hendry> dna: get a good monitor with 100hz update or something
22:46 -!- mode/#bitlbee [-v dna] by root
23:32 -!- dna [303916119@login.icq.com] has quit [Leaving...]
23:33 -!- dna [303916119@login.icq.com] has joined #bitlbee
23:33 -!- mode/#bitlbee [+v dna] by root
23:45 -!- dna [303916119@login.icq.com] has quit [Leaving...]
23:50 -!- dna [303916119@login.icq.com] has joined #bitlbee
23:50 -!- mode/#bitlbee [+v dna] by root
--- Log closed Sun Dec 14 23:56:49 2003
--- Log opened Tue Dec 16 18:08:06 2003
18:08 -!- hendry [hendry@scrooge-15] has joined #bitlbee
18:08 -!- ServerMode/#bitlbee [+nt] by scrooge-15
18:08 -!- Irssi: #bitlbee: Total of 2 nicks [2 ops, 0 halfops, 0 voices, 0 normal]
18:08 <@root> Welcome to the BitlBee gateway!
18:08 <@root> 
18:08 <@root> If you've never used BitlBee before, please do read the help information using the help command. Lots of FAQ's are answered there.
18:08 -!- Irssi: Join to #bitlbee was synced in 3 secs
18:11 -!- indicator [indicator@amessage.info] has joined #bitlbee
18:11 -!- mode/#bitlbee [+v indicator] by root
18:11 -!- ncrfgs [ncrfgs@jabber.org] has joined #bitlbee
18:11 -!- mode/#bitlbee [+v ncrfgs] by root
18:11 -!- aquarius_th [aquarius_the_great@yahoo.jabber.org.uk] has joined #bitlbee
18:11 -!- mode/#bitlbee [+v aquarius_th] by root
18:11 -!- hiphoprette_ [hiphopretten@yahoo.jabber.org.uk] has joined #bitlbee
18:11 -!- mode/#bitlbee [+v hiphoprette_] by root
18:11 -!- russian0105 [russian0105@yahoo.jabber.org.uk] has joined #bitlbee
18:11 -!- mode/#bitlbee [+v russian0105] by root
18:11 -!- moelle242_ [moelle242@yahoo.jabber.org.uk] has joined #bitlbee
18:11 -!- mode/#bitlbee [+v moelle242_] by root
18:11 -!- cat_dias_ [cat_dias@yahoo.jabber.org.uk] has joined #bitlbee
18:11 -!- mode/#bitlbee [+v cat_dias_] by root
18:11 -!- dinamo925_ [dinamo925@yahoo.jabber.org.uk] has joined #bitlbee
18:11 -!- mode/#bitlbee [+v dinamo925_] by root
18:11 -!- pehuza_ [pehuza@yahoo.jabber.org.uk] has joined #bitlbee
18:11 -!- mode/#bitlbee [+v pehuza_] by root
18:11 -!- unnersc_ [unnersc@yahoo.jabber.org.uk] has joined #bitlbee
18:11 -!- mode/#bitlbee [+v unnersc_] by root
18:11 -!- thomasrosse_ [thomasrossetti2000@yahoo.jabber.org.uk] has joined #bitlbee
18:11 -!- mode/#bitlbee [+v thomasrosse_] by root
18:11 -!- pjmasche_ [pjmasche@yahoo.jabber.org.uk] has joined #bitlbee
18:11 -!- mode/#bitlbee [+v pjmasche_] by root
18:11 -!- pjb121_ [pjb121@yahoo.jabber.org.uk] has joined #bitlbee
18:11 -!- mode/#bitlbee [+v pjb121_] by root
18:11 -!- cincyromant_ [cincyromanticman@yahoo.jabber.org.uk] has joined #bitlbee
18:11 -!- mode/#bitlbee [+v cincyromant_] by root
18:11 -!- brian_hendr_ [brian_hendry@yahoo.jabber.org.uk] has joined #bitlbee
18:11 -!- mode/#bitlbee [+v brian_hendr_] by root
18:11 -!- christin_he [christin_hess@yahoo.jabber.org.uk] has joined #bitlbee
18:11 -!- mode/#bitlbee [+v christin_he] by root
18:11 -!- kamakaze_wo_ [kamakaze_work@yahoo.jabber.org.uk] has joined #bitlbee
18:11 -!- mode/#bitlbee [+v kamakaze_wo_] by root
18:11 -!- linux_morle_ [linux_morley@yahoo.jabber.org.uk] has joined #bitlbee
18:11 -!- mode/#bitlbee [+v linux_morle_] by root
18:11 -!- marcin_arci_ [marcin_arcisz@yahoo.jabber.org.uk] has joined #bitlbee
18:11 -!- mode/#bitlbee [+v marcin_arci_] by root
18:11 -!- papstmenno_ [papstmenno@yahoo.jabber.org.uk] has joined #bitlbee
18:11 -!- mode/#bitlbee [+v papstmenno_] by root
18:11 -!- ronin_aka_z_ [ronin_aka_zorro@yahoo.jabber.org.uk] has joined #bitlbee
18:11 -!- mode/#bitlbee [+v ronin_aka_z_] by root
18:11 -!- blabbels_ [blabbels@yahoo.jabber.org.uk] has joined #bitlbee
18:11 -!- mode/#bitlbee [+v blabbels_] by root
18:11 -!- finnjosh_ [finnjosh@yahoo.jabber.org.uk] has joined #bitlbee
18:11 -!- mode/#bitlbee [+v finnjosh_] by root
18:11 -!- 14488625 [14488625@icq.myjabber.net] has joined #bitlbee
18:11 -!- aschwinvan [aschwin.van.der.woude@linux-aktivaattori.org] has joined #bitlbee
18:11 -!- mode/#bitlbee [+v aschwinvan] by root
18:12 <@hendry> info 14488625 
18:21 -!- mode/#bitlbee [+v 14488625] by root
18:25 <@hendry> info 14488625@icq.myjabber.net
18:25 <@root> Nick `14488625@icq.myjabber.net' does not exist
18:33 -!- mode/#bitlbee [-v 14488625] by root
--- Log closed Tue Dec 16 18:42:46 2003
--- Log opened Tue Dec 16 19:59:19 2003
19:59 -!- hendry [hendry@scrooge-15] has joined #bitlbee
19:59 -!- ServerMode/#bitlbee [+nt] by scrooge-15
19:59 -!- Irssi: #bitlbee: Total of 2 nicks [2 ops, 0 halfops, 0 voices, 0 normal]
19:59 <@root> Welcome to the BitlBee gateway!
19:59 <@root> 
19:59 <@root> If you've never used BitlBee before, please do read the help information using the help command. Lots of FAQ's are answered there.
19:59 -!- Irssi: Join to #bitlbee was synced in 1 secs
19:59 -!- indicator [indicator@amessage.info] has joined #bitlbee
19:59 -!- mode/#bitlbee [+v indicator] by root
19:59 -!- moelle242 [moelle242@yahoo.amessage.info] has joined #bitlbee
19:59 -!- mode/#bitlbee [+v moelle242] by root
19:59 -!- ncrfgs [ncrfgs@jabber.org] has joined #bitlbee
19:59 -!- mode/#bitlbee [+v ncrfgs] by root
19:59 -!- aquarius_th [aquarius_the_great@yahoo.jabber.org.uk] has joined #bitlbee
19:59 -!- mode/#bitlbee [+v aquarius_th] by root
19:59 -!- hiphoprette_ [hiphopretten@yahoo.jabber.org.uk] has joined #bitlbee
19:59 -!- mode/#bitlbee [+v hiphoprette_] by root
19:59 -!- russian0105 [russian0105@yahoo.jabber.org.uk] has joined #bitlbee
19:59 -!- mode/#bitlbee [+v russian0105] by root
19:59 -!- moelle242_ [moelle242@yahoo.jabber.org.uk] has joined #bitlbee
19:59 -!- mode/#bitlbee [+v moelle242_] by root
19:59 -!- cat_dias_ [cat_dias@yahoo.jabber.org.uk] has joined #bitlbee
19:59 -!- mode/#bitlbee [+v cat_dias_] by root
19:59 -!- dinamo925_ [dinamo925@yahoo.jabber.org.uk] has joined #bitlbee
19:59 -!- mode/#bitlbee [+v dinamo925_] by root
19:59 -!- pehuza_ [pehuza@yahoo.jabber.org.uk] has joined #bitlbee
19:59 -!- mode/#bitlbee [+v pehuza_] by root
19:59 -!- unnersc_ [unnersc@yahoo.jabber.org.uk] has joined #bitlbee
19:59 -!- mode/#bitlbee [+v unnersc_] by root
19:59 -!- thomasrosse_ [thomasrossetti2000@yahoo.jabber.org.uk] has joined #bitlbee
19:59 -!- mode/#bitlbee [+v thomasrosse_] by root
19:59 -!- pjmasche_ [pjmasche@yahoo.jabber.org.uk] has joined #bitlbee
19:59 -!- mode/#bitlbee [+v pjmasche_] by root
19:59 -!- pjb121_ [pjb121@yahoo.jabber.org.uk] has joined #bitlbee
19:59 -!- mode/#bitlbee [+v pjb121_] by root
19:59 -!- cincyromant_ [cincyromanticman@yahoo.jabber.org.uk] has joined #bitlbee
19:59 -!- mode/#bitlbee [+v cincyromant_] by root
19:59 -!- brian_hendr_ [brian_hendry@yahoo.jabber.org.uk] has joined #bitlbee
19:59 -!- mode/#bitlbee [+v brian_hendr_] by root
19:59 -!- christin_he [christin_hess@yahoo.jabber.org.uk] has joined #bitlbee
19:59 -!- mode/#bitlbee [+v christin_he] by root
19:59 -!- kamakaze_wo_ [kamakaze_work@yahoo.jabber.org.uk] has joined #bitlbee
19:59 -!- mode/#bitlbee [+v kamakaze_wo_] by root
19:59 -!- linux_morle_ [linux_morley@yahoo.jabber.org.uk] has joined #bitlbee
19:59 -!- mode/#bitlbee [+v linux_morle_] by root
19:59 -!- marcin_arci_ [marcin_arcisz@yahoo.jabber.org.uk] has joined #bitlbee
19:59 -!- mode/#bitlbee [+v marcin_arci_] by root
19:59 -!- papstmenno_ [papstmenno@yahoo.jabber.org.uk] has joined #bitlbee
19:59 -!- mode/#bitlbee [+v papstmenno_] by root
19:59 -!- ronin_aka_z_ [ronin_aka_zorro@yahoo.jabber.org.uk] has joined #bitlbee
19:59 -!- mode/#bitlbee [+v ronin_aka_z_] by root
19:59 -!- blabbels_ [blabbels@yahoo.jabber.org.uk] has joined #bitlbee
19:59 -!- mode/#bitlbee [+v blabbels_] by root
19:59 -!- finnjosh_ [finnjosh@yahoo.jabber.org.uk] has joined #bitlbee
19:59 -!- mode/#bitlbee [+v finnjosh_] by root
19:59 -!- aschwinvan [aschwin.van.der.woude@linux-aktivaattori.org] has joined #bitlbee
19:59 -!- mode/#bitlbee [+v aschwinvan] by root
20:01 -!- rouadec [rouadec@amessage.de] has joined #bitlbee
20:01 -!- mode/#bitlbee [+v rouadec] by root
20:01 -!- 91864523 [91864523@icq.myjabber.net] has joined #bitlbee
20:01 -!- mode/#bitlbee [+v 91864523] by root
