--- Log opened Tue Nov 04 16:10:30 2003
16:10 -!- Irssi: Starting query in kolumbus with Q-FONK
16:10 <hendry> hello
16:10 <hendry> http://www.cs.helsinki.fi/u/hendry/work/venturecup/
--- Log closed Tue Nov 04 16:16:26 2003
--- Log opened Tue Nov 04 16:25:52 2003
16:25 <Q-FONK> ok
16:26 <Q-FONK> btw, saw the news that Novell is buying Suse?
16:27 <Q-FONK> since they already bought Ximian, I predecit the death of BOTH Gnome and KDE, repacing them with a new desktop that becomes THE de-facto Linux desktop environment.
--- Log closed Tue Nov 04 16:32:26 2003
--- Log opened Tue Nov 04 16:46:45 2003
16:46 <Q-FONK> www.tekno.dk
16:51 <Q-FONK> http://slashdot.org/article.pl?sid=03/10/21/2131251&mode=thread&tid=117&tid=126&tid=163&tid=99
--- Log closed Tue Nov 04 16:57:26 2003
--- Log opened Tue Nov 04 16:58:30 2003
16:58 <Q-FONK> http://www.tekno.dk/subpage.php3?article=968&language=uk&category=11&toppic=kategori11
--- Log closed Tue Nov 04 17:04:27 2003
--- Log opened Tue Nov 04 17:08:41 2003
17:08 <Q-FONK> those 2 documents also include links to other EU documents on the subject.
--- Log closed Tue Nov 04 17:14:27 2003
--- Log opened Tue Nov 04 17:19:16 2003
17:19 <hendry> can you tell me how many schools there are in Finland?
--- Log closed Tue Nov 04 17:24:27 2003
--- Log opened Tue Nov 04 17:29:35 2003
17:29 <Q-FONK> no idea
17:29 <Q-FONK> opetusministeriö might have stats
17:29 <Q-FONK> Error 403 on your doc, btw
--- Log closed Tue Nov 04 17:35:27 2003
--- Log opened Tue Nov 04 17:48:07 2003
17:48 <Q-FONK> software update contracts are usually for one year, btw
17:49 <Q-FONK> and training could be a 4th spot all to itself.  you could point out that IT training in itself is a HUGE market in this country.
--- Log closed Tue Nov 04 17:54:27 2003
--- Log opened Tue Nov 04 17:58:25 2003
17:58 <Q-FONK> yep, got it
--- Log closed Tue Nov 04 18:03:28 2003
--- Log opened Tue Nov 04 18:28:07 2003
18:28 <Q-FONK>  /j #gnome-fi if you wanna meet at least the gnome translation team.
--- Log closed Tue Nov 04 18:33:28 2003
--- Log opened Tue Nov 04 19:03:31 2003
19:03 <Q-FONK> about that helsinki debating society, btw.
19:03 <Q-FONK> when/where/how can I participate?
--- Log closed Tue Nov 04 19:09:29 2003
--- Log opened Tue Nov 04 19:34:11 2003
19:34 <hendry> I recommend coming in to spectate on the 22nd
19:35 <Q-FONK> isn't there soemthing on the 12th as well?
19:36 <hendry> join #skolelinux
19:37 <hendry> you're right :)
19:37 <hendry> come on the 12th. I am just thinking of the Tournament!
19:40 <Q-FONK> heh
19:41 <Q-FONK> I used to be farily good at debating and argumenting.
19:42 <Q-FONK> however, I found that in certain circles, being good at rhetoric is actually deadly sin.
--- Log closed Tue Nov 04 19:46:27 2003
--- Log opened Tue Nov 04 19:50:02 2003
19:50 -!- Irssi: Starting query in kolumbus with Q-FONK
19:50 <Q-FONK> still, I kinda miss it. :)
--- Log closed Tue Nov 04 19:55:29 2003
--- Log opened Tue Nov 04 21:09:48 2003
21:09 <hendry> how much is on-site support typically?
--- Log closed Tue Nov 04 21:15:31 2003
