--- Log opened Wed Apr 16 17:40:06 2003
17:40 -!- Irssi: Starting query in IRCNet with Quarterbr
17:40 <hendry> simo
17:40 <hendry> Can you translate this
17:40 <hendry> well, i need to know the finnish verb for emailing
17:40 <hendry> who sentance is like this:
17:40 <Quarterbr> i'm gonna go back to sleep, some motherfucking salesman called my phone
17:40 <Quarterbr> and woke me up
17:40 <hendry> why mail me in finnish, when I mailed you in English initially
17:41 <hendry> translate this sucker
17:41 <hendry> otherwise i break your windows :)
17:41 <Quarterbr> Miksi vastaat suomeksi kun kirjoitin englanniksi alunperin?
17:41 <hendry> kiittos
--- Log closed Wed Apr 16 17:47:14 2003
--- Log opened Wed Apr 16 17:49:55 2003
17:49 <Quarterbr> fuck, can't sleep anymore
17:50 <Quarterbr> about the hardware: i've got 2 soundcards and a dvd playback card ...and one network interface card
--- Log closed Wed Apr 16 17:56:14 2003
--- Log opened Wed Apr 16 17:57:01 2003
17:57 <hendry> what about old mb?
17:57 <Quarterbr> nope
17:57 <Quarterbr> gave it to my pop :)
17:57 <hendry> right
17:57 <hendry> well. hmph
17:57 <hendry> any new penn & teller?
17:57 <Quarterbr> no
17:57 <Quarterbr> haven't had time to dl any
17:57 <Quarterbr> (nor interest)
17:57 <hendry> bah
17:57 <Quarterbr> still finishing school yknow
17:58 <Quarterbr> btw. my graduate study is finally totally done
17:58 <Quarterbr> and it's on the internet 
17:58 <Quarterbr> http://www.saunalahti.fi/~quart/study/graduatestudy.pdf
18:00 <hendry> where the fuck am i in the credits?
18:01 <hendry> i am going home (from work)
18:01 <Quarterbr> check
--- Log closed Wed Apr 16 18:06:15 2003
--- Log opened Wed Apr 16 20:38:21 2003
20:38 -!- Quarterbr [Infinity@hoas-50dd082a.hoasnet.inet.fi] has quit [boot]
--- Log closed Wed Apr 16 20:44:17 2003
--- Log opened Wed Apr 16 23:09:49 2003
23:09 -!- Quarterbr [Infinity@hoas-50dd0d09.hoasnet.inet.fi] has quit [Ping timeout]
--- Log closed Wed Apr 16 23:15:20 2003
--- Log opened Wed Apr 30 14:26:30 2003
14:26 -!- Irssi: Starting query in IRCNet with Quarterbr
14:26 <hendry> is Joni having a party now? 
14:26 <hendry> I thought of popping by, as I go off to another...
--- Log closed Wed Apr 30 14:32:00 2003
--- Log opened Wed Apr 30 16:33:32 2003
16:33 -!- Irssi: Starting query in IRCNet with Quarterbr
16:33 <Quarterbr> check
16:34 <hendry> hah ?
16:34 <Quarterbr> 'im going shopping
16:35 <Quarterbr> wanna come with?
16:35 <hendry> ah, been. Going to SIWA?
16:35 <Quarterbr> no
16:35 <Quarterbr> to kontula
16:35 <hendry> ah nah. can't be bothered. i am wet and naked atm.
16:35 <Quarterbr> well toss off then
16:35 <Quarterbr> i'm out :)
16:36 <hendry> I am going up to Tik tonight, coming back on a 1:30 bus. Will there be a party here ??
16:36 <Quarterbr> joni's i guess
16:36 <Quarterbr> i don't know
16:36 <Quarterbr> honest :)
16:36 <hendry> your old place? I will drop by at 2am
16:37 <hendry> last question
16:37 <hendry> what time is alko open till ??
16:38 <Quarterbr> 1800
16:38 <Quarterbr> i guess
--- Log closed Wed Apr 30 16:44:02 2003
--- Log opened Wed Apr 30 16:46:38 2003
16:46 <Quarterbr> btw i overclocked my bitch :)
16:46 <Quarterbr> now it's running 1833mhz @ 333fsb :)
16:47 <Quarterbr> probably goes up to 2gig if i push it...
16:47 <Quarterbr> but still nice: 1497@266fsb -> 1833@333fsb, no extra cooling, stable :)
--- Log closed Wed Apr 30 16:53:02 2003
--- Log opened Mon Jun 16 21:07:04 2003
21:07 -!- Irssi: Starting query in IRCNet with Quarterbr
21:07 <hendry> any new stuff ?
--- Log closed Mon Jun 16 21:12:16 2003
--- Log opened Wed Aug 20 22:22:59 2003
22:22 -!- Irssi: Starting query in IRCNet with Quarterbr
22:22 <hendry> Do you have a backpack I could borrow over the weekend?
--- Log closed Wed Aug 20 22:28:48 2003
--- Log opened Wed Aug 20 23:03:56 2003
23:03 <Quarterbr> sorry...not really
--- Log closed Wed Aug 20 23:09:49 2003
--- Log opened Wed Aug 20 23:27:19 2003
23:27 <hendry> ok np
--- Log closed Wed Aug 20 23:32:49 2003
