--- Log opened Sun Jul 06 15:59:18 2003
15:59 -!- Irssi: Starting query in IRCNet with sam-mal
15:59 <sam-mal> Hello...
15:59 <sam-mal> how has your w/end been?
16:01 <sam-mal> gonna go buy some icecream.. bbl
--- Log closed Sun Jul 06 16:07:12 2003
--- Log opened Sun Jul 06 16:13:24 2003
16:13 <hendry> Hmmm, its raining
16:15 <sam-mal> just got back from the store
16:15 <sam-mal> yep strange.. sun shining and water coming down
16:15 <sam-mal> I bet it's just because of me going outside
16:16 <sam-mal> Got some strawberry, chocolate , vanilla combination-thing
16:16 <sam-mal> 1l of it 
16:16 <sam-mal> and curry noodels (uhh)
16:17 <hendry> Yeah, I got something earlier like that
16:17 <hendry> picture of a strawberries, cinnomon and stuff
16:17 <hendry> I have girl coming around ;)
16:18 <sam-mal> oh
16:18 <sam-mal> who's that?
16:18 <sam-mal> you got a date?
16:19 <sam-mal> I can give you smooth lines here in irc..
16:19 <sam-mal> "tell her that her armpits don't smell at all even though it's so warm..."
16:20 <sam-mal> gonna go see if them noodles are ready to be boiled
16:22 <hendry> a polish girl
16:24 <sam-mal> nice
16:24 <sam-mal> you met her at the uni?
--- Log closed Sun Jul 06 16:30:12 2003
--- Log opened Sun Jul 06 16:43:54 2003
16:43 <sam-mal> Uhh..
16:43 <sam-mal> too much noodles
16:43 <sam-mal> bloated
--- Log closed Sun Jul 06 16:49:13 2003
--- Log opened Sun Jul 06 16:58:32 2003
16:58 <hendry> old friend. passing through town. she's off tomorrow.
16:58 <hendry> so hopefully this will go smoothly :)
17:03 <sam-mal> oh.. ok
--- Log closed Sun Jul 06 17:08:13 2003
--- Log opened Sun Jul 06 17:27:00 2003
17:27 <sam-mal> I tried bit torrent stuff
17:27 <sam-mal> the suprnova site
17:27 <sam-mal> got some not so good cd out of it
17:27 <sam-mal> currently 15% of metallicas all records coming
17:27 <sam-mal> nice0r
17:27 <sam-mal> what other torrent sites there were in addition to the suprnova.org?
17:30 <hendry> I don't know. Only get stuff occasionally from suprnova
--- Log closed Sun Jul 06 17:36:13 2003
