--- Log opened Mon Jun 16 22:13:02 2003
22:13 -!- hendry [~hendry@hoas-50dd0865.hoasnet.inet.fi] has joined #apache
22:13 -!- Irssi: #apache: Total of 77 nicks [2 ops, 0 halfops, 0 voices, 75 normal]
22:13 -!- Irssi: Join to #apache was synced in 1 secs
22:14 -!- sockmonk [~wsheldahl@moose.qx.net] has joined #apache
22:14 < coder^> no apxs.. what do i do now hehe
22:15 < HarryV> <Directory /home/*/public_html>
22:15 < HarryV>     Options Indexes ExecCGI
22:15 < HarryV>     SetHandler cgi-script
22:15 < HarryV> </Directory>
22:15 < HarryV> but
22:15 < HarryV> now it comes with 500 again
22:15 -!- vx`schlumpf [~vx_schlum@dsl-213-023-051-031.arcor-ip.net] has joined #apache
22:15 < HarryV> it works if i make that one as /home/*/public_html/cgi-bin
22:16 < HarryV> with the normal /home*/public_html, which i has commented atm
22:16 < hendry> Where should I be looking in the httpd.conf to prevent this message in my error logs? .htaccess: DirectoryIndex not allowed here
22:17 <@Morbus> hendry: AllowOverride.
22:17 < fajita> somebody said allowoverride was http://httpd.apache.org/docs/mod/core.html#allowoverride or http://httpd.apache.org/docs-2.0/mod/core.html#allowoverride
22:18 < hendry> Morbus: cheers
--- Log closed Mon Jun 16 22:18:42 2003
