--- Log opened Wed Jun 11 20:49:35 2003
20:49 -!- hendry [~hendry@hoas-50dd0026.hoasnet.inet.fi] has joined #debian-fi
20:49 -!- Irssi: #debian-fi: Total of 23 nicks [0 ops, 0 halfops, 0 voices, 23 normal]
20:49 -!- Irssi: Join to #debian-fi was synced in 1 secs
20:49 < hendry> XeF4: anteeksi :)
20:50 < liiwi> moo
20:50 < hendry> mkfs.vfat: Attempting to create a too large file system
20:50 < hendry> is 30 Gig too big for vfat?
20:51 < hendry> my new hard drive is disturbingly quiet !
20:51 < liiwi> *whineeeeeeeeee*
20:52 < XeF4> eli perustiedostojärjestelmä on joku fat-16?  on se vähän liian iso joo
20:53 < hendry> mkfs.vfat -F 32 /dev/hda4 
20:54 -!- jhav [~user@ua49d129.elisa.omakaista.fi] has joined #debian-fi
20:54 < jhav> huoh. 
20:54 < XeF4> mitäs -F merkitsee?
20:57 < liiwi> ei mansivu kerro?
20:58 < XeF4> eihän mulla ole mitään fat-työkaluja
20:59 < hendry> damn hdb nyt on riiki
20:59 < hendry> Jun 11 20:59:10 bilbo kernel: hdb: dma_intr: status=0x51 { DriveReady SeekComplete Error }
20:59 < hendry> mutta minulla on linux data copied :)
