--- Log opened Sun Jul 27 22:51:31 2003
22:51 -!- hendry [~hendry@hoas-50dd012e.hoasnet.inet.fi] has joined #divmod
22:51 -!- Irssi: #divmod: Total of 12 nicks [0 ops, 0 halfops, 0 voices, 12 normal]
22:51 -!- Irssi: Join to #divmod was synced in 7 secs
22:52 < hendry> moshez: hi, could you please get back to me about the python-lupy deb package mail I sent you a week back?
23:00 -!- fzZzy [~dp@12-236-230-105.client.attbi.com] has quit [Read error: 60 (Operation timed out)]
23:11 -!- fzZzy [~dp@12-236-230-105.client.attbi.com] has joined #divmod
--- Log closed Mon Jul 28 00:05:27 2003
--- Log opened Mon Jul 28 00:07:16 2003
00:07 -!- hendry_ [~hendry@hoas-50dd08e6.hoasnet.inet.fi] has joined #divmod
00:07 -!- Irssi: #divmod: Total of 13 nicks [0 ops, 0 halfops, 0 voices, 13 normal]
00:07 -!- Irssi: Join to #divmod was synced in 17 secs
00:24 -!- hendry [~hendry@hoas-50dd012e.hoasnet.inet.fi] has quit [Read error: 113 (No route to host)]
--- Log closed Mon Jul 28 00:26:26 2003
--- Log opened Wed Aug 06 13:39:31 2003
13:39 -!- hendry [~hendry@hoas-50dd00f3.hoasnet.inet.fi] has joined #divmod
13:39 -!- Irssi: #divmod: Total of 11 nicks [0 ops, 0 halfops, 0 voices, 11 normal]
13:39 -!- Irssi: Join to #divmod was synced in 1 secs
13:39 < hendry> hello
14:26 < tmcvs> Server said goodbye: Unloading current configuration.
14:26 < tmcvs> Server said goodbye: Unloading current configuration.
14:26  * tmcvs disconnected.
14:26  * tmcvs disconnected.
14:26  * tmcvs connected to CVS notification service.
14:26  * tmcvs connected to CVS notification service.
14:27  * tmcvs disconnected.
14:27  * tmcvs disconnected.
14:29  * tmcvs connected to CVS notification service.
14:29  * tmcvs connected to CVS notification service.
14:30  * tmcvs disconnected.
14:30  * tmcvs disconnected.
14:30 -!- tmcvs [~tmcvs@adsl-64-123-27-105.dsl.austtx.swbell.net] has quit [Remote closed the connection]
14:30 -!- tmcvs [~tmcvs@adsl-64-123-27-105.dsl.austtx.swbell.net] has joined #divmod
15:38 -!- etrepum [bob@ayunami.redivi.com] has left #divmod []
16:05 < radix> sparrow is being a bitch
17:11 < Nafai> sparrow?
18:17 -!- radix [~radix@dap-209-114-157-33.pri.tnt-1.pgh.pa.stargate.net] has quit [Read error: 113 (No route to host)]
18:18 -!- radix [~radix@209.166.148.159] has joined #divmod
--- Log closed Wed Aug 06 20:04:38 2003
--- Log opened Sun Aug 17 17:19:12 2003
17:19 -!- hendry [~hendry@hoas-50dd0995.hoasnet.inet.fi] has joined #divmod
17:19 -!- Irssi: #divmod: Total of 10 nicks [0 ops, 0 halfops, 0 voices, 10 normal]
17:19 -!- Irssi: Join to #divmod was synced in 0 secs
17:19 < hendry> moshez: hello?
--- Log closed Sun Aug 17 18:06:54 2003
