--- Log opened Fri Apr 18 15:36:37 2003
15:36 -!- hendry [~hendry@hoas-50dd09f7.hoasnet.inet.fi] has joined #exim
15:36 -!- Irssi: #exim: Total of 14 nicks [0 ops, 0 halfops, 0 voices, 14 normal]
15:36 -!- Irssi: Join to #exim was synced in 1 secs
15:36 -!- icct is now known as icct_gym
15:37 < hendry> Is there some guide for setting up SSL relaying to a host?
15:38 < icct_gym> 'tls_advertise_hosts = *' and have fun
15:41 < icct_gym> atleast with exim4
15:44 < hendry> i looked at the man page. 
15:44 < hendry> and the package details
15:45 < hendry> i can't see to determine what version of exim is this exim-tls package using
15:45 < hendry> (from debian unstable)
15:45 < icct_gym> it is exim3
15:46 < hendry> Exim 3.35 #1 (Debian)
15:47 < hendry> Do I have to edit /etc files to relay mails to my ssl uni host for just myself ?
15:51 < hendry> have not figured out where i put my user/pass
15:51 -!- mrBOFH [~jacques@196.15.196.18] has joined #exim
16:43 -!- petemc_ [pete@phlebas.tunnels.ipng.org.uk] has joined #exim
16:59 -!- petemc [pete@phlebas.tunnels.ipng.org.uk] has quit [Read error: 110 (Connection timed out)]
--- Log closed Fri Apr 18 16:59:13 2003
