--- Log opened Sun Oct 26 16:22:11 2003
16:22 -!- hendry [~hendry@cs78149199.pp.htv.fi] has joined #gimp
16:22 -!- Irssi: #gimp: Total of 5 nicks [1 ops, 0 halfops, 0 voices, 4 normal]
16:22 -!- Irssi: Join to #gimp was synced in 0 secs
16:22 < hendry> hi ?
17:58 -!- ChanServ [ChanServ@services.] has quit [Shutting Down]
17:59 -!- ChanServ [ChanServ@services.] has joined #gimp
17:59 -!- ServerMode/#gimp [+o ChanServ] by orwell.freenode.net
18:02 -!- ChanServ [ChanServ@services.] has quit [Shutting Down]
18:04 -!- ChanServ [ChanServ@services.] has joined #gimp
18:04 -!- ServerMode/#gimp [+o ChanServ] by orwell.freenode.net
18:12 -!- xeam [~xeam@p50875FD3.dip.t-dialin.net] has joined #gimp
18:16 < xeam> hi, I'm looking for a way to generate ascii text with  an image to a html file. there is a html file of the linux source code and tux. is this possible with the gimp?
18:17 < xeam> I hope you understand what i mean
18:21 -!- ChanServ [ChanServ@services.] has quit [Shutting Down]
18:24 -!- ChanServ [ChanServ@services.] has joined #gimp
18:24 -!- ServerMode/#gimp [+o ChanServ] by orwell.freenode.net
18:28 -!- MrDarkUser [~MrDarkUse@dsl-cda-411.icehouse.net] has quit ["Client exiting"]
18:33 -!- ChanServ [ChanServ@services.] has quit [Shutting Down]
18:39 -!- ChanServ [ChanServ@services.] has joined #gimp
18:39 -!- ServerMode/#gimp [+o ChanServ] by orwell.freenode.net
--- Log closed Sun Oct 26 19:52:22 2003
