--- Log opened Tue Sep 30 22:34:34 2003
22:34 -!- hendry [~hendry@cs78149199.pp.htv.fi] has joined #gnome
22:34 -!- Irssi: #gnome: Total of 33 nicks [0 ops, 0 halfops, 0 voices, 33 normal]
22:34 -!- Irssi: Join to #gnome was synced in 3 secs
22:37 -!- lucifer [~luciver@vengeance.et.tudelft.nl] has left #gnome []
22:45 -!- efb [efb@root.shellz.org] has quit [Read error: 60 (Operation timed out)]
22:49 < wica_> yella: Ok, I have gnome 2.4
22:49 < wica_> but still nothing happens
22:50 < hendry> anyone know where I go for help regarding Gnome applets coded in Python?
22:58 -!- efb [efb@root.shellz.org] has joined #gnome
23:00 -!- mudd1_ [nobody@pD9FF9F1C.dip.t-dialin.net] has joined #gnome
23:05 -!- BlackEyed [~luka@plutonium-x.org] has joined #gnome
23:07 < BlackEyed> hi. how can i configure gnome-terminal to use Xterm fonts.... i use gnome2.2.2 and debian/sid
23:16 -!- BlackEyed [~luka@plutonium-x.org] has quit ["BitchX: more nutritious than a six-pack."]
23:16 -!- mudd1|away [nobody@pD9E11649.dip.t-dialin.net] has quit [Read error: 110 (Connection timed out)]
23:33 < yella> wica_: maybe it has to be enabled?  I use dropline gnome, so I don't know what settings they used
23:35 -!- coolbomb [~coolbomb@200.75.136.145] has quit ["Client exiting"]
23:57 < wica_> yella: dropline?
23:59 -!- ToTo [~ToTo@host18-27.pool80182.interbusiness.it] has quit ["Leaving"]
23:59 < wica_> Ahh, bin :)
--- Day changed Wed Oct 01 2003
00:01 -!- talios [~mark@ns1.jungledrum.co.nz] has joined #gnome
00:03 -!- decko [~decko@200.225.247.50] has joined #gnome
--- Log closed Wed Oct 01 00:04:13 2003
