--- Log opened Sat Aug 02 17:08:35 2003
17:08 -!- hendry [~hendry@hoas-50dd002d.hoasnet.inet.fi] has joined #mldonkey
17:08 -!- Irssi: #mldonkey: Total of 36 nicks [0 ops, 0 halfops, 0 voices, 36 normal]
17:08 -!- Irssi: Join to #mldonkey was synced in 1 secs
17:09 -!- tristate [~tristate@pD9589C61.dip.t-dialin.net] has joined #mldonkey
17:13 -!- cyp [cyprum@p508E527E.dip.t-dialin.net] has joined #mldonkey
17:29 -!- hps__ [~hps@N580P031.adsl.highway.telekom.at] has joined #mldonkey
17:34 -!- hps_ [~hps@N665P009.adsl.highway.telekom.at] has quit [Read error: 60 (Operation timed out)]
17:48 -!- d00f [~d00f@157.111.203.213.9lyon1-0-ro-bas-1.9tel.net] has joined #mldonkey
17:48 < d00f> re
17:54 -!- mangel_ [mangel@159.37.dsl2.ip.foni.net] has joined #mldonkey
18:04 -!- mangel [mangel@250.39.dsl2.ip.foni.net] has quit [Read error: 110 (Connection timed out)]
18:15 -!- Megalomaniac [~Megaloman@nat224-36.mpoweredpc.net] has joined #mldonkey
18:28 -!- pango [500@blade.concept-micro.com] has quit ["[x]chat"]
18:33 -!- pango [1000@ABordeaux-103-1-17-207.w81-49.abo.wanadoo.fr] has joined #mldonkey
18:33 -!- StRoH80 [~StRoH80@p50913F08.dip.t-dialin.net] has quit ["Client exiting"]
19:07 -!- housetier [~housetier@7a22729b7598.ssl.walledcity.de] has quit ["#breaks @ irc.highteq.de"]
19:18 -!- Netsplit sterling.freenode.net <-> irc.freenode.net quits: j-b
19:21 -!- midnight [~midnight@lns-p19-7-82-65-241-106.adsl.proxad.net] has quit [Read error: 60 (Operation timed out)]
--- Log closed Sat Aug 02 19:25:00 2003
