--- Log opened Wed May 21 15:59:49 2003
15:59 -!- hendry [~hendry@hoas-50dd0295.hoasnet.inet.fi] has joined #mutt
15:59 -!- Irssi: #mutt: Total of 25 nicks [0 ops, 0 halfops, 0 voices, 25 normal]
15:59 -!- Irssi: Join to #mutt was synced in 7 secs
16:04 < hendry> What should I be looking at to ensure my a particular address is correct when I reply to mails sent to me at that particular address?
16:07 -!- Rado [~am3a035@sun22.math.uni-hamburg.de] has quit ["lesson, later more."]
16:24 -!- Gryphen [~Gryphen@pam80-1-27-44.man.dial.ntli.net] has joined #mutt
16:27 -!- Gryphen [~Gryphen@pam80-1-27-44.man.dial.ntli.net] has quit ["Client Exiting"]
17:28 < Myon> hendry: what do you mean? Do you want to change the From: header?
17:28 < hendry> Myon: I think I have figured it out. send-hook ~C
17:28 < Myon> k
--- Log closed Wed May 21 17:37:45 2003
--- Log opened Tue May 27 17:53:32 2003
17:53 -!- hendry [~hendry@hoas-50dd0269.hoasnet.inet.fi] has joined #mutt
17:53 -!- Irssi: #mutt: Total of 27 nicks [0 ops, 0 halfops, 0 voices, 27 normal]
17:53 -!- Irssi: Join to #mutt was synced in 0 secs
17:53 < hendry> How do I reset my_hdr once a send-hook changed it?
17:54 < Rado> unmy_hdr
17:54 < Rado> rtfm
17:56 < Rado> or rather: rtfm send-hook
18:00 < hendry> send-hook   . 'my_hdr From:
18:00 < hendry> is what I was looking for...
18:00 < Rado> fine
18:06 -!- xanthus [~Xan@r200-40-185-115.adsl.anteldata.net.uy] has quit [Read error: 104 (Connection reset by peer)]
18:07 -!- xanthus [~Xan@r200-40-224-30.adsl.anteldata.net.uy] has joined #mutt
18:18 < hendry> I wonder if I can bold up all my personal mails, without shafting existing colors
--- Log closed Tue May 27 18:46:20 2003
