--- Log opened Fri Feb 28 00:49:32 2003
00:49 !irc.eu.freenode.net *** Looking up your hostname...
00:49 !irc.eu.freenode.net *** Checking ident
00:49 !irc.eu.freenode.net *** Found your hostname
00:50 !irc.eu.freenode.net *** No identd (auth) response
--- Log closed Fri Feb 28 00:55:31 2003
--- Log opened Fri Feb 28 10:33:46 2003
10:33 !irc.eu.freenode.net *** Looking up your hostname...
10:33 !irc.eu.freenode.net *** Checking ident
10:33 !irc.eu.freenode.net *** Found your hostname
10:35 !irc.eu.freenode.net *** No identd (auth) response
--- Log closed Fri Feb 28 10:40:40 2003
--- Log opened Sun Mar 02 00:39:00 2003
00:39 !irc.eu.freenode.net *** Looking up your hostname...
00:39 !irc.eu.freenode.net *** Checking ident
00:39 !irc.eu.freenode.net *** Found your hostname
00:39 !irc.eu.freenode.net *** No identd (auth) response
--- Log closed Sun Mar 02 00:44:59 2003
--- Log opened Sun Mar 02 09:46:36 2003
09:46 !irc.eu.freenode.net *** Looking up your hostname...
09:46 !irc.eu.freenode.net *** Checking ident
09:46 !irc.eu.freenode.net *** Found your hostname
09:47 !irc.eu.freenode.net *** No identd (auth) response
--- Log closed Sun Mar 02 09:52:35 2003
--- Log opened Sun Mar 02 20:06:06 2003
20:06 !irc.eu.freenode.net *** Looking up your hostname...
20:06 !irc.eu.freenode.net *** Checking ident
20:06 !irc.eu.freenode.net *** Found your hostname
20:07 !irc.eu.freenode.net *** No identd (auth) response
--- Log closed Sun Mar 02 20:13:05 2003
--- Log opened Mon Mar 03 19:33:03 2003
19:33 !irc.eu.freenode.net *** Looking up your hostname...
19:33 !irc.eu.freenode.net *** Checking ident
19:33 !irc.eu.freenode.net *** Found your hostname
19:33 !irc.eu.freenode.net *** No identd (auth) response
--- Log closed Mon Mar 03 19:39:02 2003
--- Log opened Tue Mar 04 20:06:22 2003
20:06 !irc.eu.freenode.net *** Looking up your hostname...
20:06 !irc.eu.freenode.net *** Checking ident
20:06 !irc.eu.freenode.net *** Found your hostname
20:08 !irc.eu.freenode.net *** No identd (auth) response
--- Log closed Tue Mar 04 20:13:21 2003
--- Log opened Wed Mar 05 15:55:54 2003
15:55 !irc.eu.freenode.net *** Looking up your hostname...
15:55 !irc.eu.freenode.net *** Checking ident
15:55 !irc.eu.freenode.net *** Found your hostname
15:57 !irc.eu.freenode.net *** No identd (auth) response
--- Log closed Wed Mar 05 16:02:53 2003
--- Log opened Wed Mar 05 23:18:34 2003
23:18 !irc.eu.freenode.net *** Looking up your hostname...
23:18 !irc.eu.freenode.net *** Checking ident
23:18 !irc.eu.freenode.net *** Found your hostname
23:20 !irc.eu.freenode.net *** No identd (auth) response
--- Log closed Wed Mar 05 23:25:33 2003
--- Log opened Fri Mar 07 16:27:08 2003
16:27 !irc.eu.freenode.net *** Looking up your hostname...
16:27 !irc.eu.freenode.net *** Checking ident
16:27 !irc.eu.freenode.net *** Found your hostname
16:27 !irc.eu.freenode.net *** No identd (auth) response
--- Log closed Fri Mar 07 16:33:02 2003
--- Log opened Fri Mar 07 23:25:26 2003
23:25 !irc.eu.freenode.net *** Looking up your hostname...
23:25 !irc.eu.freenode.net *** Checking ident
23:25 !irc.eu.freenode.net *** Found your hostname
23:26 !irc.eu.freenode.net *** No identd (auth) response
--- Log closed Fri Mar 07 23:31:26 2003
--- Log opened Sat Mar 08 17:01:49 2003
17:01 !irc.eu.freenode.net *** Looking up your hostname...
17:01 !irc.eu.freenode.net *** Checking ident
17:01 !irc.eu.freenode.net *** Found your hostname
17:02 !irc.eu.freenode.net *** No identd (auth) response
--- Log closed Sat Mar 08 17:07:48 2003
--- Log opened Sun Mar 09 20:34:15 2003
20:34 !irc.eu.freenode.net *** Looking up your hostname...
20:34 !irc.eu.freenode.net *** Checking ident
20:34 !irc.eu.freenode.net *** Found your hostname
20:34 !irc.eu.freenode.net *** No identd (auth) response
--- Log closed Sun Mar 09 20:40:10 2003
--- Log opened Mon Mar 10 11:58:17 2003
11:58 !irc.eu.freenode.net *** Looking up your hostname...
11:58 !irc.eu.freenode.net *** Checking ident
11:58 !irc.eu.freenode.net *** Found your hostname
12:00 !irc.eu.freenode.net *** No identd (auth) response
--- Log closed Mon Mar 10 12:05:16 2003
--- Log opened Mon Mar 10 20:33:54 2003
20:33 !irc.eu.freenode.net *** Looking up your hostname...
20:33 !irc.eu.freenode.net *** Checking ident
20:33 !irc.eu.freenode.net *** Found your hostname
20:34 !irc.eu.freenode.net *** No identd (auth) response
--- Log closed Mon Mar 10 20:39:53 2003
--- Log opened Tue Mar 11 22:16:47 2003
22:16 !irc.eu.freenode.net *** Looking up your hostname...
22:16 !irc.eu.freenode.net *** Checking ident
22:16 !irc.eu.freenode.net *** Found your hostname
22:18 !irc.eu.freenode.net *** No identd (auth) response
--- Log closed Tue Mar 11 22:23:46 2003
--- Log opened Wed Mar 12 12:17:40 2003
12:17 !irc.eu.freenode.net *** Looking up your hostname...
12:17 !irc.eu.freenode.net *** Checking ident
12:17 !irc.eu.freenode.net *** Found your hostname
12:18 !irc.eu.freenode.net *** No identd (auth) response
--- Log closed Wed Mar 12 12:23:38 2003
--- Log opened Wed Mar 12 21:24:17 2003
21:24 !irc.eu.freenode.net *** Looking up your hostname...
21:24 !irc.eu.freenode.net *** Checking ident
21:24 !irc.eu.freenode.net *** Found your hostname
21:24 !irc.eu.freenode.net *** No identd (auth) response
--- Log closed Wed Mar 12 21:30:16 2003
--- Log opened Thu Mar 13 11:38:42 2003
11:38 !irc.eu.freenode.net *** Looking up your hostname...
11:38 !irc.eu.freenode.net *** Checking ident
11:38 !irc.eu.freenode.net *** Found your hostname
11:39 !irc.eu.freenode.net *** No identd (auth) response
--- Log closed Thu Mar 13 11:45:41 2003
--- Log opened Thu Mar 13 15:02:05 2003
15:02 !irc.eu.freenode.net *** Looking up your hostname...
15:02 !irc.eu.freenode.net *** Checking ident
15:02 !irc.eu.freenode.net *** Found your hostname
15:02 !irc.eu.freenode.net *** No identd (auth) response
--- Log closed Thu Mar 13 15:08:01 2003
--- Log opened Mon Mar 17 09:28:58 2003
09:28 !irc.eu.freenode.net *** Looking up your hostname...
09:28 !irc.eu.freenode.net *** Checking ident
09:28 !irc.eu.freenode.net *** Found your hostname
09:29 !irc.eu.freenode.net *** No identd (auth) response
--- Log closed Mon Mar 17 09:34:57 2003
--- Log opened Tue Mar 18 11:41:41 2003
11:41 !irc.eu.freenode.net *** Looking up your hostname...
11:41 !irc.eu.freenode.net *** Checking ident
11:41 !irc.eu.freenode.net *** Found your hostname
11:42 !irc.eu.freenode.net *** No identd (auth) response
--- Log closed Tue Mar 18 11:47:40 2003
--- Log opened Tue Mar 18 17:47:49 2003
17:47 !irc.eu.freenode.net *** Looking up your hostname...
17:47 !irc.eu.freenode.net *** Checking ident
17:47 !irc.eu.freenode.net *** Found your hostname
17:48 !irc.eu.freenode.net *** No identd (auth) response
--- Log closed Tue Mar 18 17:53:39 2003
--- Log opened Wed Mar 19 01:00:47 2003
01:00 !irc.eu.freenode.net *** Looking up your hostname...
01:00 !irc.eu.freenode.net *** Checking ident
01:00 !irc.eu.freenode.net *** Found your hostname
01:01 !irc.eu.freenode.net *** No identd (auth) response
--- Log closed Wed Mar 19 01:06:47 2003
--- Log opened Wed Mar 19 09:27:51 2003
09:27 !irc.eu.freenode.net *** Looking up your hostname...
09:27 !irc.eu.freenode.net *** Checking ident
09:27 !irc.eu.freenode.net *** Found your hostname
09:28 !irc.eu.freenode.net *** No identd (auth) response
--- Log closed Wed Mar 19 09:33:50 2003
--- Log opened Thu Mar 20 14:50:50 2003
14:50 !irc.eu.freenode.net *** Looking up your hostname...
14:50 !irc.eu.freenode.net *** Checking ident
14:50 !irc.eu.freenode.net *** Found your hostname
14:52 !irc.eu.freenode.net *** No identd (auth) response
--- Log closed Thu Mar 20 14:57:49 2003
--- Log opened Fri Mar 21 20:32:14 2003
20:32 !irc.eu.freenode.net *** Looking up your hostname...
20:32 !irc.eu.freenode.net *** Checking ident
20:32 !irc.eu.freenode.net *** Found your hostname
20:33 !irc.eu.freenode.net *** No identd (auth) response
--- Log closed Fri Mar 21 20:38:13 2003
--- Log opened Sat Mar 22 09:31:52 2003
09:31 !irc.eu.freenode.net *** Looking up your hostname...
09:31 !irc.eu.freenode.net *** Checking ident
09:31 !irc.eu.freenode.net *** Found your hostname
09:32 !irc.eu.freenode.net *** No identd (auth) response
--- Log closed Sat Mar 22 09:37:51 2003
--- Log opened Sat Mar 22 22:47:29 2003
22:47 !irc.eu.freenode.net *** Looking up your hostname...
22:47 !irc.eu.freenode.net *** Checking ident
22:47 !irc.eu.freenode.net *** Found your hostname
22:47 !irc.eu.freenode.net *** No identd (auth) response
--- Log closed Sat Mar 22 22:53:24 2003
--- Log opened Sun Mar 23 23:50:06 2003
23:50 !irc.eu.freenode.net *** Looking up your hostname...
23:50 !irc.eu.freenode.net *** Checking ident
23:50 !irc.eu.freenode.net *** Found your hostname
23:50 !irc.eu.freenode.net *** No identd (auth) response
--- Log closed Sun Mar 23 23:56:05 2003
--- Log opened Mon Mar 24 10:52:05 2003
10:52 !irc.eu.freenode.net *** Looking up your hostname...
10:52 !irc.eu.freenode.net *** Checking ident
10:52 !irc.eu.freenode.net *** Found your hostname
10:52 !irc.eu.freenode.net *** No identd (auth) response
--- Log closed Mon Mar 24 10:57:59 2003
--- Log opened Tue Mar 25 15:19:50 2003
15:19 !irc.eu.freenode.net *** Looking up your hostname...
15:19 !irc.eu.freenode.net *** Checking ident
15:19 !irc.eu.freenode.net *** Found your hostname
15:20 !irc.eu.freenode.net *** No identd (auth) response
--- Log closed Tue Mar 25 15:25:44 2003
--- Log opened Wed Mar 26 11:31:18 2003
11:31 !irc.eu.freenode.net *** Looking up your hostname...
11:31 !irc.eu.freenode.net *** Checking ident
11:31 !irc.eu.freenode.net *** Found your hostname
11:32 !irc.eu.freenode.net *** No identd (auth) response
--- Log closed Wed Mar 26 11:38:12 2003
--- Log opened Wed Mar 26 22:29:06 2003
22:29 !irc.eu.freenode.net *** Looking up your hostname...
22:29 !irc.eu.freenode.net *** Checking ident
22:29 !irc.eu.freenode.net *** Found your hostname
22:29 !irc.eu.freenode.net *** No identd (auth) response
--- Log closed Wed Mar 26 22:35:05 2003
--- Log opened Thu Mar 27 18:10:31 2003
18:10 !irc.eu.freenode.net *** Looking up your hostname...
18:10 !irc.eu.freenode.net *** Checking ident
18:10 !irc.eu.freenode.net *** Found your hostname
18:11 !irc.eu.freenode.net *** No identd (auth) response
--- Log closed Thu Mar 27 18:17:29 2003
--- Log opened Fri Mar 28 10:37:15 2003
10:37 !irc.eu.freenode.net *** Looking up your hostname...
10:37 !irc.eu.freenode.net *** Checking ident
10:37 !irc.eu.freenode.net *** Found your hostname
10:37 !irc.eu.freenode.net *** No identd (auth) response
--- Log closed Fri Mar 28 10:43:14 2003
--- Log opened Sat Mar 29 17:33:24 2003
17:33 !irc.eu.freenode.net *** Looking up your hostname...
17:33 !irc.eu.freenode.net *** Checking ident
17:33 !irc.eu.freenode.net *** Found your hostname
17:33 !irc.eu.freenode.net *** No identd (auth) response
--- Log closed Sat Mar 29 17:39:23 2003
--- Log opened Sun Mar 30 14:36:21 2003
14:36 !irc.eu.freenode.net *** Looking up your hostname...
14:36 !irc.eu.freenode.net *** Checking ident
14:36 !irc.eu.freenode.net *** Found your hostname
14:36 !irc.eu.freenode.net *** No identd (auth) response
--- Log closed Sun Mar 30 14:42:19 2003
--- Log opened Sun Mar 30 15:43:05 2003
15:43 !irc.eu.freenode.net *** Looking up your hostname...
15:43 !irc.eu.freenode.net *** Found your hostname, welcome back
15:43 !irc.eu.freenode.net *** Checking ident
15:43 !irc.eu.freenode.net *** No identd (auth) response
--- Log closed Sun Mar 30 15:49:05 2003
--- Log opened Mon Mar 31 00:28:02 2003
00:28 !irc.eu.freenode.net *** Looking up your hostname...
00:28 !irc.eu.freenode.net *** Checking ident
00:28 !irc.eu.freenode.net *** Found your hostname
00:28 !irc.eu.freenode.net *** No identd (auth) response
--- Log closed Mon Mar 31 00:34:01 2003
--- Log opened Mon Mar 31 16:46:18 2003
16:46 !irc.eu.freenode.net *** Looking up your hostname...
16:46 !irc.eu.freenode.net *** Checking ident
16:46 !irc.eu.freenode.net *** Found your hostname
16:46 !irc.eu.freenode.net *** No identd (auth) response
--- Log closed Mon Mar 31 16:52:15 2003
--- Log opened Mon Mar 31 22:18:27 2003
22:18 !irc.eu.freenode.net *** Looking up your hostname...
22:18 !irc.eu.freenode.net *** Checking ident
22:18 !irc.eu.freenode.net *** Found your hostname
22:19 !irc.eu.freenode.net *** No identd (auth) response
--- Log closed Mon Mar 31 22:24:26 2003
--- Log opened Tue Apr 01 00:16:22 2003
00:16 !irc.eu.freenode.net *** Looking up your hostname...
00:16 !irc.eu.freenode.net *** Checking ident
00:16 !irc.eu.freenode.net *** Found your hostname
00:16 !irc.eu.freenode.net *** No identd (auth) response
--- Log closed Tue Apr 01 00:22:21 2003
--- Log opened Tue Apr 01 09:26:34 2003
09:26 !irc.eu.freenode.net *** Looking up your hostname...
09:26 !irc.eu.freenode.net *** Checking ident
09:26 !irc.eu.freenode.net *** Found your hostname
09:27 !irc.eu.freenode.net *** No identd (auth) response
--- Log closed Tue Apr 01 09:32:33 2003
--- Log opened Tue Apr 01 11:58:14 2003
11:58 !irc.eu.freenode.net *** Looking up your hostname...
11:58 !irc.eu.freenode.net *** Checking ident
11:58 !irc.eu.freenode.net *** Found your hostname
11:58 !irc.eu.freenode.net *** No identd (auth) response
--- Log closed Tue Apr 01 12:04:13 2003
--- Log opened Thu Apr 03 13:07:51 2003
13:07 !irc.eu.freenode.net *** Looking up your hostname...
13:07 !irc.eu.freenode.net *** Checking ident
13:07 !irc.eu.freenode.net *** Found your hostname
13:08 !irc.eu.freenode.net *** No identd (auth) response
--- Log closed Thu Apr 03 13:13:47 2003
--- Log opened Thu Apr 03 21:12:36 2003
21:12 !irc.eu.freenode.net *** Looking up your hostname...
21:12 !irc.eu.freenode.net *** Checking ident
21:12 !irc.eu.freenode.net *** Found your hostname
21:13 !irc.eu.freenode.net *** No identd (auth) response
--- Log closed Thu Apr 03 21:18:34 2003
--- Log opened Fri Apr 04 11:50:49 2003
11:50 !irc.eu.freenode.net *** Looking up your hostname...
11:50 !irc.eu.freenode.net *** Checking ident
11:50 !irc.eu.freenode.net *** Found your hostname
11:52 !irc.eu.freenode.net *** No identd (auth) response
--- Log closed Fri Apr 04 11:57:48 2003
--- Log opened Fri Apr 04 12:06:36 2003
12:06 !irc.eu.freenode.net *** Looking up your hostname...
12:06 !irc.eu.freenode.net *** Checking ident
12:06 !irc.eu.freenode.net *** Found your hostname
12:07 !irc.eu.freenode.net *** No identd (auth) response
--- Log closed Fri Apr 04 12:12:49 2003
--- Log opened Fri Apr 04 12:39:04 2003
12:39 !irc.eu.freenode.net *** Looking up your hostname...
12:39 !irc.eu.freenode.net *** Checking ident
12:39 !irc.eu.freenode.net *** Found your hostname
12:39 !irc.eu.freenode.net *** No identd (auth) response
--- Log closed Fri Apr 04 12:44:49 2003
--- Log opened Mon Apr 07 21:11:07 2003
21:11 !irc.eu.freenode.net *** Looking up your hostname...
21:11 !irc.eu.freenode.net *** Checking ident
21:11 !irc.eu.freenode.net *** Found your hostname
21:12 !irc.eu.freenode.net *** No identd (auth) response
--- Log closed Mon Apr 07 21:18:06 2003
--- Log opened Wed Apr 09 16:28:25 2003
16:28 !irc.eu.freenode.net *** Looking up your hostname...
16:28 !irc.eu.freenode.net *** Checking ident
16:28 !irc.eu.freenode.net *** Found your hostname
16:28 !irc.eu.freenode.net *** No identd (auth) response
--- Log closed Wed Apr 09 16:34:24 2003
--- Log opened Thu Apr 10 11:07:39 2003
11:07 !irc.eu.freenode.net *** Looking up your hostname...
11:07 !irc.eu.freenode.net *** Checking ident
11:07 !irc.eu.freenode.net *** Found your hostname
11:08 !irc.eu.freenode.net *** No identd (auth) response
--- Log closed Thu Apr 10 11:13:38 2003
--- Log opened Fri Apr 11 16:46:05 2003
16:46 !irc.eu.freenode.net *** Looking up your hostname...
16:46 !irc.eu.freenode.net *** Checking ident
16:46 !irc.eu.freenode.net *** Found your hostname
16:46 !irc.eu.freenode.net *** No identd (auth) response
--- Log closed Fri Apr 11 16:52:03 2003
--- Log opened Fri Apr 11 19:36:29 2003
19:36 !irc.eu.freenode.net *** Looking up your hostname...
19:36 !irc.eu.freenode.net *** Checking ident
19:36 !irc.eu.freenode.net *** Found your hostname
19:37 !irc.eu.freenode.net *** No identd (auth) response
--- Log closed Fri Apr 11 19:43:06 2003
--- Log opened Sat Apr 12 20:22:26 2003
20:22 !irc.eu.freenode.net *** Looking up your hostname...
20:22 !irc.eu.freenode.net *** Checking ident
20:22 !irc.eu.freenode.net *** Found your hostname
20:23 !irc.eu.freenode.net *** No identd (auth) response
--- Log closed Sat Apr 12 20:29:25 2003
--- Log opened Sun Apr 13 16:29:39 2003
16:29 !irc.eu.freenode.net *** Looking up your hostname...
16:29 !irc.eu.freenode.net *** Checking ident
16:29 !irc.eu.freenode.net *** Found your hostname
16:30 !irc.eu.freenode.net *** No identd (auth) response
--- Log closed Sun Apr 13 16:35:37 2003
--- Log opened Mon Apr 14 09:28:52 2003
09:28 !irc.eu.freenode.net *** Looking up your hostname...
09:28 !irc.eu.freenode.net *** Checking ident
09:28 !irc.eu.freenode.net *** Found your hostname
09:30 !irc.eu.freenode.net *** No identd (auth) response
--- Log closed Mon Apr 14 09:36:51 2003
--- Log opened Wed Apr 16 14:36:13 2003
14:36 !irc.eu.freenode.net *** Looking up your hostname...
14:36 !irc.eu.freenode.net *** Checking ident
14:36 !irc.eu.freenode.net *** Found your hostname
14:36 !irc.eu.freenode.net *** No identd (auth) response
--- Log closed Wed Apr 16 14:42:11 2003
--- Log opened Wed Apr 16 20:07:16 2003
20:07 !irc.eu.freenode.net *** Looking up your hostname...
20:07 !irc.eu.freenode.net *** Checking ident
20:07 !irc.eu.freenode.net *** Found your hostname
20:07 !irc.eu.freenode.net *** No identd (auth) response
--- Log closed Wed Apr 16 20:13:17 2003
--- Log opened Thu Apr 17 13:54:06 2003
13:54 !irc.eu.freenode.net *** Looking up your hostname...
13:54 !irc.eu.freenode.net *** Checking ident
13:54 !irc.eu.freenode.net *** Found your hostname
13:54 !irc.eu.freenode.net *** No identd (auth) response
--- Log closed Thu Apr 17 14:00:05 2003
--- Log opened Fri Apr 18 11:06:53 2003
11:06 !irc.eu.freenode.net *** Looking up your hostname...
11:06 !irc.eu.freenode.net *** Checking ident
11:06 !irc.eu.freenode.net *** Found your hostname
11:07 !irc.eu.freenode.net *** No identd (auth) response
--- Log closed Fri Apr 18 11:12:52 2003
--- Log opened Fri Apr 18 14:30:08 2003
14:30 !irc.eu.freenode.net *** Looking up your hostname...
14:30 !irc.eu.freenode.net *** Checking ident
14:30 !irc.eu.freenode.net *** Found your hostname
14:30 !irc.eu.freenode.net *** No identd (auth) response
--- Log closed Fri Apr 18 14:36:06 2003
--- Log opened Fri Apr 18 23:38:59 2003
23:38 !irc.eu.freenode.net *** Looking up your hostname...
23:38 !irc.eu.freenode.net *** Checking ident
23:38 !irc.eu.freenode.net *** Found your hostname
23:39 !irc.eu.freenode.net *** No identd (auth) response
--- Log closed Fri Apr 18 23:44:58 2003
--- Log opened Mon Apr 21 22:15:34 2003
22:15 !irc.eu.freenode.net *** Looking up your hostname...
22:15 !irc.eu.freenode.net *** Checking ident
22:15 !irc.eu.freenode.net *** Found your hostname
22:16 !irc.eu.freenode.net *** No identd (auth) response
--- Log closed Mon Apr 21 22:22:33 2003
--- Log opened Tue Apr 22 10:13:50 2003
10:13 !irc.eu.freenode.net *** Looking up your hostname...
10:13 !irc.eu.freenode.net *** Checking ident
10:13 !irc.eu.freenode.net *** Found your hostname
10:14 !irc.eu.freenode.net *** No identd (auth) response
--- Log closed Tue Apr 22 10:19:41 2003
--- Log opened Tue Apr 22 23:30:38 2003
23:30 !irc.eu.freenode.net *** Looking up your hostname...
23:30 !irc.eu.freenode.net *** Checking ident
23:30 !irc.eu.freenode.net *** Found your hostname
23:31 !irc.eu.freenode.net *** No identd (auth) response
--- Log closed Tue Apr 22 23:37:37 2003
--- Log opened Wed Apr 23 10:11:16 2003
10:11 !irc.eu.freenode.net *** Looking up your hostname...
10:11 !irc.eu.freenode.net *** Checking ident
10:11 !irc.eu.freenode.net *** Found your hostname
10:11 !irc.eu.freenode.net *** No identd (auth) response
--- Log closed Wed Apr 23 10:17:15 2003
--- Log opened Wed Apr 23 21:48:18 2003
21:48 !irc.eu.freenode.net *** Looking up your hostname...
21:48 !irc.eu.freenode.net *** Checking ident
21:48 !irc.eu.freenode.net *** Found your hostname
21:49 !irc.eu.freenode.net *** No identd (auth) response
--- Log closed Wed Apr 23 21:54:17 2003
--- Log opened Thu Apr 24 16:35:05 2003
16:35 !irc.eu.freenode.net *** Looking up your hostname...
16:35 !irc.eu.freenode.net *** Checking ident
16:35 !irc.eu.freenode.net *** Found your hostname
16:35 !irc.eu.freenode.net *** No identd (auth) response
--- Log closed Thu Apr 24 16:41:04 2003
--- Log opened Thu Apr 24 20:01:10 2003
20:01 !irc.eu.freenode.net *** Looking up your hostname...
20:01 !irc.eu.freenode.net *** Checking ident
20:01 !irc.eu.freenode.net *** Found your hostname
20:02 !irc.eu.freenode.net *** No identd (auth) response
--- Log closed Thu Apr 24 20:08:10 2003
--- Log opened Fri Apr 25 09:25:22 2003
09:25 !irc.eu.freenode.net *** Looking up your hostname...
09:25 !irc.eu.freenode.net *** Checking ident
09:25 !irc.eu.freenode.net *** Found your hostname
09:26 !irc.eu.freenode.net *** No identd (auth) response
--- Log closed Fri Apr 25 09:32:21 2003
--- Log opened Fri Apr 25 23:19:46 2003
23:19 !irc.eu.freenode.net *** Looking up your hostname...
23:19 !irc.eu.freenode.net *** Checking ident
23:19 !irc.eu.freenode.net *** Found your hostname
23:20 !irc.eu.freenode.net *** No identd (auth) response
--- Log closed Fri Apr 25 23:25:44 2003
--- Log opened Sat Apr 26 15:45:52 2003
15:45 !irc.eu.freenode.net *** Looking up your hostname...
15:45 !irc.eu.freenode.net *** Checking ident
15:46 !irc.eu.freenode.net *** Found your hostname
15:46 !irc.eu.freenode.net *** No identd (auth) response
--- Log closed Sat Apr 26 15:51:51 2003
--- Log opened Sun Apr 27 10:29:58 2003
10:29 !irc.eu.freenode.net *** Looking up your hostname...
10:29 !irc.eu.freenode.net *** Checking ident
10:30 !irc.eu.freenode.net *** Found your hostname
10:30 !irc.eu.freenode.net *** No identd (auth) response
--- Log closed Sun Apr 27 10:35:57 2003
--- Log opened Mon Apr 28 11:20:51 2003
11:20 !irc.eu.freenode.net *** Looking up your hostname...
11:20 !irc.eu.freenode.net *** Checking ident
11:20 !irc.eu.freenode.net *** Found your hostname
11:21 !irc.eu.freenode.net *** No identd (auth) response
--- Log closed Mon Apr 28 11:26:50 2003
--- Log opened Tue Apr 29 13:59:25 2003
13:59 !irc.eu.freenode.net *** Looking up your hostname...
13:59 !irc.eu.freenode.net *** Checking ident
13:59 !irc.eu.freenode.net *** Found your hostname
14:00 !irc.eu.freenode.net *** No identd (auth) response
--- Log closed Tue Apr 29 14:06:24 2003
--- Log opened Tue Apr 29 20:47:46 2003
20:47 !irc.eu.freenode.net *** Looking up your hostname...
20:47 !irc.eu.freenode.net *** Checking ident
20:47 !irc.eu.freenode.net *** Found your hostname
20:48 !irc.eu.freenode.net *** No identd (auth) response
--- Log closed Tue Apr 29 20:54:45 2003
--- Log opened Wed Apr 30 13:29:02 2003
13:29 !irc.eu.freenode.net *** Looking up your hostname...
13:29 !irc.eu.freenode.net *** Checking ident
13:29 !irc.eu.freenode.net *** Found your hostname
13:29 !irc.eu.freenode.net *** No identd (auth) response
--- Log closed Wed Apr 30 13:34:59 2003
--- Log opened Thu May 01 11:40:34 2003
11:40 !irc.eu.freenode.net *** Looking up your hostname...
11:40 !irc.eu.freenode.net *** Found your hostname
--- Log closed Thu May 01 11:46:31 2003
--- Log opened Sat May 03 14:07:17 2003
14:07 !irc.eu.freenode.net *** Looking up your hostname...
14:07 !irc.eu.freenode.net *** Checking ident
14:07 !irc.eu.freenode.net *** Found your hostname
14:08 !irc.eu.freenode.net *** No identd (auth) response
--- Log closed Sat May 03 14:14:16 2003
--- Log opened Sat May 03 23:31:33 2003
23:31 !irc.eu.freenode.net *** Looking up your hostname...
23:31 !irc.eu.freenode.net *** Checking ident
23:31 !irc.eu.freenode.net *** Found your hostname
23:31 !irc.eu.freenode.net *** Got ident response
--- Log closed Sat May 03 23:37:25 2003
--- Log opened Sun May 04 13:37:35 2003
13:37 !irc.eu.freenode.net *** Looking up your hostname...
13:37 !irc.eu.freenode.net *** Checking ident
13:37 !irc.eu.freenode.net *** Found your hostname
13:38 !irc.eu.freenode.net *** No identd (auth) response
--- Log closed Sun May 04 13:43:34 2003
--- Log opened Mon May 05 20:57:19 2003
20:57 !irc.eu.freenode.net *** Looking up your hostname...
20:57 !irc.eu.freenode.net *** Checking ident
20:57 !irc.eu.freenode.net *** Found your hostname
20:58 !irc.eu.freenode.net *** No identd (auth) response
--- Log closed Mon May 05 21:04:17 2003
--- Log opened Tue May 06 12:07:37 2003
12:07 !irc.eu.freenode.net *** Looking up your hostname...
12:07 !irc.eu.freenode.net *** Checking ident
12:07 !irc.eu.freenode.net *** Found your hostname
12:08 !irc.eu.freenode.net *** No identd (auth) response
--- Log closed Tue May 06 12:13:35 2003
--- Log opened Tue May 06 22:48:51 2003
22:48 !irc.eu.freenode.net *** Looking up your hostname...
22:48 !irc.eu.freenode.net *** Checking ident
22:48 !irc.eu.freenode.net *** Found your hostname
22:49 !irc.eu.freenode.net *** No identd (auth) response
--- Log closed Tue May 06 22:54:49 2003
--- Log opened Wed May 07 11:43:51 2003
11:43 !irc.eu.freenode.net *** Looking up your hostname...
11:43 !irc.eu.freenode.net *** Checking ident
11:43 !irc.eu.freenode.net *** Found your hostname
11:44 !irc.eu.freenode.net *** No identd (auth) response
--- Log closed Wed May 07 11:49:49 2003
--- Log opened Wed May 07 15:15:14 2003
15:15 !irc.eu.freenode.net *** Looking up your hostname...
15:15 !irc.eu.freenode.net *** Checking ident
15:15 !irc.eu.freenode.net *** Found your hostname
15:16 !irc.eu.freenode.net *** No identd (auth) response
--- Log closed Wed May 07 15:22:10 2003
--- Log opened Wed May 07 22:17:55 2003
22:17 !irc.eu.freenode.net *** Looking up your hostname...
22:17 !irc.eu.freenode.net *** Checking ident
22:18 !irc.eu.freenode.net *** Found your hostname
22:19 !irc.eu.freenode.net *** No identd (auth) response
--- Log closed Wed May 07 22:24:17 2003
--- Log opened Wed May 07 22:41:43 2003
22:41 !irc.eu.freenode.net *** Looking up your hostname...
22:41 !irc.eu.freenode.net *** Checking ident
22:41 !irc.eu.freenode.net *** Found your hostname
22:42 !irc.eu.freenode.net *** No identd (auth) response
--- Log closed Wed May 07 22:47:17 2003
--- Log opened Wed May 07 23:17:02 2003
23:17 !irc.eu.freenode.net *** Looking up your hostname...
23:17 !irc.eu.freenode.net *** Checking ident
23:17 !irc.eu.freenode.net *** Found your hostname
23:18 !irc.eu.freenode.net *** No identd (auth) response
--- Log closed Wed May 07 23:24:18 2003
--- Log opened Fri May 09 15:58:11 2003
15:58 !irc.eu.freenode.net *** Looking up your hostname...
15:58 !irc.eu.freenode.net *** Checking ident
15:58 !irc.eu.freenode.net *** Found your hostname
15:59 !irc.eu.freenode.net *** No identd (auth) response
--- Log closed Fri May 09 16:05:09 2003
--- Log opened Fri May 09 21:20:22 2003
21:20 !irc.eu.freenode.net *** Looking up your hostname...
21:20 !irc.eu.freenode.net *** Checking ident
21:20 !irc.eu.freenode.net *** Found your hostname
21:21 !irc.eu.freenode.net *** No identd (auth) response
--- Log closed Fri May 09 21:27:20 2003
--- Log opened Sun May 11 15:47:31 2003
15:47 !irc.eu.freenode.net *** Looking up your hostname...
15:47 !irc.eu.freenode.net *** Checking ident
15:47 !irc.eu.freenode.net *** Found your hostname
15:48 !irc.eu.freenode.net *** No identd (auth) response
--- Log closed Sun May 11 15:54:29 2003
--- Log opened Sun May 11 19:45:02 2003
19:45 !irc.eu.freenode.net *** Looking up your hostname...
19:45 !irc.eu.freenode.net *** Checking ident
19:45 !irc.eu.freenode.net *** Found your hostname
19:45 !irc.eu.freenode.net *** No identd (auth) response
--- Log closed Sun May 11 19:51:00 2003
--- Log opened Mon May 12 22:56:31 2003
22:56 !irc.eu.freenode.net *** Looking up your hostname...
22:56 !irc.eu.freenode.net *** Checking ident
22:56 !irc.eu.freenode.net *** Found your hostname
22:58 !irc.eu.freenode.net *** No identd (auth) response
--- Log closed Mon May 12 23:03:30 2003
--- Log opened Tue May 13 21:08:04 2003
21:08 !irc.eu.freenode.net *** Looking up your hostname...
21:08 !irc.eu.freenode.net *** Checking ident
21:08 !irc.eu.freenode.net *** Found your hostname
21:09 !irc.eu.freenode.net *** No identd (auth) response
--- Log closed Tue May 13 21:15:03 2003
--- Log opened Wed May 14 21:59:53 2003
21:59 !irc.eu.freenode.net *** Looking up your hostname...
21:59 !irc.eu.freenode.net *** Checking ident
21:59 !irc.eu.freenode.net *** Found your hostname
22:00 !irc.eu.freenode.net *** No identd (auth) response
--- Log closed Wed May 14 22:05:52 2003
--- Log opened Mon May 19 22:08:56 2003
22:08 !irc.eu.freenode.net *** Looking up your hostname...
22:08 !irc.eu.freenode.net *** Checking ident
22:08 !irc.eu.freenode.net *** Found your hostname
22:09 !irc.eu.freenode.net *** No identd (auth) response
--- Log closed Mon May 19 22:14:55 2003
--- Log opened Tue May 20 13:54:20 2003
13:54 !irc.eu.freenode.net *** Looking up your hostname...
13:54 !irc.eu.freenode.net *** Checking ident
13:54 !irc.eu.freenode.net *** Found your hostname
13:54 !irc.eu.freenode.net *** No identd (auth) response
--- Log closed Tue May 20 14:00:19 2003
--- Log opened Wed May 21 15:58:29 2003
15:58 !irc.eu.freenode.net *** Looking up your hostname...
15:58 !irc.eu.freenode.net *** Checking ident
15:58 !irc.eu.freenode.net *** Found your hostname
15:59 !irc.eu.freenode.net *** No identd (auth) response
--- Log closed Wed May 21 16:05:28 2003
--- Log opened Fri May 23 16:00:25 2003
16:00 !irc.eu.freenode.net *** Looking up your hostname...
16:00 !irc.eu.freenode.net *** Checking ident
16:00 !irc.eu.freenode.net *** Found your hostname
16:01 !irc.eu.freenode.net *** No identd (auth) response
--- Log closed Fri May 23 16:06:24 2003
--- Log opened Fri May 23 22:09:08 2003
22:09 !irc.eu.freenode.net *** Looking up your hostname...
22:09 !irc.eu.freenode.net *** Checking ident
22:09 !irc.eu.freenode.net *** Found your hostname
22:09 !irc.eu.freenode.net *** No identd (auth) response
--- Log closed Fri May 23 22:15:07 2003
--- Log opened Sat May 24 10:51:47 2003
10:51 !irc.eu.freenode.net *** Looking up your hostname...
10:51 !irc.eu.freenode.net *** Checking ident
10:51 !irc.eu.freenode.net *** Found your hostname
10:53 !irc.eu.freenode.net *** No identd (auth) response
--- Log closed Sat May 24 10:58:45 2003
--- Log opened Sun May 25 12:47:57 2003
12:47 !irc.eu.freenode.net *** Looking up your hostname...
12:47 !irc.eu.freenode.net *** Checking ident
12:47 !irc.eu.freenode.net *** Found your hostname
12:48 !irc.eu.freenode.net *** No identd (auth) response
--- Log closed Sun May 25 12:53:55 2003
--- Log opened Mon May 26 22:17:22 2003
22:17 !irc.eu.freenode.net *** Looking up your hostname...
22:17 !irc.eu.freenode.net *** Checking ident
22:17 !irc.eu.freenode.net *** Found your hostname
22:17 !irc.eu.freenode.net *** No identd (auth) response
--- Log closed Mon May 26 22:23:21 2003
--- Log opened Tue May 27 11:49:26 2003
11:49 !irc.eu.freenode.net *** Looking up your hostname...
11:49 !irc.eu.freenode.net *** Checking ident
11:49 !irc.eu.freenode.net *** Found your hostname
11:49 !irc.eu.freenode.net *** No identd (auth) response
--- Log closed Tue May 27 11:55:25 2003
--- Log opened Tue May 27 22:45:40 2003
22:45 !irc.eu.freenode.net *** Looking up your hostname...
22:45 !irc.eu.freenode.net *** Checking ident
22:45 !irc.eu.freenode.net *** Found your hostname
22:46 !irc.eu.freenode.net *** No identd (auth) response
--- Log closed Tue May 27 22:51:39 2003
--- Log opened Wed Jun 11 21:20:52 2003
21:20 !irc.eu.freenode.net *** Looking up your hostname...
21:20 !irc.eu.freenode.net *** Checking ident
21:20 !irc.eu.freenode.net *** Found your hostname
21:21 !irc.eu.freenode.net *** No identd (auth) response
--- Log closed Wed Jun 11 21:26:29 2003
--- Log opened Wed Jun 11 21:49:57 2003
21:49 !irc.eu.freenode.net *** Looking up your hostname...
21:49 !irc.eu.freenode.net *** Checking ident
21:49 !irc.eu.freenode.net *** Found your hostname
21:50 !irc.eu.freenode.net *** No identd (auth) response
--- Log closed Wed Jun 11 21:55:29 2003
--- Log opened Wed Jun 11 22:34:19 2003
22:34 !irc.eu.freenode.net *** Looking up your hostname...
22:34 !irc.eu.freenode.net *** Checking ident
22:34 !irc.eu.freenode.net *** Found your hostname
22:34 !irc.eu.freenode.net *** No identd (auth) response
--- Log closed Wed Jun 11 22:40:30 2003
--- Log opened Wed Jun 11 22:59:18 2003
22:59 !irc.eu.freenode.net *** Looking up your hostname...
22:59 !irc.eu.freenode.net *** Checking ident
22:59 !irc.eu.freenode.net *** Found your hostname
23:00 !irc.eu.freenode.net *** No identd (auth) response
--- Log closed Wed Jun 11 23:06:30 2003
--- Log opened Wed Jun 11 23:26:02 2003
23:26 !irc.eu.freenode.net *** Looking up your hostname...
23:26 !irc.eu.freenode.net *** Checking ident
23:26 !irc.eu.freenode.net *** Found your hostname
23:26 !irc.eu.freenode.net *** No identd (auth) response
--- Log closed Wed Jun 11 23:32:31 2003
--- Log opened Wed Jun 11 23:55:01 2003
23:55 !irc.eu.freenode.net *** Looking up your hostname...
23:55 !irc.eu.freenode.net *** Checking ident
23:55 !irc.eu.freenode.net *** Found your hostname
23:56 !irc.eu.freenode.net *** No identd (auth) response
--- Log opened Thu Jun 12 12:05:43 2003
12:05 !irc.eu.freenode.net *** Looking up your hostname...
12:05 !irc.eu.freenode.net *** Checking ident
12:05 !irc.eu.freenode.net *** Found your hostname
12:07 !irc.eu.freenode.net *** No identd (auth) response
--- Log closed Thu Jun 12 12:12:42 2003
--- Log opened Fri Jun 13 13:49:08 2003
13:49 !irc.eu.freenode.net *** Looking up your hostname...
13:49 !irc.eu.freenode.net *** Checking ident
13:49 !irc.eu.freenode.net *** Found your hostname
13:49 !irc.eu.freenode.net *** No identd (auth) response
--- Log closed Fri Jun 13 13:55:07 2003
--- Log opened Fri Jun 13 16:11:05 2003
16:11 !irc.eu.freenode.net *** Looking up your hostname...
16:11 !irc.eu.freenode.net *** Found your hostname, welcome back
16:11 !irc.eu.freenode.net *** Checking ident
16:11 !irc.eu.freenode.net *** No identd (auth) response
--- Log closed Fri Jun 13 16:17:04 2003
--- Log opened Sat Jun 14 12:36:48 2003
12:36 !irc.eu.freenode.net *** Looking up your hostname...
12:36 !irc.eu.freenode.net *** Checking ident
12:36 !irc.eu.freenode.net *** Found your hostname
12:38 !irc.eu.freenode.net *** No identd (auth) response
--- Log closed Sat Jun 14 12:43:47 2003
--- Log opened Sun Jun 15 15:03:48 2003
15:03 !irc.eu.freenode.net *** Looking up your hostname...
15:03 !irc.eu.freenode.net *** Checking ident
15:03 !irc.eu.freenode.net *** Found your hostname
15:04 !irc.eu.freenode.net *** No identd (auth) response
--- Log closed Sun Jun 15 15:09:47 2003
--- Log opened Sun Jun 15 23:01:25 2003
23:01 !irc.eu.freenode.net *** Looking up your hostname...
23:01 !irc.eu.freenode.net *** Checking ident
23:01 !irc.eu.freenode.net *** Found your hostname
23:01 !irc.eu.freenode.net *** No identd (auth) response
--- Log closed Sun Jun 15 23:07:55 2003
--- Log opened Mon Jun 16 11:03:11 2003
11:03 !irc.eu.freenode.net *** Looking up your hostname...
11:03 !irc.eu.freenode.net *** Checking ident
11:03 !irc.eu.freenode.net *** Found your hostname
11:03 !irc.eu.freenode.net *** No identd (auth) response
--- Log closed Mon Jun 16 11:09:05 2003
--- Log opened Tue Jun 17 11:53:21 2003
11:53 !irc.eu.freenode.net *** Looking up your hostname...
11:53 !irc.eu.freenode.net *** Checking ident
11:53 !irc.eu.freenode.net *** Found your hostname
11:53 !irc.eu.freenode.net *** No identd (auth) response
--- Log closed Tue Jun 17 11:59:20 2003
--- Log opened Wed Jun 18 08:44:49 2003
08:44 !irc.eu.freenode.net *** Looking up your hostname...
08:44 !irc.eu.freenode.net *** Checking ident
08:44 !irc.eu.freenode.net *** Found your hostname
08:45 !irc.eu.freenode.net *** No identd (auth) response
--- Log closed Wed Jun 18 08:50:48 2003
--- Log opened Wed Jun 18 19:45:41 2003
19:45 !irc.eu.freenode.net *** Looking up your hostname...
19:45 !irc.eu.freenode.net *** Checking ident
19:45 !irc.eu.freenode.net *** Found your hostname
19:47 !irc.eu.freenode.net *** No identd (auth) response
--- Log closed Wed Jun 18 19:52:40 2003
--- Log opened Thu Jun 19 11:00:58 2003
11:00 !irc.eu.freenode.net *** Looking up your hostname...
11:00 !irc.eu.freenode.net *** Checking ident
11:00 !irc.eu.freenode.net *** Found your hostname
11:02 !irc.eu.freenode.net *** No identd (auth) response
--- Log closed Thu Jun 19 11:07:57 2003
--- Log opened Fri Jun 20 11:56:26 2003
11:56 !irc.eu.freenode.net *** Looking up your hostname...
11:56 !irc.eu.freenode.net *** Checking ident
11:56 !irc.eu.freenode.net *** Found your hostname
11:58 !irc.eu.freenode.net *** No identd (auth) response
--- Log closed Fri Jun 20 12:04:20 2003
--- Log opened Sat Jun 21 12:09:20 2003
12:09 !irc.eu.freenode.net *** Looking up your hostname...
12:09 !irc.eu.freenode.net *** Checking ident
12:09 !irc.eu.freenode.net *** Found your hostname
12:10 !irc.eu.freenode.net *** No identd (auth) response
--- Log closed Sat Jun 21 12:16:19 2003
--- Log opened Sat Jun 21 14:08:08 2003
14:08 !irc.eu.freenode.net *** Looking up your hostname...
14:08 !irc.eu.freenode.net *** Checking ident
14:08 !irc.eu.freenode.net *** Found your hostname
14:08 !irc.eu.freenode.net *** No identd (auth) response
--- Log closed Sat Jun 21 14:14:07 2003
--- Log opened Sat Jun 21 15:59:12 2003
15:59 !irc.eu.freenode.net *** Looking up your hostname...
15:59 !irc.eu.freenode.net *** Checking ident
15:59 !irc.eu.freenode.net *** Found your hostname
15:59 !irc.eu.freenode.net *** No identd (auth) response
--- Log closed Sat Jun 21 16:05:12 2003
--- Log opened Sat Jun 21 22:10:17 2003
22:10 !irc.eu.freenode.net *** Looking up your hostname...
22:10 !irc.eu.freenode.net *** Checking ident
22:10 !irc.eu.freenode.net *** Found your hostname
22:11 !irc.eu.freenode.net *** No identd (auth) response
--- Log closed Sat Jun 21 22:17:16 2003
--- Log opened Sun Jun 22 01:50:27 2003
01:50 !irc.eu.freenode.net *** Looking up your hostname...
01:50 !irc.eu.freenode.net *** Checking ident
01:50 !irc.eu.freenode.net *** Found your hostname
01:51 !irc.eu.freenode.net *** No identd (auth) response
--- Log closed Sun Jun 22 01:51:13 2003
--- Log opened Sun Jun 22 11:26:04 2003
11:26 !irc.eu.freenode.net *** Looking up your hostname...
11:26 !irc.eu.freenode.net *** Checking ident
11:26 !irc.eu.freenode.net *** Found your hostname
11:26 !irc.eu.freenode.net *** No identd (auth) response
--- Log closed Sun Jun 22 11:32:03 2003
--- Log opened Mon Jun 23 12:17:22 2003
12:17 !irc.eu.freenode.net *** Looking up your hostname...
12:17 !irc.eu.freenode.net *** Checking ident
12:17 !irc.eu.freenode.net *** Found your hostname
12:17 !irc.eu.freenode.net *** No identd (auth) response
--- Log closed Mon Jun 23 12:23:20 2003
--- Log opened Tue Jun 24 15:50:35 2003
15:50 !irc.eu.freenode.net *** Looking up your hostname...
15:50 !irc.eu.freenode.net *** Checking ident
15:50 !irc.eu.freenode.net *** Found your hostname
15:51 !irc.eu.freenode.net *** No identd (auth) response
--- Log closed Tue Jun 24 15:56:31 2003
--- Log opened Wed Jun 25 11:18:52 2003
11:18 !irc.eu.freenode.net *** Looking up your hostname...
11:18 !irc.eu.freenode.net *** Checking ident
11:18 !irc.eu.freenode.net *** Found your hostname
11:19 !irc.eu.freenode.net *** No identd (auth) response
--- Log closed Wed Jun 25 11:24:51 2003
--- Log opened Wed Jun 25 21:22:28 2003
21:22 !irc.eu.freenode.net *** Looking up your hostname...
21:22 !irc.eu.freenode.net *** Checking ident
21:22 !irc.eu.freenode.net *** Found your hostname
21:22 !irc.eu.freenode.net *** No identd (auth) response
--- Log closed Wed Jun 25 21:28:01 2003
--- Log opened Wed Jun 25 21:57:30 2003
21:57 !irc.eu.freenode.net *** Looking up your hostname...
21:57 !irc.eu.freenode.net *** Checking ident
21:57 !irc.eu.freenode.net *** Found your hostname
21:58 !irc.eu.freenode.net *** No identd (auth) response
--- Log closed Wed Jun 25 22:04:01 2003
--- Log opened Thu Jun 26 10:18:41 2003
10:18 !irc.eu.freenode.net *** Looking up your hostname...
10:18 !irc.eu.freenode.net *** Checking ident
10:18 !irc.eu.freenode.net *** Found your hostname
10:20 !irc.eu.freenode.net *** No identd (auth) response
--- Log closed Thu Jun 26 10:25:40 2003
--- Log opened Thu Jun 26 18:23:15 2003
18:23 !irc.eu.freenode.net *** Looking up your hostname...
18:23 !irc.eu.freenode.net *** Checking ident
18:23 !irc.eu.freenode.net *** Found your hostname
18:23 !irc.eu.freenode.net *** No identd (auth) response
--- Log closed Thu Jun 26 18:29:15 2003
--- Log opened Fri Jun 27 16:18:47 2003
16:18 !irc.eu.freenode.net *** Looking up your hostname...
16:18 !irc.eu.freenode.net *** Checking ident
16:18 !irc.eu.freenode.net *** Found your hostname
16:20 !irc.eu.freenode.net *** No identd (auth) response
--- Log closed Fri Jun 27 16:25:46 2003
--- Log opened Sat Jun 28 11:54:15 2003
11:54 !irc.eu.freenode.net *** Looking up your hostname...
11:54 !irc.eu.freenode.net *** Checking ident
11:54 !irc.eu.freenode.net *** Found your hostname
11:54 !irc.eu.freenode.net *** No identd (auth) response
--- Log closed Sat Jun 28 12:00:13 2003
--- Log opened Sun Jun 29 10:09:44 2003
10:09 !irc.eu.freenode.net *** Looking up your hostname...
10:09 !irc.eu.freenode.net *** Checking ident
10:09 !irc.eu.freenode.net *** Found your hostname
10:10 !irc.eu.freenode.net *** No identd (auth) response
--- Log closed Sun Jun 29 10:15:43 2003
--- Log opened Sun Jun 29 19:26:13 2003
19:26 !irc.eu.freenode.net *** Looking up your hostname...
19:26 !irc.eu.freenode.net *** Checking ident
19:26 !irc.eu.freenode.net *** Found your hostname
19:26 !irc.eu.freenode.net *** No identd (auth) response
--- Log closed Sun Jun 29 19:32:09 2003
--- Log opened Mon Jun 30 13:28:55 2003
13:28 !irc.eu.freenode.net *** Looking up your hostname...
13:28 !irc.eu.freenode.net *** Checking ident
13:28 !irc.eu.freenode.net *** Found your hostname
13:29 !irc.eu.freenode.net *** No identd (auth) response
--- Log closed Mon Jun 30 13:34:54 2003
--- Log opened Mon Jun 30 18:27:31 2003
18:27 !irc.eu.freenode.net *** Looking up your hostname...
18:27 !irc.eu.freenode.net *** Checking ident
18:27 !irc.eu.freenode.net *** Found your hostname
18:28 !irc.eu.freenode.net *** No identd (auth) response
--- Log closed Mon Jun 30 18:33:30 2003
--- Log opened Tue Jul 01 14:38:00 2003
14:38 !irc.eu.freenode.net *** Looking up your hostname...
14:38 !irc.eu.freenode.net *** Checking ident
14:38 !irc.eu.freenode.net *** Found your hostname
14:38 !irc.eu.freenode.net *** No identd (auth) response
--- Log closed Tue Jul 01 14:43:59 2003
--- Log opened Wed Jul 02 10:46:41 2003
10:46 !irc.eu.freenode.net *** Looking up your hostname...
10:46 !irc.eu.freenode.net *** Checking ident
10:46 !irc.eu.freenode.net *** Found your hostname
10:47 !irc.eu.freenode.net *** No identd (auth) response
--- Log closed Wed Jul 02 10:52:30 2003
--- Log opened Thu Jul 03 12:34:40 2003
12:34 !irc.eu.freenode.net *** Looking up your hostname...
12:34 !irc.eu.freenode.net *** Checking ident
12:34 !irc.eu.freenode.net *** Found your hostname
12:35 !irc.eu.freenode.net *** No identd (auth) response
--- Log closed Thu Jul 03 12:40:39 2003
--- Log opened Thu Jul 03 23:48:55 2003
23:48 !irc.eu.freenode.net *** Looking up your hostname...
23:48 !irc.eu.freenode.net *** Checking ident
23:48 !irc.eu.freenode.net *** Found your hostname
--- Log closed Thu Jul 03 23:49:05 2003
--- Log opened Sat Jul 05 16:47:53 2003
16:47 !irc.eu.freenode.net *** Looking up your hostname...
16:47 !irc.eu.freenode.net *** Checking ident
16:47 !irc.eu.freenode.net *** Found your hostname
16:48 !irc.eu.freenode.net *** No identd (auth) response
--- Log closed Sat Jul 05 16:53:44 2003
--- Log opened Sat Jul 05 17:39:06 2003
17:39 !irc.eu.freenode.net *** Looking up your hostname...
17:39 !irc.eu.freenode.net *** Checking ident
17:39 !irc.eu.freenode.net *** Found your hostname
17:40 !irc.eu.freenode.net *** No identd (auth) response
--- Log closed Sat Jul 05 17:45:44 2003
--- Log opened Sun Jul 06 13:27:10 2003
13:27 !irc.eu.freenode.net *** Looking up your hostname...
13:27 !irc.eu.freenode.net *** Checking ident
13:27 !irc.eu.freenode.net *** Found your hostname
13:28 !irc.eu.freenode.net *** No identd (auth) response
--- Log closed Sun Jul 06 13:33:09 2003
--- Log opened Sun Jul 06 17:12:17 2003
17:12 !irc.eu.freenode.net *** Looking up your hostname...
17:12 !irc.eu.freenode.net *** Checking ident
17:12 !irc.eu.freenode.net *** Found your hostname
17:13 !irc.eu.freenode.net *** No identd (auth) response
--- Log closed Sun Jul 06 17:19:13 2003
--- Log opened Tue Jul 08 16:08:42 2003
16:08 !irc.eu.freenode.net *** Looking up your hostname...
16:08 !irc.eu.freenode.net *** Checking ident
16:08 !irc.eu.freenode.net *** Found your hostname
16:09 !irc.eu.freenode.net *** No identd (auth) response
--- Log closed Tue Jul 08 16:14:41 2003
--- Log opened Mon Jul 14 10:08:40 2003
10:08 !irc.eu.freenode.net *** Looking up your hostname...
10:08 !irc.eu.freenode.net *** Checking ident
10:08 !irc.eu.freenode.net *** Found your hostname
10:09 !irc.eu.freenode.net *** No identd (auth) response
--- Log closed Mon Jul 14 10:14:36 2003
--- Log opened Fri Jul 18 23:11:49 2003
23:11 !irc.eu.freenode.net *** Looking up your hostname...
23:11 !irc.eu.freenode.net *** Checking ident
23:11 !irc.eu.freenode.net *** Found your hostname
23:12 !irc.eu.freenode.net *** No identd (auth) response
--- Log closed Fri Jul 18 23:17:48 2003
--- Log opened Sun Jul 27 17:05:24 2003
17:05 !irc.eu.freenode.net *** Looking up your hostname...
17:05 !irc.eu.freenode.net *** Checking ident
17:05 !irc.eu.freenode.net *** Found your hostname
17:05 !irc.eu.freenode.net *** No identd (auth) response
--- Log closed Sun Jul 27 17:11:34 2003
--- Log opened Sun Jul 27 17:19:01 2003
17:19 !irc.eu.freenode.net *** Looking up your hostname...
17:19 !irc.eu.freenode.net *** Checking ident
17:19 !irc.eu.freenode.net *** Found your hostname
17:19 !irc.eu.freenode.net *** No identd (auth) response
--- Log closed Sun Jul 27 17:24:34 2003
--- Log opened Sun Jul 27 22:18:52 2003
22:18 !irc.eu.freenode.net *** Looking up your hostname...
22:18 !irc.eu.freenode.net *** Checking ident
22:18 !irc.eu.freenode.net *** Found your hostname
22:19 !irc.eu.freenode.net *** No identd (auth) response
--- Log closed Sun Jul 27 22:24:42 2003
--- Log opened Mon Jul 28 00:05:29 2003
00:05 !irc.eu.freenode.net *** Looking up your hostname...
00:05 !irc.eu.freenode.net *** Checking ident
00:05 !irc.eu.freenode.net *** Found your hostname
00:07 !irc.eu.freenode.net *** No identd (auth) response
--- Log closed Mon Jul 28 00:12:43 2003
--- Log opened Mon Jul 28 18:58:29 2003
18:58 !irc.eu.freenode.net *** Looking up your hostname...
18:58 !irc.eu.freenode.net *** Checking ident
18:58 !irc.eu.freenode.net *** Found your hostname
18:59 !irc.eu.freenode.net *** No identd (auth) response
--- Log closed Mon Jul 28 19:04:28 2003
--- Log opened Tue Jul 29 00:13:53 2003
00:13 !irc.eu.freenode.net *** Looking up your hostname...
00:13 !irc.eu.freenode.net *** Checking ident
00:13 !irc.eu.freenode.net *** Found your hostname
00:15 !irc.eu.freenode.net *** No identd (auth) response
--- Log closed Tue Jul 29 00:20:33 2003
--- Log opened Tue Jul 29 00:25:15 2003
00:25 !irc.eu.freenode.net *** Looking up your hostname...
00:25 !irc.eu.freenode.net *** Checking ident
00:25 !irc.eu.freenode.net *** Found your hostname
--- Log closed Tue Jul 29 00:30:33 2003
--- Log opened Thu Jul 31 19:32:35 2003
19:32 !irc.eu.freenode.net *** Looking up your hostname...
19:32 !irc.eu.freenode.net *** Checking ident
19:32 !irc.eu.freenode.net *** Found your hostname
19:33 !irc.eu.freenode.net *** No identd (auth) response
--- Log closed Thu Jul 31 19:38:34 2003
--- Log opened Sat Aug 02 17:07:14 2003
17:07 !irc.eu.freenode.net *** Looking up your hostname...
17:07 !irc.eu.freenode.net *** Checking ident
17:07 !irc.eu.freenode.net *** Found your hostname
17:07 !irc.eu.freenode.net *** No identd (auth) response
--- Log closed Sat Aug 02 17:13:05 2003
--- Log opened Sun Aug 03 22:35:13 2003
22:35 !irc.eu.freenode.net *** Looking up your hostname...
22:35 !irc.eu.freenode.net *** Checking ident
22:35 !irc.eu.freenode.net *** Found your hostname
22:36 !irc.eu.freenode.net *** No identd (auth) response
--- Log closed Sun Aug 03 22:41:12 2003
--- Log opened Mon Aug 04 17:25:23 2003
17:25 !irc.eu.freenode.net *** Looking up your hostname...
17:25 !irc.eu.freenode.net *** Checking ident
17:25 !irc.eu.freenode.net *** Found your hostname
17:26 !irc.eu.freenode.net *** No identd (auth) response
--- Log closed Mon Aug 04 17:31:21 2003
--- Log opened Mon Aug 04 21:29:57 2003
21:29 !irc.eu.freenode.net *** Looking up your hostname...
21:29 !irc.eu.freenode.net *** Checking ident
21:30 !irc.eu.freenode.net *** Found your hostname
21:31 !irc.eu.freenode.net *** No identd (auth) response
--- Log closed Mon Aug 04 21:36:56 2003
--- Log opened Wed Aug 06 09:10:11 2003
09:10 !irc.eu.freenode.net *** Looking up your hostname...
09:10 !irc.eu.freenode.net *** Checking ident
09:10 !irc.eu.freenode.net *** Found your hostname
09:12 !irc.eu.freenode.net *** No identd (auth) response
--- Log closed Wed Aug 06 09:17:10 2003
--- Log opened Wed Aug 06 20:25:19 2003
20:25 !irc.eu.freenode.net *** Looking up your hostname...
20:25 !irc.eu.freenode.net *** Checking ident
20:25 !irc.eu.freenode.net *** Found your hostname
20:25 !irc.eu.freenode.net *** No identd (auth) response
--- Log closed Wed Aug 06 20:31:21 2003
--- Log opened Thu Aug 07 12:19:56 2003
12:19 !irc.eu.freenode.net *** Looking up your hostname...
12:19 !irc.eu.freenode.net *** Checking ident
12:19 !irc.eu.freenode.net *** Found your hostname
12:20 !irc.eu.freenode.net *** No identd (auth) response
--- Log closed Thu Aug 07 12:25:55 2003
--- Log opened Fri Aug 08 14:01:08 2003
14:01 !irc.eu.freenode.net *** Looking up your hostname...
14:01 !irc.eu.freenode.net *** Checking ident
14:01 !irc.eu.freenode.net *** Found your hostname
14:01 !irc.eu.freenode.net *** No identd (auth) response
--- Log closed Fri Aug 08 14:07:07 2003
--- Log opened Mon Aug 11 15:38:36 2003
15:38 !irc.eu.freenode.net *** Looking up your hostname...
15:38 !irc.eu.freenode.net *** Checking ident
15:38 !irc.eu.freenode.net *** Found your hostname
15:39 !irc.eu.freenode.net *** No identd (auth) response
--- Log closed Mon Aug 11 15:44:35 2003
--- Log opened Mon Aug 11 20:05:38 2003
20:05 !irc.eu.freenode.net *** Looking up your hostname...
20:05 !irc.eu.freenode.net *** Checking ident
20:05 !irc.eu.freenode.net *** Found your hostname
20:06 !irc.eu.freenode.net *** No identd (auth) response
--- Log closed Mon Aug 11 20:11:40 2003
--- Log opened Wed Aug 13 14:14:16 2003
14:14 !irc.eu.freenode.net *** Looking up your hostname...
14:14 !irc.eu.freenode.net *** Checking ident
14:14 !irc.eu.freenode.net *** Found your hostname
14:14 !irc.eu.freenode.net *** No identd (auth) response
--- Log closed Wed Aug 13 14:20:15 2003
--- Log opened Thu Aug 14 14:16:24 2003
14:16 !irc.eu.freenode.net *** Looking up your hostname...
14:16 !irc.eu.freenode.net *** Checking ident
14:16 !irc.eu.freenode.net *** Found your hostname
14:18 !irc.eu.freenode.net *** No identd (auth) response
--- Log closed Thu Aug 14 14:23:23 2003
--- Log opened Fri Aug 15 10:19:55 2003
10:19 !irc.eu.freenode.net *** Looking up your hostname...
10:19 !irc.eu.freenode.net *** Checking ident
10:19 !irc.eu.freenode.net *** Found your hostname
10:20 !irc.eu.freenode.net *** No identd (auth) response
--- Log closed Fri Aug 15 10:25:54 2003
--- Log opened Fri Aug 15 13:03:42 2003
13:03 !irc.eu.freenode.net *** Looking up your hostname...
13:03 !irc.eu.freenode.net *** Checking ident
13:03 !irc.eu.freenode.net *** Found your hostname
13:05 !irc.eu.freenode.net *** No identd (auth) response
--- Log closed Fri Aug 15 13:10:41 2003
--- Log opened Sat Aug 16 23:19:20 2003
23:19 !irc.eu.freenode.net *** Looking up your hostname...
23:19 !irc.eu.freenode.net *** Checking ident
23:19 !irc.eu.freenode.net *** Found your hostname
23:19 !irc.eu.freenode.net *** No identd (auth) response
--- Log closed Sat Aug 16 23:25:18 2003
--- Log opened Sun Aug 17 12:14:48 2003
12:14 !irc.eu.freenode.net *** Looking up your hostname...
12:14 !irc.eu.freenode.net *** Checking ident
12:14 !irc.eu.freenode.net *** Found your hostname
12:15 !irc.eu.freenode.net *** No identd (auth) response
--- Log closed Sun Aug 17 12:20:47 2003
--- Log opened Sun Aug 17 16:15:28 2003
16:15 !irc.eu.freenode.net *** Looking up your hostname...
16:15 !irc.eu.freenode.net *** Checking ident
16:15 !irc.eu.freenode.net *** Found your hostname
16:15 !irc.eu.freenode.net *** No identd (auth) response
--- Log closed Sun Aug 17 16:21:51 2003
--- Log opened Sun Aug 17 16:40:06 2003
16:40 !irc.eu.freenode.net *** Looking up your hostname...
16:40 !irc.eu.freenode.net *** Checking ident
16:40 !irc.eu.freenode.net *** Found your hostname
16:40 !irc.eu.freenode.net *** No identd (auth) response
--- Log closed Sun Aug 17 16:45:51 2003
--- Log opened Sun Aug 17 16:49:58 2003
16:49 !irc.eu.freenode.net *** Looking up your hostname...
16:49 !irc.eu.freenode.net *** Checking ident
16:50 !irc.eu.freenode.net *** Found your hostname
16:50 !irc.eu.freenode.net *** No identd (auth) response
--- Log closed Sun Aug 17 16:55:51 2003
--- Log opened Sun Aug 17 21:24:05 2003
21:24 !irc.eu.freenode.net *** Looking up your hostname...
21:24 !irc.eu.freenode.net *** Checking ident
21:24 !irc.eu.freenode.net *** Found your hostname
21:24 !irc.eu.freenode.net *** No identd (auth) response
--- Log closed Sun Aug 17 21:30:04 2003
--- Log opened Mon Aug 18 19:50:40 2003
19:50 !irc.eu.freenode.net *** Looking up your hostname...
19:50 !irc.eu.freenode.net *** Checking ident
19:50 !irc.eu.freenode.net *** Found your hostname
19:51 !irc.eu.freenode.net *** No identd (auth) response
--- Log closed Mon Aug 18 19:56:38 2003
--- Log opened Wed Aug 20 08:25:35 2003
08:25 !irc.eu.freenode.net *** Looking up your hostname...
08:25 !irc.eu.freenode.net *** Checking ident
08:25 !irc.eu.freenode.net *** Found your hostname
08:26 !irc.eu.freenode.net *** No identd (auth) response
--- Log closed Wed Aug 20 08:31:34 2003
--- Log opened Sun Sep 14 13:52:41 2003
13:52 !irc.eu.freenode.net *** Looking up your hostname...
13:52 !irc.eu.freenode.net *** Checking ident
13:52 !irc.eu.freenode.net *** Got ident response
13:52 !irc.eu.freenode.net *** Found your hostname
--- Log closed Sun Sep 14 13:58:39 2003
--- Log opened Sun Sep 14 16:55:27 2003
16:55 !irc.eu.freenode.net *** Looking up your hostname...
16:55 !irc.eu.freenode.net *** Checking ident
16:55 !irc.eu.freenode.net *** Got ident response
16:55 !irc.eu.freenode.net *** Found your hostname
--- Log closed Sun Sep 14 17:01:26 2003
--- Log opened Sun Sep 14 17:46:10 2003
17:46 !irc.eu.freenode.net *** Looking up your hostname...
17:46 !irc.eu.freenode.net *** Checking ident
17:46 !irc.eu.freenode.net *** Got ident response
17:46 !irc.eu.freenode.net *** Found your hostname
--- Log closed Sun Sep 14 17:52:09 2003
--- Log opened Mon Sep 15 09:16:17 2003
09:16 !irc.eu.freenode.net *** Looking up your hostname...
09:16 !irc.eu.freenode.net *** Checking ident
09:16 !irc.eu.freenode.net *** Got ident response
09:16 !irc.eu.freenode.net *** Found your hostname
--- Log closed Mon Sep 15 09:22:16 2003
--- Log opened Mon Sep 15 13:57:32 2003
13:57 !irc.eu.freenode.net *** Looking up your hostname...
13:57 !irc.eu.freenode.net *** Checking ident
13:57 !irc.eu.freenode.net *** Got ident response
13:57 !irc.eu.freenode.net *** Found your hostname
--- Log closed Mon Sep 15 14:03:28 2003
--- Log opened Tue Sep 16 22:43:59 2003
22:43 !irc.eu.freenode.net *** Looking up your hostname...
22:43 !irc.eu.freenode.net *** Checking ident
22:43 !irc.eu.freenode.net *** Found your hostname
--- Log closed Tue Sep 16 22:47:49 2003
--- Log opened Tue Sep 16 22:48:45 2003
22:48 !irc.eu.freenode.net *** Looking up your hostname...
22:48 !irc.eu.freenode.net *** Checking ident
22:48 !irc.eu.freenode.net *** Found your hostname
--- Log closed Tue Sep 16 22:54:44 2003
--- Log opened Tue Sep 16 23:00:18 2003
23:00 !irc.eu.freenode.net *** Looking up your hostname...
23:00 !irc.eu.freenode.net *** Checking ident
23:00 !irc.eu.freenode.net *** Found your hostname
--- Log closed Tue Sep 16 23:00:40 2003
--- Log opened Wed Sep 17 20:09:15 2003
20:09 !irc.eu.freenode.net *** Looking up your hostname...
20:09 !irc.eu.freenode.net *** Checking ident
20:09 !irc.eu.freenode.net *** Found your hostname
--- Log closed Wed Sep 17 20:15:14 2003
--- Log opened Thu Sep 18 18:54:26 2003
18:54 !irc.eu.freenode.net *** Looking up your hostname...
18:54 !irc.eu.freenode.net *** Found your hostname, welcome back
18:54 !irc.eu.freenode.net *** Checking ident
--- Log closed Thu Sep 18 19:00:25 2003
--- Log opened Fri Sep 19 19:50:19 2003
19:50 !irc.eu.freenode.net *** Looking up your hostname...
19:50 !irc.eu.freenode.net *** Checking ident
19:50 !irc.eu.freenode.net *** Found your hostname
--- Log closed Fri Sep 19 19:56:18 2003
--- Log opened Fri Sep 19 22:06:45 2003
22:06 !irc.eu.freenode.net *** Looking up your hostname...
22:06 !irc.eu.freenode.net *** Checking ident
22:06 !irc.eu.freenode.net *** Found your hostname
22:08 !irc.eu.freenode.net *** No identd (auth) response
--- Log closed Fri Sep 19 22:13:43 2003
--- Log opened Sat Sep 20 11:41:44 2003
11:41 !irc.eu.freenode.net *** Looking up your hostname...
11:41 !irc.eu.freenode.net *** Checking ident
11:41 !irc.eu.freenode.net *** Found your hostname
--- Log closed Sat Sep 20 11:47:43 2003
--- Log opened Sat Sep 20 11:56:53 2003
11:56 !irc.eu.freenode.net *** Looking up your hostname...
11:56 !irc.eu.freenode.net *** Checking ident
11:56 !irc.eu.freenode.net *** No identd (auth) response
11:56 !irc.eu.freenode.net *** Found your hostname
--- Log closed Sat Sep 20 12:01:53 2003
--- Log opened Sun Sep 21 09:43:09 2003
09:43 !irc.eu.freenode.net *** Looking up your hostname...
09:43 !irc.eu.freenode.net *** Checking ident
09:43 !irc.eu.freenode.net *** No identd (auth) response
09:43 !irc.eu.freenode.net *** Found your hostname
--- Log closed Sun Sep 21 09:49:08 2003
--- Log opened Sun Sep 21 17:18:49 2003
17:18 !irc.eu.freenode.net *** Looking up your hostname...
17:18 !irc.eu.freenode.net *** Checking ident
17:18 !irc.eu.freenode.net *** No identd (auth) response
17:18 !irc.eu.freenode.net *** Found your hostname
--- Log closed Sun Sep 21 17:24:48 2003
--- Log opened Sun Sep 21 18:13:30 2003
18:13 !irc.eu.freenode.net *** Looking up your hostname...
18:13 !irc.eu.freenode.net *** Checking ident
18:13 !irc.eu.freenode.net *** Found your hostname
--- Log closed Sun Sep 21 18:18:49 2003
--- Log opened Sun Sep 21 19:49:09 2003
19:49 !irc.eu.freenode.net *** Looking up your hostname...
19:49 !irc.eu.freenode.net *** Checking ident
19:49 !irc.eu.freenode.net *** Found your hostname
--- Log closed Sun Sep 21 19:55:08 2003
--- Log opened Tue Sep 23 14:34:51 2003
14:34 !irc.eu.freenode.net *** Looking up your hostname...
14:34 !irc.eu.freenode.net *** Checking ident
14:34 !irc.eu.freenode.net *** Found your hostname
14:35 !irc.eu.freenode.net *** No identd (auth) response
--- Log closed Tue Sep 23 14:40:50 2003
--- Log opened Fri Sep 26 21:40:23 2003
21:40 !irc.eu.freenode.net *** Looking up your hostname...
21:40 !irc.eu.freenode.net *** Checking ident
21:40 !irc.eu.freenode.net *** Found your hostname
21:41 !irc.eu.freenode.net *** No identd (auth) response
--- Log closed Fri Sep 26 21:46:21 2003
--- Log opened Sat Sep 27 08:48:44 2003
08:48 !irc.eu.freenode.net *** Looking up your hostname...
08:48 !irc.eu.freenode.net *** Checking ident
08:48 !irc.eu.freenode.net *** Found your hostname
08:49 !irc.eu.freenode.net *** No identd (auth) response
--- Log closed Sat Sep 27 08:54:43 2003
--- Log opened Sun Sep 28 15:33:38 2003
15:33 !irc.eu.freenode.net *** Looking up your hostname...
15:33 !irc.eu.freenode.net *** Checking ident
15:33 !irc.eu.freenode.net *** Found your hostname
15:34 !irc.eu.freenode.net *** No identd (auth) response
--- Log closed Sun Sep 28 15:39:37 2003
--- Log opened Tue Sep 30 18:14:56 2003
18:14 !irc.eu.freenode.net *** Looking up your hostname...
18:14 !irc.eu.freenode.net *** Checking ident
18:15 !irc.eu.freenode.net *** Found your hostname
18:15 !irc.eu.freenode.net *** No identd (auth) response
--- Log closed Tue Sep 30 18:20:55 2003
--- Log opened Sat Oct 04 13:29:48 2003
13:29 !irc.eu.freenode.net *** Looking up your hostname...
13:29 !irc.eu.freenode.net *** Checking ident
13:29 !irc.eu.freenode.net *** Found your hostname
13:30 !irc.eu.freenode.net *** No identd (auth) response
--- Log closed Sat Oct 04 13:35:47 2003
--- Log opened Sun Oct 05 12:34:24 2003
12:34 !irc.eu.freenode.net *** Looking up your hostname...
12:34 !irc.eu.freenode.net *** Checking ident
12:34 !irc.eu.freenode.net *** Found your hostname
12:35 !irc.eu.freenode.net *** No identd (auth) response
--- Log closed Sun Oct 05 12:41:23 2003
--- Log opened Mon Oct 06 17:34:14 2003
17:34 !irc.eu.freenode.net *** Looking up your hostname...
17:34 !irc.eu.freenode.net *** Checking ident
17:34 !irc.eu.freenode.net *** Found your hostname
17:35 !irc.eu.freenode.net *** No identd (auth) response
--- Log closed Mon Oct 06 17:41:13 2003
--- Log opened Tue Oct 07 22:00:26 2003
22:00 !irc.eu.freenode.net *** Looking up your hostname...
22:00 !irc.eu.freenode.net *** Checking ident
22:01 !irc.eu.freenode.net *** No identd (auth) response
22:01 !irc.eu.freenode.net *** Couldn't look up your hostname
--- Log closed Tue Oct 07 22:07:25 2003
--- Log opened Wed Oct 08 20:16:28 2003
20:16 !irc.eu.freenode.net *** Looking up your hostname...
20:16 !irc.eu.freenode.net *** Checking ident
20:16 !irc.eu.freenode.net *** Found your hostname
20:17 !irc.eu.freenode.net *** No identd (auth) response
--- Log closed Wed Oct 08 20:22:27 2003
--- Log opened Fri Oct 10 20:24:39 2003
20:24 !irc.eu.freenode.net *** Looking up your hostname...
20:24 !irc.eu.freenode.net *** Checking ident
20:26 !irc.eu.freenode.net *** No identd (auth) response
20:26 !irc.eu.freenode.net *** Couldn't look up your hostname
--- Log closed Fri Oct 10 20:31:35 2003
--- Log opened Sun Oct 12 15:54:41 2003
15:54 !irc.eu.freenode.net *** Looking up your hostname...
15:54 !irc.eu.freenode.net *** Checking ident
15:54 !irc.eu.freenode.net *** Found your hostname
15:55 !irc.eu.freenode.net *** No identd (auth) response
--- Log closed Sun Oct 12 16:00:39 2003
--- Log opened Tue Oct 14 23:39:00 2003
23:39 !irc.eu.freenode.net *** Looking up your hostname...
23:39 !irc.eu.freenode.net *** Checking ident
23:39 !irc.eu.freenode.net *** Found your hostname
23:40 !irc.eu.freenode.net *** No identd (auth) response
--- Log closed Tue Oct 14 23:45:58 2003
--- Log opened Wed Oct 15 21:24:00 2003
21:24 !irc.eu.freenode.net *** Looking up your hostname...
21:24 !irc.eu.freenode.net *** Checking ident
21:25 !irc.eu.freenode.net *** No identd (auth) response
21:25 !irc.eu.freenode.net *** Couldn't look up your hostname
--- Log closed Wed Oct 15 21:30:59 2003
--- Log opened Thu Oct 16 16:37:23 2003
16:37 !irc.eu.freenode.net *** Looking up your hostname...
16:37 !irc.eu.freenode.net *** Checking ident
16:37 !irc.eu.freenode.net *** Found your hostname
16:37 !irc.eu.freenode.net *** No identd (auth) response
--- Log closed Thu Oct 16 16:42:15 2003
--- Log opened Thu Oct 16 18:53:46 2003
18:53 !irc.eu.freenode.net *** Looking up your hostname...
18:53 !irc.eu.freenode.net *** Checking ident
18:53 !irc.eu.freenode.net *** Found your hostname
18:54 !irc.eu.freenode.net *** No identd (auth) response
--- Log closed Thu Oct 16 18:59:45 2003
--- Log opened Fri Oct 17 20:21:30 2003
20:21 !irc.eu.freenode.net *** Looking up your hostname...
20:21 !irc.eu.freenode.net *** Checking ident
20:21 !irc.eu.freenode.net *** Found your hostname
20:22 !irc.eu.freenode.net *** No identd (auth) response
--- Log closed Fri Oct 17 20:27:29 2003
--- Log opened Mon Oct 20 16:45:19 2003
16:45 !irc.eu.freenode.net *** Looking up your hostname...
16:45 !irc.eu.freenode.net *** Checking ident
16:46 !irc.eu.freenode.net *** No identd (auth) response
16:46 !irc.eu.freenode.net *** Couldn't look up your hostname
--- Log closed Mon Oct 20 16:51:18 2003
--- Log opened Tue Oct 21 22:05:44 2003
22:05 !irc.eu.freenode.net *** Looking up your hostname...
22:05 !irc.eu.freenode.net *** Checking ident
22:05 !irc.eu.freenode.net *** Found your hostname
22:06 !irc.eu.freenode.net *** No identd (auth) response
--- Log closed Tue Oct 21 22:12:43 2003
--- Log opened Thu Oct 23 13:07:21 2003
13:07 !irc.eu.freenode.net *** Looking up your hostname...
13:07 !irc.eu.freenode.net *** Checking ident
13:08 !irc.eu.freenode.net *** No identd (auth) response
13:08 !irc.eu.freenode.net *** Couldn't look up your hostname
--- Log closed Thu Oct 23 13:14:20 2003
--- Log opened Thu Oct 23 13:22:49 2003
13:22 !irc.eu.freenode.net *** Looking up your hostname...
13:22 !irc.eu.freenode.net *** Checking ident
13:24 !irc.eu.freenode.net *** No identd (auth) response
13:24 !irc.eu.freenode.net *** Couldn't look up your hostname
--- Log closed Thu Oct 23 13:24:37 2003
--- Log opened Thu Oct 23 17:20:28 2003
17:20 !irc.eu.freenode.net *** Looking up your hostname...
17:20 !irc.eu.freenode.net *** Checking ident
17:20 !irc.eu.freenode.net *** Found your hostname
17:21 !irc.eu.freenode.net *** No identd (auth) response
--- Log closed Thu Oct 23 17:26:16 2003
--- Log opened Thu Oct 23 23:54:30 2003
23:54 !irc.eu.freenode.net *** Looking up your hostname...
23:54 !irc.eu.freenode.net *** Checking ident
23:56 !irc.eu.freenode.net *** No identd (auth) response
23:56 !irc.eu.freenode.net *** Couldn't look up your hostname
--- Log closed Fri Oct 24 00:01:29 2003
--- Log opened Fri Oct 24 22:07:29 2003
22:07 !irc.eu.freenode.net *** Looking up your hostname...
22:07 !irc.eu.freenode.net *** Checking ident
22:08 !irc.eu.freenode.net *** No identd (auth) response
22:08 !irc.eu.freenode.net *** Couldn't look up your hostname
--- Log closed Fri Oct 24 22:14:29 2003
--- Log opened Fri Oct 24 22:43:23 2003
22:43 !irc.eu.freenode.net *** Looking up your hostname...
22:43 !irc.eu.freenode.net *** Checking ident
22:43 !irc.eu.freenode.net *** Found your hostname
22:43 !irc.eu.freenode.net *** No identd (auth) response
--- Log closed Fri Oct 24 22:49:23 2003
--- Log opened Sat Oct 25 14:05:18 2003
14:05 !irc.eu.freenode.net *** Looking up your hostname...
14:05 !irc.eu.freenode.net *** Checking ident
14:05 !irc.eu.freenode.net *** Found your hostname
14:05 !irc.eu.freenode.net *** No identd (auth) response
--- Log closed Sat Oct 25 14:11:12 2003
--- Log opened Sun Oct 26 08:27:17 2003
08:27 !irc.eu.freenode.net *** Looking up your hostname...
08:27 !irc.eu.freenode.net *** Checking ident
08:27 !irc.eu.freenode.net *** Found your hostname
08:27 !irc.eu.freenode.net *** No identd (auth) response
--- Log closed Sun Oct 26 08:33:16 2003
--- Log opened Mon Oct 27 19:16:01 2003
19:16 !irc.eu.freenode.net *** Looking up your hostname...
19:16 !irc.eu.freenode.net *** Checking ident
19:16 !irc.eu.freenode.net *** Found your hostname
19:16 !irc.eu.freenode.net *** No identd (auth) response
--- Log closed Mon Oct 27 19:21:59 2003
--- Log opened Tue Oct 28 18:58:57 2003
18:58 !irc.eu.freenode.net *** Looking up your hostname...
18:58 !irc.eu.freenode.net *** Checking ident
18:58 !irc.eu.freenode.net *** Found your hostname
18:59 !irc.eu.freenode.net *** No identd (auth) response
--- Log closed Tue Oct 28 19:04:50 2003
--- Log opened Wed Oct 29 22:47:36 2003
22:47 !irc.eu.freenode.net *** Looking up your hostname...
22:47 !irc.eu.freenode.net *** Checking ident
22:47 !irc.eu.freenode.net *** Found your hostname
22:49 !irc.eu.freenode.net *** No identd (auth) response
--- Log closed Wed Oct 29 22:54:34 2003
--- Log opened Thu Oct 30 18:32:30 2003
18:32 !irc.eu.freenode.net *** Looking up your hostname...
18:32 !irc.eu.freenode.net *** Found your hostname, welcome back
18:32 !irc.eu.freenode.net *** Checking ident
18:33 !irc.eu.freenode.net *** No identd (auth) response
--- Log closed Thu Oct 30 18:39:19 2003
--- Log opened Fri Oct 31 18:44:16 2003
18:44 !irc.eu.freenode.net *** Looking up your hostname...
18:44 !irc.eu.freenode.net *** Checking ident
18:44 !irc.eu.freenode.net *** Found your hostname
18:45 !irc.eu.freenode.net *** No identd (auth) response
--- Log closed Fri Oct 31 18:51:06 2003
--- Log opened Sat Nov 01 12:45:22 2003
12:45 !irc.eu.freenode.net *** Looking up your hostname...
12:45 !irc.eu.freenode.net *** Checking ident
12:45 !irc.eu.freenode.net *** Found your hostname
12:46 !irc.eu.freenode.net *** No identd (auth) response
--- Log closed Sat Nov 01 12:51:21 2003
--- Log opened Sun Nov 02 12:25:29 2003
12:25 !irc.eu.freenode.net *** Looking up your hostname...
12:25 !irc.eu.freenode.net *** Checking ident
12:25 !irc.eu.freenode.net *** Found your hostname
12:26 !irc.eu.freenode.net *** No identd (auth) response
--- Log closed Sun Nov 02 12:32:20 2003
--- Log opened Mon Nov 03 15:59:21 2003
15:59 !irc.eu.freenode.net *** Looking up your hostname...
15:59 !irc.eu.freenode.net *** Checking ident
15:59 !irc.eu.freenode.net *** Found your hostname
15:59 !irc.eu.freenode.net *** No identd (auth) response
--- Log closed Mon Nov 03 16:05:19 2003
--- Log opened Tue Nov 04 14:45:25 2003
14:45 !irc.eu.freenode.net *** Looking up your hostname...
14:45 !irc.eu.freenode.net *** Checking ident
14:45 !irc.eu.freenode.net *** Found your hostname
14:46 !irc.eu.freenode.net *** No identd (auth) response
--- Log closed Tue Nov 04 14:52:24 2003
--- Log opened Wed Nov 05 17:36:38 2003
17:36 !irc.eu.freenode.net *** Looking up your hostname...
17:36 !irc.eu.freenode.net *** Checking ident
17:36 !irc.eu.freenode.net *** Found your hostname
17:37 !irc.eu.freenode.net *** No identd (auth) response
--- Log closed Wed Nov 05 17:42:37 2003
--- Log opened Thu Nov 06 15:50:25 2003
15:50 !irc.eu.freenode.net *** Looking up your hostname...
15:50 !irc.eu.freenode.net *** Checking ident
15:50 !irc.eu.freenode.net *** Found your hostname
15:51 !irc.eu.freenode.net *** No identd (auth) response
--- Log closed Thu Nov 06 15:57:24 2003
--- Log opened Sat Nov 08 18:45:41 2003
18:45 !irc.eu.freenode.net *** Looking up your hostname...
18:45 !irc.eu.freenode.net *** Checking ident
18:45 !irc.eu.freenode.net *** Found your hostname
18:46 !irc.eu.freenode.net *** No identd (auth) response
18:50 !irc.eu.freenode.net *** Looking up your hostname...
18:50 !irc.eu.freenode.net *** Found your hostname, welcome back
18:50 !irc.eu.freenode.net *** Checking ident
18:51 !irc.eu.freenode.net *** No identd (auth) response
18:55 !irc.eu.freenode.net *** Looking up your hostname...
18:55 !irc.eu.freenode.net *** Checking ident
18:55 !irc.eu.freenode.net *** Found your hostname
18:56 !irc.eu.freenode.net *** No identd (auth) response
19:00 !irc.eu.freenode.net *** Looking up your hostname...
19:00 !irc.eu.freenode.net *** Checking ident
19:00 !irc.eu.freenode.net *** Found your hostname
19:02 !irc.eu.freenode.net *** No identd (auth) response
--- Log closed Sat Nov 08 19:07:38 2003
--- Log opened Sun Nov 09 14:21:04 2003
14:21 !irc.eu.freenode.net *** Looking up your hostname...
14:21 !irc.eu.freenode.net *** Checking ident
14:21 !irc.eu.freenode.net *** Found your hostname
14:21 !irc.eu.freenode.net *** No identd (auth) response
--- Log closed Sun Nov 09 14:27:02 2003
--- Log opened Thu Nov 13 19:13:07 2003
19:13 !irc.eu.freenode.net *** Looking up your hostname...
19:13 !irc.eu.freenode.net *** Checking ident
19:13 !irc.eu.freenode.net *** Found your hostname
19:13 !irc.eu.freenode.net *** No identd (auth) response
--- Log closed Thu Nov 13 19:19:06 2003
--- Log opened Fri Nov 14 23:08:01 2003
23:08 !irc.eu.freenode.net *** Looking up your hostname...
23:08 !irc.eu.freenode.net *** Checking ident
23:08 !irc.eu.freenode.net *** Found your hostname
23:08 !irc.eu.freenode.net *** No identd (auth) response
--- Log closed Fri Nov 14 23:14:00 2003
--- Log opened Sat Nov 15 08:43:26 2003
08:43 !irc.eu.freenode.net *** Looking up your hostname...
08:43 !irc.eu.freenode.net *** Checking ident
08:43 !irc.eu.freenode.net *** Found your hostname
08:44 !irc.eu.freenode.net *** No identd (auth) response
--- Log closed Sat Nov 15 08:50:25 2003
--- Log opened Sat Nov 15 14:05:58 2003
14:05 !irc.eu.freenode.net *** Looking up your hostname...
14:05 !irc.eu.freenode.net *** Checking ident
14:05 !irc.eu.freenode.net *** Found your hostname
14:06 !irc.eu.freenode.net *** No identd (auth) response
--- Log closed Sat Nov 15 14:11:30 2003
--- Log opened Sat Nov 15 14:42:48 2003
14:42 !irc.eu.freenode.net *** Looking up your hostname...
14:42 !irc.eu.freenode.net *** Checking ident
14:42 !irc.eu.freenode.net *** Found your hostname
14:43 !irc.eu.freenode.net *** No identd (auth) response
--- Log closed Sat Nov 15 14:48:47 2003
--- Log opened Sun Nov 16 11:19:59 2003
11:19 !irc.eu.freenode.net *** Looking up your hostname...
11:19 !irc.eu.freenode.net *** Checking ident
11:21 !irc.eu.freenode.net *** No identd (auth) response
11:21 !irc.eu.freenode.net *** Couldn't look up your hostname
--- Log closed Sun Nov 16 11:26:57 2003
--- Log opened Mon Nov 17 18:29:14 2003
18:29 !irc.eu.freenode.net *** Looking up your hostname...
18:29 !irc.eu.freenode.net *** Checking ident
18:29 !irc.eu.freenode.net *** Found your hostname
18:30 !irc.eu.freenode.net *** No identd (auth) response
--- Log closed Mon Nov 17 18:36:13 2003
--- Log opened Tue Nov 18 19:46:24 2003
19:46 !irc.eu.freenode.net *** Looking up your hostname...
19:46 !irc.eu.freenode.net *** Checking ident
19:46 !irc.eu.freenode.net *** Found your hostname
19:47 !irc.eu.freenode.net *** No identd (auth) response
--- Log closed Tue Nov 18 19:53:22 2003
--- Log opened Wed Nov 19 21:03:03 2003
21:03 !irc.eu.freenode.net *** Looking up your hostname...
21:03 !irc.eu.freenode.net *** Checking ident
21:03 !irc.eu.freenode.net *** Found your hostname
21:03 !irc.eu.freenode.net *** No identd (auth) response
--- Log closed Wed Nov 19 21:09:01 2003
--- Log opened Sun Nov 23 17:06:42 2003
17:06 !irc.eu.freenode.net *** Looking up your hostname...
17:06 !irc.eu.freenode.net *** Checking ident
17:06 !irc.eu.freenode.net *** Found your hostname
17:07 !irc.eu.freenode.net *** No identd (auth) response
--- Log closed Sun Nov 23 17:12:39 2003
--- Log opened Sun Nov 23 20:28:56 2003
20:28 !irc.eu.freenode.net *** Looking up your hostname...
20:28 !irc.eu.freenode.net *** Checking ident
20:28 !irc.eu.freenode.net *** Found your hostname
20:29 !irc.eu.freenode.net *** No identd (auth) response
--- Log closed Sun Nov 23 20:34:54 2003
--- Log opened Mon Nov 24 20:21:50 2003
20:21 !irc.eu.freenode.net *** Looking up your hostname...
20:21 !irc.eu.freenode.net *** Checking ident
20:21 !irc.eu.freenode.net *** Found your hostname
20:22 !irc.eu.freenode.net *** No identd (auth) response
--- Log closed Mon Nov 24 20:28:46 2003
--- Log opened Tue Nov 25 21:14:01 2003
21:14 !irc.eu.freenode.net *** Looking up your hostname...
21:14 !irc.eu.freenode.net *** Checking ident
21:14 !irc.eu.freenode.net *** Found your hostname
21:14 !irc.eu.freenode.net *** No identd (auth) response
--- Log closed Tue Nov 25 21:19:59 2003
--- Log opened Wed Nov 26 22:11:25 2003
22:11 !irc.eu.freenode.net *** Looking up your hostname...
22:11 !irc.eu.freenode.net *** Checking ident
22:11 !irc.eu.freenode.net *** Found your hostname
22:11 !irc.eu.freenode.net *** No identd (auth) response
--- Log closed Wed Nov 26 22:17:23 2003
--- Log opened Fri Nov 28 22:48:51 2003
22:48 !irc.eu.freenode.net *** Looking up your hostname...
22:48 !irc.eu.freenode.net *** Checking ident
22:48 !irc.eu.freenode.net *** Found your hostname
22:49 !irc.eu.freenode.net *** No identd (auth) response
--- Log closed Fri Nov 28 22:54:49 2003
--- Log opened Sat Nov 29 14:20:21 2003
14:20 !irc.eu.freenode.net *** Looking up your hostname...
14:20 !irc.eu.freenode.net *** Checking ident
14:20 !irc.eu.freenode.net *** Found your hostname
14:20 !irc.eu.freenode.net *** No identd (auth) response
--- Log closed Sat Nov 29 14:26:20 2003
--- Log opened Sat Nov 29 19:10:59 2003
19:10 !irc.eu.freenode.net *** Looking up your hostname...
19:10 !irc.eu.freenode.net *** Checking ident
19:11 !irc.eu.freenode.net *** Found your hostname
19:11 !irc.eu.freenode.net *** No identd (auth) response
--- Log closed Sat Nov 29 19:16:57 2003
--- Log opened Sun Nov 30 11:59:01 2003
11:59 !irc.eu.freenode.net *** Looking up your hostname...
11:59 !irc.eu.freenode.net *** Checking ident
11:59 !irc.eu.freenode.net *** Found your hostname
11:59 !irc.eu.freenode.net *** No identd (auth) response
--- Log closed Sun Nov 30 12:05:00 2003
--- Log opened Sun Nov 30 19:19:18 2003
19:19 !irc.eu.freenode.net *** Looking up your hostname...
19:19 !irc.eu.freenode.net *** Checking ident
19:19 !irc.eu.freenode.net *** Found your hostname
19:19 !irc.eu.freenode.net *** No identd (auth) response
--- Log closed Sun Nov 30 19:25:17 2003
--- Log opened Mon Dec 01 20:21:58 2003
20:21 !irc.eu.freenode.net *** Looking up your hostname...
20:21 !irc.eu.freenode.net *** Checking ident
20:21 !irc.eu.freenode.net *** Found your hostname
20:22 !irc.eu.freenode.net *** No identd (auth) response
--- Log closed Mon Dec 01 20:27:56 2003
--- Log opened Tue Dec 02 18:50:14 2003
18:50 !irc.eu.freenode.net *** Looking up your hostname...
18:50 !irc.eu.freenode.net *** Checking ident
18:50 !irc.eu.freenode.net *** Found your hostname
18:51 !irc.eu.freenode.net *** No identd (auth) response
--- Log closed Tue Dec 02 18:57:12 2003
--- Log opened Wed Dec 03 23:04:16 2003
23:04 !irc.eu.freenode.net *** Looking up your hostname...
23:04 !irc.eu.freenode.net *** Checking ident
23:04 !irc.eu.freenode.net *** Found your hostname
23:05 !irc.eu.freenode.net *** No identd (auth) response
--- Log closed Wed Dec 03 23:11:15 2003
--- Log opened Thu Dec 04 19:41:30 2003
19:41 !irc.eu.freenode.net *** Looking up your hostname...
19:41 !irc.eu.freenode.net *** Checking ident
19:41 !irc.eu.freenode.net *** Found your hostname
19:43 !irc.eu.freenode.net *** No identd (auth) response
--- Log closed Thu Dec 04 19:48:10 2003
--- Log opened Sat Dec 06 09:08:25 2003
09:08 !irc.eu.freenode.net *** Looking up your hostname...
09:08 !irc.eu.freenode.net *** Checking ident
09:08 !irc.eu.freenode.net *** Found your hostname
09:09 !irc.eu.freenode.net *** No identd (auth) response
--- Log closed Sat Dec 06 09:14:24 2003
