--- Log opened Fri Feb 28 11:01:23 2003
11:01 -ChanServ(ChanServ@services.)- [#python] Welcome to #python, puny fleshlings. See the #python FAQ at http://www.purl.org/wiki/python/PythonFaq - see also http://python.org/ for docs and links. And remember: there is no PSU.
--- Log closed Fri Feb 28 11:06:40 2003
--- Log opened Fri Mar 07 16:37:05 2003
16:37 -ChanServ(ChanServ@services.)- [#python] Welcome to #python, puny fleshlings. See the #python FAQ at http://www.purl.org/wiki/python/PythonFaq - see also http://python.org/ for docs and links. And remember: there is no PSU.
--- Log closed Fri Mar 07 16:43:02 2003
--- Log opened Sat Mar 08 17:33:30 2003
17:33 -ChanServ(ChanServ@services.)- [#python] Welcome to #python, puny fleshlings. See the #python FAQ at http://www.purl.org/wiki/python/PythonFaq - see also http://python.org/ for docs and links. And remember: there is no PSU.
--- Log closed Sat Mar 08 17:38:48 2003
--- Log opened Mon Mar 10 14:01:42 2003
14:01 -ChanServ(ChanServ@services.)- [#python] Welcome to #python, puny fleshlings. See the #python FAQ at http://www.purl.org/wiki/python/PythonFaq - see also http://python.org/ for docs and links. And remember: there is no PSU.
--- Log closed Mon Mar 10 14:07:18 2003
--- Log opened Mon Mar 10 23:18:19 2003
23:18 -ChanServ(ChanServ@services.)- [#python] Welcome to #python, puny fleshlings. See the #python FAQ at http://www.purl.org/wiki/python/PythonFaq - see also http://python.org/ for docs and links. And remember: there is no PSU.
--- Log closed Mon Mar 10 23:23:56 2003
--- Log opened Wed Mar 12 12:28:17 2003
12:28 -ChanServ(ChanServ@services.)- [#python] Welcome to #python, puny fleshlings. See the #python FAQ at http://www.purl.org/wiki/python/PythonFaq - see also http://python.org/ for docs and links. And remember: there is no PSU.
--- Log closed Wed Mar 12 12:33:39 2003
--- Log opened Thu Mar 20 14:53:09 2003
14:53 -ChanServ(ChanServ@services.)- [#python] Welcome to #python, puny fleshlings. See the #python FAQ at http://www.purl.org/wiki/python/PythonFaq - see also http://python.org/ for docs and links. And remember: there is no PSU.
--- Log closed Thu Mar 20 14:58:49 2003
--- Log opened Sat Mar 22 11:39:08 2003
11:39 -ChanServ(ChanServ@services.)- [#debian] Welcome to #Debian.  This is a discussion channel, if you have a question about Debian GNU/Linux, ask and we will try our best to answer it.  Newcomers should read this channel's guidelines by typing in "/msg apt guidelines". Please do not paste in the channel; use #flood instead.  Thank you.
--- Log closed Sat Mar 22 11:44:53 2003
--- Log opened Fri Mar 28 10:38:01 2003
10:38 -ChanServ(ChanServ@services.)- [#python] Welcome to #python, puny fleshlings. See the #python FAQ at http://www.purl.org/wiki/python/PythonFaq - see also http://python.org/ for docs and links. And remember: there is no PSU.
--- Log closed Fri Mar 28 10:43:14 2003
--- Log opened Sun Mar 30 18:40:39 2003
18:40 -ChanServ(ChanServ@services.)- [#python] Welcome to #python, puny fleshlings. See the #python FAQ at http://www.purl.org/wiki/python/PythonFaq - see also http://python.org/ for docs and links. And remember: there is no PSU.
--- Log closed Sun Mar 30 18:46:07 2003
--- Log opened Sun Mar 30 20:22:30 2003
20:22 -ChanServ(ChanServ@services.)- [#python] Welcome to #python, puny fleshlings. See the #python FAQ at http://www.purl.org/wiki/python/PythonFaq - see also http://python.org/ for docs and links. And remember: there is no PSU.
20:23 -ChanServ(ChanServ@services.)- [#python] Welcome to #python, puny fleshlings. See the #python FAQ at http://www.purl.org/wiki/python/PythonFaq - see also http://python.org/ for docs and links. And remember: there is no PSU.
--- Log closed Sun Mar 30 20:29:09 2003
--- Log opened Mon Mar 31 16:49:20 2003
16:49 -ChanServ(ChanServ@services.)- [#python] Welcome to #python, puny fleshlings. See the #python FAQ at http://www.purl.org/wiki/python/PythonFaq - see also http://python.org/ for docs and links. And remember: there is no PSU.
--- Log closed Mon Mar 31 16:55:15 2003
--- Log opened Tue Apr 01 11:59:48 2003
11:59 -ChanServ(ChanServ@services.)- [#python] Welcome to #python, puny fleshlings. See the #python FAQ at http://www.purl.org/wiki/python/PythonFaq - see also http://python.org/ for docs and links. And remember: there is no PSU.
--- Log closed Tue Apr 01 12:05:13 2003
--- Log opened Fri Apr 11 16:50:12 2003
16:50 -ChanServ(ChanServ@services.)- [#python] Welcome to #python, puny fleshlings. See the #python FAQ at http://www.purl.org/wiki/python/PythonFaq - see also http://python.org/ for docs and links. And remember: there is no PSU.
--- Log closed Fri Apr 11 16:56:03 2003
--- Log opened Fri Apr 11 19:37:29 2003
19:37 -ChanServ(ChanServ@services.)- [#python] Welcome to #python, puny fleshlings. See the #python FAQ at http://www.purl.org/wiki/python/PythonFaq - see also http://python.org/ for docs and links. And remember: there is no PSU.
--- Log closed Fri Apr 11 19:43:06 2003
--- Log opened Sat Apr 12 20:55:52 2003
20:55 -ChanServ(ChanServ@services.)- [#python] Welcome to #python, puny fleshlings. See the #python FAQ at http://www.purl.org/wiki/python/PythonFaq - see also http://python.org/ for docs and links. And remember: there is no PSU.
--- Log closed Sat Apr 12 21:01:25 2003
--- Log opened Sat Apr 12 21:23:40 2003
21:23 -ChanServ(ChanServ@services.)- [#debian] Welcome to #Debian.  This is a discussion channel, if you have a question about Debian GNU/Linux, ask and we will try our best to answer it.  Newcomers should read this channel's guidelines by typing in "/msg apt guidelines". Please do not paste in the channel; use #flood instead.  Thank you.
--- Log closed Sat Apr 12 21:29:26 2003
--- Log opened Sun Apr 13 16:30:52 2003
16:30 -ChanServ(ChanServ@services.)- [#python] Welcome to #python, puny fleshlings. See the #python FAQ at http://www.purl.org/wiki/python/PythonFaq - see also http://python.org/ for docs and links. And remember: there is no PSU.
--- Log closed Sun Apr 13 16:36:37 2003
--- Log opened Thu Apr 17 13:58:14 2003
13:58 -ChanServ(ChanServ@services.)- [#python] Welcome to #python, puny fleshlings. See the #python FAQ at http://www.purl.org/wiki/python/PythonFaq - see also http://python.org/ for docs and links. And remember: there is no PSU.
--- Log closed Thu Apr 17 14:04:05 2003
--- Log opened Fri Apr 18 14:31:09 2003
14:31 -ChanServ(ChanServ@services.)- [#knoppix] Welcome to #knoppix. This channel is about the Linux Live CD Distribution called Knoppix. Homepage : http://www.knopper.net/knoppix/index-en.html : Un-offical FAQ and Forums : http://www.knoppix.net/ : If you are having trouble, please read the FAQ first. Thanks.
--- Log closed Fri Apr 18 14:37:07 2003
--- Log opened Tue Apr 22 13:06:29 2003
13:06 -ChanServ(ChanServ@services.)- [#python] Welcome to #python, puny fleshlings. See the #python FAQ at http://www.purl.org/wiki/python/PythonFaq - see also http://python.org/ for docs and links. And remember: there is no PSU.
--- Log closed Tue Apr 22 13:11:44 2003
--- Log opened Thu Apr 24 23:28:49 2003
23:28 -ChanServ(ChanServ@services.)- [#python] Welcome to #python, puny fleshlings. See the #python FAQ at http://www.purl.org/wiki/python/PythonFaq - see also http://python.org/ for docs and links. And remember: there is no PSU.
--- Log closed Thu Apr 24 23:34:13 2003
--- Log opened Fri Apr 25 09:45:06 2003
09:45 -ChanServ(ChanServ@services.)- [#python] Welcome to #python, puny fleshlings. See the #python FAQ at http://www.purl.org/wiki/python/PythonFaq - see also http://python.org/ for docs and links. And remember: there is no PSU.
--- Log closed Fri Apr 25 09:50:21 2003
--- Log opened Fri Apr 25 13:58:50 2003
13:58 -ChanServ(ChanServ@services.)- You do not have channel operator access to [#Mozilla]
--- Log closed Fri Apr 25 14:04:26 2003
--- Log opened Fri Apr 25 14:16:13 2003
14:16 -ChanServ(ChanServ@services.)- [#python] Welcome to #python, puny fleshlings. See the #python FAQ at http://www.purl.org/wiki/python/PythonFaq - see also http://python.org/ for docs and links. And remember: there is no PSU.
--- Log closed Fri Apr 25 14:21:26 2003
--- Log opened Sat Apr 26 00:04:25 2003
00:04 -ChanServ(ChanServ@services.)- [#debian] Welcome to #Debian.  This is a discussion channel, if you have a question about Debian GNU/Linux, ask and we will try our best to answer it.  Newcomers should read this channel's guidelines by typing in "/msg apt guidelines". Please do not paste in the channel; use #flood instead.  Thank you.
--- Log closed Sat Apr 26 00:09:45 2003
--- Log opened Sat Apr 26 01:06:31 2003
01:06 -ChanServ(ChanServ@services.)- [#python] Welcome to #python, puny fleshlings. See the #python FAQ at http://www.purl.org/wiki/python/PythonFaq - see also http://python.org/ for docs and links. And remember: there is no PSU.
--- Log closed Sat Apr 26 01:11:46 2003
--- Log opened Sun Apr 27 14:09:24 2003
14:09 -ChanServ(ChanServ@services.)- [#python] Welcome to #python, puny fleshlings. See the #python FAQ at http://www.purl.org/wiki/python/PythonFaq - see also http://python.org/ for docs and links. And remember: there is no PSU.
--- Log closed Sun Apr 27 14:15:00 2003
--- Log opened Sun Apr 27 22:09:18 2003
22:09 -ChanServ(ChanServ@services.)- [#vim] vim discussion .. www.vim.org, vim.sf.net, :help
--- Log closed Sun Apr 27 22:15:07 2003
--- Log opened Tue Apr 29 14:18:45 2003
14:18 -ChanServ(ChanServ@services.)- [#debian] Welcome to #Debian.  This is a discussion channel, if you have a question about Debian GNU/Linux, ask and we will try our best to answer it.  Newcomers should read this channel's guidelines by typing in "/msg apt guidelines". Please do not paste in the channel; use #flood instead.  Thank you.
--- Log closed Tue Apr 29 14:24:24 2003
--- Log opened Wed May 07 11:45:04 2003
11:45 -ChanServ(ChanServ@services.)- [#debian] Welcome to #Debian.  This is a discussion channel, if you have a question about Debian GNU/Linux, ask and we will try our best to answer it.  Newcomers should read this channel's guidelines by typing in "/msg apt guidelines". Please do not paste in the channel; use #flood instead.  Thank you.
--- Log closed Wed May 07 11:50:49 2003
--- Log opened Wed May 07 16:26:12 2003
16:26 -ChanServ(ChanServ@services.)- [#python] Welcome to #python, puny fleshlings. See the #python FAQ at http://www.purl.org/wiki/python/PythonFaq - see also http://python.org/ for docs and links. And remember: there is no PSU.
--- Log closed Wed May 07 16:32:11 2003
--- Log opened Wed May 07 20:47:19 2003
20:47 -ChanServ(ChanServ@services.)- [#python] Welcome to #python, puny fleshlings. See the #python FAQ at http://www.purl.org/wiki/python/PythonFaq - see also http://python.org/ for docs and links. And remember: there is no PSU.
--- Log closed Wed May 07 20:53:15 2003
--- Log opened Wed May 07 22:19:12 2003
22:19 -ChanServ(ChanServ@services.)- [#python] Welcome to #python, puny fleshlings. See the #python FAQ at http://www.purl.org/wiki/python/PythonFaq - see also http://python.org/ for docs and links. And remember: there is no PSU.
--- Log closed Wed May 07 22:24:17 2003
--- Log opened Fri May 09 16:05:56 2003
16:05 -ChanServ(ChanServ@services.)- [#python] Welcome to #python, puny fleshlings. See the #python FAQ at http://www.purl.org/wiki/python/PythonFaq - see also http://python.org/ for docs and links. And remember: there is no PSU.
--- Log closed Fri May 09 16:11:09 2003
--- Log opened Tue May 13 21:56:13 2003
21:56 -ChanServ(ChanServ@services.)- [#debian] Welcome to #Debian.  This is a discussion channel, if you have a question about Debian GNU/Linux, ask and we will try our best to answer it.  Newcomers should read this channel's guidelines by typing in "/msg apt guidelines". Please do not paste in the channel; use #flood instead.  Thank you.
--- Log closed Tue May 13 22:02:04 2003
--- Log opened Mon May 19 22:40:09 2003
22:40 -ChanServ(ChanServ@services.)- [#debian] Welcome to #Debian.  This is a discussion channel, if you have a question about Debian GNU/Linux, ask and we will try our best to answer it.  Newcomers should read this channel's guidelines by typing in "/msg apt guidelines". Please do not paste in the channel; use #flood instead.  Thank you.
--- Log closed Mon May 19 22:45:55 2003
--- Log opened Tue May 20 14:06:18 2003
14:06 -ChanServ(ChanServ@services.)- [#python] Welcome to #python, puny fleshlings. See the #python FAQ at http://www.purl.org/wiki/python/PythonFaq - see also http://python.org/ for docs and links. And remember: there is no PSU.
--- Log closed Tue May 20 14:11:19 2003
--- Log opened Wed May 21 15:59:49 2003
15:59 -ChanServ(ChanServ@services.)- [#mutt] Welcome to #mutt. This is the official channel for mutt the mail client. Hang around and enjoy.
--- Log closed Wed May 21 16:05:28 2003
--- Log opened Wed May 21 17:37:54 2003
17:37 -ChanServ(ChanServ@services.)- [#python] Welcome to #python, puny fleshlings. See the #python FAQ at http://www.purl.org/wiki/python/PythonFaq - see also http://python.org/ for docs and links. And remember: there is no PSU.
--- Log closed Wed May 21 17:43:30 2003
--- Log opened Sat May 24 13:27:35 2003
13:27 -ChanServ(ChanServ@services.)- [#python] Welcome to #python, puny fleshlings. See the #python FAQ at http://www.purl.org/wiki/python/PythonFaq - see also http://python.org/ for docs and links. And remember: there is no PSU.
--- Log closed Sat May 24 13:32:48 2003
--- Log opened Tue May 27 12:06:16 2003
12:06 -ChanServ(ChanServ@services.)- [#python] Welcome to #python, puny fleshlings. See the #python FAQ at http://www.purl.org/wiki/python/PythonFaq - see also http://python.org/ for docs and links. And remember: there is no PSU.
--- Log closed Tue May 27 12:11:25 2003
--- Log opened Tue May 27 17:53:32 2003
17:53 -ChanServ(ChanServ@services.)- [#mutt] Welcome to #mutt. This is the official channel for mutt the mail client. Hang around and enjoy.
--- Log closed Tue May 27 17:59:31 2003
--- Log opened Mon Jun 16 12:25:58 2003
12:25 -ChanServ(ChanServ@services.)- [#python] Welcome to #python, puny fleshlings. See the #python FAQ at http://www.purl.org/wiki/python/PythonFaq - see also http://python.org/ for docs and links. And remember: there is no PSU.
--- Log closed Mon Jun 16 12:31:07 2003
--- Log opened Mon Jun 16 22:30:58 2003
22:30 -ChanServ(ChanServ@services.)- [#vim] vim discussion .. www.vim.org, vim.sf.net, :help
--- Log closed Mon Jun 16 22:36:17 2003
--- Log opened Tue Jun 17 12:57:57 2003
12:57 -ChanServ(ChanServ@services.)- [#python] Welcome to #python, puny fleshlings. See the #python FAQ at http://www.purl.org/wiki/python/PythonFaq - see also http://python.org/ for docs and links. And remember: there is no PSU.
--- Log closed Tue Jun 17 13:03:21 2003
--- Log opened Fri Jun 27 17:25:00 2003
17:25 -ChanServ(ChanServ@services.)- [#python] Welcome to #python, puny fleshlings. See the #python FAQ at http://www.purl.org/wiki/python/PythonFaq - see also http://python.org/ for docs and links. And remember: there is no PSU.
--- Log closed Fri Jun 27 17:30:47 2003
--- Log opened Sun Jun 29 20:06:19 2003
20:06 -ChanServ(ChanServ@services.)- [#python] Welcome to #python, puny fleshlings. See the #python FAQ at http://www.purl.org/wiki/python/PythonFaq - see also http://python.org/ for docs and links. And remember: there is no PSU.
--- Log closed Sun Jun 29 20:12:10 2003
--- Log opened Sun Jun 29 20:31:16 2003
20:31 -ChanServ(ChanServ@services.)- [#debian-mentors] Welcome to #debian-mentors, a channel for helping new maintainers go their way. Please read http://www.debian.org/devel first.
--- Log closed Sun Jun 29 20:37:10 2003
--- Log opened Tue Jul 08 16:11:15 2003
16:11 -ChanServ(ChanServ@services.)- [#python] Welcome to #python, puny fleshlings. See the #python FAQ at http://www.purl.org/wiki/python/PythonFaq - see also http://python.org/ for docs and links. And remember: there is no PSU.
--- Log closed Tue Jul 08 16:16:41 2003
--- Log opened Wed Aug 13 14:16:00 2003
14:16 -ChanServ(ChanServ@services.)- [#rdfig] This channel is logged and blogged: http://logicerror.com/rdfIRCWelcome
--- Log closed Wed Aug 13 14:21:15 2003
--- Log opened Wed Aug 13 18:27:28 2003
18:27 -ChanServ(ChanServ@services.)- [#rdfig] This channel is logged and blogged: http://logicerror.com/rdfIRCWelcome
--- Log closed Wed Aug 13 18:33:20 2003
--- Log opened Fri Aug 15 13:05:11 2003
13:05 -ChanServ(ChanServ@services.)- [#rdfig] This channel is logged and blogged: http://logicerror.com/rdfIRCWelcome
--- Log closed Fri Aug 15 13:10:41 2003
--- Log opened Sat Aug 16 23:19:53 2003
23:19 -ChanServ(ChanServ@services.)- [#rdfig] This channel is logged and blogged: http://logicerror.com/rdfIRCWelcome
--- Log closed Sat Aug 16 23:25:18 2003
--- Log opened Sun Aug 17 12:15:20 2003
12:15 -ChanServ(ChanServ@services.)- [#rdfig] This channel is logged and blogged: http://logicerror.com/rdfIRCWelcome
--- Log closed Sun Aug 17 12:20:47 2003
--- Log opened Sun Aug 17 16:15:59 2003
16:15 -ChanServ(ChanServ@services.)- [#rdfig] This channel is logged and blogged: http://logicerror.com/rdfIRCWelcome
--- Log closed Sun Aug 17 16:21:51 2003
--- Log opened Sun Aug 17 16:40:40 2003
16:40 -ChanServ(ChanServ@services.)- [#rdfig] This channel is logged and blogged: http://logicerror.com/rdfIRCWelcome
--- Log closed Sun Aug 17 16:45:51 2003
--- Log opened Sun Aug 17 16:50:29 2003
16:50 -ChanServ(ChanServ@services.)- [#rdfig] This channel is logged and blogged: http://logicerror.com/rdfIRCWelcome
--- Log closed Sun Aug 17 16:55:51 2003
--- Log opened Sun Aug 17 21:24:36 2003
21:24 -ChanServ(ChanServ@services.)- [#rdfig] This channel is logged and blogged: http://logicerror.com/rdfIRCWelcome
--- Log closed Sun Aug 17 21:30:04 2003
--- Log opened Mon Aug 18 19:51:13 2003
19:51 -ChanServ(ChanServ@services.)- [#rdfig] This channel is logged and blogged: http://logicerror.com/rdfIRCWelcome
--- Log closed Mon Aug 18 19:56:38 2003
--- Log opened Wed Aug 20 08:26:06 2003
08:26 -ChanServ(ChanServ@services.)- [#rdfig] This channel is logged and blogged: http://logicerror.com/rdfIRCWelcome
--- Log closed Wed Aug 20 08:31:34 2003
--- Log opened Sun Sep 14 13:52:47 2003
13:52 -ChanServ(ChanServ@services.)- [#rdfig] This channel is logged and blogged: http://logicerror.com/rdfIRCWelcome
--- Log closed Sun Sep 14 13:58:39 2003
--- Log opened Sun Sep 14 16:55:27 2003
16:55 -ChanServ(ChanServ@services.)- [#rdfig] This channel is logged and blogged: http://logicerror.com/rdfIRCWelcome
--- Log closed Sun Sep 14 17:01:26 2003
--- Log opened Sun Sep 14 17:46:14 2003
17:46 -ChanServ(ChanServ@services.)- [#rdfig] This channel is logged and blogged: http://logicerror.com/rdfIRCWelcome
--- Log closed Sun Sep 14 17:52:09 2003
--- Log opened Mon Sep 15 09:16:19 2003
09:16 -ChanServ(ChanServ@services.)- [#rdfig] This channel is logged and blogged: http://logicerror.com/rdfIRCWelcome
--- Log closed Mon Sep 15 09:22:16 2003
--- Log opened Sun Sep 21 17:50:11 2003
17:50 -ChanServ(ChanServ@services.)- [#debian] Welcome to #Debian.  This is a discussion channel, if you have a question about Debian GNU/Linux, ask and we will try our best to answer it.  Newcomers should read this channel's guidelines by typing in "/msg apt guidelines". Please do not paste in the channel; use #flood instead.  Thank you.
--- Log closed Sun Sep 21 17:55:48 2003
--- Log opened Sun Sep 21 18:13:32 2003
18:13 -ChanServ(ChanServ@services.)- [#debian] Welcome to #Debian.  This is a discussion channel, if you have a question about Debian GNU/Linux, ask and we will try our best to answer it.  Newcomers should read this channel's guidelines by typing in "/msg apt guidelines". Please do not paste in the channel; use #flood instead.  Thank you.
--- Log closed Sun Sep 21 18:18:49 2003
--- Log opened Sat Oct 25 14:45:44 2003
14:45 -ChanServ(ChanServ@services.)- [#vim] vim discussion .. www.vim.org, vim.sf.net, :help
--- Log closed Sat Oct 25 14:51:13 2003
--- Log opened Sun Oct 26 12:30:14 2003
12:30 -ChanServ(ChanServ@services.)- [#python] Welcome to #python, puny fleshlings. See the #python FAQ at http://www.purl.org/wiki/python/PythonFaq - see also http://python.org/ for docs and links. And remember: there is no PSU.
--- Log closed Sun Oct 26 12:35:20 2003
--- Log opened Sat Nov 01 15:33:34 2003
15:33 -ChanServ(ChanServ@services.)- [#debian] Welcome to #Debian. This is a discussion channel; if you have a question about Debian GNU/Linux, ask and we will try our best to answer it. Newcomers should read the channel's guidelines by typing "/msg dpkg guidelines". Please do not paste in the channel; use #flood instead. Thank you.
--- Log closed Sat Nov 01 15:39:24 2003
--- Log opened Thu Nov 06 21:02:47 2003
21:02 -ChanServ(ChanServ@services.)- [#vim] vim discussion .. www.vim.org, vim.sf.net, :help
--- Log closed Thu Nov 06 21:08:29 2003
--- Log opened Thu Nov 06 22:52:52 2003
22:52 -ChanServ(ChanServ@services.)- [#vim] vim discussion .. www.vim.org, vim.sf.net, :help
--- Log closed Thu Nov 06 22:56:07 2003
--- Log opened Sun Nov 16 12:42:15 2003
12:42 -ChanServ(ChanServ@services.)- [#python] Welcome to #python, puny fleshlings. See the #python FAQ at http://www.purl.org/wiki/python/PythonFaq - see also http://python.org/ for docs and links. And remember: there is no PSU.
--- Log closed Sun Nov 16 12:47:59 2003
--- Log opened Sun Nov 30 13:40:34 2003
13:40 -ChanServ(ChanServ@services.)- [#vim] vim discussion .. www.vim.org, vim.sf.net, :help
--- Log closed Sun Nov 30 13:46:01 2003
