--- Log opened Sat Jun 21 15:04:26 2003
15:04 -!- Irssi: Starting query in Freenode with hdavid
15:04 <hendry> show me your sources.list ?
15:04 <hendry> ok
15:04 <hendry> apt-get install irssi-text
15:05 <hdavid> do you get it ?
15:05 <hendry> get what?
15:05 <hdavid> ok it's working
15:05 <hendry> ok
15:05 <hdavid> irc basics
15:05 <hendry> but first you should apt-get -u dist-upgrade :)
15:05 <hendry> but nevermind
15:06 <hdavid> i'll do 
15:06 <hdavid> is it text only ?
15:07 <hendry> Yeah
15:07 <hendry> try xirssi
15:07 <hendry> if you want a gui
15:07 <hendry> apt-cache search irssi
15:07 <hdavid> knoppix was released on the 6th of june... not too much upgarde to do i think
15:09 <hdavid> i love that 4mibt connection so fast when apt-getting :)
15:11 <hdavid> doing the updgrading now... 200mB.... should be done in 20min
15:11 <hendry> 200mb is quite a lot :)
15:12 <hdavid> 18min DL :D
15:12 <hendry> cool cool
15:12 <hendry> I do dselect update, apt-get -u dist-upgrade everyday :)
15:12 <hdavid> that's why you think mine is big
15:13 <hdavid> my transfer rate is 180kbtye / sec
15:13 <hendry> whooa
15:13 <hendry> after that
15:13 <hdavid> yes
15:13 <hendry> you need to carefully use dselect
15:13 <hendry> and remove obsolute packages
15:13 <hdavid> why ?
15:13 <hendry> it is much better to have a fat free distro :)
15:14 <hdavid> and how do i know which one are to remove
15:15 <hdavid> tring irssi
15:15 -!- hdavid [~hdavid@cable-212.76.235.7.coditel.net] has quit ["Leaving"]
15:16 <hdavid> irssi not configd !!
15:20 <hendry> Yeah of course :)
15:21 <hdavid> howto ?
15:21 <hendry> irssi.org
15:21 <hendry> I am trying to configure logging atm
15:26 <hendry> oh it is configured
15:26 <hdavid> really ?
15:31 <hdavid> 192MB DLed in 19min.... running install now
--- Log closed Sat Jun 21 15:37:08 2003
--- Log opened Sat Jun 21 15:41:50 2003
15:41 -!- hdavid [~hdavid@cable-212.76.235.7.coditel.net] has quit [Remote closed the connection]
--- Log closed Sat Jun 21 15:47:08 2003
--- Log opened Sat Jun 21 16:29:36 2003
16:29 -!- Irssi: Starting query in Freenode with hdavid
16:29 <hendry> allo?
--- Log closed Sat Jun 21 16:35:12 2003
