--- Log opened Fri Feb 28 00:50:03 2003
00:50 !adams.freenode.net *** Your host is adams.freenode.net[adams.freenode.net/6667], running version dancer-ircd-1.0.31+maint8-fn6
--- Log closed Fri Feb 28 00:55:31 2003
--- Log opened Fri Feb 28 10:35:15 2003
10:35 !gibson.freenode.net *** Your host is devnull.cent.uji.es[devnull.cent.uji.es/6667], running version dancer-ircd-1.0.31+maint8-fn6
--- Log closed Fri Feb 28 10:40:40 2003
--- Log opened Sun Mar 02 00:39:48 2003
00:39 !saberhagen.freenode.net *** Your host is server3.probe-networks.de[server3.probe-networks.de/6667], running version dancer-ircd-1.0.31+maint8-fn6
--- Log closed Sun Mar 02 00:44:59 2003
--- Log opened Sun Mar 02 09:47:06 2003
09:47 !adams.freenode.net *** Your host is adams.freenode.net[adams.freenode.net/6667], running version dancer-ircd-1.0.31+maint8-fn6
--- Log closed Sun Mar 02 09:52:35 2003
--- Log opened Sun Mar 02 20:07:35 2003
20:07 !capek.freenode.net *** Your host is netsplit.atnet.at[netsplit.atnet.at/6667], running version dancer-ircd-1.0.31+maint8-fn6
--- Log closed Sun Mar 02 20:13:05 2003
--- Log opened Mon Mar 03 19:33:35 2003
19:33 !saberhagen.freenode.net *** Your host is server3.probe-networks.de[server3.probe-networks.de/6667], running version dancer-ircd-1.0.31+maint8-fn6
--- Log closed Mon Mar 03 19:39:02 2003
--- Log opened Tue Mar 04 20:08:06 2003
20:08 !capek.freenode.net *** Your host is netsplit.atnet.at[netsplit.atnet.at/6667], running version dancer-ircd-1.0.31+maint8-fn6
--- Log closed Tue Mar 04 20:13:21 2003
--- Log opened Wed Mar 05 15:57:24 2003
15:57 !capek.freenode.net *** Your host is netsplit.atnet.at[netsplit.atnet.at/6667], running version dancer-ircd-1.0.31+maint8-fn6
--- Log closed Wed Mar 05 16:02:53 2003
--- Log opened Wed Mar 05 23:20:04 2003
23:20 !capek.freenode.net *** Your host is netsplit.atnet.at[netsplit.atnet.at/6667], running version dancer-ircd-1.0.31+maint8-fn6
--- Log closed Wed Mar 05 23:25:33 2003
--- Log opened Fri Mar 07 16:27:34 2003
16:27 !calvino.freenode.net *** Your host is calvino.freenode.net[calvino.freenode.net/6667], running version dancer-ircd-1.0.31+maint8-fn6
--- Log closed Fri Mar 07 16:33:02 2003
--- Log opened Fri Mar 07 23:26:15 2003
23:26 !sterling.freenode.net *** Your host is freebsd.widexs.nl[freebsd.widexs.nl/6667], running version dancer-ircd-1.0.31+maint8-fn6
--- Log closed Fri Mar 07 23:31:26 2003
--- Log opened Sat Mar 08 17:02:24 2003
17:02 !sterling.freenode.net *** Your host is freebsd.widexs.nl[freebsd.widexs.nl/6667], running version dancer-ircd-1.0.31+maint8-fn6
--- Log closed Sat Mar 08 17:07:48 2003
--- Log opened Sun Mar 09 20:34:45 2003
20:34 !sterling.freenode.net *** Your host is freebsd.widexs.nl[freebsd.widexs.nl/6667], running version dancer-ircd-1.0.31+maint8-fn6
--- Log closed Sun Mar 09 20:40:10 2003
--- Log opened Mon Mar 10 12:00:16 2003
12:00 !gibson.freenode.net *** Your host is devnull.cent.uji.es[devnull.cent.uji.es/6667], running version dancer-ircd-1.0.31+maint8-fn6
--- Log closed Mon Mar 10 12:05:16 2003
--- Log opened Mon Mar 10 20:34:25 2003
20:34 !sterling.freenode.net *** Your host is freebsd.widexs.nl[freebsd.widexs.nl/6667], running version dancer-ircd-1.0.31+maint8-fn6
--- Log closed Mon Mar 10 20:39:53 2003
--- Log opened Tue Mar 11 22:18:46 2003
22:18 !gibson.freenode.net *** Your host is devnull.cent.uji.es[devnull.cent.uji.es/6667], running version dancer-ircd-1.0.31+maint8-fn6
--- Log closed Tue Mar 11 22:23:46 2003
--- Log opened Wed Mar 12 12:18:12 2003
12:18 !calvino.freenode.net *** Your host is calvino.freenode.net[calvino.freenode.net/6667], running version dancer-ircd-1.0.31+maint8-fn6
--- Log closed Wed Mar 12 12:23:38 2003
--- Log opened Wed Mar 12 21:24:54 2003
21:24 !saberhagen.freenode.net *** Your host is server3.probe-networks.de[server3.probe-networks.de/6667], running version dancer-ircd-1.0.31+maint8-fn6
--- Log closed Wed Mar 12 21:30:16 2003
--- Log opened Thu Mar 13 11:39:54 2003
11:39 !adams.freenode.net *** Your host is adams.freenode.net[adams.freenode.net/6667], running version dancer-ircd-1.0.31+maint8-fn6
--- Log closed Thu Mar 13 11:45:41 2003
--- Log opened Thu Mar 13 15:02:36 2003
15:02 !calvino.freenode.net *** Your host is calvino.freenode.net[calvino.freenode.net/6667], running version dancer-ircd-1.0.31+maint8-fn6
--- Log closed Thu Mar 13 15:08:01 2003
--- Log opened Mon Mar 17 09:29:28 2003
09:29 !leguin.freenode.net *** Your host is leguin.acc.umu.se[leguin.acc.umu.se/6667], running version dancer-ircd-1.0.31+maint8-fn6
--- Log closed Mon Mar 17 09:34:57 2003
--- Log opened Tue Mar 18 11:42:12 2003
11:42 !calvino.freenode.net *** Your host is calvino.freenode.net[calvino.freenode.net/6667], running version dancer-ircd-1.0.31+maint8-fn6
--- Log closed Tue Mar 18 11:47:40 2003
--- Log opened Tue Mar 18 17:48:20 2003
17:48 !leguin.freenode.net *** Your host is leguin.acc.umu.se[leguin.acc.umu.se/6667], running version dancer-ircd-1.0.31+maint8-fn6
--- Log closed Tue Mar 18 17:53:39 2003
--- Log opened Wed Mar 19 01:01:18 2003
01:01 !adams.freenode.net *** Your host is adams.freenode.net[adams.freenode.net/6667], running version dancer-ircd-1.0.31+maint8-fn6
--- Log closed Wed Mar 19 01:06:47 2003
--- Log opened Wed Mar 19 09:28:34 2003
09:28 !herbert.freenode.net *** Your host is lajnux.nu[lajnux.nu/6667], running version dancer-ircd-1.0.31+maint8-fn6
--- Log closed Wed Mar 19 09:33:50 2003
--- Log opened Thu Mar 20 14:52:05 2003
14:52 !saberhagen.freenode.net *** Your host is server3.probe-networks.de[server3.probe-networks.de/6667], running version dancer-ircd-1.0.31+maint8-fn6
--- Log closed Thu Mar 20 14:57:49 2003
--- Log opened Fri Mar 21 20:33:03 2003
20:33 !herbert.freenode.net *** Your host is lajnux.nu[lajnux.nu/6667], running version dancer-ircd-1.0.31+maint8-fn6
--- Log closed Fri Mar 21 20:38:13 2003
--- Log opened Sat Mar 22 09:32:23 2003
09:32 !sterling.freenode.net *** Your host is freebsd.widexs.nl[freebsd.widexs.nl/6667], running version dancer-ircd-1.0.31+maint8-fn6
--- Log closed Sat Mar 22 09:37:51 2003
--- Log opened Sat Mar 22 22:47:55 2003
22:47 !sterling.freenode.net *** Your host is freebsd.widexs.nl[freebsd.widexs.nl/6667], running version dancer-ircd-1.0.31+maint8-fn6
--- Log closed Sat Mar 22 22:53:24 2003
--- Log opened Sun Mar 23 23:50:37 2003
23:50 !leguin.freenode.net *** Your host is leguin.acc.umu.se[leguin.acc.umu.se/6667], running version dancer-ircd-1.0.31+maint8-fn6
--- Log closed Sun Mar 23 23:56:05 2003
--- Log opened Mon Mar 24 10:52:37 2003
10:52 !calvino.freenode.net *** Your host is calvino.freenode.net[calvino.freenode.net/6667], running version dancer-ircd-1.0.31+maint8-fn6
--- Log closed Mon Mar 24 10:57:59 2003
--- Log opened Tue Mar 25 15:20:24 2003
15:20 !adams.freenode.net *** Your host is adams.freenode.net[adams.freenode.net/6667], running version dancer-ircd-1.0.31+maint8-fn6
--- Log closed Tue Mar 25 15:25:44 2003
--- Log opened Wed Mar 26 11:32:41 2003
11:32 !capek.freenode.net *** Your host is netsplit.atnet.at[netsplit.atnet.at/6667], running version dancer-ircd-1.0.31+maint8-fn6
--- Log closed Wed Mar 26 11:38:12 2003
--- Log opened Wed Mar 26 22:29:37 2003
22:29 !calvino.freenode.net *** Your host is calvino.freenode.net[calvino.freenode.net/6667], running version dancer-ircd-1.0.31+maint8-fn6
--- Log closed Wed Mar 26 22:35:05 2003
--- Log opened Thu Mar 27 18:11:38 2003
18:11 !saberhagen.freenode.net *** Your host is server3.probe-networks.de[server3.probe-networks.de/6667], running version dancer-ircd-1.0.31+maint8-fn6
--- Log closed Thu Mar 27 18:17:29 2003
--- Log opened Fri Mar 28 10:37:46 2003
10:37 !brunner.freenode.net *** Your host is brunner.freenode.net[brunner.freenode.net/6667], running version dancer-ircd-1.0.31+maint8-fn6
--- Log closed Fri Mar 28 10:43:14 2003
--- Log opened Sat Mar 29 17:33:55 2003
17:33 !leguin.freenode.net *** Your host is leguin.acc.umu.se[leguin.acc.umu.se/6667], running version dancer-ircd-1.0.31+maint8-fn6
--- Log closed Sat Mar 29 17:39:23 2003
--- Log opened Sun Mar 30 14:36:52 2003
14:36 !brunner.freenode.net *** Your host is brunner.freenode.net[brunner.freenode.net/6667], running version dancer-ircd-1.0.31+maint8-fn6
--- Log closed Sun Mar 30 14:42:19 2003
--- Log opened Sun Mar 30 15:43:41 2003
15:43 !brunner.freenode.net *** Your host is brunner.freenode.net[brunner.freenode.net/6667], running version dancer-ircd-1.0.31+maint8-fn6
--- Log closed Sun Mar 30 15:49:05 2003
--- Log opened Mon Mar 31 00:28:32 2003
00:28 !brunner.freenode.net *** Your host is brunner.freenode.net[brunner.freenode.net/6667], running version dancer-ircd-1.0.31+maint8-fn6
--- Log closed Mon Mar 31 00:34:01 2003
--- Log opened Mon Mar 31 16:46:48 2003
16:46 !sterling.freenode.net *** Your host is freebsd.widexs.nl[freebsd.widexs.nl/6667], running version dancer-ircd-1.0.31+maint8-fn6
--- Log closed Mon Mar 31 16:52:15 2003
--- Log opened Mon Mar 31 22:19:21 2003
22:19 !herbert.freenode.net *** Your host is lajnux.nu[lajnux.nu/6667], running version dancer-ircd-1.0.31+maint8-fn6
--- Log closed Mon Mar 31 22:24:26 2003
--- Log opened Tue Apr 01 00:16:55 2003
00:16 !leguin.freenode.net *** Your host is leguin.acc.umu.se[leguin.acc.umu.se/6667], running version dancer-ircd-1.0.31+maint8-fn6
--- Log closed Tue Apr 01 00:22:21 2003
--- Log opened Tue Apr 01 09:27:06 2003
09:27 !calvino.freenode.net *** Your host is calvino.freenode.net[calvino.freenode.net/6667], running version dancer-ircd-1.0.31+maint8-fn6
--- Log closed Tue Apr 01 09:32:33 2003
--- Log opened Tue Apr 01 11:58:45 2003
11:58 !brunner.freenode.net *** Your host is brunner.freenode.net[brunner.freenode.net/6667], running version dancer-ircd-1.0.31+maint8-fn6
--- Log closed Tue Apr 01 12:04:13 2003
--- Log opened Thu Apr 03 13:08:22 2003
13:08 !calvino.freenode.net *** Your host is calvino.freenode.net[calvino.freenode.net/6667], running version dancer-ircd-1.0.31+maint8-fn6
--- Log closed Thu Apr 03 13:13:47 2003
--- Log opened Thu Apr 03 21:13:07 2003
21:13 !calvino.freenode.net *** Your host is calvino.freenode.net[calvino.freenode.net/6667], running version dancer-ircd-1.0.31+maint8-fn6
--- Log closed Thu Apr 03 21:18:34 2003
--- Log opened Fri Apr 04 12:39:35 2003
12:39 !sterling.freenode.net *** Your host is freebsd.widexs.nl[freebsd.widexs.nl/6667], running version dancer-ircd-1.0.31+maint8-fn6
--- Log closed Fri Apr 04 12:44:49 2003
--- Log opened Mon Apr 07 21:12:22 2003
21:12 !herbert.freenode.net *** Your host is lajnux.nu[lajnux.nu/6667], running version dancer-ircd-1.0.31+maint8-fn6
--- Log closed Mon Apr 07 21:18:06 2003
--- Log opened Wed Apr 09 16:28:56 2003
16:28 !sterling.freenode.net *** Your host is freebsd.widexs.nl[freebsd.widexs.nl/6667], running version dancer-ircd-1.0.31+maint8-fn6
--- Log closed Wed Apr 09 16:34:24 2003
--- Log opened Thu Apr 10 11:08:10 2003
11:08 !sterling.freenode.net *** Your host is freebsd.widexs.nl[freebsd.widexs.nl/6667], running version dancer-ircd-1.0.31+maint8-fn6
--- Log closed Thu Apr 10 11:13:38 2003
--- Log opened Fri Apr 11 16:46:35 2003
16:46 !sterling.freenode.net *** Your host is freebsd.widexs.nl[freebsd.widexs.nl/6667], running version dancer-ircd-1.0.31+maint8-fn6
--- Log closed Fri Apr 11 16:52:03 2003
--- Log opened Fri Apr 11 19:37:29 2003
19:37 !herbert.freenode.net *** Your host is lajnux.nu[lajnux.nu/6667], running version dancer-ircd-1.0.31+maint8-fn6
--- Log closed Fri Apr 11 19:43:06 2003
--- Log opened Sat Apr 12 20:23:56 2003
20:23 !gibson.freenode.net *** Your host is devnull.cent.uji.es[devnull.cent.uji.es/6667], running version dancer-ircd-1.0.31+maint8-fn6
--- Log closed Sat Apr 12 20:29:25 2003
--- Log opened Sun Apr 13 16:30:36 2003
16:30 !capek.freenode.net *** Your host is netsplit.atnet.at[netsplit.atnet.at/6667], running version dancer-ircd-1.0.31+maint8-fn6
--- Log closed Sun Apr 13 16:35:37 2003
--- Log opened Mon Apr 14 09:30:52 2003
09:30 !capek.freenode.net *** Your host is netsplit.atnet.at[netsplit.atnet.at/6667], running version dancer-ircd-1.0.31+maint8-fn6
--- Log closed Mon Apr 14 09:36:51 2003
--- Log opened Wed Apr 16 14:36:43 2003
14:36 !brunner.freenode.net *** Your host is brunner.freenode.net[brunner.freenode.net/6667], running version dancer-ircd-1.0.31+maint8-fn6
--- Log closed Wed Apr 16 14:42:11 2003
--- Log opened Wed Apr 16 20:07:47 2003
20:07 !leguin.freenode.net *** Your host is leguin.acc.umu.se[leguin.acc.umu.se/6667], running version dancer-ircd-1.0.31+maint8-fn6
--- Log closed Wed Apr 16 20:13:17 2003
--- Log opened Thu Apr 17 13:54:37 2003
13:54 !sterling.freenode.net *** Your host is freebsd.widexs.nl[freebsd.widexs.nl/6667], running version dancer-ircd-1.0.31+maint8-fn6
--- Log closed Thu Apr 17 14:00:05 2003
--- Log opened Fri Apr 18 11:07:25 2003
11:07 !leguin.freenode.net *** Your host is leguin.acc.umu.se[leguin.acc.umu.se/6667], running version dancer-ircd-1.0.31+maint8-fn6
--- Log closed Fri Apr 18 11:12:52 2003
--- Log opened Fri Apr 18 14:30:38 2003
14:30 !brunner.freenode.net *** Your host is brunner.freenode.net[brunner.freenode.net/6667], running version dancer-ircd-1.0.31+maint8-fn6
--- Log closed Fri Apr 18 14:36:07 2003
--- Log opened Fri Apr 18 23:39:38 2003
23:39 !leguin.freenode.net *** Your host is leguin.acc.umu.se[leguin.acc.umu.se/6667], running version dancer-ircd-1.0.31+maint8-fn6
--- Log closed Fri Apr 18 23:44:58 2003
--- Log opened Mon Apr 21 22:16:49 2003
22:16 !saberhagen.freenode.net *** Your host is server3.probe-networks.de[server3.probe-networks.de/6667], running version dancer-ircd-1.0.31+maint8-fn6
--- Log closed Mon Apr 21 22:22:33 2003
--- Log opened Tue Apr 22 10:14:30 2003
10:14 !brunner.freenode.net *** Your host is brunner.freenode.net[brunner.freenode.net/6667], running version dancer-ircd-1.0.31+maint8-fn6
--- Log closed Tue Apr 22 10:19:41 2003
--- Log opened Tue Apr 22 23:31:40 2003
23:31 !brunner.freenode.net *** Your host is brunner.freenode.net[brunner.freenode.net/6667], running version dancer-ircd-1.0.31+maint8-fn6
--- Log closed Tue Apr 22 23:37:37 2003
--- Log opened Wed Apr 23 10:11:47 2003
10:11 !leguin.freenode.net *** Your host is leguin.acc.umu.se[leguin.acc.umu.se/6667], running version dancer-ircd-1.0.31+maint8-fn6
--- Log closed Wed Apr 23 10:17:15 2003
--- Log opened Wed Apr 23 21:49:11 2003
21:49 !gibson.freenode.net *** Your host is devnull.cent.uji.es[devnull.cent.uji.es/6667], running version dancer-ircd-1.0.31+maint8-fn6
--- Log closed Wed Apr 23 21:54:17 2003
--- Log opened Thu Apr 24 16:35:36 2003
16:35 !calvino.freenode.net *** Your host is calvino.freenode.net[calvino.freenode.net/6667], running version dancer-ircd-1.0.31+maint8-fn6
--- Log closed Thu Apr 24 16:41:04 2003
--- Log opened Thu Apr 24 20:02:40 2003
20:02 !capek.freenode.net *** Your host is netsplit.atnet.at[netsplit.atnet.at/6667], running version dancer-ircd-1.0.31+maint8-fn6
--- Log closed Thu Apr 24 20:08:10 2003
--- Log opened Fri Apr 25 09:26:52 2003
09:26 !capek.freenode.net *** Your host is netsplit.atnet.at[netsplit.atnet.at/6667], running version dancer-ircd-1.0.31+maint8-fn6
--- Log closed Fri Apr 25 09:32:21 2003
--- Log opened Fri Apr 25 23:20:19 2003
23:20 !capek.freenode.net *** Your host is netsplit.atnet.at[netsplit.atnet.at/6667], running version dancer-ircd-1.0.31+maint8-fn6
--- Log closed Fri Apr 25 23:25:44 2003
--- Log opened Sat Apr 26 15:46:45 2003
15:46 !herbert.freenode.net *** Your host is lajnux.nu[lajnux.nu/6667], running version dancer-ircd-1.0.31+maint8-fn6
--- Log closed Sat Apr 26 15:51:51 2003
--- Log opened Sun Apr 27 10:30:38 2003
10:30 !capek.freenode.net *** Your host is netsplit.atnet.at[netsplit.atnet.at/6667], running version dancer-ircd-1.0.31+maint8-fn6
--- Log closed Sun Apr 27 10:35:57 2003
--- Log opened Mon Apr 28 11:21:22 2003
11:21 !sterling.freenode.net *** Your host is freebsd.widexs.nl[freebsd.widexs.nl/6667], running version dancer-ircd-1.0.31+maint8-fn6
--- Log closed Mon Apr 28 11:26:50 2003
--- Log opened Tue Apr 29 14:00:40 2003
14:00 !saberhagen.freenode.net *** Your host is server3.probe-networks.de[server3.probe-networks.de/6667], running version dancer-ircd-1.0.31+maint8-fn6
--- Log closed Tue Apr 29 14:06:24 2003
--- Log opened Tue Apr 29 20:48:47 2003
20:48 !saberhagen.freenode.net *** Your host is server3.probe-networks.de[server3.probe-networks.de/6667], running version dancer-ircd-1.0.31+maint8-fn6
--- Log closed Tue Apr 29 20:54:45 2003
--- Log opened Wed Apr 30 13:29:34 2003
13:29 !sterling.freenode.net *** Your host is freebsd.widexs.nl[freebsd.widexs.nl/6667], running version dancer-ircd-1.0.31+maint8-fn6
--- Log closed Wed Apr 30 13:34:59 2003
--- Log opened Thu May 01 11:40:37 2003
11:40 !herbert.freenode.net *** Your host is lajnux.nu[lajnux.nu/6667], running version dancer-ircd-1.0.31+maint8-fn6
--- Log closed Thu May 01 11:46:31 2003
--- Log opened Sat May 03 14:08:46 2003
14:08 !leguin.freenode.net *** Your host is leguin.acc.umu.se[leguin.acc.umu.se/6667], running version dancer-ircd-1.0.31+maint8-fn6
--- Log closed Sat May 03 14:14:16 2003
--- Log opened Sat May 03 23:31:34 2003
23:31 !sterling.freenode.net *** Your host is freebsd.widexs.nl[freebsd.widexs.nl/6667], running version dancer-ircd-1.0.31+maint8-fn6
--- Log closed Sat May 03 23:37:25 2003
--- Log opened Sun May 04 13:38:06 2003
13:38 !brunner.freenode.net *** Your host is brunner.freenode.net[brunner.freenode.net/6667], running version dancer-ircd-1.0.31+maint8-fn6
--- Log closed Sun May 04 13:43:34 2003
--- Log opened Mon May 05 20:58:34 2003
20:58 !saberhagen.freenode.net *** Your host is server3.probe-networks.de[server3.probe-networks.de/6667], running version dancer-ircd-1.0.31+maint8-fn6
--- Log closed Mon May 05 21:04:17 2003
--- Log opened Tue May 06 12:08:12 2003
12:08 !kornbluth.freenode.net *** Your host is bandit.probe-networks.de[bandit.probe-networks.de/6667], running version dancer-ircd-1.0.31+maint8-fn6
--- Log closed Tue May 06 12:13:35 2003
--- Log opened Tue May 06 22:49:22 2003
22:49 !calvino.freenode.net *** Your host is calvino.freenode.net[calvino.freenode.net/6667], running version dancer-ircd-1.0.31+maint8-fn6
--- Log closed Tue May 06 22:54:49 2003
--- Log opened Wed May 07 11:44:22 2003
11:44 !kornbluth.freenode.net *** Your host is bandit.probe-networks.de[bandit.probe-networks.de/6667], running version dancer-ircd-1.0.31+maint8-fn6
--- Log closed Wed May 07 11:49:49 2003
--- Log opened Wed May 07 15:16:44 2003
15:16 !capek.freenode.net *** Your host is netsplit.atnet.at[netsplit.atnet.at/6667], running version dancer-ircd-1.0.31+maint8-fn6
--- Log closed Wed May 07 15:22:10 2003
--- Log opened Wed May 07 22:19:12 2003
22:19 !saberhagen.freenode.net *** Your host is server3.probe-networks.de[server3.probe-networks.de/6667], running version dancer-ircd-1.0.31+maint8-fn6
--- Log closed Wed May 07 22:24:17 2003
--- Log opened Wed May 07 22:42:14 2003
22:42 !calvino.freenode.net *** Your host is calvino.freenode.net[calvino.freenode.net/6667], running version dancer-ircd-1.0.31+maint8-fn6
--- Log closed Wed May 07 22:47:17 2003
--- Log opened Wed May 07 23:18:31 2003
23:18 !leguin.freenode.net *** Your host is leguin.acc.umu.se[leguin.acc.umu.se/6667], running version dancer-ircd-1.0.31+maint8-fn6
--- Log closed Wed May 07 23:24:18 2003
--- Log opened Fri May 09 15:59:25 2003
15:59 !herbert.freenode.net *** Your host is lajnux.nu[lajnux.nu/6667], running version dancer-ircd-1.0.31+maint8-fn6
--- Log closed Fri May 09 16:05:09 2003
--- Log opened Fri May 09 21:21:28 2003
21:21 !saberhagen.freenode.net *** Your host is server3.probe-networks.de[server3.probe-networks.de/6667], running version dancer-ircd-1.0.31+maint8-fn6
--- Log closed Fri May 09 21:27:20 2003
--- Log opened Sun May 11 15:48:42 2003
15:48 !saberhagen.freenode.net *** Your host is server3.probe-networks.de[server3.probe-networks.de/6667], running version dancer-ircd-1.0.31+maint8-fn6
--- Log closed Sun May 11 15:54:29 2003
--- Log opened Sun May 11 19:45:33 2003
19:45 !calvino.freenode.net *** Your host is calvino.freenode.net[calvino.freenode.net/6667], running version dancer-ircd-1.0.31+maint8-fn6
--- Log closed Sun May 11 19:51:00 2003
--- Log opened Mon May 12 22:58:01 2003
22:58 !capek.freenode.net *** Your host is netsplit.atnet.at[netsplit.atnet.at/6667], running version dancer-ircd-1.0.31+maint8-fn6
--- Log closed Mon May 12 23:03:30 2003
--- Log opened Tue May 13 21:09:17 2003
21:09 !kornbluth.freenode.net *** Your host is bandit.probe-networks.de[bandit.probe-networks.de/6667], running version dancer-ircd-1.0.31+maint8-fn6
--- Log closed Tue May 13 21:15:03 2003
--- Log opened Wed May 14 22:00:24 2003
22:00 !calvino.freenode.net *** Your host is calvino.freenode.net[calvino.freenode.net/6667], running version dancer-ircd-1.0.31+maint8-fn6
--- Log closed Wed May 14 22:05:52 2003
--- Log opened Mon May 19 22:09:27 2003
22:09 !orwell.freenode.net *** Your host is orwell.freenode.net[orwell.freenode.net/6667], running version dancer-ircd-1.0.31+maint8-fn6
--- Log closed Mon May 19 22:14:55 2003
--- Log opened Tue May 20 13:54:51 2003
13:54 !orwell.freenode.net *** Your host is orwell.freenode.net[orwell.freenode.net/6667], running version dancer-ircd-1.0.31+maint8-fn6
--- Log closed Tue May 20 14:00:19 2003
--- Log opened Wed May 21 15:59:45 2003
15:59 !saberhagen.freenode.net *** Your host is server3.probe-networks.de[server3.probe-networks.de/6667], running version dancer-ircd-1.0.31+maint8-fn6
--- Log closed Wed May 21 16:05:28 2003
--- Log opened Fri May 23 16:01:03 2003
16:01 !leguin.freenode.net *** Your host is leguin.acc.umu.se[leguin.acc.umu.se/6667], running version dancer-ircd-1.0.31+maint8-fn6
--- Log closed Fri May 23 16:06:24 2003
--- Log opened Fri May 23 22:09:40 2003
22:09 !kornbluth.freenode.net *** Your host is bandit.probe-networks.de[bandit.probe-networks.de/6667], running version dancer-ircd-1.0.31+maint8-fn6
--- Log closed Fri May 23 22:15:07 2003
--- Log opened Sat May 24 10:53:02 2003
10:53 !herbert.freenode.net *** Your host is lajnux.nu[lajnux.nu/6667], running version dancer-ircd-1.0.31+maint8-fn6
--- Log closed Sat May 24 10:58:45 2003
--- Log opened Sun May 25 12:48:27 2003
12:48 !brunner.freenode.net *** Your host is brunner.freenode.net[brunner.freenode.net/6667], running version dancer-ircd-1.0.31+maint8-fn6
--- Log closed Sun May 25 12:53:55 2003
--- Log opened Mon May 26 22:17:53 2003
22:17 !orwell.freenode.net *** Your host is orwell.freenode.net[orwell.freenode.net/6667], running version dancer-ircd-1.0.31+maint8-fn6
--- Log closed Mon May 26 22:23:21 2003
--- Log opened Tue May 27 11:49:57 2003
11:49 !sterling.freenode.net *** Your host is freebsd.widexs.nl[freebsd.widexs.nl/6667], running version dancer-ircd-1.0.31+maint8-fn6
--- Log closed Tue May 27 11:55:25 2003
--- Log opened Tue May 27 22:46:25 2003
22:46 !brunner.freenode.net *** Your host is brunner.freenode.net[brunner.freenode.net/6667], running version dancer-ircd-1.0.31+maint8-fn6
--- Log closed Tue May 27 22:51:39 2003
--- Log opened Wed Jun 11 21:50:30 2003
21:50 !capek.freenode.net *** Your host is netsplit.atnet.at[netsplit.atnet.at/6667], running version dancer-ircd-1.0.31+maint8-fn6
--- Log closed Wed Jun 11 21:56:29 2003
--- Log opened Wed Jun 11 22:34:50 2003
22:34 !pratchett.freenode.net *** Your host is ip-159.uplevel.nl[ip-159.uplevel.nl/6667], running version dancer-ircd-1.0.31+maint8-fn6
--- Log closed Wed Jun 11 22:40:30 2003
--- Log opened Wed Jun 11 23:00:33 2003
23:00 !herbert.freenode.net *** Your host is lajnux.nu[lajnux.nu/6667], running version dancer-ircd-1.0.31+maint8-fn6
--- Log closed Wed Jun 11 23:06:30 2003
--- Log opened Wed Jun 11 23:26:33 2003
23:26 !leguin.freenode.net *** Your host is leguin.acc.umu.se[leguin.acc.umu.se/6667], running version dancer-ircd-1.0.31+maint8-fn6
--- Log closed Wed Jun 11 23:32:31 2003
--- Log opened Wed Jun 11 23:56:26 2003
23:56 !brunner.freenode.net *** Your host is brunner.freenode.net[brunner.freenode.net/6667], running version dancer-ircd-1.0.31+maint8-fn6
--- Log opened Thu Jun 12 12:07:13 2003
12:07 !capek.freenode.net *** Your host is netsplit.atnet.at[netsplit.atnet.at/6667], running version dancer-ircd-1.0.31+maint8-fn6
--- Log closed Thu Jun 12 12:12:42 2003
--- Log opened Fri Jun 13 13:49:39 2003
13:49 !pratchett.freenode.net *** Your host is ip-159.uplevel.nl[ip-159.uplevel.nl/6667], running version dancer-ircd-1.0.31+maint8-fn6
--- Log closed Fri Jun 13 13:55:07 2003
--- Log opened Fri Jun 13 16:11:35 2003
16:11 !pratchett.freenode.net *** Your host is ip-159.uplevel.nl[ip-159.uplevel.nl/6667], running version dancer-ircd-1.0.31+maint8-fn6
--- Log closed Fri Jun 13 16:17:04 2003
--- Log opened Sat Jun 14 12:38:03 2003
12:38 !herbert.freenode.net *** Your host is lajnux.nu[lajnux.nu/6667], running version dancer-ircd-1.0.31+maint8-fn6
--- Log closed Sat Jun 14 12:43:47 2003
--- Log opened Sun Jun 15 15:04:22 2003
15:04 !leguin.freenode.net *** Your host is leguin.acc.umu.se[leguin.acc.umu.se/6667], running version dancer-ircd-1.0.31+maint8-fn6
--- Log closed Sun Jun 15 15:09:47 2003
--- Log opened Sun Jun 15 23:01:57 2003
23:01 !capek.freenode.net *** Your host is netsplit.atnet.at[netsplit.atnet.at/6667], running version dancer-ircd-1.0.31+maint8-fn6
--- Log closed Sun Jun 15 23:07:55 2003
--- Log opened Mon Jun 16 11:03:42 2003
11:03 !kornbluth.freenode.net *** Your host is bandit.probe-networks.de[bandit.probe-networks.de/6667], running version dancer-ircd-1.0.31+maint8-fn6
--- Log closed Mon Jun 16 11:09:05 2003
--- Log opened Tue Jun 17 11:53:56 2003
11:53 !capek.freenode.net *** Your host is netsplit.atnet.at[netsplit.atnet.at/6667], running version dancer-ircd-1.0.31+maint8-fn6
--- Log closed Tue Jun 17 11:59:20 2003
--- Log opened Wed Jun 18 08:45:27 2003
08:45 !orwell.freenode.net *** Your host is orwell.freenode.net[orwell.freenode.net/6667], running version dancer-ircd-1.0.31+maint8-fn6
--- Log closed Wed Jun 18 08:50:48 2003
--- Log opened Wed Jun 18 19:47:11 2003
19:47 !leguin.freenode.net *** Your host is leguin.acc.umu.se[leguin.acc.umu.se/6667], running version dancer-ircd-1.0.31+maint8-fn6
--- Log closed Wed Jun 18 19:52:40 2003
--- Log opened Thu Jun 19 11:02:08 2003
11:02 !leguin.freenode.net *** Your host is leguin.acc.umu.se[leguin.acc.umu.se/6667], running version dancer-ircd-1.0.31+maint8-fn6
--- Log closed Thu Jun 19 11:07:57 2003
--- Log opened Fri Jun 20 11:58:23 2003
11:58 !pratchett.freenode.net *** Your host is ip-159.uplevel.nl[ip-159.uplevel.nl/6667], running version dancer-ircd-1.0.31+maint8-fn6
--- Log closed Fri Jun 20 12:04:20 2003
--- Log opened Sat Jun 21 12:10:35 2003
12:10 !brunner.freenode.net *** Your host is brunner.freenode.net[brunner.freenode.net/6667], running version dancer-ircd-1.0.31+maint8-fn6
--- Log closed Sat Jun 21 12:16:19 2003
--- Log opened Sat Jun 21 14:08:38 2003
14:08 !pratchett.freenode.net *** Your host is ip-159.uplevel.nl[ip-159.uplevel.nl/6667], running version dancer-ircd-1.0.31+maint8-fn6
--- Log closed Sat Jun 21 14:14:07 2003
--- Log opened Sat Jun 21 15:59:43 2003
15:59 !calvino.freenode.net *** Your host is calvino.freenode.net[calvino.freenode.net/6667], running version dancer-ircd-1.0.31+maint8-fn6
--- Log closed Sat Jun 21 16:05:12 2003
--- Log opened Sat Jun 21 22:11:48 2003
22:11 !capek.freenode.net *** Your host is netsplit.atnet.at[netsplit.atnet.at/6667], running version dancer-ircd-1.0.31+maint8-fn6
--- Log closed Sat Jun 21 22:17:16 2003
--- Log opened Sun Jun 22 01:51:04 2003
01:51 !brunner.freenode.net *** Your host is brunner.freenode.net[brunner.freenode.net/6667], running version dancer-ircd-1.0.31+maint8-fn6
--- Log closed Sun Jun 22 01:51:13 2003
--- Log opened Sun Jun 22 11:26:35 2003
11:26 !sterling.freenode.net *** Your host is freebsd.widexs.nl[freebsd.widexs.nl/6667], running version dancer-ircd-1.0.31+maint8-fn6
--- Log closed Sun Jun 22 11:32:03 2003
--- Log opened Mon Jun 23 12:17:53 2003
12:17 !sterling.freenode.net *** Your host is freebsd.widexs.nl[freebsd.widexs.nl/6667], running version dancer-ircd-1.0.31+maint8-fn6
--- Log closed Mon Jun 23 12:23:20 2003
--- Log opened Tue Jun 24 15:51:08 2003
15:51 !leguin.freenode.net *** Your host is leguin.acc.umu.se[leguin.acc.umu.se/6667], running version dancer-ircd-1.0.31+maint8-fn6
--- Log closed Tue Jun 24 15:56:31 2003
--- Log opened Wed Jun 25 11:19:22 2003
11:19 !sterling.freenode.net *** Your host is freebsd.widexs.nl[freebsd.widexs.nl/6667], running version dancer-ircd-1.0.31+maint8-fn6
--- Log closed Wed Jun 25 11:24:51 2003
--- Log opened Wed Jun 25 21:22:59 2003
21:22 !sterling.freenode.net *** Your host is freebsd.widexs.nl[freebsd.widexs.nl/6667], running version dancer-ircd-1.0.31+maint8-fn6
--- Log closed Wed Jun 25 21:28:01 2003
--- Log opened Wed Jun 25 21:58:20 2003
21:58 !kornbluth.freenode.net *** Your host is bandit.probe-networks.de[bandit.probe-networks.de/6667], running version dancer-ircd-1.0.31+maint8-fn6
--- Log closed Wed Jun 25 22:04:01 2003
--- Log opened Thu Jun 26 10:20:11 2003
10:20 !capek.freenode.net *** Your host is netsplit.atnet.at[netsplit.atnet.at/6667], running version dancer-ircd-1.0.31+maint8-fn6
--- Log closed Thu Jun 26 10:25:40 2003
--- Log opened Thu Jun 26 18:23:50 2003
18:23 !kornbluth.freenode.net *** Your host is bandit.probe-networks.de[bandit.probe-networks.de/6667], running version dancer-ircd-1.0.31+maint8-fn6
--- Log closed Thu Jun 26 18:29:15 2003
--- Log opened Fri Jun 27 16:20:16 2003
16:20 !pratchett.freenode.net *** Your host is pratchett.freenode.net[pratchett.freenode.net/6667], running version dancer-ircd-1.0.31+maint8-fn6
--- Log closed Fri Jun 27 16:25:46 2003
--- Log opened Sat Jun 28 11:54:46 2003
11:54 !leguin.freenode.net *** Your host is leguin.acc.umu.se[leguin.acc.umu.se/6667], running version dancer-ircd-1.0.31+maint8-fn6
--- Log closed Sat Jun 28 12:00:13 2003
--- Log opened Sun Jun 29 10:10:23 2003
10:10 !leguin.freenode.net *** Your host is leguin.acc.umu.se[leguin.acc.umu.se/6667], running version dancer-ircd-1.0.31+maint8-fn6
--- Log closed Sun Jun 29 10:15:43 2003
--- Log opened Sun Jun 29 19:26:50 2003
19:26 !orwell.freenode.net *** Your host is orwell.freenode.net[orwell.freenode.net/6667], running version dancer-ircd-1.0.31+maint8-fn6
--- Log closed Sun Jun 29 19:32:09 2003
--- Log opened Mon Jun 30 13:29:26 2003
13:29 !sterling.freenode.net *** Your host is freebsd.widexs.nl[freebsd.widexs.nl/6667], running version dancer-ircd-1.0.31+maint8-fn6
--- Log closed Mon Jun 30 13:34:54 2003
--- Log opened Mon Jun 30 18:28:01 2003
18:28 !sterling.freenode.net *** Your host is freebsd.widexs.nl[freebsd.widexs.nl/6667], running version dancer-ircd-1.0.31+maint8-fn6
--- Log closed Mon Jun 30 18:33:30 2003
--- Log opened Tue Jul 01 14:38:55 2003
14:38 !brunner.freenode.net *** Your host is brunner.freenode.net[brunner.freenode.net/6667], running version dancer-ircd-1.0.31+maint8-fn6
--- Log closed Tue Jul 01 14:43:59 2003
--- Log opened Wed Jul 02 10:47:12 2003
10:47 !sterling.freenode.net *** Your host is freebsd.widexs.nl[freebsd.widexs.nl/6667], running version dancer-ircd-1.0.31+maint8-fn6
--- Log closed Wed Jul 02 10:52:30 2003
--- Log opened Thu Jul 03 12:35:12 2003
12:35 !kornbluth.freenode.net *** Your host is bandit.probe-networks.de[bandit.probe-networks.de/6667], running version dancer-ircd-1.0.31+maint8-fn6
--- Log closed Thu Jul 03 12:40:39 2003
--- Log opened Sat Jul 05 16:48:38 2003
16:48 !gibson.freenode.net *** Your host is devnull.cent.uji.es[devnull.cent.uji.es/6667], running version dancer-ircd-1.0.31+maint8-fn6
16:48 !gibson.freenode.net *** Notice -- Server is currently split, channel modes are limited
--- Log closed Sat Jul 05 16:53:44 2003
--- Log opened Sat Jul 05 17:40:39 2003
17:40 !capek.freenode.net *** Your host is netsplit.atnet.at[netsplit.atnet.at/6667], running version dancer-ircd-1.0.31+maint8-fn6
--- Log closed Sat Jul 05 17:45:44 2003
--- Log opened Sun Jul 06 13:28:02 2003
13:28 !gibson.freenode.net *** Your host is devnull.cent.uji.es[devnull.cent.uji.es/6667], running version dancer-ircd-1.0.31+maint8-fn6
--- Log closed Sun Jul 06 13:33:09 2003
--- Log opened Sun Jul 06 17:13:42 2003
17:13 !brunner.freenode.net *** Your host is brunner.freenode.net[brunner.freenode.net/6667], running version dancer-ircd-1.0.31+maint8-fn6
--- Log closed Sun Jul 06 17:19:13 2003
--- Log opened Tue Jul 08 16:09:13 2003
16:09 !pratchett.freenode.net *** Your host is pratchett.freenode.net[pratchett.freenode.net/6667], running version dancer-ircd-1.0.31+maint8-fn6
--- Log closed Tue Jul 08 16:14:41 2003
--- Log opened Mon Jul 14 10:09:12 2003
10:09 !kornbluth.freenode.net *** Your host is bandit.probe-networks.de[bandit.probe-networks.de/6667], running version dancer-ircd-1.0.31+maint8-fn6
--- Log closed Mon Jul 14 10:14:36 2003
--- Log opened Fri Jul 18 23:12:20 2003
23:12 !kornbluth.freenode.net *** Your host is bandit.probe-networks.de[bandit.probe-networks.de/6667], running version dancer-ircd-1.0.31+maint8-fn6
--- Log closed Fri Jul 18 23:17:48 2003
--- Log opened Sun Jul 27 17:05:59 2003
17:05 !herbert.freenode.net *** Your host is lajnux.nu[lajnux.nu/6667], running version dancer-ircd-1.0.31+maint8-fn6
--- Log closed Sun Jul 27 17:11:34 2003
--- Log opened Sun Jul 27 22:19:37 2003
22:19 !capek.freenode.net *** Your host is netsplit.atnet.at[netsplit.atnet.at/6667], running version dancer-ircd-1.0.31+maint8-fn6
--- Log closed Sun Jul 27 22:24:42 2003
--- Log opened Mon Jul 28 18:59:00 2003
18:59 !leguin.freenode.net *** Your host is leguin.acc.umu.se[leguin.acc.umu.se/6667], running version dancer-ircd-1.0.31+maint8-fn6
--- Log closed Mon Jul 28 19:04:28 2003
--- Log opened Thu Jul 31 19:33:06 2003
19:33 !leguin.freenode.net *** Your host is leguin.acc.umu.se[leguin.acc.umu.se/6667], running version dancer-ircd-1.0.31+maint8-fn6
--- Log closed Thu Jul 31 19:38:34 2003
--- Log opened Sat Aug 02 17:07:46 2003
17:07 !sterling.freenode.net *** Your host is freebsd.widexs.nl[freebsd.widexs.nl/6667], running version dancer-ircd-1.0.31+maint8-fn6
--- Log closed Sat Aug 02 17:13:05 2003
--- Log opened Sun Aug 03 22:36:03 2003
22:36 !herbert.freenode.net *** Your host is lajnux.nu[lajnux.nu/6667], running version dancer-ircd-1.0.31+maint8-fn6
--- Log closed Sun Aug 03 22:41:12 2003
--- Log opened Mon Aug 04 17:26:13 2003
17:26 !brunner.freenode.net *** Your host is brunner.freenode.net[brunner.freenode.net/6667], running version dancer-ircd-1.0.31+pre23
--- Log closed Mon Aug 04 17:31:21 2003
--- Log opened Wed Aug 06 09:12:00 2003
09:12 !gibson.freenode.net *** Your host is gibson.freenode.net[devnull.cent.uji.es/6667], running version dancer-ircd-1.0.31+pre23
--- Log closed Wed Aug 06 09:17:10 2003
--- Log opened Wed Aug 06 20:25:50 2003
20:25 !orwell.freenode.net *** Your host is orwell.freenode.net[orwell.freenode.net/6667], running version dancer-ircd-1.0.31+pre23
--- Log closed Wed Aug 06 20:31:21 2003
--- Log opened Thu Aug 07 12:20:27 2003
12:20 !orwell.freenode.net *** Your host is orwell.freenode.net[orwell.freenode.net/6667], running version dancer-ircd-1.0.31+pre23
--- Log closed Thu Aug 07 12:25:55 2003
--- Log opened Fri Aug 08 14:01:39 2003
14:01 !sterling.freenode.net *** Your host is sterling.freenode.net[freebsd.widexs.nl/6667], running version dancer-ircd-1.0.31+pre23
--- Log closed Fri Aug 08 14:07:07 2003
--- Log opened Mon Aug 11 15:39:07 2003
15:39 !leguin.freenode.net *** Your host is leguin.freenode.net[leguin.acc.umu.se/6667], running version dancer-ircd-1.0.31+pre23
--- Log closed Mon Aug 11 15:44:35 2003
--- Log opened Mon Aug 11 20:06:12 2003
20:06 !gibson.freenode.net *** Your host is gibson.freenode.net[devnull.cent.uji.es/6667], running version dancer-ircd-1.0.31+pre23
20:06 !gibson.freenode.net *** Notice -- Server is currently split, channel modes are limited
--- Log closed Mon Aug 11 20:11:40 2003
--- Log opened Wed Aug 13 14:14:47 2003
14:14 !orwell.freenode.net *** Your host is orwell.freenode.net[orwell.freenode.net/6667], running version dancer-ircd-1.0.31+pre24
14:14 !orwell.freenode.net *** Notice -- Server is currently split, channel modes are limited
--- Log closed Wed Aug 13 14:20:15 2003
--- Log opened Thu Aug 14 14:18:15 2003
14:18 !capek.freenode.net *** Your host is capek.freenode.net[netsplit.atnet.at/6667], running version dancer-ircd-1.0.31+pre24
--- Log closed Thu Aug 14 14:23:23 2003
--- Log opened Fri Aug 15 10:20:27 2003
10:20 !kornbluth.freenode.net *** Your host is kornbluth.freenode.net[bandit.probe-networks.de/6667], running version dancer-ircd-1.0.31+pre24
--- Log closed Fri Aug 15 10:25:54 2003
--- Log opened Fri Aug 15 13:05:11 2003
13:05 !capek.freenode.net *** Your host is capek.freenode.net[netsplit.atnet.at/6667], running version dancer-ircd-1.0.31+pre24
--- Log closed Fri Aug 15 13:10:41 2003
--- Log opened Sat Aug 16 23:19:52 2003
23:19 !leguin.freenode.net *** Your host is leguin.freenode.net[leguin.acc.umu.se/6667], running version dancer-ircd-1.0.31+pre24
--- Log closed Sat Aug 16 23:25:18 2003
--- Log opened Sun Aug 17 12:15:20 2003
12:15 !leguin.freenode.net *** Your host is leguin.freenode.net[leguin.acc.umu.se/6667], running version dancer-ircd-1.0.31+pre24
--- Log closed Sun Aug 17 12:20:47 2003
--- Log opened Sun Aug 17 16:15:59 2003
16:15 !sterling.freenode.net *** Your host is sterling.freenode.net[freebsd.widexs.nl/6667], running version dancer-ircd-1.0.31+pre24
--- Log closed Sun Aug 17 16:21:51 2003
--- Log opened Sun Aug 17 16:40:39 2003
16:40 !brunner.freenode.net *** Your host is brunner.freenode.net[brunner.freenode.net/6667], running version dancer-ircd-1.0.31+pre24
--- Log closed Sun Aug 17 16:45:51 2003
--- Log opened Sun Aug 17 16:50:29 2003
16:50 !leguin.freenode.net *** Your host is leguin.freenode.net[leguin.acc.umu.se/6667], running version dancer-ircd-1.0.31+pre24
--- Log closed Sun Aug 17 16:55:51 2003
--- Log opened Sun Aug 17 21:24:36 2003
21:24 !orwell.freenode.net *** Your host is orwell.freenode.net[orwell.freenode.net/6667], running version dancer-ircd-1.0.31+pre24
--- Log closed Sun Aug 17 21:30:04 2003
--- Log opened Mon Aug 18 19:51:13 2003
19:51 !leguin.freenode.net *** Your host is leguin.freenode.net[leguin.acc.umu.se/6667], running version dancer-ircd-1.0.31+pre24
--- Log closed Mon Aug 18 19:56:38 2003
--- Log opened Wed Aug 20 08:26:06 2003
08:26 !orwell.freenode.net *** Your host is orwell.freenode.net[orwell.freenode.net/6667], running version dancer-ircd-1.0.31+pre24
--- Log closed Wed Aug 20 08:31:34 2003
--- Log opened Sun Sep 14 13:52:47 2003
13:52 !leguin.freenode.net *** Your host is leguin.freenode.net[leguin.acc.umu.se/6667], running version dancer-ircd-1.0.32
--- Log closed Sun Sep 14 13:58:39 2003
--- Log opened Sun Sep 14 16:55:27 2003
16:55 !gibson.freenode.net *** Your host is gibson.freenode.net[devnull.cent.uji.es/6667], running version dancer-ircd-1.0.32
--- Log closed Sun Sep 14 17:01:26 2003
--- Log opened Sun Sep 14 17:46:13 2003
17:46 !herbert.freenode.net *** Your host is herbert.freenode.net[lajnux.nu/6667], running version dancer-ircd-1.0.32
--- Log closed Sun Sep 14 17:52:09 2003
--- Log opened Mon Sep 15 09:16:18 2003
09:16 !sterling.freenode.net *** Your host is sterling.freenode.net[freebsd.widexs.nl/6667], running version dancer-ircd-1.0.32
--- Log closed Mon Sep 15 09:22:16 2003
--- Log opened Mon Sep 15 13:57:33 2003
13:57 !brunner.freenode.net *** Your host is brunner.freenode.net[brunner.freenode.net/6667], running version dancer-ircd-1.0.32
--- Log closed Mon Sep 15 14:03:28 2003
--- Log opened Tue Sep 16 22:43:59 2003
22:43 !herbert.freenode.net *** Your host is herbert.freenode.net[lajnux.nu/6667], running version dancer-ircd-1.0.32
--- Log closed Tue Sep 16 22:47:49 2003
--- Log opened Tue Sep 16 22:48:45 2003
22:48 !capek.freenode.net *** Your host is capek.freenode.net[netsplit.atnet.at/6667], running version dancer-ircd-1.0.32
--- Log closed Tue Sep 16 22:54:44 2003
--- Log opened Wed Sep 17 20:09:15 2003
20:09 !gibson.freenode.net *** Your host is gibson.freenode.net[devnull.cent.uji.es/6667], running version dancer-ircd-1.0.32
--- Log closed Wed Sep 17 20:15:14 2003
--- Log opened Thu Sep 18 18:54:26 2003
18:54 !gibson.freenode.net *** Your host is gibson.freenode.net[devnull.cent.uji.es/6667], running version dancer-ircd-1.0.32
--- Log closed Thu Sep 18 19:00:25 2003
--- Log opened Fri Sep 19 19:50:19 2003
19:50 !herbert.freenode.net *** Your host is herbert.freenode.net[lajnux.nu/6667], running version dancer-ircd-1.0.32
--- Log closed Fri Sep 19 19:56:18 2003
--- Log opened Fri Sep 19 22:08:00 2003
22:08 !kornbluth.freenode.net *** Your host is kornbluth.freenode.net[bandit.probe-networks.de/6667], running version dancer-ircd-1.0.32
--- Log closed Fri Sep 19 22:13:43 2003
--- Log opened Sat Sep 20 11:41:50 2003
11:41 !leguin.freenode.net *** Your host is leguin.freenode.net[leguin.acc.umu.se/6667], running version dancer-ircd-1.0.32
--- Log closed Sat Sep 20 11:47:43 2003
--- Log opened Sun Sep 21 09:43:09 2003
09:43 !gibson.freenode.net *** Your host is gibson.freenode.net[devnull.cent.uji.es/6667], running version dancer-ircd-1.0.32
--- Log closed Sun Sep 21 09:49:08 2003
--- Log opened Sun Sep 21 17:18:49 2003
17:18 !brunner.freenode.net *** Your host is brunner.freenode.net[brunner.freenode.net/6667], running version dancer-ircd-1.0.32
--- Log closed Sun Sep 21 17:24:48 2003
--- Log opened Sun Sep 21 18:13:31 2003
18:13 !orwell.freenode.net *** Your host is orwell.freenode.net[orwell.freenode.net/6667], running version dancer-ircd-1.0.32
--- Log closed Sun Sep 21 18:18:49 2003
--- Log opened Sun Sep 21 19:49:09 2003
19:49 !orwell.freenode.net *** Your host is orwell.freenode.net[orwell.freenode.net/6667], running version dancer-ircd-1.0.32
--- Log closed Sun Sep 21 19:55:08 2003
--- Log opened Tue Sep 23 14:35:24 2003
14:35 !sterling.freenode.net *** Your host is sterling.freenode.net[freebsd.widexs.nl/6667], running version dancer-ircd-1.0.32
--- Log closed Tue Sep 23 14:40:50 2003
--- Log opened Fri Sep 26 21:41:12 2003
21:41 !capek.freenode.net *** Your host is capek.freenode.net[netsplit.atnet.at/6667], running version dancer-ircd-1.0.32
--- Log closed Fri Sep 26 21:46:21 2003
--- Log opened Sat Sep 27 08:49:18 2003
08:49 !kornbluth.freenode.net *** Your host is kornbluth.freenode.net[bandit.probe-networks.de/6667], running version dancer-ircd-1.0.32
--- Log closed Sat Sep 27 08:54:43 2003
--- Log opened Sun Sep 28 15:34:10 2003
15:34 !leguin.freenode.net *** Your host is leguin.freenode.net[leguin.acc.umu.se/6667], running version dancer-ircd-1.0.32
--- Log closed Sun Sep 28 15:39:37 2003
--- Log opened Tue Sep 30 18:15:34 2003
18:15 !herbert.freenode.net *** Your host is herbert.freenode.net[lajnux.nu/6667], running version dancer-ircd-1.0.32
--- Log closed Tue Sep 30 18:20:55 2003
--- Log opened Sat Oct 04 13:30:28 2003
13:30 !capek.freenode.net *** Your host is capek.freenode.net[netsplit.atnet.at/6667], running version dancer-ircd-1.0.32
--- Log closed Sat Oct 04 13:35:47 2003
--- Log opened Sun Oct 05 12:35:54 2003
12:35 !gibson.freenode.net *** Your host is gibson.freenode.net[devnull.cent.uji.es/6667], running version dancer-ircd-1.0.32
--- Log closed Sun Oct 05 12:41:23 2003
--- Log opened Mon Oct 06 17:35:29 2003
17:35 !herbert.freenode.net *** Your host is herbert.freenode.net[lajnux.nu/6667], running version dancer-ircd-1.0.32
--- Log closed Mon Oct 06 17:41:13 2003
--- Log opened Tue Oct 07 22:01:55 2003
22:01 !truong.freenode.net *** Your host is truong.freenode.net[truong.freenode.net/6667], running version dancer-ircd-1.0.32
--- Log closed Tue Oct 07 22:07:25 2003
--- Log opened Wed Oct 08 20:17:13 2003
20:17 !calvino.freenode.net *** Your host is calvino.freenode.net[calvino.freenode.net/6667], running version dancer-ircd-1.0.32
--- Log closed Wed Oct 08 20:22:27 2003
--- Log opened Fri Oct 10 20:26:09 2003
20:26 !truong.freenode.net *** Your host is truong.freenode.net[truong.freenode.net/6667], running version dancer-ircd-1.0.32
--- Log closed Fri Oct 10 20:31:35 2003
--- Log opened Sun Oct 12 15:55:11 2003
15:55 !leguin.freenode.net *** Your host is leguin.freenode.net[leguin.acc.umu.se/6667], running version dancer-ircd-1.0.32
--- Log closed Sun Oct 12 16:00:39 2003
--- Log opened Tue Oct 14 23:40:47 2003
23:40 !brunner.freenode.net *** Your host is brunner.freenode.net[brunner.freenode.net/6667], running version dancer-ircd-1.0.32
--- Log closed Tue Oct 14 23:45:58 2003
--- Log opened Wed Oct 15 21:25:30 2003
21:25 !truong.freenode.net *** Your host is truong.freenode.net[truong.freenode.net/6667], running version dancer-ircd-1.0.32
--- Log closed Wed Oct 15 21:30:59 2003
--- Log opened Thu Oct 16 16:37:53 2003
16:37 !leguin.freenode.net *** Your host is leguin.freenode.net[leguin.acc.umu.se/6667], running version dancer-ircd-1.0.32
--- Log closed Thu Oct 16 16:42:15 2003
--- Log opened Thu Oct 16 18:54:17 2003
18:54 !calvino.freenode.net *** Your host is calvino.freenode.net[calvino.freenode.net/6667], running version dancer-ircd-1.0.32
--- Log closed Thu Oct 16 18:59:45 2003
--- Log opened Fri Oct 17 20:22:01 2003
20:22 !calvino.freenode.net *** Your host is calvino.freenode.net[calvino.freenode.net/6667], running version dancer-ircd-1.0.32
--- Log closed Fri Oct 17 20:27:29 2003
--- Log opened Mon Oct 20 16:46:01 2003
16:46 !truong.freenode.net *** Your host is truong.freenode.net[truong.freenode.net/6667], running version dancer-ircd-1.0.32
--- Log closed Mon Oct 20 16:51:18 2003
--- Log opened Tue Oct 21 22:07:02 2003
22:07 !herbert.freenode.net *** Your host is herbert.freenode.net[lajnux.nu/6667], running version dancer-ircd-1.0.32
--- Log closed Tue Oct 21 22:12:43 2003
--- Log opened Thu Oct 23 13:08:50 2003
13:08 !truong.freenode.net *** Your host is truong.freenode.net[truong.freenode.net/6667], running version dancer-ircd-1.0.32
--- Log closed Thu Oct 23 13:14:20 2003
--- Log opened Thu Oct 23 17:21:00 2003
17:21 !calvino.freenode.net *** Your host is calvino.freenode.net[calvino.freenode.net/6667], running version dancer-ircd-1.0.32
--- Log closed Thu Oct 23 17:26:16 2003
--- Log opened Thu Oct 23 23:56:05 2003
23:56 !truong.freenode.net *** Your host is truong.freenode.net[truong.freenode.net/6667], running version dancer-ircd-1.0.32
--- Log closed Fri Oct 24 00:01:29 2003
--- Log opened Fri Oct 24 22:08:58 2003
22:08 !truong.freenode.net *** Your host is truong.freenode.net[truong.freenode.net/6667], running version dancer-ircd-1.0.32
--- Log closed Fri Oct 24 22:14:29 2003
--- Log opened Fri Oct 24 22:43:54 2003
22:43 !calvino.freenode.net *** Your host is calvino.freenode.net[calvino.freenode.net/6667], running version dancer-ircd-1.0.32
--- Log closed Fri Oct 24 22:49:23 2003
--- Log opened Sat Oct 25 14:05:50 2003
14:05 !leguin.freenode.net *** Your host is leguin.freenode.net[leguin.acc.umu.se/6667], running version dancer-ircd-1.0.32
--- Log closed Sat Oct 25 14:11:12 2003
--- Log opened Sun Oct 26 08:27:48 2003
08:27 !orwell.freenode.net *** Your host is orwell.freenode.net[orwell.freenode.net/6667], running version dancer-ircd-1.0.32
--- Log closed Sun Oct 26 08:33:16 2003
--- Log opened Mon Oct 27 19:16:32 2003
19:16 !calvino.freenode.net *** Your host is calvino.freenode.net[calvino.freenode.net/6667], running version dancer-ircd-1.0.32
--- Log closed Mon Oct 27 19:21:59 2003
--- Log opened Tue Oct 28 18:59:28 2003
18:59 !orwell.freenode.net *** Your host is orwell.freenode.net[orwell.freenode.net/6667], running version dancer-ircd-1.0.32
--- Log closed Tue Oct 28 19:04:50 2003
--- Log opened Wed Oct 29 22:49:04 2003
22:49 !brunner.freenode.net *** Your host is brunner.freenode.net[brunner.freenode.net/6667], running version dancer-ircd-1.0.32
--- Log closed Wed Oct 29 22:54:34 2003
--- Log opened Thu Oct 30 18:33:58 2003
18:33 !brunner.freenode.net *** Your host is brunner.freenode.net[brunner.freenode.net/6667], running version dancer-ircd-1.0.32
--- Log closed Thu Oct 30 18:39:19 2003
--- Log opened Fri Oct 31 18:45:29 2003
18:45 !brunner.freenode.net *** Your host is brunner.freenode.net[brunner.freenode.net/6667], running version dancer-ircd-1.0.32
--- Log closed Fri Oct 31 18:51:06 2003
--- Log opened Sat Nov 01 12:46:15 2003
12:46 !capek.freenode.net *** Your host is capek.freenode.net[netsplit.atnet.at/6667], running version dancer-ircd-1.0.32
--- Log closed Sat Nov 01 12:51:21 2003
--- Log opened Sun Nov 02 12:26:59 2003
12:26 !brunner.freenode.net *** Your host is brunner.freenode.net[brunner.freenode.net/6667], running version dancer-ircd-1.0.32
--- Log closed Sun Nov 02 12:32:20 2003
--- Log opened Mon Nov 03 15:59:52 2003
15:59 !sterling.freenode.net *** Your host is sterling.freenode.net[freebsd.widexs.nl/6667], running version dancer-ircd-1.0.32
--- Log closed Mon Nov 03 16:05:19 2003
--- Log opened Tue Nov 04 14:46:40 2003
14:46 !herbert.freenode.net *** Your host is herbert.freenode.net[lajnux.nu/6667], running version dancer-ircd-1.0.32
--- Log closed Tue Nov 04 14:52:24 2003
--- Log opened Wed Nov 05 17:37:09 2003
17:37 !calvino.freenode.net *** Your host is calvino.freenode.net[calvino.freenode.net/6667], running version dancer-ircd-1.0.32
--- Log closed Wed Nov 05 17:42:37 2003
--- Log opened Thu Nov 06 15:51:50 2003
15:51 !truong.freenode.net *** Your host is truong.freenode.net[truong.freenode.net/6667], running version dancer-ircd-1.0.32
--- Log closed Thu Nov 06 15:57:24 2003
--- Log opened Sun Nov 09 14:21:34 2003
14:21 !sterling.freenode.net *** Your host is sterling.freenode.net[freebsd.widexs.nl/6667], running version dancer-ircd-1.0.32
--- Log closed Sun Nov 09 14:27:02 2003
--- Log opened Thu Nov 13 19:13:39 2003
19:13 !kornbluth.freenode.net *** Your host is kornbluth.freenode.net[kornbluth.freenode.net/6667], running version dancer-ircd-1.0.32
--- Log closed Thu Nov 13 19:19:06 2003
--- Log opened Fri Nov 14 23:08:32 2003
23:08 !sterling.freenode.net *** Your host is sterling.freenode.net[freebsd.widexs.nl/6667], running version dancer-ircd-1.0.32
--- Log closed Fri Nov 14 23:14:00 2003
--- Log opened Sat Nov 15 08:44:41 2003
08:44 !herbert.freenode.net *** Your host is herbert.freenode.net[lajnux.nu/6667], running version dancer-ircd-1.0.32
--- Log closed Sat Nov 15 08:50:25 2003
--- Log opened Sat Nov 15 14:06:29 2003
14:06 !sterling.freenode.net *** Your host is sterling.freenode.net[freebsd.widexs.nl/6667], running version dancer-ircd-1.0.32
--- Log closed Sat Nov 15 14:11:30 2003
--- Log opened Sat Nov 15 14:43:19 2003
14:43 !leguin.freenode.net *** Your host is leguin.freenode.net[leguin.acc.umu.se/6667], running version dancer-ircd-1.0.32
--- Log closed Sat Nov 15 14:48:47 2003
--- Log opened Sun Nov 16 11:21:28 2003
11:21 !truong.freenode.net *** Your host is truong.freenode.net[truong.freenode.net/6667], running version dancer-ircd-1.0.32
--- Log closed Sun Nov 16 11:26:57 2003
--- Log opened Mon Nov 17 18:30:30 2003
18:30 !herbert.freenode.net *** Your host is herbert.freenode.net[lajnux.nu/6667], running version dancer-ircd-1.0.32
--- Log closed Mon Nov 17 18:36:13 2003
--- Log opened Tue Nov 18 19:47:32 2003
19:47 !herbert.freenode.net *** Your host is herbert.freenode.net[lajnux.nu/6667], running version dancer-ircd-1.0.32
--- Log closed Tue Nov 18 19:53:22 2003
--- Log opened Wed Nov 19 21:03:34 2003
21:03 !sterling.freenode.net *** Your host is sterling.freenode.net[freebsd.widexs.nl/6667], running version dancer-ircd-1.0.32
--- Log closed Wed Nov 19 21:09:01 2003
--- Log opened Sun Nov 23 17:07:21 2003
17:07 !kornbluth.freenode.net *** Your host is kornbluth.freenode.net[kornbluth.freenode.net/6667], running version dancer-ircd-1.0.32
--- Log closed Sun Nov 23 17:12:39 2003
--- Log opened Sun Nov 23 20:29:26 2003
20:29 !leguin.freenode.net *** Your host is leguin.freenode.net[leguin.acc.umu.se/6667], running version dancer-ircd-1.0.32
--- Log closed Sun Nov 23 20:34:55 2003
--- Log opened Mon Nov 24 20:22:51 2003
20:22 !brunner.freenode.net *** Your host is brunner.freenode.net[brunner.freenode.net/6667], running version dancer-ircd-1.0.32
--- Log closed Mon Nov 24 20:28:46 2003
--- Log opened Tue Nov 25 21:14:32 2003
21:14 !calvino.freenode.net *** Your host is calvino.freenode.net[calvino.freenode.net/6667], running version dancer-ircd-1.0.32
--- Log closed Tue Nov 25 21:19:59 2003
--- Log opened Wed Nov 26 22:11:57 2003
22:11 !sterling.freenode.net *** Your host is sterling.freenode.net[freebsd.widexs.nl/6667], running version dancer-ircd-1.0.32
--- Log closed Wed Nov 26 22:17:23 2003
--- Log opened Fri Nov 28 22:49:22 2003
22:49 !calvino.freenode.net *** Your host is calvino.freenode.net[calvino.freenode.net/6667], running version dancer-ircd-1.0.32
--- Log closed Fri Nov 28 22:54:49 2003
--- Log opened Sat Nov 29 14:20:52 2003
14:20 !orwell.freenode.net *** Your host is orwell.freenode.net[orwell.freenode.net/6667], running version dancer-ircd-1.0.32
--- Log closed Sat Nov 29 14:26:20 2003
--- Log opened Sat Nov 29 19:11:30 2003
19:11 !leguin.freenode.net *** Your host is leguin.freenode.net[leguin.acc.umu.se/6667], running version dancer-ircd-1.0.32
--- Log closed Sat Nov 29 19:16:57 2003
--- Log opened Sun Nov 30 11:59:32 2003
11:59 !orwell.freenode.net *** Your host is orwell.freenode.net[orwell.freenode.net/6667], running version dancer-ircd-1.0.32
--- Log closed Sun Nov 30 12:05:00 2003
--- Log opened Sun Nov 30 19:19:49 2003
19:19 !kornbluth.freenode.net *** Your host is kornbluth.freenode.net[kornbluth.freenode.net/6667], running version dancer-ircd-1.0.32
--- Log closed Sun Nov 30 19:25:17 2003
--- Log opened Mon Dec 01 20:22:29 2003
20:22 !sterling.freenode.net *** Your host is sterling.freenode.net[freebsd.widexs.nl/6667], running version dancer-ircd-1.0.32
--- Log closed Mon Dec 01 20:27:56 2003
--- Log opened Tue Dec 02 18:51:45 2003
18:51 !truong.freenode.net *** Your host is truong.freenode.net[truong.freenode.net/6667], running version dancer-ircd-1.0.32
--- Log closed Tue Dec 02 18:57:12 2003
--- Log opened Wed Dec 03 23:05:19 2003
23:05 !calvino.freenode.net *** Your host is calvino.freenode.net[calvino.freenode.net/6667], running version dancer-ircd-1.0.32
--- Log closed Wed Dec 03 23:11:15 2003
--- Log opened Thu Dec 04 19:43:00 2003
19:43 !truong.freenode.net *** Your host is truong.freenode.net[truong.freenode.net/6667], running version dancer-ircd-1.0.32
--- Log closed Thu Dec 04 19:48:10 2003
--- Log opened Sat Dec 06 09:09:08 2003
09:09 !herbert.freenode.net *** Your host is herbert.freenode.net[lajnux.nu/6667], running version dancer-ircd-1.0.32
--- Log closed Sat Dec 06 09:14:24 2003
