--- Log opened Fri Apr 04 11:52:19 2003
11:52 !gibson.freenode.net *** Your host is devnull.cent.uji.es[devnull.cent.uji.es/6667], running version dancer-ircd-1.0.31+maint8-fn6
--- Log closed Fri Apr 04 11:57:48 2003
--- Log opened Wed Jun 11 21:21:22 2003
21:21 !kornbluth.freenode.net *** Your host is bandit.probe-networks.de[bandit.probe-networks.de/6667], running version dancer-ircd-1.0.31+maint8-fn6
--- Log closed Wed Jun 11 21:26:29 2003
--- Log opened Sun Jul 27 17:19:33 2003
17:19 !leguin.freenode.net *** Your host is leguin.acc.umu.se[leguin.acc.umu.se/6667], running version dancer-ircd-1.0.31+maint8-fn6
--- Log closed Sun Jul 27 17:24:34 2003
--- Log opened Mon Jul 28 00:07:16 2003
00:07 !gibson.freenode.net *** Your host is devnull.cent.uji.es[devnull.cent.uji.es/6667], running version dancer-ircd-1.0.31+maint8-fn6
--- Log closed Mon Jul 28 00:12:43 2003
--- Log opened Tue Jul 29 00:15:02 2003
00:15 !gibson.freenode.net *** Your host is devnull.cent.uji.es[devnull.cent.uji.es/6667], running version dancer-ircd-1.0.31+maint8-fn6
--- Log closed Tue Jul 29 00:20:33 2003
--- Log opened Mon Aug 04 21:31:26 2003
21:31 !gibson.freenode.net *** Your host is gibson.freenode.net[devnull.cent.uji.es/6667], running version dancer-ircd-1.0.31+pre23
--- Log closed Mon Aug 04 21:36:56 2003
--- Log opened Tue Sep 16 23:00:23 2003
23:00 !leguin.freenode.net *** Your host is leguin.freenode.net[leguin.acc.umu.se/6667], running version dancer-ircd-1.0.32
--- Log closed Tue Sep 16 23:00:40 2003
--- Log opened Sat Sep 20 11:56:54 2003
11:56 !capek.freenode.net *** Your host is capek.freenode.net[netsplit.atnet.at/6667], running version dancer-ircd-1.0.32
--- Log closed Sat Sep 20 12:02:53 2003
--- Log opened Thu Oct 23 13:24:18 2003
13:24 !truong.freenode.net *** Your host is truong.freenode.net[truong.freenode.net/6667], running version dancer-ircd-1.0.32
--- Log closed Thu Oct 23 13:24:37 2003
--- Log opened Sat Nov 08 19:02:11 2003
19:02 !herbert.freenode.net *** Your host is herbert.freenode.net[lajnux.nu/6667], running version dancer-ircd-1.0.32
--- Log closed Sat Nov 08 19:07:38 2003
