--- Log opened Fri Feb 28 00:49:32 2003
00:49 -!- Irssi: Starting query in bitlbee with root
00:49 <root> JABBER - Logging in: Connecting
00:49 <root> Password accepted
00:49 <root> JABBER - Logging in: Connected
00:49 <root> JABBER - Logging in: Requesting Authentication Method
00:49 <root> JABBER - Logging in: Authenticating
00:49 <root> JABBER - Logged in
--- Log closed Fri Feb 28 00:55:31 2003
--- Log opened Fri Feb 28 10:33:41 2003
10:33 -!- Irssi: Starting query in bitlbee with root
10:33 <root> JABBER - Logging in: Connecting
10:33 <root> Password accepted
10:33 <root> JABBER - Logging in: Connected
10:33 <root> JABBER - Logging in: Requesting Authentication Method
10:33 <root> JABBER - Logging in: Authenticating
10:33 <root> JABBER - Logged in
--- Log closed Fri Feb 28 10:39:40 2003
--- Log opened Sun Mar 02 00:39:00 2003
00:39 -!- Irssi: Starting query in bitlbee with root
00:39 <root> JABBER - Logging in: Connecting
00:39 <root> Password accepted
00:39 <root> JABBER - Logging in: Connected
00:39 <root> JABBER - Logging in: Requesting Authentication Method
00:39 <root> JABBER - Logging in: Authenticating
00:39 <root> JABBER - Logged in
--- Log closed Sun Mar 02 00:44:59 2003
--- Log opened Sun Mar 02 09:46:37 2003
09:46 -!- Irssi: Starting query in bitlbee with root
09:46 <root> JABBER - Logging in: Connecting
09:46 <root> Password accepted
09:46 <root> JABBER - Logging in: Connected
09:46 <root> JABBER - Logging in: Requesting Authentication Method
09:46 <root> JABBER - Logging in: Authenticating
09:46 <root> JABBER - Logged in
--- Log closed Sun Mar 02 09:52:35 2003
--- Log opened Sun Mar 02 20:06:06 2003
20:06 -!- Irssi: Starting query in bitlbee with root
20:06 <root> JABBER - Logging in: Connecting
20:06 <root> Password accepted
20:06 <root> JABBER - Logging in: Connected
20:06 <root> JABBER - Logging in: Requesting Authentication Method
20:06 <root> JABBER - Logging in: Authenticating
20:06 <root> JABBER - Logged in
--- Log closed Sun Mar 02 20:12:04 2003
--- Log opened Mon Mar 03 19:33:03 2003
19:33 -!- Irssi: Starting query in bitlbee with root
19:33 <root> JABBER - Logging in: Connecting
19:33 <root> Password accepted
19:33 <root> JABBER - Logging in: Connected
19:33 <root> JABBER - Logging in: Requesting Authentication Method
19:33 <root> JABBER - Logging in: Authenticating
19:33 <root> JABBER - Logged in
--- Log closed Mon Mar 03 19:39:02 2003
--- Log opened Tue Mar 04 20:06:22 2003
20:06 -!- Irssi: Starting query in bitlbee with root
20:06 <root> JABBER - Logging in: Connecting
20:06 <root> Password accepted
20:06 <root> JABBER - Logging in: Connected
20:06 <root> JABBER - Logging in: Requesting Authentication Method
20:06 <root> JABBER - Logging in: Authenticating
20:06 <root> JABBER - Logged in
--- Log closed Tue Mar 04 20:12:21 2003
--- Log opened Wed Mar 05 15:55:59 2003
15:55 -!- Irssi: Starting query in bitlbee with root
15:55 <root> JABBER - Logging in: Connecting
15:55 <root> Password accepted
15:56 <root> JABBER - Logging in: Connected
15:56 <root> JABBER - Logging in: Requesting Authentication Method
15:56 <root> JABBER - Logging in: Authenticating
15:56 <root> JABBER - Logged in
--- Log closed Wed Mar 05 16:01:53 2003
--- Log opened Wed Mar 05 23:18:35 2003
23:18 -!- Irssi: Starting query in bitlbee with root
23:18 <root> JABBER - Logging in: Connecting
23:18 <root> Password accepted
23:18 <root> JABBER - Logging in: Connected
23:18 <root> JABBER - Logging in: Requesting Authentication Method
23:18 <root> JABBER - Logging in: Authenticating
23:18 <root> JABBER - Logged in
--- Log closed Wed Mar 05 23:24:33 2003
--- Log opened Fri Mar 07 16:27:08 2003
16:27 -!- Irssi: Starting query in bitlbee with root
16:27 <root> JABBER - Logging in: Connecting
16:27 <root> Password accepted
16:27 <root> JABBER - Logging in: Connected
16:27 <root> JABBER - Logging in: Requesting Authentication Method
16:27 <root> JABBER - Logging in: Authenticating
16:27 <root> JABBER - Logged in
--- Log closed Fri Mar 07 16:33:02 2003
--- Log opened Fri Mar 07 23:25:27 2003
23:25 -!- Irssi: Starting query in bitlbee with root
23:25 <root> JABBER - Logging in: Connecting
23:25 <root> Password accepted
23:25 <root> JABBER - Logging in: Connected
23:25 <root> JABBER - Logging in: Requesting Authentication Method
23:25 <root> JABBER - Logging in: Authenticating
23:25 <root> JABBER - Logged in
--- Log closed Fri Mar 07 23:31:26 2003
--- Log opened Sat Mar 08 17:01:49 2003
17:01 -!- Irssi: Starting query in bitlbee with root
17:01 <root> JABBER - Logging in: Connecting
17:01 <root> Password accepted
17:01 <root> JABBER - Logging in: Connected
17:01 <root> JABBER - Logging in: Requesting Authentication Method
17:01 <root> JABBER - Logging in: Authenticating
17:01 <root> JABBER - Logged in
--- Log closed Sat Mar 08 17:07:48 2003
--- Log opened Sun Mar 09 20:34:15 2003
20:34 -!- Irssi: Starting query in bitlbee with root
20:34 <root> JABBER - Logging in: Connecting
20:34 <root> Password accepted
20:34 <root> JABBER - Logging in: Connected
20:34 <root> JABBER - Logging in: Requesting Authentication Method
20:34 <root> JABBER - Logging in: Authenticating
20:34 <root> JABBER - Logged in
--- Log closed Sun Mar 09 20:40:10 2003
--- Log opened Sun Mar 09 20:51:37 2003
20:51 <root> JABBER - Logged out: Connection lost
20:51 <root> JABBER - Signing off..
--- Log closed Sun Mar 09 20:57:10 2003
--- Log opened Mon Mar 10 11:58:17 2003
11:58 -!- Irssi: Starting query in bitlbee with root
11:58 <root> Password accepted
--- Log closed Mon Mar 10 12:04:16 2003
--- Log opened Mon Mar 10 20:33:54 2003
20:33 -!- Irssi: Starting query in bitlbee with root
20:33 <root> Password accepted
--- Log closed Mon Mar 10 20:39:53 2003
--- Log opened Tue Mar 11 22:16:47 2003
22:16 -!- Irssi: Starting query in bitlbee with root
22:16 <root> Password accepted
--- Log closed Tue Mar 11 22:22:46 2003
--- Log opened Wed Mar 12 12:17:40 2003
12:17 -!- Irssi: Starting query in bitlbee with root
12:17 <root> Password accepted
--- Log closed Wed Mar 12 12:23:38 2003
--- Log opened Wed Mar 12 21:24:17 2003
21:24 -!- Irssi: Starting query in bitlbee with root
21:24 <root> JABBER - Logging in: Connecting
21:24 <root> Password accepted
21:24 <root> JABBER - Logging in: Connected
21:24 <root> JABBER - Logging in: Requesting Authentication Method
21:24 <root> JABBER - Logging in: Authenticating
21:24 <root> JABBER - Logged in
--- Log closed Wed Mar 12 21:30:16 2003
--- Log opened Thu Mar 13 11:38:42 2003
11:38 -!- Irssi: Starting query in bitlbee with root
11:38 <root> JABBER - Logging in: Connecting
11:38 <root> Password accepted
11:38 <root> JABBER - Logging in: Connected
11:38 <root> JABBER - Logging in: Requesting Authentication Method
11:38 <root> JABBER - Logging in: Authenticating
11:38 <root> JABBER - Logged in
--- Log closed Thu Mar 13 11:44:41 2003
--- Log opened Thu Mar 13 15:02:02 2003
15:02 -!- Irssi: Starting query in bitlbee with root
15:02 <root> JABBER - Logging in: Connecting
15:02 <root> Password accepted
15:02 <root> JABBER - Logging in: Connected
15:02 <root> JABBER - Logging in: Requesting Authentication Method
15:02 <root> JABBER - Logging in: Authenticating
15:02 <root> JABBER - Logged in
--- Log closed Thu Mar 13 15:08:01 2003
--- Log opened Mon Mar 17 09:28:58 2003
09:28 -!- Irssi: Starting query in bitlbee with root
09:28 <root> JABBER - Logging in: Connecting
09:28 <root> Password accepted
09:28 <root> JABBER - Logging in: Connected
09:28 <root> JABBER - Logging in: Requesting Authentication Method
09:29 <root> JABBER - Logging in: Authenticating
09:29 <root> JABBER - Logged in
--- Log closed Mon Mar 17 09:34:57 2003
--- Log opened Tue Mar 18 11:41:41 2003
11:41 -!- Irssi: Starting query in bitlbee with root
11:41 <root> JABBER - Logging in: Connecting
11:41 <root> Password accepted
11:41 <root> JABBER - Logging in: Connected
11:41 <root> JABBER - Logging in: Requesting Authentication Method
11:41 <root> JABBER - Logging in: Authenticating
11:41 <root> JABBER - Logged in
--- Log closed Tue Mar 18 11:47:40 2003
--- Log opened Tue Mar 18 17:47:49 2003
17:47 -!- Irssi: Starting query in bitlbee with root
17:47 <root> JABBER - Logging in: Connecting
17:47 <root> Password accepted
17:47 <root> JABBER - Logging in: Connected
17:47 <root> JABBER - Logging in: Requesting Authentication Method
17:47 <root> JABBER - Logging in: Authenticating
17:47 <root> JABBER - Logged in
--- Log closed Tue Mar 18 17:53:39 2003
--- Log opened Wed Mar 19 01:00:47 2003
01:00 -!- Irssi: Starting query in bitlbee with root
01:00 <root> JABBER - Logging in: Connecting
01:00 <root> Password accepted
01:00 <root> JABBER - Logging in: Connected
01:00 <root> JABBER - Logging in: Requesting Authentication Method
01:00 <root> JABBER - Logging in: Authenticating
01:00 <root> JABBER - Logged in
--- Log closed Wed Mar 19 01:06:47 2003
--- Log opened Wed Mar 19 09:27:51 2003
09:27 -!- Irssi: Starting query in bitlbee with root
09:27 <root> JABBER - Logging in: Connecting
09:27 <root> Password accepted
09:27 <root> JABBER - Logging in: Connected
09:27 <root> JABBER - Logging in: Requesting Authentication Method
09:27 <root> JABBER - Logging in: Authenticating
09:27 <root> JABBER - Logged in
--- Log closed Wed Mar 19 09:33:50 2003
--- Log opened Wed Mar 19 20:06:16 2003
20:06 <root> JABBER - Logged out: Connection lost
20:06 <root> JABBER - Signing off..
--- Log closed Wed Mar 19 20:12:00 2003
--- Log opened Thu Mar 20 14:50:50 2003
14:50 -!- Irssi: Starting query in bitlbee with root
14:50 <root> Password accepted
--- Log closed Thu Mar 20 14:56:49 2003
--- Log opened Fri Mar 21 20:32:14 2003
20:32 -!- Irssi: Starting query in bitlbee with root
20:32 <root> Password accepted
--- Log closed Fri Mar 21 20:38:13 2003
--- Log opened Sat Mar 22 09:31:52 2003
09:31 -!- Irssi: Starting query in bitlbee with root
09:31 <root> Password accepted
--- Log closed Sat Mar 22 09:37:51 2003
--- Log opened Sat Mar 22 22:47:29 2003
22:47 -!- Irssi: Starting query in bitlbee with root
22:47 <root> Password accepted
--- Log closed Sat Mar 22 22:53:24 2003
--- Log opened Sun Mar 23 23:50:06 2003
23:50 -!- Irssi: Starting query in bitlbee with root
23:50 <root> Password accepted
--- Log closed Sun Mar 23 23:56:05 2003
--- Log opened Mon Mar 24 10:52:00 2003
10:52 -!- Irssi: Starting query in bitlbee with root
10:52 <root> Password accepted
--- Log closed Mon Mar 24 10:57:59 2003
--- Log opened Tue Mar 25 15:19:45 2003
15:19 -!- Irssi: Starting query in bitlbee with root
15:19 <root> Password accepted
--- Log closed Tue Mar 25 15:25:44 2003
--- Log opened Wed Mar 26 11:31:13 2003
11:31 -!- Irssi: Starting query in bitlbee with root
11:31 <root> Password accepted
--- Log closed Wed Mar 26 11:37:12 2003
--- Log opened Wed Mar 26 22:29:07 2003
22:29 -!- Irssi: Starting query in bitlbee with root
22:29 <root> JABBER - Logging in: Connecting
22:29 <root> Password accepted
22:29 <root> JABBER - Logging in: Connected
22:29 <root> JABBER - Logging in: Requesting Authentication Method
22:29 <root> JABBER - Logging in: Authenticating
22:29 <root> JABBER - Logged in
--- Log closed Wed Mar 26 22:35:05 2003
--- Log opened Thu Mar 27 18:10:31 2003
18:10 -!- Irssi: Starting query in bitlbee with root
18:10 <root> JABBER - Logging in: Connecting
18:10 <root> Password accepted
18:10 <root> JABBER - Logging in: Connected
18:10 <root> JABBER - Logging in: Requesting Authentication Method
18:10 <root> JABBER - Logging in: Authenticating
18:10 <root> JABBER - Logged in
--- Log closed Thu Mar 27 18:16:29 2003
--- Log opened Fri Mar 28 10:37:15 2003
10:37 -!- Irssi: Starting query in bitlbee with root
10:37 <root> JABBER - Logging in: Connecting
10:37 <root> Password accepted
10:37 <root> JABBER - Logging in: Connected
10:37 <root> JABBER - Logging in: Requesting Authentication Method
10:37 <root> JABBER - Logging in: Authenticating
10:37 <root> JABBER - Logged in
--- Log closed Fri Mar 28 10:43:14 2003
--- Log opened Fri Mar 28 17:47:08 2003
17:47 <root> JABBER - Logged out: Connection lost
17:47 <root> JABBER - Signing off..
--- Log closed Fri Mar 28 17:52:21 2003
--- Log opened Sat Mar 29 17:33:24 2003
17:33 -!- Irssi: Starting query in bitlbee with root
17:33 <root> Password accepted
--- Log closed Sat Mar 29 17:39:23 2003
--- Log opened Sun Mar 30 14:36:21 2003
14:36 -!- Irssi: Starting query in bitlbee with root
14:36 <root> Password accepted
--- Log closed Sun Mar 30 14:42:19 2003
--- Log opened Sun Mar 30 15:43:06 2003
15:43 -!- Irssi: Starting query in bitlbee with root
15:43 <root> Password accepted
--- Log closed Sun Mar 30 15:49:05 2003
--- Log opened Mon Mar 31 00:28:02 2003
00:28 -!- Irssi: Starting query in bitlbee with root
00:28 <root> Password accepted
--- Log closed Mon Mar 31 00:34:01 2003
--- Log opened Mon Mar 31 16:46:16 2003
16:46 -!- Irssi: Starting query in bitlbee with root
16:46 <root> Password accepted
16:49 <hendry> help login
16:49 <root> Syntax: login <protocol> <username> <password> [<server>]
16:49 <root> 
16:49 <root> Logs in to the given server with the specified protocol, username and password. Specifying the server is optional and principally only necessary when using oscar.
16:49 <root> 
16:49 <root> Example:
16:49 <root> 
16:49 <root> 00:10 < ctrlsoft> login jabber ctrlsoft@jabber.org secret
16:49 <root> 00:10 < root> JABBER - Logging in: Connecting
16:49 <root> 00:10 < root> JABBER - Logging in: Connected
16:49 <root> 00:10 < root> JABBER - Logging in: Requesting Authentication Method
16:49 <root> 00:10 < root> JABBER - Logging in: Authenticating
16:49 <root> 00:10 < root> JABBER - Logged in
16:50 <hendry> help login
16:50 <root> Syntax: login <protocol> <username> <password> [<server>]
16:50 <root> 
16:50 <root> Logs in to the given server with the specified protocol, username and password. Specifying the server is optional and principally only necessary when using oscar.
16:50 <root> 
16:50 <root> Example:
16:50 <root> 
16:50 <root> 00:10 < ctrlsoft> login jabber ctrlsoft@jabber.org secret
16:50 <root> 00:10 < root> JABBER - Logging in: Connecting
16:50 <root> 00:10 < root> JABBER - Logging in: Connected
16:50 <root> 00:10 < root> JABBER - Logging in: Requesting Authentication Method
16:50 <root> 00:10 < root> JABBER - Logging in: Authenticating
16:50 <root> 00:10 < root> JABBER - Logged in
16:50 <hendry> login jabber hendry@amessage.de kaio
16:50 <root> JABBER - Logging in: Connecting
16:50 <root> JABBER - Logging in: Connected
16:50 <root> JABBER - Logging in: Requesting Authentication Method
16:50 <root> JABBER - Logging in: Authenticating
16:50 <root> JABBER - Logged in
--- Log closed Mon Mar 31 16:55:15 2003
--- Log opened Mon Mar 31 22:18:27 2003
22:18 -!- Irssi: Starting query in bitlbee with root
22:18 <root> JABBER - Logging in: Connecting
22:18 <root> Password accepted
22:18 <root> JABBER - Logging in: Connected
22:18 <root> JABBER - Logging in: Requesting Authentication Method
22:18 <root> JABBER - Logging in: Authenticating
22:18 <root> JABBER - Logged in
--- Log closed Mon Mar 31 22:24:26 2003
--- Log opened Tue Apr 01 00:16:22 2003
00:16 -!- Irssi: Starting query in bitlbee with root
00:16 <root> JABBER - Logging in: Connecting
00:16 <root> Password accepted
00:16 <root> JABBER - Logging in: Connected
00:16 <root> JABBER - Logging in: Requesting Authentication Method
00:16 <root> JABBER - Logging in: Authenticating
00:16 <root> JABBER - Logged in
--- Log closed Tue Apr 01 00:22:21 2003
--- Log opened Tue Apr 01 09:26:34 2003
09:26 -!- Irssi: Starting query in bitlbee with root
09:26 <root> JABBER - Logging in: Connecting
09:26 <root> Password accepted
09:26 <root> JABBER - Logging in: Connected
09:26 <root> JABBER - Logging in: Requesting Authentication Method
09:26 <root> JABBER - Logging in: Authenticating
09:26 <root> JABBER - Logged in
--- Log closed Tue Apr 01 09:32:33 2003
--- Log opened Tue Apr 01 11:58:14 2003
11:58 -!- Irssi: Starting query in bitlbee with root
11:58 <root> JABBER - Logging in: Connecting
11:58 <root> Password accepted
11:58 <root> JABBER - Logging in: Connected
11:58 <root> JABBER - Logging in: Requesting Authentication Method
11:58 <root> JABBER - Logging in: Authenticating
11:58 <root> JABBER - Logged in
--- Log closed Tue Apr 01 12:04:13 2003
--- Log opened Thu Apr 03 13:02:48 2003
13:02 -!- Irssi: Starting query in bitlbee with root
13:02 <root> JABBER - Logging in: Connecting
13:02 <root> Password accepted
13:02 <root> JABBER - Logging in: Connected
13:02 <root> JABBER - Logging in: Requesting Authentication Method
13:02 <root> JABBER - Logging in: Authenticating
13:02 <root> JABBER - Logged in
--- Log closed Thu Apr 03 13:08:47 2003
--- Log opened Thu Apr 03 21:12:41 2003
21:12 -!- Irssi: Starting query in bitlbee with root
21:12 <root> JABBER - Logging in: Connecting
21:12 <root> Password accepted
21:12 <root> JABBER - Logging in: Connected
21:12 <root> JABBER - Logging in: Requesting Authentication Method
21:12 <root> JABBER - Logging in: Authenticating
21:12 <root> JABBER - Logged in
--- Log closed Thu Apr 03 21:18:34 2003
--- Log opened Fri Apr 04 12:01:50 2003
12:01 <root> JABBER - Logged out: Connection lost
12:01 <root> JABBER - Signing off..
12:01 <root> JABBER - Logging in: Connecting
12:01 <root> JABBER - Login error: Unable to connect
12:01 <root> JABBER - Signing off..
12:01 <root> Password accepted
--- Log closed Fri Apr 04 12:07:49 2003
--- Log opened Mon Apr 07 21:11:07 2003
21:11 -!- Irssi: Starting query in bitlbee with root
21:11 <root> Password accepted
--- Log closed Mon Apr 07 21:17:06 2003
--- Log opened Wed Apr 09 16:28:30 2003
16:28 -!- Irssi: Starting query in bitlbee with root
16:28 <root> Password accepted
--- Log closed Wed Apr 09 16:34:24 2003
--- Log opened Thu Apr 10 11:07:39 2003
11:07 -!- Irssi: Starting query in bitlbee with root
11:07 <root> Password accepted
--- Log closed Thu Apr 10 11:13:38 2003
--- Log opened Fri Apr 11 16:46:05 2003
16:46 -!- Irssi: Starting query in bitlbee with root
16:46 <root> JABBER - Logging in: Connecting
16:46 <root> Password accepted
16:46 <root> JABBER - Logging in: Connected
16:46 <root> JABBER - Logging in: Requesting Authentication Method
16:46 <root> JABBER - Logging in: Authenticating
16:46 <root> JABBER - Logged in
16:46 <root> Message from unknown JABBER handle 2606549@icq.myjabber.net:
16:46 <root> My dear friend, how are you?
--- Log closed Fri Apr 11 16:52:03 2003
--- Log opened Fri Apr 11 18:41:00 2003
18:41 <root> JABBER - Logging in: Connecting
18:41 <root> Password accepted
18:41 <root> JABBER - Logging in: Connected
18:41 <root> JABBER - Logging in: Requesting Authentication Method
18:41 <root> JABBER - Logging in: Authenticating
18:41 <root> JABBER - Logged in
--- Log closed Fri Apr 11 18:46:05 2003
--- Log opened Fri Apr 11 19:48:32 2003
19:48 <root> JABBER - Logged out: Connection lost
19:48 <root> JABBER - Signing off..
19:48 <root> JABBER - Logging in: Connecting
19:48 <root> Password accepted
19:48 <root> JABBER - Logging in: Connected
19:48 <root> JABBER - Logging in: Requesting Authentication Method
19:48 <root> JABBER - Logging in: Authenticating
19:48 <root> JABBER - Logged in
--- Log closed Fri Apr 11 19:54:06 2003
--- Log opened Sat Apr 12 20:22:27 2003
20:22 -!- Irssi: Starting query in bitlbee with root
20:22 <root> JABBER - Logging in: Connecting
20:22 <root> Password accepted
20:22 <root> JABBER - Logging in: Connected
20:22 <root> JABBER - Logging in: Requesting Authentication Method
20:22 <root> JABBER - Logging in: Authenticating
20:22 <root> JABBER - Logged in
--- Log closed Sat Apr 12 20:28:25 2003
--- Log opened Sun Apr 13 16:29:39 2003
16:29 -!- Irssi: Starting query in bitlbee with root
16:29 <root> Password accepted
--- Log closed Sun Apr 13 16:35:37 2003
--- Log opened Mon Apr 14 09:28:52 2003
09:28 -!- Irssi: Starting query in bitlbee with root
09:28 <root> Password accepted
--- Log closed Mon Apr 14 09:34:51 2003
--- Log opened Mon Apr 14 14:54:27 2003
14:54 <root> Password accepted
--- Log closed Mon Apr 14 14:59:56 2003
--- Log opened Mon Apr 14 15:06:12 2003
15:06 <root> Password accepted
--- Log closed Mon Apr 14 15:11:57 2003
--- Log opened Wed Apr 16 14:36:13 2003
14:36 -!- Irssi: Starting query in bitlbee with root
14:36 <root> Password accepted
--- Log closed Wed Apr 16 14:42:11 2003
--- Log opened Wed Apr 16 20:58:30 2003
20:58 <root> Password accepted
--- Log closed Wed Apr 16 21:04:18 2003
--- Log opened Thu Apr 17 13:54:06 2003
13:54 -!- Irssi: Starting query in bitlbee with root
13:54 <root> Password accepted
--- Log closed Thu Apr 17 14:00:05 2003
--- Log opened Fri Apr 18 11:06:53 2003
11:06 -!- Irssi: Starting query in bitlbee with root
11:06 <root> Password accepted
--- Log closed Fri Apr 18 11:12:52 2003
--- Log opened Fri Apr 18 14:30:08 2003
14:30 -!- Irssi: Starting query in bitlbee with root
14:30 <root> Password accepted
--- Log closed Fri Apr 18 14:36:07 2003
--- Log opened Fri Apr 18 23:38:59 2003
23:38 -!- Irssi: Starting query in bitlbee with root
23:38 <root> Password accepted
--- Log closed Fri Apr 18 23:44:58 2003
--- Log opened Mon Apr 21 22:15:34 2003
22:15 -!- Irssi: Starting query in bitlbee with root
22:15 <root> Password accepted
--- Log closed Mon Apr 21 22:21:33 2003
--- Log opened Tue Apr 22 10:13:42 2003
10:13 -!- Irssi: Starting query in bitlbee with root
10:13 <root> Password accepted
--- Log closed Tue Apr 22 10:19:41 2003
--- Log opened Tue Apr 22 23:30:38 2003
23:30 -!- Irssi: Starting query in bitlbee with root
23:30 <root> JABBER - Logging in: Connecting
23:30 <root> Password accepted
23:30 <root> JABBER - Logging in: Connected
23:30 <root> JABBER - Logging in: Requesting Authentication Method
23:30 <root> JABBER - Logging in: Authenticating
23:30 <root> JABBER - Logged in
--- Log closed Tue Apr 22 23:36:37 2003
--- Log opened Wed Apr 23 10:11:16 2003
10:11 -!- Irssi: Starting query in bitlbee with root
10:11 <root> JABBER - Logging in: Connecting
10:11 <root> Password accepted
10:11 <root> JABBER - Logging in: Connected
10:11 <root> JABBER - Logging in: Requesting Authentication Method
10:11 <root> JABBER - Logging in: Authenticating
10:11 <root> JABBER - Logged in
--- Log closed Wed Apr 23 10:17:15 2003
--- Log opened Wed Apr 23 21:48:18 2003
21:48 -!- Irssi: Starting query in bitlbee with root
21:48 <root> JABBER - Logging in: Connecting
21:48 <root> Password accepted
21:48 <root> JABBER - Logging in: Connected
21:48 <root> JABBER - Logging in: Requesting Authentication Method
21:48 <root> JABBER - Logging in: Authenticating
21:48 <root> JABBER - Logged in
--- Log closed Wed Apr 23 21:54:17 2003
--- Log opened Wed Apr 23 21:57:59 2003
21:57 <root> Message from unknown JABBER handle 691623@icq.myjabber.net:
21:57 <root> hi %) it's Albert. How are you?
--- Log closed Wed Apr 23 22:03:17 2003
--- Log opened Thu Apr 24 16:35:05 2003
16:35 -!- Irssi: Starting query in bitlbee with root
16:35 <root> JABBER - Logging in: Connecting
16:35 <root> Password accepted
16:35 <root> JABBER - Logging in: Connected
16:35 <root> JABBER - Logging in: Requesting Authentication Method
16:35 <root> JABBER - Logging in: Authenticating
16:35 <root> JABBER - Logged in
16:35 <root> The user 691623@icq.myjabber.net wants to add you to their buddy list.
16:35 <root> Type yes to accept or no to reject
--- Log closed Thu Apr 24 16:41:04 2003
--- Log opened Thu Apr 24 20:01:10 2003
20:01 -!- Irssi: Starting query in bitlbee with root
20:01 <root> JABBER - Logging in: Connecting
20:01 <root> Password accepted
20:01 <root> JABBER - Logging in: Connected
20:01 <root> JABBER - Logging in: Requesting Authentication Method
20:01 <root> JABBER - Logging in: Authenticating
20:01 <root> JABBER - Logged in
20:01 <root> The user 691623@icq.myjabber.net wants to add you to their buddy list.
20:01 <root> Type yes to accept or no to reject
--- Log closed Thu Apr 24 20:07:10 2003
--- Log opened Thu Apr 24 23:08:56 2003
23:08 <root> Nick '/bin/sh' does not exist!
--- Log closed Thu Apr 24 23:14:13 2003
--- Log opened Fri Apr 25 09:25:22 2003
09:25 -!- Irssi: Starting query in bitlbee with root
09:25 <root> JABBER - Logging in: Connecting
09:25 <root> Password accepted
09:25 <root> JABBER - Logging in: Connected
09:25 <root> JABBER - Logging in: Requesting Authentication Method
09:25 <root> JABBER - Logging in: Authenticating
09:25 <root> JABBER - Logged in
--- Log closed Fri Apr 25 09:31:21 2003
--- Log opened Fri Apr 25 13:25:45 2003
13:25 <root> Error 502 - Error: Server Connect Failed
--- Log closed Fri Apr 25 13:31:25 2003
--- Log opened Fri Apr 25 23:19:46 2003
23:19 -!- Irssi: Starting query in bitlbee with root
23:19 <root> JABBER - Logging in: Connecting
23:19 <root> Password accepted
23:19 <root> JABBER - Logging in: Connected
23:19 <root> JABBER - Logging in: Requesting Authentication Method
23:19 <root> JABBER - Logging in: Authenticating
23:19 <root> JABBER - Logged in
--- Log closed Fri Apr 25 23:25:44 2003
--- Log opened Sat Apr 26 15:45:52 2003
15:45 -!- Irssi: Starting query in bitlbee with root
15:45 <root> JABBER - Logging in: Connecting
15:45 <root> Password accepted
15:45 <root> JABBER - Logging in: Connected
15:45 <root> JABBER - Logging in: Requesting Authentication Method
15:45 <root> JABBER - Logging in: Authenticating
15:45 <root> JABBER - Logged in
--- Log closed Sat Apr 26 15:51:51 2003
--- Log opened Sun Apr 27 10:29:58 2003
10:29 -!- Irssi: Starting query in bitlbee with root
10:29 <root> Password accepted
--- Log closed Sun Apr 27 10:35:57 2003
--- Log opened Mon Apr 28 11:15:51 2003
11:15 -!- Irssi: Starting query in bitlbee with root
11:15 <root> Password accepted
--- Log closed Mon Apr 28 11:21:50 2003
--- Log opened Tue Apr 29 13:59:25 2003
13:59 -!- Irssi: Starting query in bitlbee with root
13:59 <root> Password accepted
--- Log closed Tue Apr 29 14:05:24 2003
--- Log opened Tue Apr 29 20:47:46 2003
20:47 -!- Irssi: Starting query in bitlbee with root
20:47 <root> Password accepted
--- Log closed Tue Apr 29 20:53:45 2003
--- Log opened Wed Apr 30 13:24:01 2003
13:24 -!- Irssi: Starting query in bitlbee with root
13:24 <root> Password accepted
--- Log closed Wed Apr 30 13:29:59 2003
--- Log opened Thu May 01 11:40:33 2003
11:40 -!- Irssi: Starting query in bitlbee with root
11:40 <root> Password accepted
--- Log closed Thu May 01 11:46:31 2003
--- Log opened Sat May 03 14:07:17 2003
14:07 -!- Irssi: Starting query in bitlbee with root
14:07 <root> Password accepted
--- Log closed Sat May 03 14:13:16 2003
--- Log opened Sun May 04 13:37:35 2003
13:37 -!- Irssi: Starting query in bitlbee with root
13:37 <root> Password accepted
--- Log closed Sun May 04 13:43:34 2003
--- Log opened Mon May 05 00:24:55 2003
00:24 -!- Irssi: Starting query in bitlbee with root
00:24 <root> Password accepted
--- Log closed Mon May 05 00:24:57 2003
--- Log opened Mon May 05 20:57:19 2003
20:57 -!- Irssi: Starting query in bitlbee with root
20:57 <root> Password accepted
--- Log closed Mon May 05 21:03:17 2003
--- Log opened Tue May 06 12:07:37 2003
12:07 -!- Irssi: Starting query in bitlbee with root
12:07 <root> Password accepted
--- Log closed Tue May 06 12:13:35 2003
--- Log opened Tue May 06 22:48:51 2003
22:48 -!- Irssi: Starting query in bitlbee with root
22:48 <root> ICQ - Logging in: Signon: 2386684
22:48 <root> Password accepted
22:48 <root> ICQ - Logging in: Connection established, cookie sent
22:48 <root> ICQ - Logged in
22:49 <root> Message from unknown ICQ handle 303916119:
22:49 <root> evil -> iiwil enjoy the nightmares heihei
--- Log closed Tue May 06 22:54:49 2003
--- Log opened Wed May 07 11:43:51 2003
11:43 -!- Irssi: Starting query in bitlbee with root
11:43 <root> ICQ - Logging in: Signon: 2386684
11:43 <root> Password accepted
11:43 <root> ICQ - Logging in: Connection established, cookie sent
11:43 <root> ICQ - Logged in
--- Log closed Wed May 07 11:49:49 2003
--- Log opened Wed May 07 15:15:11 2003
15:15 -!- Irssi: Starting query in bitlbee with root
15:15 <root> ICQ - Logging in: Signon: 2386684
15:15 <root> Password accepted
15:15 <root> ICQ - Logging in: Connection established, cookie sent
15:15 <root> ICQ - Logged in
--- Log closed Wed May 07 15:21:10 2003
--- Log opened Wed May 07 19:12:45 2003
19:12 <root> ICQ - Logged out: Disconnected.
19:12 <root> ICQ - Signing off..
--- Log closed Wed May 07 19:18:14 2003
--- Log opened Fri May 09 15:58:10 2003
15:58 -!- Irssi: Starting query in bitlbee with root
15:58 <root> Password accepted
--- Log closed Fri May 09 16:04:09 2003
--- Log opened Fri May 09 21:15:21 2003
21:15 -!- Irssi: Starting query in bitlbee with root
21:15 <root> Password accepted
--- Log closed Fri May 09 21:21:19 2003
--- Log opened Sun May 11 15:47:31 2003
15:47 -!- Irssi: Starting query in bitlbee with root
15:47 <root> Password accepted
--- Log closed Sun May 11 15:53:29 2003
--- Log opened Sun May 11 19:45:02 2003
19:45 -!- Irssi: Starting query in bitlbee with root
19:45 <root> Password accepted
--- Log closed Sun May 11 19:51:00 2003
--- Log opened Mon May 12 22:56:31 2003
22:56 -!- Irssi: Starting query in bitlbee with root
22:56 <root> Password accepted
--- Log closed Mon May 12 23:02:30 2003
--- Log opened Tue May 13 21:08:04 2003
21:08 -!- Irssi: Starting query in bitlbee with root
21:08 <root> Password accepted
--- Log closed Tue May 13 21:14:03 2003
--- Log opened Wed May 14 21:59:53 2003
21:59 -!- Irssi: Starting query in bitlbee with root
21:59 <root> Password accepted
--- Log closed Wed May 14 22:05:52 2003
--- Log opened Mon May 19 22:08:56 2003
22:08 -!- Irssi: Starting query in bitlbee with root
22:08 <root> Password accepted
--- Log closed Mon May 19 22:14:55 2003
--- Log opened Tue May 20 13:54:20 2003
13:54 -!- Irssi: Starting query in bitlbee with root
13:54 <root> Password accepted
--- Log closed Tue May 20 14:00:19 2003
--- Log opened Wed May 21 15:58:29 2003
15:58 -!- Irssi: Starting query in bitlbee with root
15:58 <root> Password accepted
--- Log closed Wed May 21 16:04:28 2003
--- Log opened Fri May 23 16:00:25 2003
16:00 -!- Irssi: Starting query in bitlbee with root
16:00 <root> Password accepted
--- Log closed Fri May 23 16:06:24 2003
--- Log opened Fri May 23 22:09:07 2003
22:09 -!- Irssi: Starting query in bitlbee with root
22:09 <root> Password accepted
--- Log closed Fri May 23 22:14:07 2003
--- Log opened Sat May 24 10:46:46 2003
10:46 -!- Irssi: Starting query in bitlbee with root
10:46 <root> Password accepted
--- Log closed Sat May 24 10:52:45 2003
--- Log opened Sun May 25 12:47:57 2003
12:47 -!- Irssi: Starting query in bitlbee with root
12:47 <root> Password accepted
--- Log closed Sun May 25 12:53:55 2003
--- Log opened Mon May 26 22:17:22 2003
22:17 -!- Irssi: Starting query in bitlbee with root
22:17 <root> Password accepted
--- Log closed Mon May 26 22:23:21 2003
--- Log opened Tue May 27 11:49:26 2003
11:49 -!- Irssi: Starting query in bitlbee with root
11:49 <root> Password accepted
--- Log closed Tue May 27 11:55:25 2003
--- Log opened Tue May 27 22:45:40 2003
22:45 -!- Irssi: Starting query in bitlbee with root
22:45 <root> Password accepted
--- Log closed Tue May 27 22:51:39 2003
--- Log opened Wed Jun 11 20:44:48 2003
20:44 -!- Irssi: Starting query in bitlbee with root
20:44 <root> Password accepted
--- Log closed Wed Jun 11 20:50:47 2003
--- Log opened Wed Jun 11 21:10:29 2003
21:10 -!- Irssi: Starting query in bitlbee with root
21:10 <root> Password accepted
--- Log closed Wed Jun 11 21:15:29 2003
--- Log opened Thu Jun 12 12:05:43 2003
12:05 -!- Irssi: Starting query in bitlbee with root
12:05 <root> Password accepted
--- Log closed Thu Jun 12 12:11:42 2003
--- Log opened Fri Jun 13 13:49:08 2003
13:49 -!- Irssi: Starting query in bitlbee with root
13:49 <root> Password accepted
--- Log closed Fri Jun 13 13:55:07 2003
--- Log opened Mon Sep 15 13:57:29 2003
13:57 -!- Irssi: Starting query in bitlbee with root
13:57 <root> Warning: The login command is now obsolete, please use account on and/or account add instead. This command will stop working in future versions.
13:57 <root> Account successfully added
13:57 <root> Trying to get all accounts connected...
13:57 <root> JABBER - Logging in: Connecting
13:57 <root> Password accepted
13:57 <root> JABBER - Logging in: Connected
13:57 <root> JABBER - Logging in: Requesting Authentication Method
13:57 <root> JABBER - Logging in: Authenticating
13:57 <root> JABBER - Logged in
13:58 <hendry> help account
13:58 <root> Syntax: account <action> [<arguments>]
13:58 <root> 
13:58 <root> Available actions: add, del, list, on, off
13:58 <root> 
13:58 <root> See help account <action> for more information
13:58 <hendry> help account add
13:58 <root> Syntax: account add <protocol> <username> <password> [<server>]
13:58 <root> 
13:58 <root> Adds an account on the given server with the specified protocol, username and password to the account list. Specifying the server is optional and principally only necessary when using oscar.
13:58 <root> The following protocols are supported at the moment: jabber, msn, yahoo and oscar (For AIM/ICQ. For AIM use server login.oscar.aol.com, for ICQ use server login.icq.com. For the other protocols you don't have to specify a server.)
13:58 <root> 
13:58 <root> Example:
13:58 <root> 
13:58 <root> <wilmer> account add oscar 72696705 hobbelmeeuw login.icq.com
13:58 <root> <root> Account successfully added
13:58 <hendry> help account del
13:58 <root> Syntax: account del <number>
13:58 <root> 
13:58 <root> This commands deletes an account from your account list. You should signoff the account before deleting it.
13:58 <root> 
13:58 <root> Try account list if you don't know what account number you want.
13:58 <hendry> account list
13:58 <root>  0. JABBER, hendry@amessage.de (connected)
13:58 <root> End of account list
13:58 <hendry> account del 0
13:58 <root> Account is still logged in, can't delete
13:58 <hendry> help
13:58 <root> BitlBee help system
13:58 <root> 
13:58 <root> Type help quickstart for a quick introduction to the Bee. You can get help information for any command, just type help <command>. To get a list of commands, type help commands. For a list of all available help topics, try help index.
13:58 <root> 
13:58 <root> BitlBee is written by Wilmer van der Gaast together with Sjoerd Hemminga, Jelmer Vernooij and others. Bug reports and other kinds of feedback can be sent by e-mail to wilmer@gaast.net. (There is no BitlBee mailing list)
13:58 <root> Or just join #BitlBee on OFTC (irc.oftc.net) (OFTC, *not* FreeNode! Some people accidentally joined #BitlBee on FreeNode already, which is just an empty channel) and flame us right in the face. :-)
13:58 <hendry> help commands
13:58 <root> BitlBee commands:
13:58 <root>   help     - BitlBee help system
13:58 <root>   register - Register yourself
13:58 <root>   identify - Identify yourself with your password
13:58 <root>   account  - IM-account list maintenance
13:58 <root>   blist    - List all the buddies in your contact list
13:58 <root>   add      - Add a buddy to your contact list
13:58 <root>   info     - Request user information
13:58 <root>   rename   - Rename (renick) a buddy
13:58 <root>   remove   - Remove a buddy from your contact list
13:58 <root>   block    - Block someone
13:58 <root>   allow    - Unblock someone
13:58 <root>   save     - Save your account data
13:58 <root>   set      - Miscellaneous settings
13:58 <root>   yes      - Accept a request
13:58 <root>   no       - Deny a request
13:59 <hendry> help account
13:59 <root> Syntax: account <action> [<arguments>]
13:59 <root> 
13:59 <root> Available actions: add, del, list, on, off
13:59 <root> 
13:59 <root> See help account <action> for more information
13:59 <hendry> help account off
13:59 <root> Syntax: account off <number>
13:59 <root> 
13:59 <root> This command disconnects the connection for the specified account.
13:59 <root> 
13:59 <root> Try account list if you don't know what account number you want.
13:59 <hendry> account off 0
13:59 <root> JABBER - Signing off..
13:59 <hendry> account del 0
13:59 <root> Account deleted
13:59 <hendry> help account add
13:59 <root> Syntax: account add <protocol> <username> <password> [<server>]
13:59 <root> 
13:59 <root> Adds an account on the given server with the specified protocol, username and password to the account list. Specifying the server is optional and principally only necessary when using oscar.
13:59 <root> The following protocols are supported at the moment: jabber, msn, yahoo and oscar (For AIM/ICQ. For AIM use server login.oscar.aol.com, for ICQ use server login.icq.com. For the other protocols you don't have to specify a server.)
13:59 <root> 
13:59 <root> Example:
13:59 <root> 
13:59 <root> <wilmer> account add oscar 72696705 hobbelmeeuw login.icq.com
13:59 <root> <root> Account successfully added
13:59 <hendry> account add yahoo dadraqsta peachbus618
13:59 <root> Account successfully added
13:59 <hendry> account on 0
13:59 <root> YAHOO - Logging in: Connecting
13:59 <root> YAHOO - Logged in
13:59 <root> Message from unknown YAHOO handle YahooMessengerTeam:
13:59 <root> Yahoo! is upgrading to its newest version of Yahoo! Messenger on September 24, 2003. The upgrade is part of an ongoing process to continually enhance the overall quality of the Yahoo! Messenger service for our millions of users. Please download the latest version at http://messenger.yahoo.com
--- Log closed Mon Sep 15 14:05:28 2003
--- Log opened Mon Sep 15 14:32:23 2003
14:32 <root> Message from unknown YAHOO handle otrova_kruf:
14:32 <root> Hi sê, 
14:33 <hendry> help
14:33 <root> BitlBee help system
14:33 <root> 
14:33 <root> Type help quickstart for a quick introduction to the Bee. You can get help information for any command, just type help <command>. To get a list of commands, type help commands. For a list of all available help topics, try help index.
14:33 <root> 
14:33 <root> BitlBee is written by Wilmer van der Gaast together with Sjoerd Hemminga, Jelmer Vernooij and others. Bug reports and other kinds of feedback can be sent by e-mail to wilmer@gaast.net. (There is no BitlBee mailing list)
14:33 <root> Or just join #BitlBee on OFTC (irc.oftc.net) (OFTC, *not* FreeNode! Some people accidentally joined #BitlBee on FreeNode already, which is just an empty channel) and flame us right in the face. :-)
14:34 <hendry> help commands
14:34 <root> BitlBee commands:
14:34 <root>   help     - BitlBee help system
14:34 <root>   register - Register yourself
14:34 <root>   identify - Identify yourself with your password
14:34 <root>   account  - IM-account list maintenance
14:34 <root>   blist    - List all the buddies in your contact list
14:34 <root>   add      - Add a buddy to your contact list
14:34 <root>   info     - Request user information
14:34 <root>   rename   - Rename (renick) a buddy
14:34 <root>   remove   - Remove a buddy from your contact list
14:34 <root>   block    - Block someone
14:34 <root>   allow    - Unblock someone
14:34 <root>   save     - Save your account data
14:34 <root>   set      - Miscellaneous settings
14:34 <root>   yes      - Accept a request
14:34 <root>   no       - Deny a request
14:34 <hendry> info otrova_kruf
14:34 <root> Nick 'otrova_kruf' does not exist
14:34 <hendry> add otrova_kruf
14:34 <root> Not enough parameters given (need 2)
14:34 <hendry> help add
14:34 <root> Syntax: add <connection> <handle>
14:34 <root> 
14:34 <root> Adds the given buddy at the specified connection to your buddy list. The connection number can be retrieved with the account list command.
14:34 <root> 
14:34 <root> Example:
14:34 <root> 
14:34 <root> 00:15 < ctrlsoft> add 3 gryp@jabber.org
14:34 <root> 00:15 -!- gryp (gryp@jabber.org) has joined #bitlbee
14:34 <hendry> add 0 otrova_kruf
14:35 <hendry> accounts list
14:35 <root> Unknown command: accounts. Please use help commands to get a list of available commands.
14:35 <hendry> account list
14:35 <root>  0. YAHOO, dadraqsta (connected)
14:35 <root> End of account list
--- Log closed Mon Sep 15 14:40:29 2003
--- Log opened Tue Sep 16 22:43:58 2003
22:43 -!- Irssi: Starting query in bitlbee with root
22:43 <root> Account successfully added
22:43 <root> Trying to get all accounts connected...
22:43 <root> YAHOO - Logging in: Connecting
22:43 <root> Password accepted
22:44 <root> YAHOO - Logged in
22:44 <root> Message from unknown YAHOO handle YahooMessengerTeam:
22:44 <root> Yahoo! is upgrading to its newest version of Yahoo! Messenger on September 24, 2003. The upgrade is part of an ongoing process to continually enhance the overall quality of the Yahoo! Messenger service for our millions of users. Please download the latest version at http://messenger.yahoo.com
--- Log closed Tue Sep 16 22:47:49 2003
