--- Log opened Sun Dec 14 18:44:34 2003
18:44 !irc.fi.quakenet.org *** Looking up your hostname
18:44 !irc.fi.quakenet.org *** Checking Ident
18:44 !irc.fi.quakenet.org *** Found your hostname
18:45 !irc.fi.quakenet.org *** No ident response
--- Log closed Sun Dec 14 18:50:33 2003
--- Log opened Mon Dec 15 23:08:35 2003
23:08 !irc.fi.quakenet.org *** Looking up your hostname
23:08 !irc.fi.quakenet.org *** Checking Ident
23:08 !irc.fi.quakenet.org *** Found your hostname
23:09 !irc.fi.quakenet.org *** No ident response
--- Log closed Mon Dec 15 23:14:35 2003
--- Log opened Tue Dec 16 14:03:30 2003
14:03 !irc.fi.quakenet.org *** Looking up your hostname
14:03 !irc.fi.quakenet.org *** Checking Ident
14:03 !irc.fi.quakenet.org *** Found your hostname
14:04 !irc.fi.quakenet.org *** No ident response
--- Log closed Tue Dec 16 14:10:28 2003
--- Log opened Tue Dec 16 18:08:06 2003
18:08 !irc.fi.quakenet.org *** Looking up your hostname
18:08 !irc.fi.quakenet.org *** Checking Ident
18:08 !irc.fi.quakenet.org *** Found your hostname
18:09 !irc.fi.quakenet.org *** No ident response
--- Log closed Tue Dec 16 18:14:05 2003
--- Log opened Tue Dec 16 19:59:20 2003
19:59 !irc.fi.quakenet.org *** Looking up your hostname
19:59 !irc.fi.quakenet.org *** Checking Ident
19:59 !irc.fi.quakenet.org *** Found your hostname
20:00 !irc.fi.quakenet.org *** No ident response
--- Log closed Tue Dec 16 20:05:19 2003
