--- Log opened Sun Dec 14 18:45:34 2003
18:45 !mediatraffic.fi.quakenet.org Highest connection count: 5592 (5590 clients)
18:45 !mediatraffic.fi.quakenet.org on 1 ca 1(4) ft 20(20)
--- Log closed Sun Dec 14 18:51:33 2003
--- Log opened Mon Dec 15 23:09:34 2003
23:09 !pelikaista.fi.quakenet.org Highest connection count: 3906 (3905 clients)
23:09 !pelikaista.fi.quakenet.org on 1 ca 1(4) ft 20(20)
--- Log closed Mon Dec 15 23:14:35 2003
--- Log opened Tue Dec 16 14:04:31 2003
14:04 !pelikaista.fi.quakenet.org Highest connection count: 3906 (3905 clients)
14:04 !pelikaista.fi.quakenet.org on 1 ca 1(4) ft 20(20)
--- Log closed Tue Dec 16 14:10:28 2003
--- Log opened Tue Dec 16 18:09:05 2003
18:09 !pelikaista.fi.quakenet.org Highest connection count: 3906 (3905 clients)
18:09 !pelikaista.fi.quakenet.org on 1 ca 1(4) ft 20(20)
--- Log closed Tue Dec 16 18:14:05 2003
--- Log opened Tue Dec 16 20:00:19 2003
20:00 !pelikaista.fi.quakenet.org Highest connection count: 3906 (3905 clients)
20:00 !pelikaista.fi.quakenet.org on 1 ca 1(4) ft 20(20)
--- Log closed Tue Dec 16 20:05:19 2003
--- Log opened Wed Dec 17 21:58:32 2003
21:58 !pelikaista.fi.quakenet.org Highest connection count: 4463 (4462 clients)
21:58 !pelikaista.fi.quakenet.org on 1 ca 1(4) ft 20(20)
22:22 !pelikaista.fi.quakenet.org Highest connection count: 4463 (4462 clients)
22:22 !pelikaista.fi.quakenet.org on 1 ca 1(4) ft 20(20)
--- Log closed Wed Dec 17 22:27:32 2003
--- Log opened Thu Dec 18 00:03:27 2003
00:03 !pelikaista.fi.quakenet.org Highest connection count: 4463 (4462 clients)
00:03 !pelikaista.fi.quakenet.org on 1 ca 1(4) ft 20(20)
--- Log closed Thu Dec 18 00:08:32 2003
