--- Log opened Sun Dec 14 18:45:34 2003
18:45 -Q(TheQBot@CServe.quakenet.org)- AUTH'd successfully.
18:45 -Q(TheQBot@CServe.quakenet.org)- Remember: NO-ONE from QuakeNet will ever ask for your password.  NEVER send your password to ANYONE except Q@CServe.quakenet.org.
18:45 -Q(TheQBot@CServe.quakenet.org)- [#buncs] Welcome to Bath Uni Network Computing Society! http://www.bath.ac.uk/~su8buncs
--- Log closed Sun Dec 14 18:51:33 2003
--- Log opened Mon Dec 15 23:09:34 2003
23:09 -Q(TheQBot@CServe.quakenet.org)- AUTH'd successfully.
23:09 -Q(TheQBot@CServe.quakenet.org)- Remember: NO-ONE from QuakeNet will ever ask for your password.  NEVER send your password to ANYONE except Q@CServe.quakenet.org.
23:09 -Q(TheQBot@CServe.quakenet.org)- [#buncs] Welcome to Bath Uni Network Computing Society! http://www.bath.ac.uk/~su8buncs
--- Log closed Mon Dec 15 23:15:35 2003
--- Log opened Tue Dec 16 14:04:32 2003
14:04 -Q(TheQBot@CServe.quakenet.org)- AUTH'd successfully.
14:04 -Q(TheQBot@CServe.quakenet.org)- Remember: NO-ONE from QuakeNet will ever ask for your password.  NEVER send your password to ANYONE except Q@CServe.quakenet.org.
14:04 -Q(TheQBot@CServe.quakenet.org)- [#buncs] Welcome to Bath Uni Network Computing Society! http://www.bath.ac.uk/~su8buncs
--- Log closed Tue Dec 16 14:10:28 2003
--- Log opened Tue Dec 16 18:09:05 2003
18:09 -Q(TheQBot@CServe.quakenet.org)- AUTH'd successfully.
18:09 -Q(TheQBot@CServe.quakenet.org)- Remember: NO-ONE from QuakeNet will ever ask for your password.  NEVER send your password to ANYONE except Q@CServe.quakenet.org.
18:09 -Q(TheQBot@CServe.quakenet.org)- [#buncs] Welcome to Bath Uni Network Computing Society! http://www.bath.ac.uk/~su8buncs
--- Log closed Tue Dec 16 18:15:05 2003
