--- Log opened Sun Mar 02 20:35:42 2003
20:35 !london.rhizomatic.net *** Looking up your hostname...
20:35 !london.rhizomatic.net *** Checking Ident
20:35 !london.rhizomatic.net *** Found your hostname
20:36 !london.rhizomatic.net *** No Ident response
--- Log closed Sun Mar 02 20:42:05 2003
--- Log opened Mon Mar 24 19:42:21 2003
19:42 !london.rhizomatic.net *** Looking up your hostname...
19:42 !london.rhizomatic.net *** Checking Ident
19:42 !london.rhizomatic.net *** Found your hostname
19:42 !london.rhizomatic.net *** No Ident response
--- Log closed Mon Mar 24 19:48:05 2003
--- Log opened Sat Jun 21 22:10:17 2003
22:10 !irc.rhizomatic.net *** Looking up your hostname...
22:10 !irc.rhizomatic.net *** Found your hostname
--- Log closed Sat Jun 21 22:16:16 2003
--- Log opened Sun Jun 22 11:34:14 2003
11:34 !irc.rhizomatic.net *** Looking up your hostname...
11:34 !irc.rhizomatic.net *** Found your hostname
--- Log closed Sun Jun 22 11:40:03 2003
--- Log opened Mon Jun 23 12:30:36 2003
12:30 !irc.rhizomatic.net *** Looking up your hostname...
12:30 !irc.rhizomatic.net *** Found your hostname
--- Log closed Mon Jun 23 12:36:20 2003
--- Log opened Tue Jun 24 15:50:38 2003
15:50 !irc.rhizomatic.net *** Looking up your hostname...
15:50 !irc.rhizomatic.net *** Found your hostname
--- Log closed Tue Jun 24 15:56:31 2003
--- Log opened Thu Jun 26 10:42:00 2003
10:42 !irc.rhizomatic.net *** Looking up your hostname...
10:42 !irc.rhizomatic.net *** Found your hostname
--- Log closed Thu Jun 26 10:47:40 2003
--- Log opened Thu Jun 26 19:40:34 2003
19:40 !irc.rhizomatic.net *** Looking up your hostname...
19:40 !irc.rhizomatic.net *** Found your hostname
--- Log closed Thu Jun 26 19:46:16 2003
--- Log opened Fri Jun 27 16:18:47 2003
16:18 !irc.rhizomatic.net *** Looking up your hostname...
16:19 !irc.rhizomatic.net *** Couldn't look up your hostname
--- Log closed Fri Jun 27 16:24:46 2003
--- Log opened Sat Jun 28 11:57:23 2003
11:57 !irc.rhizomatic.net *** Looking up your hostname...
11:57 !irc.rhizomatic.net *** Found your hostname
--- Log closed Sat Jun 28 12:03:13 2003
--- Log opened Sun Jun 29 10:26:03 2003
10:26 !irc.rhizomatic.net *** Looking up your hostname...
10:26 !irc.rhizomatic.net *** Found your hostname
--- Log closed Sun Jun 29 10:31:43 2003
--- Log opened Sun Jun 29 19:31:17 2003
19:31 !irc.rhizomatic.net *** Looking up your hostname...
19:31 !irc.rhizomatic.net *** Found your hostname
--- Log closed Sun Jun 29 19:37:09 2003
--- Log opened Mon Jun 30 13:58:27 2003
13:58 !irc.rhizomatic.net *** Looking up your hostname...
13:58 !irc.rhizomatic.net *** Found your hostname
--- Log closed Mon Jun 30 14:03:54 2003
--- Log opened Mon Jun 30 18:51:58 2003
18:51 !irc.rhizomatic.net *** Looking up your hostname...
18:51 !irc.rhizomatic.net *** Found your hostname
--- Log closed Mon Jun 30 18:57:30 2003
--- Log opened Tue Jul 01 15:02:27 2003
15:02 !irc.rhizomatic.net *** Looking up your hostname...
15:02 !irc.rhizomatic.net *** Couldn't look up your hostname
--- Log closed Tue Jul 01 15:07:59 2003
--- Log opened Wed Jul 02 11:03:04 2003
11:03 !irc.rhizomatic.net *** Looking up your hostname...
11:03 !irc.rhizomatic.net *** Found your hostname
--- Log closed Wed Jul 02 11:08:30 2003
--- Log opened Thu Jul 03 13:12:23 2003
13:12 !irc.rhizomatic.net *** Looking up your hostname...
13:12 !irc.rhizomatic.net *** Found your hostname
--- Log closed Thu Jul 03 13:17:39 2003
--- Log opened Sat Jul 05 17:29:24 2003
17:29 !irc.rhizomatic.net *** Looking up your hostname...
17:29 !irc.rhizomatic.net *** Found your hostname
--- Log closed Sat Jul 05 17:34:44 2003
--- Log opened Sun Jul 06 13:35:23 2003
13:35 !irc.rhizomatic.net *** Looking up your hostname...
13:35 !irc.rhizomatic.net *** Found your hostname
--- Log closed Sun Jul 06 13:41:09 2003
--- Log opened Tue Jul 08 16:25:02 2003
16:25 !irc.rhizomatic.net *** Looking up your hostname...
16:25 !irc.rhizomatic.net *** Couldn't look up your hostname
--- Log closed Tue Jul 08 16:30:41 2003
--- Log opened Sun Jul 13 19:43:24 2003
19:43 !irc.rhizomatic.net *** Looking up your hostname...
19:43 !irc.rhizomatic.net *** Found your hostname
--- Log closed Sun Jul 13 19:49:12 2003
--- Log opened Fri Jul 18 23:20:00 2003
23:20 !irc.rhizomatic.net *** Looking up your hostname...
23:20 !irc.rhizomatic.net *** Found your hostname
--- Log closed Fri Jul 18 23:25:48 2003
--- Log opened Sun Jul 27 17:04:36 2003
17:04 !irc.rhizomatic.net *** Looking up your hostname...
17:04 !irc.rhizomatic.net *** Checking Ident
17:05 !irc.rhizomatic.net *** Found your hostname
17:05 !irc.rhizomatic.net *** No Ident response
--- Log closed Sun Jul 27 17:10:34 2003
--- Log opened Sun Jul 27 18:21:21 2003
18:21 !irc.rhizomatic.net *** Looking up your hostname...
18:21 !irc.rhizomatic.net *** Checking Ident
18:21 !irc.rhizomatic.net *** Found your hostname
18:21 !irc.rhizomatic.net *** No Ident response
--- Log closed Sun Jul 27 18:26:36 2003
--- Log opened Sun Jul 27 22:43:36 2003
22:43 !irc.rhizomatic.net *** Looking up your hostname...
22:43 !irc.rhizomatic.net *** Checking Ident
22:43 !irc.rhizomatic.net *** Found your hostname
22:43 !irc.rhizomatic.net *** No Ident response
--- Log closed Sun Jul 27 22:49:42 2003
--- Log opened Mon Jul 28 20:09:37 2003
20:09 !irc.rhizomatic.net *** Looking up your hostname...
20:09 !irc.rhizomatic.net *** Checking Ident
20:09 !irc.rhizomatic.net *** Found your hostname
20:09 !irc.rhizomatic.net *** No Ident response
--- Log closed Mon Jul 28 20:15:29 2003
--- Log opened Thu Jul 31 19:40:45 2003
19:40 !irc.rhizomatic.net *** Looking up your hostname...
19:40 !irc.rhizomatic.net *** Checking Ident
19:40 !irc.rhizomatic.net *** Found your hostname
19:40 !irc.rhizomatic.net *** No Ident response
--- Log closed Thu Jul 31 19:46:35 2003
--- Log opened Thu Jul 31 21:03:44 2003
21:03 !irc.rhizomatic.net *** Looking up your hostname...
21:03 !irc.rhizomatic.net *** Checking Ident
21:03 !irc.rhizomatic.net *** Found your hostname
21:03 !irc.rhizomatic.net *** No Ident response
--- Log closed Thu Jul 31 21:09:36 2003
--- Log opened Sat Aug 02 17:07:20 2003
17:07 !irc.rhizomatic.net *** Looking up your hostname...
17:07 !irc.rhizomatic.net *** Checking Ident
17:07 !irc.rhizomatic.net *** Found your hostname
17:07 !irc.rhizomatic.net *** No Ident response
--- Log closed Sat Aug 02 17:13:05 2003
--- Log opened Sun Aug 03 22:35:13 2003
22:35 !irc.rhizomatic.net *** Looking up your hostname...
22:35 !irc.rhizomatic.net *** Checking Ident
22:35 !irc.rhizomatic.net *** Found your hostname
22:35 !irc.rhizomatic.net *** No Ident response
--- Log closed Sun Aug 03 22:41:12 2003
--- Log opened Mon Aug 04 18:11:14 2003
18:11 !irc.rhizomatic.net *** Looking up your hostname...
18:11 !irc.rhizomatic.net *** Checking Ident
18:11 !irc.rhizomatic.net *** Found your hostname
18:11 !irc.rhizomatic.net *** No Ident response
--- Log closed Mon Aug 04 18:17:22 2003
--- Log opened Mon Aug 04 21:30:00 2003
21:30 !irc.rhizomatic.net *** Looking up your hostname...
21:30 !irc.rhizomatic.net *** Checking Ident
21:30 !irc.rhizomatic.net *** Found your hostname
21:30 !irc.rhizomatic.net *** No Ident response
--- Log closed Mon Aug 04 21:35:56 2003
--- Log opened Thu Aug 07 12:19:56 2003
12:19 !irc.rhizomatic.net *** Looking up your hostname...
12:19 !irc.rhizomatic.net *** Checking Ident
12:19 !irc.rhizomatic.net *** Found your hostname
12:20 !irc.rhizomatic.net *** No Ident response
--- Log closed Thu Aug 07 12:25:55 2003
--- Log opened Fri Aug 08 16:53:12 2003
16:53 !irc.rhizomatic.net *** Looking up your hostname...
16:53 !irc.rhizomatic.net *** Checking Ident
16:53 !irc.rhizomatic.net *** No Ident response
16:53 !irc.rhizomatic.net *** Couldn't look up your hostname
--- Log closed Fri Aug 08 16:59:10 2003
--- Log opened Mon Aug 11 16:29:35 2003
16:29 !irc.rhizomatic.net *** Looking up your hostname...
16:29 !irc.rhizomatic.net *** Checking Ident
16:29 !irc.rhizomatic.net *** No Ident response
16:30 !irc.rhizomatic.net *** Couldn't look up your hostname
--- Log closed Mon Aug 11 16:35:36 2003
--- Log opened Wed Aug 13 14:14:17 2003
14:14 !irc.rhizomatic.net *** Looking up your hostname...
14:14 !irc.rhizomatic.net *** Checking Ident
14:14 !irc.rhizomatic.net *** Found your hostname
14:14 !irc.rhizomatic.net *** No Ident response
--- Log closed Wed Aug 13 14:20:15 2003
--- Log opened Thu Aug 14 14:32:42 2003
14:32 !irc.rhizomatic.net *** Looking up your hostname...
14:32 !irc.rhizomatic.net *** Checking Ident
14:32 !irc.rhizomatic.net *** Found your hostname
14:32 !irc.rhizomatic.net *** No Ident response
--- Log closed Thu Aug 14 14:38:23 2003
--- Log opened Fri Aug 15 13:36:19 2003
13:36 !irc.rhizomatic.net *** Looking up your hostname...
13:36 !irc.rhizomatic.net *** Checking Ident
13:36 !irc.rhizomatic.net *** Found your hostname
13:36 !irc.rhizomatic.net *** No Ident response
--- Log closed Fri Aug 15 13:41:41 2003
--- Log opened Sat Aug 16 23:19:20 2003
23:19 !irc.rhizomatic.net *** Looking up your hostname...
23:19 !irc.rhizomatic.net *** Checking Ident
23:19 !irc.rhizomatic.net *** Found your hostname
23:19 !irc.rhizomatic.net *** No Ident response
--- Log closed Sat Aug 16 23:25:18 2003
--- Log opened Sun Aug 17 12:14:48 2003
12:14 !irc.rhizomatic.net *** Looking up your hostname...
12:14 !irc.rhizomatic.net *** Checking Ident
12:14 !irc.rhizomatic.net *** Found your hostname
12:14 !irc.rhizomatic.net *** No Ident response
--- Log closed Sun Aug 17 12:20:47 2003
--- Log opened Sun Aug 17 16:03:19 2003
16:03 !irc.rhizomatic.net *** Looking up your hostname...
16:03 !irc.rhizomatic.net *** Checking Ident
16:03 !irc.rhizomatic.net *** Found your hostname
16:03 !irc.rhizomatic.net *** No Ident response
--- Log closed Sun Aug 17 16:08:51 2003
--- Log opened Sun Aug 17 16:16:04 2003
16:16 !irc.rhizomatic.net *** Looking up your hostname...
16:16 !irc.rhizomatic.net *** Checking Ident
16:16 !irc.rhizomatic.net *** Found your hostname
16:16 !irc.rhizomatic.net *** No Ident response
--- Log closed Sun Aug 17 16:21:51 2003
--- Log opened Sun Aug 17 16:39:57 2003
16:39 !irc.rhizomatic.net *** Looking up your hostname...
16:39 !irc.rhizomatic.net *** Checking Ident
16:39 !irc.rhizomatic.net *** Found your hostname
16:40 !irc.rhizomatic.net *** No Ident response
--- Log closed Sun Aug 17 16:45:51 2003
--- Log opened Sun Aug 17 17:30:01 2003
17:30 !irc.rhizomatic.net *** Looking up your hostname...
17:30 !irc.rhizomatic.net *** Checking Ident
17:30 !irc.rhizomatic.net *** Found your hostname
17:30 !irc.rhizomatic.net *** No Ident response
--- Log closed Sun Aug 17 17:35:52 2003
--- Log opened Sun Aug 17 21:32:14 2003
21:32 !irc.rhizomatic.net *** Looking up your hostname...
21:32 !irc.rhizomatic.net *** Checking Ident
21:32 !irc.rhizomatic.net *** Found your hostname
21:32 !irc.rhizomatic.net *** No Ident response
--- Log closed Sun Aug 17 21:38:05 2003
--- Log opened Mon Aug 18 20:12:16 2003
20:12 !irc.rhizomatic.net *** Looking up your hostname...
20:12 !irc.rhizomatic.net *** Checking Ident
20:12 !irc.rhizomatic.net *** Found your hostname
20:12 !irc.rhizomatic.net *** No Ident response
--- Log closed Mon Aug 18 20:17:39 2003
--- Log opened Wed Aug 20 08:25:36 2003
08:25 !irc.rhizomatic.net *** Looking up your hostname...
08:25 !irc.rhizomatic.net *** Checking Ident
08:25 !irc.rhizomatic.net *** Found your hostname
08:25 !irc.rhizomatic.net *** No Ident response
--- Log closed Wed Aug 20 08:31:34 2003
--- Log opened Wed Aug 20 15:20:36 2003
15:20 !irc.rhizomatic.net *** Looking up your hostname...
15:20 !irc.rhizomatic.net *** Checking Ident
15:20 !irc.rhizomatic.net *** Found your hostname
15:20 !irc.rhizomatic.net *** No Ident response
--- Log closed Wed Aug 20 15:26:41 2003
--- Log opened Sun Sep 14 14:00:38 2003
14:00 !irc.rhizomatic.net *** Looking up your hostname...
14:00 !irc.rhizomatic.net *** Checking Ident
14:00 !irc.rhizomatic.net *** Found your hostname
14:00 !irc.rhizomatic.net *** Got Ident response
--- Log closed Sun Sep 14 14:05:39 2003
--- Log opened Sun Sep 14 17:08:41 2003
17:08 !irc.rhizomatic.net *** Looking up your hostname...
17:08 !irc.rhizomatic.net *** Checking Ident
17:08 !irc.rhizomatic.net *** Found your hostname
17:08 !irc.rhizomatic.net *** Got Ident response
--- Log closed Sun Sep 14 17:14:26 2003
--- Log opened Mon Sep 15 09:16:18 2003
09:16 !irc.rhizomatic.net *** Looking up your hostname...
09:16 !irc.rhizomatic.net *** Checking Ident
09:16 !irc.rhizomatic.net *** Found your hostname
09:16 !irc.rhizomatic.net *** Got Ident response
--- Log closed Mon Sep 15 09:22:16 2003
