--- Log opened Sun Mar 02 20:36:16 2003
20:36 !london.rhizomatic.net *** Your host is london.rhizomatic.net[london.rhizomatic.net/6667], running version 2.8/hybrid-6.2
--- Log closed Sun Mar 02 20:42:05 2003
--- Log opened Mon Mar 24 19:42:55 2003
19:42 !london.rhizomatic.net *** Your host is london.rhizomatic.net[london.rhizomatic.net/6667], running version 2.8/hybrid-6.2
--- Log closed Mon Mar 24 19:48:05 2003
--- Log opened Sat Jun 21 22:10:17 2003
22:10 !token.rhizomatic.net *** Your host is token.rhizomatic.net, running version 2.8/hybrid-5.3p7
22:10 !token.rhizomatic.net *** Notice -- motd was last changed at 12/6/2000 14:12
--- Log closed Sat Jun 21 22:16:16 2003
--- Log opened Sun Jun 22 11:34:14 2003
11:34 !token.rhizomatic.net *** Your host is token.rhizomatic.net, running version 2.8/hybrid-5.3p7
11:34 !token.rhizomatic.net *** Notice -- motd was last changed at 12/6/2000 14:12
--- Log closed Sun Jun 22 11:40:03 2003
--- Log opened Mon Jun 23 12:30:36 2003
12:30 !token.rhizomatic.net *** Your host is token.rhizomatic.net, running version 2.8/hybrid-5.3p7
12:30 !token.rhizomatic.net *** Notice -- motd was last changed at 12/6/2000 14:12
--- Log closed Mon Jun 23 12:36:20 2003
--- Log opened Tue Jun 24 15:50:38 2003
15:50 !token.rhizomatic.net *** Your host is token.rhizomatic.net, running version 2.8/hybrid-5.3p7
15:50 !token.rhizomatic.net *** Notice -- motd was last changed at 12/6/2000 14:12
--- Log closed Tue Jun 24 15:56:31 2003
--- Log opened Thu Jun 26 10:42:00 2003
10:42 !token.rhizomatic.net *** Your host is token.rhizomatic.net, running version 2.8/hybrid-5.3p7
10:42 !token.rhizomatic.net *** Notice -- motd was last changed at 12/6/2000 14:12
--- Log closed Thu Jun 26 10:47:40 2003
--- Log opened Thu Jun 26 19:40:34 2003
19:40 !token.rhizomatic.net *** Your host is token.rhizomatic.net, running version 2.8/hybrid-5.3p7
19:40 !token.rhizomatic.net *** Notice -- motd was last changed at 12/6/2000 14:12
--- Log closed Thu Jun 26 19:46:16 2003
--- Log opened Fri Jun 27 16:19:19 2003
16:19 !token.rhizomatic.net *** Your host is token.rhizomatic.net, running version 2.8/hybrid-5.3p7
16:19 !token.rhizomatic.net *** Notice -- motd was last changed at 12/6/2000 14:12
--- Log closed Fri Jun 27 16:24:46 2003
--- Log opened Sat Jun 28 11:57:24 2003
11:57 !token.rhizomatic.net *** Your host is token.rhizomatic.net, running version 2.8/hybrid-5.3p7
11:57 !token.rhizomatic.net *** Notice -- motd was last changed at 12/6/2000 14:12
--- Log closed Sat Jun 28 12:03:13 2003
--- Log opened Sun Jun 29 10:26:04 2003
10:26 !token.rhizomatic.net *** Your host is token.rhizomatic.net, running version 2.8/hybrid-5.3p7
10:26 !token.rhizomatic.net *** Notice -- motd was last changed at 12/6/2000 14:12
--- Log closed Sun Jun 29 10:31:43 2003
--- Log opened Sun Jun 29 19:31:17 2003
19:31 !token.rhizomatic.net *** Your host is token.rhizomatic.net, running version 2.8/hybrid-5.3p7
19:31 !token.rhizomatic.net *** Notice -- motd was last changed at 12/6/2000 14:12
--- Log closed Sun Jun 29 19:37:09 2003
--- Log opened Mon Jun 30 13:58:28 2003
13:58 !token.rhizomatic.net *** Your host is token.rhizomatic.net, running version 2.8/hybrid-5.3p7
13:58 !token.rhizomatic.net *** Notice -- motd was last changed at 12/6/2000 14:12
--- Log closed Mon Jun 30 14:03:54 2003
--- Log opened Mon Jun 30 18:51:58 2003
18:51 !token.rhizomatic.net *** Your host is token.rhizomatic.net, running version 2.8/hybrid-5.3p7
18:51 !token.rhizomatic.net *** Notice -- motd was last changed at 12/6/2000 14:12
--- Log closed Mon Jun 30 18:57:30 2003
--- Log opened Tue Jul 01 15:02:58 2003
15:02 !token.rhizomatic.net *** Your host is token.rhizomatic.net, running version 2.8/hybrid-5.3p7
15:02 !token.rhizomatic.net *** Notice -- motd was last changed at 12/6/2000 14:12
--- Log closed Tue Jul 01 15:07:59 2003
--- Log opened Wed Jul 02 11:03:04 2003
11:03 !token.rhizomatic.net *** Your host is token.rhizomatic.net, running version 2.8/hybrid-5.3p7
11:03 !token.rhizomatic.net *** Notice -- motd was last changed at 12/6/2000 14:12
--- Log closed Wed Jul 02 11:08:30 2003
--- Log opened Thu Jul 03 13:12:23 2003
13:12 !token.rhizomatic.net *** Your host is token.rhizomatic.net, running version 2.8/hybrid-5.3p7
13:12 !token.rhizomatic.net *** Notice -- motd was last changed at 12/6/2000 14:12
--- Log closed Thu Jul 03 13:17:39 2003
--- Log opened Sat Jul 05 17:29:25 2003
17:29 !token.rhizomatic.net *** Your host is token.rhizomatic.net, running version 2.8/hybrid-5.3p7
17:29 !token.rhizomatic.net *** Notice -- motd was last changed at 12/6/2000 14:12
--- Log closed Sat Jul 05 17:34:44 2003
--- Log opened Sun Jul 06 13:35:24 2003
13:35 !token.rhizomatic.net *** Your host is token.rhizomatic.net, running version 2.8/hybrid-5.3p7
13:35 !token.rhizomatic.net *** Notice -- motd was last changed at 12/6/2000 14:12
--- Log closed Sun Jul 06 13:41:09 2003
--- Log opened Tue Jul 08 16:25:33 2003
16:25 !token.rhizomatic.net *** Your host is token.rhizomatic.net, running version 2.8/hybrid-5.3p7
16:25 !token.rhizomatic.net *** Notice -- motd was last changed at 12/6/2000 14:12
--- Log closed Tue Jul 08 16:30:41 2003
--- Log opened Sun Jul 13 19:43:25 2003
19:43 !token.rhizomatic.net *** Your host is token.rhizomatic.net, running version 2.8/hybrid-5.3p7
19:43 !token.rhizomatic.net *** Notice -- motd was last changed at 12/6/2000 14:12
--- Log closed Sun Jul 13 19:49:12 2003
--- Log opened Fri Jul 18 23:20:01 2003
23:20 !token.rhizomatic.net *** Your host is token.rhizomatic.net, running version 2.8/hybrid-5.3p7
23:20 !token.rhizomatic.net *** Notice -- motd was last changed at 12/6/2000 14:12
--- Log closed Fri Jul 18 23:25:48 2003
