--- Log opened Sun Jun 22 16:38:01 2003
16:38 -!- Irssi: Starting query in Rhizomatic with Magnus
16:38 <Kai> maggy speak to me
16:38 <Kai> please
16:38 <Kai> Do you have icq or jabber?
--- Log closed Sun Jun 22 16:44:08 2003
--- Log opened Sun Jun 22 17:47:19 2003
17:47 <Magnus> yo yo
17:47 <Kai> Hi
17:47 <Kai> Is that calender on bradford provided by MT somehow ?
17:48 <Magnus> yes it is
17:48 <Magnus> mmmmmmmmmmmmmmmagic
17:48 <Kai> I want to follow the design for my parent's cottage they are renting out
17:48 <Kai> a calender would be useful for bookings
17:49 <Kai> Just to stare at more than put stuff on it
17:49 <Kai> Or I love those tabs
17:49 <Kai> ALSO I ..
17:50 <Kai> btw is there some MT image gallery thingie?
17:50  * Kai is lagged
17:56 <Magnus> no
--- Log closed Sun Jun 22 18:01:09 2003
--- Log opened Sun Jun 22 18:03:53 2003
18:03 <Kai> Can I ask how that calender part is done?
--- Log closed Sun Jun 22 18:09:09 2003
--- Log opened Sun Jun 22 18:18:03 2003
18:18 <Magnus> yes
18:19 <Magnus> www.bradfordonavon.com
18:19 <Magnus> click the little 'MT' in the bottom left
18:19 <Magnus> login with Kay/hendry
18:20 <Magnus> do NOT fuc with anything :)
18:21 <Magnus> do NOT fuck with anything :)
18:21 <Magnus> don't press Save or Rebuild or anything
18:21 <Magnus> but you should be able to decipher the templates
--- Log closed Sun Jun 22 18:27:10 2003
--- Log opened Sun Jun 22 18:33:48 2003
18:33 <Kai> cheers. I will do this. Busy atm
--- Log closed Sun Jun 22 18:39:10 2003
--- Log opened Sun Jun 22 19:53:09 2003
19:53 <Kai> That login does not work?
19:53 <Kai> Invalid login. 
--- Log closed Sun Jun 22 19:59:11 2003
--- Log opened Sun Jun 22 20:25:33 2003
20:25 <Magnus> Kai/hendry
20:26 <Kai> oh :)
20:30 <Kai> aha I see
20:31 <Kai> but it is difficult to span weeks for example
--- Log closed Sun Jun 22 20:36:12 2003
--- Log opened Mon Jun 23 00:17:24 2003
00:17 <Kai> You there?
--- Log closed Mon Jun 23 00:23:15 2003
--- Log opened Mon Jun 23 13:34:41 2003
13:34 -!- Irssi: Starting query in Rhizomatic with Magnus
13:34 <Magnus> no
--- Log closed Mon Jun 23 13:40:21 2003
--- Log opened Mon Jun 23 13:56:17 2003
13:56 <Kai> ? 
--- Log closed Mon Jun 23 14:01:22 2003
