--- Log opened Sun Jun 15 15:50:34 2003
15:50 -!- hendry [~hendry@hoas-50dd0044.hoasnet.inet.fi] has joined #hoas
15:50 -!- Irssi: #hoas: Total of 17 nicks [7 ops, 0 halfops, 0 voices, 10 normal]
15:50 -!- Irssi: Join to #hoas was synced in 2 secs
15:50 < hendry> Quarterbr: are you home?
15:52 < suski_> son mökillä
16:00 <@Cousteau> Son of the beach
16:02 -!- Cousteau is now known as Costee
16:03 -!- Costee is now known as Cousteau
18:53 -!- mabalmi [~mabalmi@hki1-1-1-e4.hoasnet.inet.fi] has quit [EOF From client]
19:03 -!- mabalmi [Mabalmi@hki1-1-1-e4.hoasnet.inet.fi] has joined #hoas
19:06 -!- mabalmi is now known as tonde
20:15 -!- tonde [Mabalmi@hki1-1-1-e4.hoasnet.inet.fi] has quit []
20:26 -!- uaz1 [~jarij@hki2-1-4-37.hoasnet.inet.fi] has quit [www.aanet.tk]
20:32 -!- Blob [blob@karvainen.nallukka.net] has joined #hoas
20:45 -!- Gkml [joni@nubilus.decet.fi] has quit [Lost terminal]
22:13 -!- tonde [Mabalmi@hki1-1-1-e4.hoasnet.inet.fi] has joined #hoas
22:13 -!- tonde is now known as mabalmi
22:52 -!- mode/#hoas [+o mabalmi] by Cousteau
23:32 -!- suski_ [pits@hki1-2-4-6a.hoasnet.inet.fi] has quit [Ping timeout]
23:47 -!- Netsplit *.belnet.be <-> *.at quits: zillo
23:48 -!- Netsplit over, joins: zillo
23:53 -!- Quarterbr is now known as QBAway
--- Log closed Mon Jun 16 00:42:23 2003
