--- Log opened Sun Dec 07 00:00:03 2003
00:13 -!- liw [~liw@ip212-226-168-229.adsl.kpnqwest.fi] has quit ["Pink timeout"]
00:22 -!- TheBlueWizard [TheBlueWiz@207.111.96.96] has joined #debian-fi
--- Log closed Sun Dec 07 01:00:54 2003
--- Log opened Sun Dec 07 17:22:10 2003
17:22 -!- hendry [~hendry@cs180011.pp.htv.fi] has joined #debian-fi
17:22 -!- Irssi: #debian-fi: Total of 21 nicks [0 ops, 0 halfops, 0 voices, 21 normal]
17:22 -!- Irssi: Join to #debian-fi was synced in 11 secs
17:25 -!- Viiru [~viiru@cs189010.pp.htv.fi] has quit [Nick collision from services.]
17:25 -!- Viiru [~viiru@cs189228.pp.htv.fi] has joined #debian-fi
18:54 -!- misty [~null@b-195-165.cable.kpy.customers.dnainternet.fi] has quit ["Lifett‰m‰‰n"]
19:15 -!- Netsplit herbert.freenode.net <-> irc.freenode.net quits: jni, Talvi
19:17 -!- Netsplit over, joins: jni
21:10 -!- Talvi [winter@talvi.lnet.lut.fi] has joined #debian-fi
21:12 < tpr> jaa-a, unstablessa on kuitenkin jo 2.4 t‰ll‰ hetkell‰.
21:31 < hendry>  deny
21:31 < hendry> deniing ?
21:41 < liiwi> nih
21:41 < desaster> juh
21:41 < hendry> denying
21:42 < hendry> sorry my english
21:42 < liiwi> denim
21:42 < liiwi> dynaam
21:42 < liiwi> today, I've been mostly lisping
21:44 < Viiru> Lisping is nice every now and then.
21:44 < Viiru> This week I've mostly been speaking python.
21:44 < Viiru> I should probably get some packages, too.
21:46 < desaster> I've been "speaking" ircii lately
22:19 -!- liw [~liw@ip212-226-168-229.adsl.kpnqwest.fi] has joined #debian-fi
22:36 < liiwi> moi
22:37 < ibid> liw: moi
22:37 < liw> moi
22:38 < liw> m√§ en ole jaksanut t√§n√§ viikonloppuna EoC:t√§ h√§k√§t (tiedoksi liiwille ja ibidille), Lodju vienyt kaiken ajan
22:43 < ibid> juu
22:46 < liw> jos ty√∂t ei est√§, m√§ pid√§n parin viikon joulu-uusivuosi-loman ja parin p√§iv√§n nukkumisen j√§lkeen toivottavasti olen sopivassa h√§kk√§ysvireess√§ tekem√§√§n oleellisia asioita kummallekin aktiiviselle projektilleni
22:46  * ibid yritt‰‰ p‰‰st‰ taas grep-dctrl:‰‰n kiinni
22:47 < liw> se oli yksi niist√§ inhottavista publibin k√§ytt√§jist√§, jotka est√§v√§t mua tappamasta koko kirjastoa? :)
22:50 < ibid> :)
22:51 < ibid> periaatteessa m‰ voisin toki ottaa sen yhden funktion osaksi
22:51 < ibid> grep-dctrl:‰‰
22:51 < ibid> poistuu se build-depends
22:53 < liw> mik√§ funktio?
22:55 < liw> ja juu, kyll√§ mulle sopii yhden funktion kopiointi, emm√§ publibi√§ erityisemmin yll√§pid√§ kuitenkaan
22:55 < ibid> xgetaline
22:56 < liw> ack
22:56 < ibid> hm?
22:56 < liw> "hm?"?
22:56 < ibid> "ack"?  (acknowledge vai jotain muuta?)
22:57 < liw> acknowledge, juu
22:57 < ibid> :)
22:57 < ibid> olen vaan joskus n‰hnyt ackia k‰ytett‰v‰n pettymyksen tms merkkin‰
22:58 < liw> m√§ k√§yt√§n sit√§ ihan vaan ascii kuutosena :)
22:58 < ibid> m‰ sanon yleens‰ "ok" :)
22:58 < liw> ack tai check tai ok tai jotain muuta, pit√§√§ olla vaihtelua el√§m√§ss√§ :)
22:58 < ibid> heh
23:02 < ibid> onko niit‰ muita kuin grep-dctrl?
23:03 < liw> oli niit√§ vissiin yksi tai kaksi lis√§√§, joilla on B-D publib-deviin
23:04 < ibid> ajk@kukkaruukku[23:04:01]:ajk$ grep-dctrl -F Build-Depends publib -sPackage /var/lib/apt/lists/ftp.fi.debian.org_debian_dists_unstable_main_source_Sources 
23:04 < ibid> Package: dwww
23:04 < ibid> Package: falselogin
23:04 < ibid> Package: grep-dctrl
23:04 < ibid> Package: liwc
23:04 < ibid> Package: sex
23:05 < liw> m√§ tiesin, ett√§ grep-dctrl:sta on jotain hy√∂ty√§ :)
23:05 < ibid> :)
23:05 < liw> dwww oli sekin alunperin mun softa - montakohan vuotta menee viel√§, ett√§ se saadaan kitketty√§ pois
23:06 < ibid> heh
23:06 < liw> sex ei ole ongelma, m√§ olen aikeissa luopua siit√§kin, jahka l√∂yd√§n kivan korvaavan editorin
23:06 < ibid> liwc?
23:06 < liw> liwc voi olla ongelma, mutta ehk√§ siit√§ selvi√§√§ kopioimalla muutaman funktion tms
23:06 < ibid> sen se rmccmt oli hauska
23:07 < liw> rmccmt on kiva, m√§ l√∂ysin sill√§ C-kurssini harjoitust√∂ist√§ plagiaatin
23:08 < ibid> mulla on sellainen patenttikoodirivinlaskija c:lle joka k‰ytt‰‰ rmccmt:t‰
23:08 < ibid> oletkos muuten cycloneen tutustunut?
23:08 < liw> en oo, se oli joku C:n korvaajakieli?
23:09 < ibid> joo
23:09 < ibid> melkein c-sorsayhteensopiva
23:09 < ibid> lis‰‰ aluepohjaisen muistinhallinnan, diskriminoidut unionit ja tyyppiturvallisuuden
23:09 < liw> dark on tainnut muutaman kerran mainita, m√§ en jaksa innostua j√§lleen yhdest√§ C:n korvaajasta, m√§ haluan korkeamman tason kielen
23:09 < ibid> tuossa on monia sellaisia ominaisuuksia
23:10 < ibid> mun mielikieli olisi kai C++ done right :)
23:10 < ibid> eli kieli joka on sek‰ korkean ett‰ matalan tason
23:10 < liw> m√§ olen, ei kovin yll√§tt√§en, ollut tyk√§stynyt lispahtaviin kieliin viime aikoina (spesifiesti omaan lispiini)
23:10 < ibid> heh
23:10 < liw> oma lisp, hyv√§ lisp :)
23:10 < ibid> mulla oli lisp-kuherrusvuosi pari vuotta sitten
23:10 < ibid> :)
23:11 < ibid> yksi mun backburner-projekteista on attoscheme
23:11 < liw> mut toisaalta m√§ haluaisin k√§√§nn√∂saikaisia tyyppitarkistuksia yms kivaa my√∂s
23:11 < ibid> oletko ml-sukuisiin kieliin tutustunut?
23:11 < ibid> sml, ocaml
23:12 < liw> en viel√§
23:12 < liw> v√§h√§n O'Camlin jotain manuskaa luin, ja Haskellin, siin√§ se
23:12 < ibid> (mun fo-luentomonisteessa on haskellia)
23:13 < liw> mulla on liikaa t√∂it√§, m√§ en ehdi leikkim√§√§n tarpeeksi :(
23:13 < ibid> :)
23:13 < ibid> sanoim
23:14 < ibid> mulla on tosin onneksi intohimo kielten tutkimiseen ja kehittelyyn, sit‰ tulee tehty‰ joka tapauksessa
23:15 < liw> jup ja se on hyv√§
23:15 < liw> m√§ en oikeasti taida olla kieltentutkija, m√§ vaan olen nyt vuoden tms halunnut l√∂yt√§√§ uuden kielen Pythonin tilalle
23:16 < ibid> mulla on nyt sellainen projekti jossa teen C:n n‰kˆisen kielen jossa on algebralliset tietotyypit
23:16 < ibid> ja joka toteutetaan translaattorilla joka tekee mahdollisimman luettavaa seet‰
23:16 < ibid> l‰hinn‰ opetustarkoituksiin
23:17 < ibid> ongelma on se ett‰ mulle tulee koko ajan lis‰‰ cooleja featureja mieleen
23:17 < liw> mulla on se hyv√§ puoli, ettei mun purkkiin mahdu kovin paljoa isompaa kielen toteutusta, jo nytkin linkkeri meni pist√§m√§√§n C:n pinon ja yhden staattisen taulukon p√§√§llek√§in
23:18 < ibid> ohoh
23:18 < liw> selv√§ bugi
23:26 < liiwi> twin: t‰n‰‰n olen suurimmaksi osaksi lispsahdellut
23:27 < liw> twin, huu, mit√§s?
23:28 < liiwi> aloitin tuossa lukemaan 'structure and interpretation of computer programs, 2nd ed' nimist‰ teosta, ja oli pakko kokeilla hiuka siin‰ k‰siteltyj‰ asioita
23:29 < liw> m√§ p√§√§sin ekan tai tokan luvun loppuun ja sit m√§ tein oman lispin :)
23:29 < liw> pit√§is lukea lpoutkin, tai ehk√§ katsoa ne opetusvideot
23:29 < liiwi> koin useamman kuin yhden ahaa-el‰myksen
23:29 < liw> niin m√§kin silloin
23:32 < ibid> niin m‰kin silloin :)
23:34 < liw> SICP kuuluu kyll√§ ehdottomasti "Necessary computer books" -luettelooni
23:34 < liiwi> juu
23:34 < liiwi> kyll‰
23:35 < liiwi> tuollaista kun olisi opetettu yl‰asteen 'atk' tunneilla..
23:37 < liw> ai teill√§ oli yl√§asteella, meill√§ oli vaan lukiossa ja sekin oli eksperimetnaalista
23:39 < ibid> samoin
23:39 < liiwi> logoa ja pascalia ja basic:ia
23:39 < ibid> eik‰ meill‰ ollut ohjelmointia
23:39 < liiwi> yl‰asteella oli vaan jotain wordin ja excelin k‰pistely‰... me pelattiin vaan mechwarrioria :)
23:39 < liw> m√§ istuin enimm√§kseen yksin mikroluokassa kun muut oli kuuntelemassa opettajaa luokkahuoneessa
--- Log closed Mon Dec 08 00:00:33 2003
