--- Log opened Mon Apr 14 15:04:26 2003
15:04 -!- draq [~hendry@hoas-50dd045f.hoasnet.inet.fi] has joined #fortress.uk
15:04 -!- Irssi: #fortress.uk: Total of 66 nicks [14 ops, 0 halfops, 7 voices, 45 normal]
15:04 -!- Irssi: Join to #fortress.uk was synced in 1 secs
15:04 <+G09> :P
15:04 <+Cereal|Fo> queerer
15:05 <@Deathace> go get vietcong
15:05 <@Deathace> mp rox
15:05 <+Cereal|Fo> heard it was just eye candy
15:05 <+Weasel_> queerier
15:05 <+Cereal|Fo> oh mp
15:05 <+Cereal|Fo> now thats another kettle of fish
15:05 < ZaPpeh> What occurs once in every two minutes, twice in every moment, yet never in a thousand years?
15:05 <+Cereal|Fo> Deathace got the files lyign about ? :p
15:05 <+Cereal|Fo> im missing like 3
15:05 <@Deathace> just been playing it fuckin neat mp i tell ya
15:06 <@Deathace> gooks all over the shop
15:06 <+Weasel_> m
15:06 < Fragster> ZaPpeh: M
15:06 < ZaPpeh> \o/
15:06 -!- mode/#fortress.uk [+v Fragster] by Goatee
15:06 <@Alpha|work> wassat russ ?
15:06 <+gngrBstd> the letter m
15:06 <@Deathace> vietcong rich
15:06 <+GBH> my cock
15:06 <@Deathace> game
15:06 <@Alpha|work> mp worth a look at then
15:06 <@Deathace> defo
15:06 <@Veng> looks samish to me
15:06 <@Deathace> not looks so much as the play
15:06 <@Veng> "Make Your Own FPS" ....
15:06 <@Deathace> all bloody mayhem
15:07 < ZaPpeh> proprieter
--- Log closed Mon Apr 14 15:07:13 2003
--- Log opened Sun Jun 29 22:29:54 2003
22:29 -!- draq [~hendry@hoas-50dd084a.hoasnet.inet.fi] has joined #fortress.uk
22:29 -!- Irssi: #fortress.uk: Total of 74 nicks [12 ops, 0 halfops, 1 voices, 61 normal]
22:29 -!- Irssi: Join to #fortress.uk was synced in 1 secs
22:29 -!- Stoned|downstrs [Stoned@82-35-12-81.cable.ubr02.hari.blueyonder.co.uk] has quit [Read error: Connection reset by peer]
22:30 < draq> Flying: moo
22:30 -!- mode/#fortress.uk [+v draq] by Goatee
22:31 <@Evil|D2> Bren you awake
22:38 -!- Evilangel [Evilangel@dial81-135-99-252.in-addr.btopenworld.com] has joined #fortress.uk
22:38 -!- BGA [BGA@ACAEF352.ipt.aol.com] has quit [Read error: Connection reset by peer]
22:41 -!- [Avatar] [avatar@host213-122-145-27.in-addr.btopenworld.com] has joined #fortress.uk
22:41 -!- dh|crit [crit@crit.xs4all.nl] has quit [Read error: Connection reset by peer]
--- Log closed Sun Jun 29 22:42:03 2003
