--- Log opened Sun Nov 30 13:36:00 2003
13:36 -!- draq [~hendry@cs180011.pp.htv.fi] has joined #quake.fi
13:36 -!- Irssi: #quake.fi: Total of 52 nicks [6 ops, 0 halfops, 1 voices, 45 normal]
13:36 -!- Irssi: Join to #quake.fi was synced in 2 secs
13:36 < draq> Where can I download quake3 1.32 for linux from in Finland?
13:36 < jeeger> :)
13:36 <@Anza-> :))
13:36 <@Anza-> 2 virhettä jo
13:37 < jeeger> hehe..ei saatana :)
13:37 < jeeger> mistä näitä sikiää
13:37 <@Anza-> en tiiä :)
13:37 < jeeger> jostain kivien alta tulee aina pari kuukaudessa
13:38 < Jago`> hah
13:38 < Jago`> jeegerilla vielakin samat jutut :D
13:44 < jeeger> nii
13:45 < Jago`> niinpä..
13:49 <@Anza-> hv
13:50 < jeeger> hv
13:51 < Jago`> npa
13:55 -!- AiR^ [~janne@kanetti742.kanetti.com] has quit [Read error: Connection reset by peer]
13:56 -!- AiR^ [~janne@kanetti742.kanetti.com] has joined #quake.fi
13:57 < draq> Ok, can someone tell me where I can find a quake3 DM server for a duel?
13:58 -!- S4l44tt1J4m0 [jawwu@ua243d202.elisa.omakaista.fi] has joined #quake.fi
13:59 < S4l44tt1J4m0> onko olemassa quake 1:stä versioo mitä vois pelaan netissä???
14:00 < Jago`> no ohhoh :D
14:00 < jeeger> :)
14:00 < S4l44tt1J4m0> häh?
14:04 < S4l44tt1J4m0> tosta ei käyny ilmi että onko vai ei???
14:06 < S4l44tt1J4m0> no ihme k3160631
14:07 < jeeger> on olemassa
14:14 -!- AiR^ [~janne@kanetti742.kanetti.com] has quit [Read error: Connection reset by peer]
14:14 < S4l44tt1J4m0> hyväc
14:15 -!- S4l44tt1J4m0 [jawwu@ua243d202.elisa.omakaista.fi] has left #quake.fi []
14:18 -!- AiR^ [~janne@kanetti742.kanetti.com] has joined #quake.fi
14:21 -!- Domin [Domin@cs78237184.pp.htv.fi] has joined #quake.fi
14:21 <@per-erik> "kaveri ottanut eilen pikkasen liikaa" (c) Domin
14:26 -!- Boidii [Boidii@baana-81-175-155-81.dsl.phnet.fi] has joined #quake.fi
14:35 -!- Anal [-@dsl-kpogw4h1c.dial.inet.fi] has joined #quake.fi
14:35 <@per-erik> "voisko joku sendi qizmo locit?kiitos" (c) Anal
14:35 < Anal> .
14:40 < Domin> ketää quadii
14:40 < Domin> +
14:40 < Domin> ?
14:41 -!- Misfit` [Maikko@um219m1pai.dial.kolumbus.fi] has joined #quake.fi
14:42 -!- AiR^ [~janne@kanetti742.kanetti.com] has quit [Ping timeout]
14:43 -!- AiR^ [~janne@kanetti742.kanetti.com] has joined #quake.fi
14:44 -!- Niko` [kalja@b-243-82.dsl.kpy.customers.dnainternet.fi] has joined #quake.fi
14:44 -!- _atmos|awei is now known as _atmos
14:44 < Domin> ketääs quadiis
14:44 < Domin> 29000
14:46 -!- Anal [-@dsl-kpogw4h1c.dial.inet.fi] has quit [Quit]
14:56 -!- it-datzka is now known as it-datzka-oFF
14:58 -!- mania_ [onse@dsl-hkigw10f8e.dial.inet.fi] has joined #quake.fi
14:58 -!- _atmos is now known as _atmos|awei
15:04 -!- He||Man [~hell2man@cs78141230.pp.htv.fi] has quit [Quit: Client Exiting]
15:06 -!- Jeero [aero@Jeero666.users.quakenet.org] has joined #quake.fi
15:10 < Anzuhan> B<
15:11 -!- _atmos|awei is now known as _atmos
15:11 < Boidii> NOFXi
15:16 -!- scoobyz [~dandelion@portti.suomen4g.fi] has joined #quake.fi
15:18 -!- _atmos is now known as _atmos|awei
15:20 -!- Niko` [kalja@b-243-82.dsl.kpy.customers.dnainternet.fi] has quit [Quit: Ping timeout]
15:38 -!- Misfit` [Maikko@um219m1pai.dial.kolumbus.fi] has quit [Signed off]
15:40 -!- buggy [buggy@a85t23.elisa.omakaista.fi] has quit [Ping timeout]
15:44 -!- Domin [Domin@cs78237184.pp.htv.fi] has quit [Ping timeout]
15:55 -!- Diki [dickie.jo@dsl-1-6.lohjanpuhelin.fi] has quit [Quit: turkuuun]
15:59 -!- [C]ismo [ismo@salaatti.cutery.fi] has joined #quake.fi
15:59 -!- mode/#quake.fi [+v [C]ismo] by le-hand
16:01 -!- tram [-@dsl-kpogw4h1c.dial.inet.fi] has joined #quake.fi
16:06 -!- buggy [buggy@a85t23.elisa.omakaista.fi] has joined #quake.fi
16:21 < Hawkkii>  http://www.bearny.cjb.net/runkaren_pa_dh_winter-2003.wmv
16:21 -!- gozzip [~gz@crackzOr.users.quakenet.org] has joined #quake.fi
16:21 -!- gozzip [~gz@crackzOr.users.quakenet.org] has left #quake.fi []
16:24 -!- kippo [kippo@ua209d130.elisa.omakaista.fi] has joined #quake.fi
16:24 <@per-erik> "ooppera oli kyl iha vitun perseest" (c) kippo
16:29 -!- tram [-@dsl-kpogw4h1c.dial.inet.fi] has quit [Quit]
16:37 < Hawkkii> gg
16:37 < Hawkkii> gg antit
16:37 < Hawkkii> hyvää nimipäivää anat
16:38 <@Anza-> kiitti ana
16:38 < Hawkkii> np ana
16:38 <@Anza-> thx ana
16:38 < azo>   Machine Model:Power Mac G5
16:38 < azo>   CPU Type:PowerPC 970  (2.2)
16:38 < azo>   Number Of CPUs:2
16:38 < azo>   CPU Speed:2 GHz
16:38 < azo>   L2 Cache (per CPU):512 KB
16:38 < azo>   Memory:1.5 GB
16:39 < azo>   Bus Speed:1 GHz
16:39 < azo> prkkkll
16:39 < Hawkkii> gg
16:39 < azo> väärä ikkuna
16:39 < Hawkkii> onks siul tommoone
16:39 < azo> o
16:39 < Hawkkii> ootsie rikas
16:40 < azo> en
16:40 < azo> köyhän ei kantsi ostaa halpaa
16:40 < azo> investointiahan tän ostaminen oli
16:40 < azo> studiokoneeks
16:40 < Hawkkii>  http://www.bearny.cjb.net/runkaren_pa_dh_winter-2003.wmv
16:40 < Hawkkii> gg?
16:41 <@Anza-> ooho G5
16:42 < azo> jees
16:42 < azo> potkii
16:43 < azo> pyöritin tällä samaan aikaan 22kpl es2 softasynia ja 110kpl platinum verbejä 20sek reverb timellä
16:43 < Hawkkii> mut pyöriiks quake
16:43 < Hawkkii> sanoppa se poikaseni
16:43 < Hawkkii> pyöriikö quake.
16:44 < azo> vois kokeilla
16:44 < azo> voi vähä meinaa pyörähtää...
16:44 < Soze> ei pyöri
16:55 -!- Soze- [~Soze@hki3-8c.kiinteisto.inet.fi] has joined #quake.fi
--- Log closed Sun Nov 30 16:55:39 2003
