--- Log opened Fri Feb 28 00:49:32 2003
00:49 !helsinki.fi.quakenet.org *** Looking up your hostname
00:49 !helsinki.fi.quakenet.org *** Checking Ident
00:49 !helsinki.fi.quakenet.org *** Found your hostname
00:50 !helsinki.fi.quakenet.org *** No ident response
--- Log closed Fri Feb 28 00:56:31 2003
--- Log opened Fri Feb 28 10:33:46 2003
10:33 !helsinki.fi.quakenet.org *** Looking up your hostname
10:33 !helsinki.fi.quakenet.org *** Checking Ident
10:33 !helsinki.fi.quakenet.org *** Found your hostname
10:34 !helsinki.fi.quakenet.org *** No ident response
--- Log closed Fri Feb 28 10:40:40 2003
--- Log opened Sun Mar 02 00:39:00 2003
00:39 !helsinki.fi.quakenet.org *** Looking up your hostname
00:39 !helsinki.fi.quakenet.org *** Checking Ident
00:39 !helsinki.fi.quakenet.org *** Found your hostname
00:40 !helsinki.fi.quakenet.org *** No ident response
--- Log closed Sun Mar 02 00:45:59 2003
--- Log opened Sun Mar 02 09:46:36 2003
09:46 !helsinki.fi.quakenet.org *** Looking up your hostname
09:46 !helsinki.fi.quakenet.org *** Checking Ident
09:46 !helsinki.fi.quakenet.org *** Found your hostname
09:47 !helsinki.fi.quakenet.org *** No ident response
--- Log closed Sun Mar 02 09:53:35 2003
--- Log opened Sun Mar 02 20:06:10 2003
20:06 !helsinki.fi.quakenet.org *** Looking up your hostname
20:06 !helsinki.fi.quakenet.org *** Checking Ident
20:06 !helsinki.fi.quakenet.org *** Found your hostname
20:07 !helsinki.fi.quakenet.org *** No ident response
--- Log closed Sun Mar 02 20:13:05 2003
--- Log opened Mon Mar 03 19:33:03 2003
19:33 !helsinki.fi.quakenet.org *** Looking up your hostname
19:33 !helsinki.fi.quakenet.org *** Checking Ident
19:33 !helsinki.fi.quakenet.org *** Found your hostname
19:34 !helsinki.fi.quakenet.org *** No ident response
--- Log closed Mon Mar 03 19:40:02 2003
--- Log opened Tue Mar 04 20:06:25 2003
20:06 !helsinki.fi.quakenet.org *** Looking up your hostname
20:06 !helsinki.fi.quakenet.org *** Checking Ident
20:06 !helsinki.fi.quakenet.org *** Found your hostname
20:07 !helsinki.fi.quakenet.org *** No ident response
--- Log closed Tue Mar 04 20:13:21 2003
--- Log opened Wed Mar 05 15:55:58 2003
15:55 !helsinki.fi.quakenet.org *** Looking up your hostname
15:55 !helsinki.fi.quakenet.org *** Checking Ident
15:55 !helsinki.fi.quakenet.org *** Found your hostname
15:56 !helsinki.fi.quakenet.org *** No ident response
--- Log closed Wed Mar 05 16:02:53 2003
--- Log opened Wed Mar 05 23:18:34 2003
23:18 !helsinki.fi.quakenet.org *** Looking up your hostname
23:18 !helsinki.fi.quakenet.org *** Checking Ident
23:18 !helsinki.fi.quakenet.org *** Found your hostname
23:19 !helsinki.fi.quakenet.org *** No ident response
--- Log closed Wed Mar 05 23:25:33 2003
--- Log opened Fri Mar 07 16:27:03 2003
16:27 !helsinki.fi.quakenet.org *** Looking up your hostname
16:27 !helsinki.fi.quakenet.org *** Checking Ident
16:27 !helsinki.fi.quakenet.org *** Found your hostname
16:28 !helsinki.fi.quakenet.org *** No ident response
--- Log closed Fri Mar 07 16:34:02 2003
--- Log opened Fri Mar 07 23:25:27 2003
23:25 !helsinki.fi.quakenet.org *** Looking up your hostname
23:25 !helsinki.fi.quakenet.org *** Checking Ident
23:25 !helsinki.fi.quakenet.org *** Found your hostname
23:26 !helsinki.fi.quakenet.org *** No ident response
--- Log closed Fri Mar 07 23:32:26 2003
--- Log opened Sat Mar 08 17:01:49 2003
17:01 !helsinki.fi.quakenet.org *** Looking up your hostname
17:01 !helsinki.fi.quakenet.org *** Checking Ident
17:01 !helsinki.fi.quakenet.org *** Found your hostname
17:02 !helsinki.fi.quakenet.org *** No ident response
--- Log closed Sat Mar 08 17:08:48 2003
--- Log opened Sun Mar 09 20:34:15 2003
20:34 !helsinki.fi.quakenet.org *** Looking up your hostname
20:34 !helsinki.fi.quakenet.org *** Checking Ident
20:34 !helsinki.fi.quakenet.org *** Found your hostname
20:35 !helsinki.fi.quakenet.org *** No ident response
--- Log closed Sun Mar 09 20:41:10 2003
--- Log opened Mon Mar 10 11:58:17 2003
11:58 !helsinki.fi.quakenet.org *** Looking up your hostname
11:58 !helsinki.fi.quakenet.org *** Checking Ident
11:58 !helsinki.fi.quakenet.org *** Found your hostname
11:59 !helsinki.fi.quakenet.org *** No ident response
--- Log closed Mon Mar 10 12:05:16 2003
--- Log opened Mon Mar 10 20:33:55 2003
20:33 !helsinki.fi.quakenet.org *** Looking up your hostname
20:33 !helsinki.fi.quakenet.org *** Checking Ident
20:33 !helsinki.fi.quakenet.org *** Found your hostname
20:34 !helsinki.fi.quakenet.org *** No ident response
--- Log closed Mon Mar 10 20:40:53 2003
--- Log opened Mon Mar 10 22:30:03 2003
22:30 !helsinki.fi.quakenet.org *** Looking up your hostname
22:30 !helsinki.fi.quakenet.org *** Checking Ident
22:30 !helsinki.fi.quakenet.org *** Found your hostname
22:31 !helsinki.fi.quakenet.org *** No ident response
--- Log closed Mon Mar 10 22:36:55 2003
--- Log opened Tue Mar 11 22:16:47 2003
22:16 !helsinki.fi.quakenet.org *** Looking up your hostname
22:16 !helsinki.fi.quakenet.org *** Checking Ident
22:16 !helsinki.fi.quakenet.org *** Found your hostname
22:17 !helsinki.fi.quakenet.org *** No ident response
--- Log closed Tue Mar 11 22:23:46 2003
--- Log opened Wed Mar 12 12:17:39 2003
12:17 !helsinki.fi.quakenet.org *** Looking up your hostname
12:17 !helsinki.fi.quakenet.org *** Checking Ident
12:17 !helsinki.fi.quakenet.org *** Found your hostname
12:18 !helsinki.fi.quakenet.org *** No ident response
--- Log closed Wed Mar 12 12:24:39 2003
--- Log opened Wed Mar 12 21:24:17 2003
21:24 !helsinki.fi.quakenet.org *** Looking up your hostname
21:24 !helsinki.fi.quakenet.org *** Checking Ident
21:24 !helsinki.fi.quakenet.org *** Found your hostname
21:25 !helsinki.fi.quakenet.org *** No ident response
--- Log closed Wed Mar 12 21:31:16 2003
--- Log opened Wed Mar 12 21:55:01 2003
21:55 !helsinki.fi.quakenet.org *** Looking up your hostname
21:55 !helsinki.fi.quakenet.org *** Checking Ident
21:55 !helsinki.fi.quakenet.org *** Found your hostname
21:56 !helsinki.fi.quakenet.org *** No ident response
--- Log closed Wed Mar 12 22:01:17 2003
--- Log opened Thu Mar 13 11:38:42 2003
11:38 !helsinki.fi.quakenet.org *** Looking up your hostname
11:38 !helsinki.fi.quakenet.org *** Checking Ident
11:38 !helsinki.fi.quakenet.org *** Found your hostname
11:39 !helsinki.fi.quakenet.org *** No ident response
--- Log closed Thu Mar 13 11:45:41 2003
--- Log opened Thu Mar 13 15:02:02 2003
15:02 !helsinki.fi.quakenet.org *** Looking up your hostname
15:02 !helsinki.fi.quakenet.org *** Checking Ident
15:02 !helsinki.fi.quakenet.org *** Found your hostname
15:03 !helsinki.fi.quakenet.org *** No ident response
--- Log closed Thu Mar 13 15:09:01 2003
--- Log opened Mon Mar 17 09:28:57 2003
09:28 !helsinki.fi.quakenet.org *** Looking up your hostname
09:28 !helsinki.fi.quakenet.org *** Checking Ident
09:28 !helsinki.fi.quakenet.org *** Found your hostname
09:29 !helsinki.fi.quakenet.org *** No ident response
--- Log closed Mon Mar 17 09:35:57 2003
--- Log opened Tue Mar 18 11:41:41 2003
11:41 !helsinki.fi.quakenet.org *** Looking up your hostname
11:41 !helsinki.fi.quakenet.org *** Checking Ident
11:41 !helsinki.fi.quakenet.org *** Found your hostname
11:42 !helsinki.fi.quakenet.org *** No ident response
--- Log closed Tue Mar 18 11:48:40 2003
--- Log opened Tue Mar 18 17:47:49 2003
17:47 !helsinki.fi.quakenet.org *** Looking up your hostname
17:47 !helsinki.fi.quakenet.org *** Checking Ident
17:47 !helsinki.fi.quakenet.org *** Found your hostname
17:48 !helsinki.fi.quakenet.org *** No ident response
--- Log closed Tue Mar 18 17:53:39 2003
--- Log opened Wed Mar 19 01:00:47 2003
01:00 !helsinki.fi.quakenet.org *** Looking up your hostname
01:00 !helsinki.fi.quakenet.org *** Checking Ident
01:00 !helsinki.fi.quakenet.org *** Found your hostname
01:01 !helsinki.fi.quakenet.org *** No ident response
--- Log closed Wed Mar 19 01:07:47 2003
--- Log opened Wed Mar 19 09:27:51 2003
09:27 !helsinki.fi.quakenet.org *** Looking up your hostname
09:27 !helsinki.fi.quakenet.org *** Checking Ident
09:27 !helsinki.fi.quakenet.org *** Found your hostname
09:28 !helsinki.fi.quakenet.org *** No ident response
--- Log closed Wed Mar 19 09:34:50 2003
--- Log opened Thu Mar 20 14:50:50 2003
14:50 !helsinki.fi.quakenet.org *** Looking up your hostname
14:50 !helsinki.fi.quakenet.org *** Checking Ident
14:50 !helsinki.fi.quakenet.org *** Found your hostname
14:51 !helsinki.fi.quakenet.org *** No ident response
--- Log closed Thu Mar 20 14:57:49 2003
--- Log opened Fri Mar 21 20:32:14 2003
20:32 !helsinki.fi.quakenet.org *** Looking up your hostname
20:32 !helsinki.fi.quakenet.org *** Checking Ident
20:32 !helsinki.fi.quakenet.org *** Found your hostname
20:33 !helsinki.fi.quakenet.org *** No ident response
--- Log closed Fri Mar 21 20:39:13 2003
--- Log opened Sat Mar 22 09:31:52 2003
09:31 !helsinki.fi.quakenet.org *** Looking up your hostname
09:31 !helsinki.fi.quakenet.org *** Checking Ident
09:32 !helsinki.fi.quakenet.org *** Found your hostname
09:32 !helsinki.fi.quakenet.org *** No ident response
--- Log closed Sat Mar 22 09:38:51 2003
--- Log opened Sat Mar 22 22:47:29 2003
22:47 !helsinki.fi.quakenet.org *** Looking up your hostname
22:47 !helsinki.fi.quakenet.org *** Checking Ident
22:47 !helsinki.fi.quakenet.org *** Found your hostname
22:48 !helsinki.fi.quakenet.org *** No ident response
--- Log closed Sat Mar 22 22:54:24 2003
--- Log opened Sun Mar 23 23:50:06 2003
23:50 !helsinki.fi.quakenet.org *** Looking up your hostname
23:50 !helsinki.fi.quakenet.org *** Checking Ident
23:50 !helsinki.fi.quakenet.org *** Found your hostname
23:51 !helsinki.fi.quakenet.org *** No ident response
--- Log closed Sun Mar 23 23:57:05 2003
--- Log opened Mon Mar 24 10:52:05 2003
10:52 !helsinki.fi.quakenet.org *** Looking up your hostname
10:52 !helsinki.fi.quakenet.org *** Checking Ident
10:52 !helsinki.fi.quakenet.org *** Found your hostname
10:53 !helsinki.fi.quakenet.org *** No ident response
--- Log closed Mon Mar 24 10:58:59 2003
--- Log opened Tue Mar 25 15:19:50 2003
15:19 !helsinki.fi.quakenet.org *** Looking up your hostname
15:19 !helsinki.fi.quakenet.org *** Checking Ident
15:19 !helsinki.fi.quakenet.org *** Found your hostname
15:20 !helsinki.fi.quakenet.org *** No ident response
--- Log closed Tue Mar 25 15:26:44 2003
--- Log opened Wed Mar 26 11:31:17 2003
11:31 !helsinki.fi.quakenet.org *** Looking up your hostname
11:31 !helsinki.fi.quakenet.org *** Checking Ident
11:31 !helsinki.fi.quakenet.org *** Found your hostname
11:32 !helsinki.fi.quakenet.org *** No ident response
--- Log closed Wed Mar 26 11:38:12 2003
--- Log opened Wed Mar 26 22:29:06 2003
22:29 !helsinki.fi.quakenet.org *** Looking up your hostname
22:29 !helsinki.fi.quakenet.org *** Checking Ident
22:29 !helsinki.fi.quakenet.org *** Found your hostname
22:30 !helsinki.fi.quakenet.org *** No ident response
--- Log closed Wed Mar 26 22:36:05 2003
--- Log opened Thu Mar 27 18:10:30 2003
18:10 !helsinki.fi.quakenet.org *** Looking up your hostname
18:10 !helsinki.fi.quakenet.org *** Checking Ident
18:10 !helsinki.fi.quakenet.org *** Found your hostname
18:11 !helsinki.fi.quakenet.org *** No ident response
--- Log closed Thu Mar 27 18:17:29 2003
--- Log opened Thu Mar 27 23:41:09 2003
23:41 !helsinki.fi.quakenet.org *** Looking up your hostname
23:41 !helsinki.fi.quakenet.org *** Checking Ident
23:41 !helsinki.fi.quakenet.org *** Found your hostname
23:42 !helsinki.fi.quakenet.org *** No ident response
--- Log closed Thu Mar 27 23:47:35 2003
--- Log opened Fri Mar 28 10:37:15 2003
10:37 !helsinki.fi.quakenet.org *** Looking up your hostname
10:37 !helsinki.fi.quakenet.org *** Checking Ident
10:37 !helsinki.fi.quakenet.org *** Found your hostname
10:38 !helsinki.fi.quakenet.org *** No ident response
--- Log closed Fri Mar 28 10:44:14 2003
--- Log opened Sat Mar 29 17:33:24 2003
17:33 !helsinki.fi.quakenet.org *** Looking up your hostname
17:33 !helsinki.fi.quakenet.org *** Checking Ident
17:33 !helsinki.fi.quakenet.org *** Found your hostname
17:34 !helsinki.fi.quakenet.org *** No ident response
--- Log closed Sat Mar 29 17:40:23 2003
--- Log opened Sun Mar 30 14:36:20 2003
14:36 !helsinki.fi.quakenet.org *** Looking up your hostname
14:36 !helsinki.fi.quakenet.org *** Checking Ident
14:36 !helsinki.fi.quakenet.org *** Found your hostname
14:37 !helsinki.fi.quakenet.org *** No ident response
--- Log closed Sun Mar 30 14:43:19 2003
--- Log opened Sun Mar 30 15:43:05 2003
15:43 !helsinki.fi.quakenet.org *** Looking up your hostname
15:43 !helsinki.fi.quakenet.org *** Checking Ident
15:43 !helsinki.fi.quakenet.org *** Found your hostname
15:44 !helsinki.fi.quakenet.org *** No ident response
--- Log closed Sun Mar 30 15:50:05 2003
--- Log opened Mon Mar 31 00:28:02 2003
00:28 !helsinki.fi.quakenet.org *** Looking up your hostname
00:28 !helsinki.fi.quakenet.org *** Checking Ident
00:28 !helsinki.fi.quakenet.org *** Found your hostname
00:29 !helsinki.fi.quakenet.org *** No ident response
--- Log closed Mon Mar 31 00:35:01 2003
--- Log opened Mon Mar 31 16:46:16 2003
16:46 !helsinki.fi.quakenet.org *** Looking up your hostname
16:46 !helsinki.fi.quakenet.org *** Checking Ident
16:46 !helsinki.fi.quakenet.org *** Found your hostname
16:47 !helsinki.fi.quakenet.org *** No ident response
--- Log closed Mon Mar 31 16:53:15 2003
--- Log opened Mon Mar 31 22:18:28 2003
22:18 !helsinki.fi.quakenet.org *** Looking up your hostname
22:18 !helsinki.fi.quakenet.org *** Checking Ident
22:18 !helsinki.fi.quakenet.org *** Found your hostname
22:19 !helsinki.fi.quakenet.org *** No ident response
--- Log closed Mon Mar 31 22:25:26 2003
--- Log opened Tue Apr 01 00:16:22 2003
00:16 !helsinki.fi.quakenet.org *** Looking up your hostname
00:16 !helsinki.fi.quakenet.org *** Checking Ident
00:16 !helsinki.fi.quakenet.org *** Found your hostname
00:17 !helsinki.fi.quakenet.org *** No ident response
--- Log closed Tue Apr 01 00:23:21 2003
--- Log opened Tue Apr 01 09:26:34 2003
09:26 !helsinki.fi.quakenet.org *** Looking up your hostname
09:26 !helsinki.fi.quakenet.org *** Checking Ident
09:26 !helsinki.fi.quakenet.org *** Found your hostname
09:27 !helsinki.fi.quakenet.org *** No ident response
--- Log closed Tue Apr 01 09:33:33 2003
--- Log opened Tue Apr 01 11:58:14 2003
11:58 !helsinki.fi.quakenet.org *** Looking up your hostname
11:58 !helsinki.fi.quakenet.org *** Checking Ident
11:58 !helsinki.fi.quakenet.org *** Found your hostname
11:59 !helsinki.fi.quakenet.org *** No ident response
--- Log closed Tue Apr 01 12:05:13 2003
--- Log opened Thu Apr 03 13:02:48 2003
13:02 !helsinki.fi.quakenet.org *** Looking up your hostname
13:02 !helsinki.fi.quakenet.org *** Checking Ident
13:02 !helsinki.fi.quakenet.org *** Found your hostname
13:03 !helsinki.fi.quakenet.org *** No ident response
--- Log closed Thu Apr 03 13:09:47 2003
--- Log opened Thu Apr 03 21:12:36 2003
21:12 !helsinki.fi.quakenet.org *** Looking up your hostname
21:12 !helsinki.fi.quakenet.org *** Checking Ident
21:12 !helsinki.fi.quakenet.org *** Found your hostname
21:13 !helsinki.fi.quakenet.org *** No ident response
--- Log closed Thu Apr 03 21:19:34 2003
--- Log opened Fri Apr 04 11:50:15 2003
11:50 !helsinki.fi.quakenet.org *** Looking up your hostname
11:50 !helsinki.fi.quakenet.org *** Checking Ident
11:50 !helsinki.fi.quakenet.org *** Found your hostname
11:51 !helsinki.fi.quakenet.org *** No ident response
--- Log closed Fri Apr 04 11:56:48 2003
--- Log opened Fri Apr 04 12:06:35 2003
12:06 !helsinki.fi.quakenet.org *** Looking up your hostname
12:06 !helsinki.fi.quakenet.org *** Checking Ident
12:06 !helsinki.fi.quakenet.org *** Found your hostname
12:07 !helsinki.fi.quakenet.org *** No ident response
--- Log closed Fri Apr 04 12:12:49 2003
--- Log opened Fri Apr 04 12:39:11 2003
12:39 !helsinki.fi.quakenet.org *** Looking up your hostname
12:39 !helsinki.fi.quakenet.org *** Checking Ident
12:39 !helsinki.fi.quakenet.org *** Found your hostname
12:40 !helsinki.fi.quakenet.org *** No ident response
--- Log closed Fri Apr 04 12:45:49 2003
--- Log opened Mon Apr 07 21:11:07 2003
21:11 !helsinki.fi.quakenet.org *** Looking up your hostname
21:11 !helsinki.fi.quakenet.org *** Checking Ident
21:11 !helsinki.fi.quakenet.org *** Found your hostname
21:12 !helsinki.fi.quakenet.org *** No ident response
--- Log closed Mon Apr 07 21:18:06 2003
--- Log opened Wed Apr 09 16:28:25 2003
16:28 !helsinki.fi.quakenet.org *** Looking up your hostname
16:28 !helsinki.fi.quakenet.org *** Checking Ident
16:28 !helsinki.fi.quakenet.org *** Found your hostname
16:29 !helsinki.fi.quakenet.org *** No ident response
--- Log closed Wed Apr 09 16:35:24 2003
--- Log opened Thu Apr 10 11:07:39 2003
11:07 !helsinki.fi.quakenet.org *** Looking up your hostname
11:07 !helsinki.fi.quakenet.org *** Checking Ident
11:07 !helsinki.fi.quakenet.org *** Found your hostname
11:08 !helsinki.fi.quakenet.org *** No ident response
--- Log closed Thu Apr 10 11:14:38 2003
--- Log opened Fri Apr 11 16:46:05 2003
16:46 !helsinki.fi.quakenet.org *** Looking up your hostname
16:46 !helsinki.fi.quakenet.org *** Checking Ident
16:46 !helsinki.fi.quakenet.org *** Found your hostname
16:47 !helsinki.fi.quakenet.org *** No ident response
--- Log closed Fri Apr 11 16:53:03 2003
--- Log opened Fri Apr 11 18:28:54 2003
18:28 !helsinki.fi.quakenet.org *** Looking up your hostname
18:28 !helsinki.fi.quakenet.org *** Checking Ident
18:28 !helsinki.fi.quakenet.org *** Found your hostname
18:29 !helsinki.fi.quakenet.org *** No ident response
--- Log closed Fri Apr 11 18:35:05 2003
--- Log opened Fri Apr 11 19:36:09 2003
19:36 !helsinki.fi.quakenet.org *** Looking up your hostname
19:36 !helsinki.fi.quakenet.org *** Checking Ident
19:36 !helsinki.fi.quakenet.org *** Found your hostname
19:37 !helsinki.fi.quakenet.org *** No ident response
--- Log closed Fri Apr 11 19:43:06 2003
--- Log opened Sat Apr 12 20:22:26 2003
20:22 !helsinki.fi.quakenet.org *** Looking up your hostname
20:22 !helsinki.fi.quakenet.org *** Checking Ident
20:22 !helsinki.fi.quakenet.org *** Found your hostname
20:23 !helsinki.fi.quakenet.org *** No ident response
--- Log closed Sat Apr 12 20:29:25 2003
--- Log opened Sun Apr 13 16:29:39 2003
16:29 !helsinki.fi.quakenet.org *** Looking up your hostname
16:29 !helsinki.fi.quakenet.org *** Checking Ident
16:29 !helsinki.fi.quakenet.org *** Found your hostname
16:30 !helsinki.fi.quakenet.org *** No ident response
--- Log closed Sun Apr 13 16:36:37 2003
--- Log opened Mon Apr 14 09:28:52 2003
09:28 !helsinki.fi.quakenet.org *** Looking up your hostname
09:28 !helsinki.fi.quakenet.org *** Checking Ident
09:28 !helsinki.fi.quakenet.org *** Found your hostname
09:29 !helsinki.fi.quakenet.org *** No ident response
--- Log closed Mon Apr 14 09:35:51 2003
--- Log opened Wed Apr 16 14:36:12 2003
14:36 !helsinki.fi.quakenet.org *** Looking up your hostname
14:36 !helsinki.fi.quakenet.org *** Checking Ident
14:36 !helsinki.fi.quakenet.org *** Found your hostname
14:37 !helsinki.fi.quakenet.org *** No ident response
--- Log closed Wed Apr 16 14:43:11 2003
--- Log opened Wed Apr 16 20:06:58 2003
20:06 !helsinki.fi.quakenet.org *** Looking up your hostname
20:06 !helsinki.fi.quakenet.org *** Checking Ident
20:08 !helsinki.fi.quakenet.org *** Found your hostname
20:08 !helsinki.fi.quakenet.org *** No ident response
--- Log closed Wed Apr 16 20:13:17 2003
--- Log opened Wed Apr 16 20:31:38 2003
20:31 !helsinki.fi.quakenet.org *** Looking up your hostname
20:31 !helsinki.fi.quakenet.org *** Found your hostname, cached
20:31 !helsinki.fi.quakenet.org *** Checking Ident
20:32 !helsinki.fi.quakenet.org *** No ident response
--- Log closed Wed Apr 16 20:38:17 2003
--- Log opened Thu Apr 17 13:54:06 2003
13:54 !helsinki.fi.quakenet.org *** Looking up your hostname
13:54 !helsinki.fi.quakenet.org *** Checking Ident
13:54 !helsinki.fi.quakenet.org *** Found your hostname
13:55 !helsinki.fi.quakenet.org *** No ident response
--- Log closed Thu Apr 17 14:01:05 2003
--- Log opened Fri Apr 18 11:06:53 2003
11:06 !helsinki.fi.quakenet.org *** Looking up your hostname
11:06 !helsinki.fi.quakenet.org *** Checking Ident
11:06 !helsinki.fi.quakenet.org *** Found your hostname
11:07 !helsinki.fi.quakenet.org *** No ident response
--- Log closed Fri Apr 18 11:12:52 2003
--- Log opened Fri Apr 18 14:30:08 2003
14:30 !helsinki.fi.quakenet.org *** Looking up your hostname
14:30 !helsinki.fi.quakenet.org *** Checking Ident
14:30 !helsinki.fi.quakenet.org *** Found your hostname
14:31 !helsinki.fi.quakenet.org *** No ident response
--- Log closed Fri Apr 18 14:37:07 2003
--- Log opened Fri Apr 18 23:38:59 2003
23:38 !helsinki.fi.quakenet.org *** Looking up your hostname
23:38 !helsinki.fi.quakenet.org *** Checking Ident
23:38 !helsinki.fi.quakenet.org *** Found your hostname
23:39 !helsinki.fi.quakenet.org *** No ident response
--- Log closed Fri Apr 18 23:45:58 2003
--- Log opened Mon Apr 21 22:15:34 2003
22:15 !helsinki.fi.quakenet.org *** Looking up your hostname
22:15 !helsinki.fi.quakenet.org *** Checking Ident
22:15 !helsinki.fi.quakenet.org *** Found your hostname
22:16 !helsinki.fi.quakenet.org *** No ident response
--- Log closed Mon Apr 21 22:22:33 2003
--- Log opened Tue Apr 22 10:13:53 2003
10:13 !helsinki.fi.quakenet.org *** Looking up your hostname
10:13 !helsinki.fi.quakenet.org *** Checking Ident
10:13 !helsinki.fi.quakenet.org *** Found your hostname
10:14 !helsinki.fi.quakenet.org *** No ident response
--- Log closed Tue Apr 22 10:20:41 2003
--- Log opened Tue Apr 22 23:30:38 2003
23:30 !helsinki.fi.quakenet.org *** Looking up your hostname
23:30 !helsinki.fi.quakenet.org *** Checking Ident
23:30 !helsinki.fi.quakenet.org *** Found your hostname
23:31 !helsinki.fi.quakenet.org *** No ident response
--- Log closed Tue Apr 22 23:37:37 2003
--- Log opened Wed Apr 23 10:11:16 2003
10:11 !helsinki.fi.quakenet.org *** Looking up your hostname
10:11 !helsinki.fi.quakenet.org *** Checking Ident
10:11 !helsinki.fi.quakenet.org *** Found your hostname
10:12 !helsinki.fi.quakenet.org *** No ident response
--- Log closed Wed Apr 23 10:18:15 2003
--- Log opened Wed Apr 23 10:28:44 2003
10:28 !helsinki.fi.quakenet.org *** Looking up your hostname
10:28 !helsinki.fi.quakenet.org *** Found your hostname, cached
10:28 !helsinki.fi.quakenet.org *** Checking Ident
10:29 !helsinki.fi.quakenet.org *** No ident response
--- Log closed Wed Apr 23 10:35:15 2003
--- Log opened Wed Apr 23 21:48:18 2003
21:48 !helsinki.fi.quakenet.org *** Looking up your hostname
21:48 !helsinki.fi.quakenet.org *** Checking Ident
21:48 !helsinki.fi.quakenet.org *** Found your hostname
21:49 !helsinki.fi.quakenet.org *** No ident response
--- Log closed Wed Apr 23 21:55:17 2003
--- Log opened Thu Apr 24 16:35:05 2003
16:35 !helsinki.fi.quakenet.org *** Looking up your hostname
16:35 !helsinki.fi.quakenet.org *** Checking Ident
16:35 !helsinki.fi.quakenet.org *** Found your hostname
16:36 !helsinki.fi.quakenet.org *** No ident response
--- Log closed Thu Apr 24 16:42:04 2003
--- Log opened Thu Apr 24 20:01:10 2003
20:01 !helsinki.fi.quakenet.org *** Looking up your hostname
20:01 !helsinki.fi.quakenet.org *** Checking Ident
20:01 !helsinki.fi.quakenet.org *** Found your hostname
20:02 !helsinki.fi.quakenet.org *** No ident response
--- Log closed Thu Apr 24 20:07:10 2003
--- Log opened Fri Apr 25 09:25:22 2003
09:25 !helsinki.fi.quakenet.org *** Looking up your hostname
09:25 !helsinki.fi.quakenet.org *** Checking Ident
09:25 !helsinki.fi.quakenet.org *** Found your hostname
09:26 !helsinki.fi.quakenet.org *** No ident response
--- Log closed Fri Apr 25 09:32:21 2003
--- Log opened Fri Apr 25 23:19:46 2003
23:19 !helsinki.fi.quakenet.org *** Looking up your hostname
23:19 !helsinki.fi.quakenet.org *** Checking Ident
23:19 !helsinki.fi.quakenet.org *** Found your hostname
23:20 !helsinki.fi.quakenet.org *** No ident response
--- Log closed Fri Apr 25 23:26:44 2003
--- Log opened Sat Apr 26 15:45:52 2003
15:45 !helsinki.fi.quakenet.org *** Looking up your hostname
15:45 !helsinki.fi.quakenet.org *** Checking Ident
15:45 !helsinki.fi.quakenet.org *** Found your hostname
15:46 !helsinki.fi.quakenet.org *** No ident response
--- Log closed Sat Apr 26 15:52:51 2003
--- Log opened Sun Apr 27 10:29:58 2003
10:29 !helsinki.fi.quakenet.org *** Looking up your hostname
10:29 !helsinki.fi.quakenet.org *** Checking Ident
10:30 !helsinki.fi.quakenet.org *** Found your hostname
10:30 !helsinki.fi.quakenet.org *** No ident response
--- Log closed Sun Apr 27 10:36:57 2003
--- Log opened Sun Apr 27 22:58:26 2003
22:58 !helsinki.fi.quakenet.org *** Looking up your hostname
22:58 !helsinki.fi.quakenet.org *** Checking Ident
22:58 !helsinki.fi.quakenet.org *** Found your hostname
22:59 !helsinki.fi.quakenet.org *** No ident response
--- Log closed Sun Apr 27 23:05:08 2003
--- Log opened Mon Apr 28 11:15:51 2003
11:15 !helsinki.fi.quakenet.org *** Looking up your hostname
11:15 !helsinki.fi.quakenet.org *** Checking Ident
11:15 !helsinki.fi.quakenet.org *** Found your hostname
11:16 !helsinki.fi.quakenet.org *** No ident response
--- Log closed Mon Apr 28 11:22:50 2003
--- Log opened Tue Apr 29 13:59:25 2003
13:59 !helsinki.fi.quakenet.org *** Looking up your hostname
13:59 !helsinki.fi.quakenet.org *** Checking Ident
13:59 !helsinki.fi.quakenet.org *** Found your hostname
14:00 !helsinki.fi.quakenet.org *** No ident response
--- Log closed Tue Apr 29 14:06:24 2003
--- Log opened Tue Apr 29 20:47:46 2003
20:47 !helsinki.fi.quakenet.org *** Looking up your hostname
20:47 !helsinki.fi.quakenet.org *** Checking Ident
20:47 !helsinki.fi.quakenet.org *** Found your hostname
20:48 !helsinki.fi.quakenet.org *** No ident response
--- Log closed Tue Apr 29 20:54:45 2003
--- Log opened Wed Apr 30 13:24:01 2003
13:24 !helsinki.fi.quakenet.org *** Looking up your hostname
13:24 !helsinki.fi.quakenet.org *** Checking Ident
13:24 !helsinki.fi.quakenet.org *** Found your hostname
13:25 !helsinki.fi.quakenet.org *** No ident response
--- Log closed Wed Apr 30 13:30:59 2003
--- Log opened Thu May 01 11:40:34 2003
11:40 !helsinki.fi.quakenet.org *** Looking up your hostname
11:40 !helsinki.fi.quakenet.org *** Checking Ident
11:40 !helsinki.fi.quakenet.org *** Found your hostname
11:41 !helsinki.fi.quakenet.org *** No ident response
--- Log closed Thu May 01 11:47:31 2003
--- Log opened Sat May 03 14:07:17 2003
14:07 !helsinki.fi.quakenet.org *** Looking up your hostname
14:07 !helsinki.fi.quakenet.org *** Checking Ident
14:07 !helsinki.fi.quakenet.org *** Found your hostname
14:08 !helsinki.fi.quakenet.org *** No ident response
--- Log closed Sat May 03 14:14:16 2003
--- Log opened Sun May 04 13:37:35 2003
13:37 !helsinki.fi.quakenet.org *** Looking up your hostname
13:37 !helsinki.fi.quakenet.org *** Checking Ident
13:37 !helsinki.fi.quakenet.org *** Found your hostname
13:38 !helsinki.fi.quakenet.org *** No ident response
--- Log closed Sun May 04 13:44:34 2003
--- Log opened Mon May 05 00:24:55 2003
00:24 !helsinki.fi.quakenet.org *** Looking up your hostname
00:24 !helsinki.fi.quakenet.org *** Checking Ident
00:24 !helsinki.fi.quakenet.org *** Found your hostname
--- Log closed Mon May 05 00:24:57 2003
--- Log opened Mon May 05 20:57:19 2003
20:57 !helsinki.fi.quakenet.org *** Looking up your hostname
20:57 !helsinki.fi.quakenet.org *** Checking Ident
20:57 !helsinki.fi.quakenet.org *** Found your hostname
20:58 !helsinki.fi.quakenet.org *** No ident response
--- Log closed Mon May 05 21:04:17 2003
--- Log opened Tue May 06 12:07:36 2003
12:07 !helsinki.fi.quakenet.org *** Looking up your hostname
12:07 !helsinki.fi.quakenet.org *** Checking Ident
12:07 !helsinki.fi.quakenet.org *** Found your hostname
12:08 !helsinki.fi.quakenet.org *** No ident response
--- Log closed Tue May 06 12:14:35 2003
--- Log opened Tue May 06 22:48:51 2003
22:48 !helsinki.fi.quakenet.org *** Looking up your hostname
22:48 !helsinki.fi.quakenet.org *** Checking Ident
22:48 !helsinki.fi.quakenet.org *** Found your hostname
22:49 !helsinki.fi.quakenet.org *** No ident response
--- Log closed Tue May 06 22:55:49 2003
--- Log opened Wed May 07 11:43:51 2003
11:43 !helsinki.fi.quakenet.org *** Looking up your hostname
11:43 !helsinki.fi.quakenet.org *** Checking Ident
11:43 !helsinki.fi.quakenet.org *** Found your hostname
11:44 !helsinki.fi.quakenet.org *** No ident response
--- Log closed Wed May 07 11:50:49 2003
--- Log opened Wed May 07 15:15:11 2003
15:15 !helsinki.fi.quakenet.org *** Looking up your hostname
15:15 !helsinki.fi.quakenet.org *** Checking Ident
15:15 !helsinki.fi.quakenet.org *** Found your hostname
15:16 !helsinki.fi.quakenet.org *** No ident response
--- Log closed Wed May 07 15:22:10 2003
--- Log opened Wed May 07 22:17:40 2003
22:17 !helsinki.fi.quakenet.org *** Looking up your hostname
22:17 !helsinki.fi.quakenet.org *** Checking Ident
22:17 !helsinki.fi.quakenet.org *** Found your hostname
22:18 !helsinki.fi.quakenet.org *** No ident response
--- Log closed Wed May 07 22:24:17 2003
--- Log opened Wed May 07 22:41:12 2003
22:41 !helsinki.fi.quakenet.org *** Looking up your hostname
22:41 !helsinki.fi.quakenet.org *** Checking Ident
22:41 !helsinki.fi.quakenet.org *** Found your hostname
22:42 !helsinki.fi.quakenet.org *** No ident response
--- Log closed Wed May 07 22:47:17 2003
--- Log opened Wed May 07 23:16:02 2003
23:16 !helsinki.fi.quakenet.org *** Looking up your hostname
23:16 !helsinki.fi.quakenet.org *** Found your hostname, cached
23:16 !helsinki.fi.quakenet.org *** Checking Ident
23:17 !helsinki.fi.quakenet.org *** No ident response
--- Log closed Wed May 07 23:22:18 2003
--- Log opened Fri May 09 15:58:12 2003
15:58 !helsinki.fi.quakenet.org *** Looking up your hostname
15:58 !helsinki.fi.quakenet.org *** Checking Ident
15:59 !helsinki.fi.quakenet.org *** No ident response
15:59 !helsinki.fi.quakenet.org *** Couldn't look up your hostname
--- Log closed Fri May 09 16:05:09 2003
--- Log opened Fri May 09 21:15:21 2003
21:15 !helsinki.fi.quakenet.org *** Looking up your hostname
21:15 !helsinki.fi.quakenet.org *** Checking Ident
21:15 !helsinki.fi.quakenet.org *** Found your hostname
21:16 !helsinki.fi.quakenet.org *** No ident response
--- Log closed Fri May 09 21:22:19 2003
--- Log opened Fri May 09 23:50:02 2003
23:50 !helsinki.fi.quakenet.org *** Looking up your hostname
23:50 !helsinki.fi.quakenet.org *** Checking Ident
23:50 !helsinki.fi.quakenet.org *** Found your hostname
23:51 !helsinki.fi.quakenet.org *** No ident response
--- Log closed Fri May 09 23:54:17 2003
--- Log opened Sun May 11 15:47:31 2003
15:47 !helsinki.fi.quakenet.org *** Looking up your hostname
15:47 !helsinki.fi.quakenet.org *** Checking Ident
15:47 !helsinki.fi.quakenet.org *** Found your hostname
15:48 !helsinki.fi.quakenet.org *** No ident response
--- Log closed Sun May 11 15:54:29 2003
--- Log opened Sun May 11 19:45:02 2003
19:45 !helsinki.fi.quakenet.org *** Looking up your hostname
19:45 !helsinki.fi.quakenet.org *** Checking Ident
19:45 !helsinki.fi.quakenet.org *** Found your hostname
19:46 !helsinki.fi.quakenet.org *** No ident response
--- Log closed Sun May 11 19:52:00 2003
--- Log opened Mon May 12 22:56:31 2003
22:56 !helsinki.fi.quakenet.org *** Looking up your hostname
22:56 !helsinki.fi.quakenet.org *** Checking Ident
22:56 !helsinki.fi.quakenet.org *** Found your hostname
22:57 !helsinki.fi.quakenet.org *** No ident response
--- Log closed Mon May 12 23:03:30 2003
--- Log opened Tue May 13 21:08:04 2003
21:08 !helsinki.fi.quakenet.org *** Looking up your hostname
21:08 !helsinki.fi.quakenet.org *** Checking Ident
21:08 !helsinki.fi.quakenet.org *** Found your hostname
21:09 !helsinki.fi.quakenet.org *** No ident response
--- Log closed Tue May 13 21:15:03 2003
--- Log opened Wed May 14 21:59:53 2003
21:59 !helsinki.fi.quakenet.org *** Looking up your hostname
21:59 !helsinki.fi.quakenet.org *** Checking Ident
21:59 !helsinki.fi.quakenet.org *** Found your hostname
22:00 !helsinki.fi.quakenet.org *** No ident response
--- Log closed Wed May 14 22:06:52 2003
--- Log opened Mon May 19 22:08:56 2003
22:08 !helsinki.fi.quakenet.org *** Looking up your hostname
22:08 !helsinki.fi.quakenet.org *** Checking Ident
22:08 !helsinki.fi.quakenet.org *** Found your hostname
22:09 !helsinki.fi.quakenet.org *** No ident response
--- Log closed Mon May 19 22:15:55 2003
--- Log opened Tue May 20 13:54:20 2003
13:54 !helsinki.fi.quakenet.org *** Looking up your hostname
13:54 !helsinki.fi.quakenet.org *** Checking Ident
13:54 !helsinki.fi.quakenet.org *** Found your hostname
13:55 !helsinki.fi.quakenet.org *** No ident response
--- Log closed Tue May 20 14:01:19 2003
--- Log opened Wed May 21 15:58:29 2003
15:58 !helsinki.fi.quakenet.org *** Looking up your hostname
15:58 !helsinki.fi.quakenet.org *** Checking Ident
15:58 !helsinki.fi.quakenet.org *** Found your hostname
15:59 !helsinki.fi.quakenet.org *** No ident response
--- Log closed Wed May 21 16:05:28 2003
--- Log opened Fri May 23 16:00:25 2003
16:00 !helsinki.fi.quakenet.org *** Looking up your hostname
16:00 !helsinki.fi.quakenet.org *** Checking Ident
16:00 !helsinki.fi.quakenet.org *** Found your hostname
16:01 !helsinki.fi.quakenet.org *** No ident response
--- Log closed Fri May 23 16:07:24 2003
--- Log opened Fri May 23 22:09:08 2003
22:09 !helsinki.fi.quakenet.org *** Looking up your hostname
22:09 !helsinki.fi.quakenet.org *** Checking Ident
22:09 !helsinki.fi.quakenet.org *** Found your hostname
22:10 !helsinki.fi.quakenet.org *** No ident response
--- Log closed Fri May 23 22:16:07 2003
--- Log opened Sat May 24 10:46:46 2003
10:46 !helsinki.fi.quakenet.org *** Looking up your hostname
10:46 !helsinki.fi.quakenet.org *** Checking Ident
10:46 !helsinki.fi.quakenet.org *** Found your hostname
10:47 !helsinki.fi.quakenet.org *** No ident response
--- Log closed Sat May 24 10:53:45 2003
--- Log opened Sun May 25 12:47:57 2003
12:47 !helsinki.fi.quakenet.org *** Looking up your hostname
12:47 !helsinki.fi.quakenet.org *** Checking Ident
12:47 !helsinki.fi.quakenet.org *** Found your hostname
12:48 !helsinki.fi.quakenet.org *** No ident response
--- Log closed Sun May 25 12:54:55 2003
--- Log opened Mon May 26 22:17:22 2003
22:17 !helsinki.fi.quakenet.org *** Looking up your hostname
22:17 !helsinki.fi.quakenet.org *** Checking Ident
22:17 !helsinki.fi.quakenet.org *** Found your hostname
22:18 !helsinki.fi.quakenet.org *** No ident response
--- Log closed Mon May 26 22:24:21 2003
--- Log opened Tue May 27 11:49:26 2003
11:49 !helsinki.fi.quakenet.org *** Looking up your hostname
11:49 !helsinki.fi.quakenet.org *** Checking Ident
11:49 !helsinki.fi.quakenet.org *** Found your hostname
11:50 !helsinki.fi.quakenet.org *** No ident response
--- Log closed Tue May 27 11:56:25 2003
--- Log opened Tue May 27 22:45:40 2003
22:45 !helsinki.fi.quakenet.org *** Looking up your hostname
22:45 !helsinki.fi.quakenet.org *** Checking Ident
22:45 !helsinki.fi.quakenet.org *** Found your hostname
22:46 !helsinki.fi.quakenet.org *** No ident response
--- Log closed Tue May 27 22:52:39 2003
--- Log opened Wed Jun 11 20:44:48 2003
20:44 !helsinki.fi.quakenet.org *** Looking up your hostname
20:44 !helsinki.fi.quakenet.org *** Checking Ident
20:44 !helsinki.fi.quakenet.org *** Found your hostname
20:45 !helsinki.fi.quakenet.org *** No ident response
--- Log closed Wed Jun 11 20:50:47 2003
--- Log opened Wed Jun 11 21:10:29 2003
21:10 !helsinki.fi.quakenet.org *** Looking up your hostname
21:10 !helsinki.fi.quakenet.org *** Checking Ident
21:10 !helsinki.fi.quakenet.org *** Found your hostname
21:11 !helsinki.fi.quakenet.org *** No ident response
--- Log closed Wed Jun 11 21:16:29 2003
--- Log opened Wed Jun 11 21:49:15 2003
21:49 !helsinki.fi.quakenet.org *** Looking up your hostname
21:49 !helsinki.fi.quakenet.org *** Checking Ident
21:49 !helsinki.fi.quakenet.org *** Found your hostname
21:50 !helsinki.fi.quakenet.org *** No ident response
--- Log closed Wed Jun 11 21:55:29 2003
--- Log opened Wed Jun 11 22:16:05 2003
22:16 !helsinki.fi.quakenet.org *** Looking up your hostname
22:16 !helsinki.fi.quakenet.org *** Checking Ident
22:16 !helsinki.fi.quakenet.org *** Found your hostname
22:17 !helsinki.fi.quakenet.org *** No ident response
--- Log closed Wed Jun 11 22:22:30 2003
--- Log opened Wed Jun 11 22:34:30 2003
22:34 !helsinki.fi.quakenet.org *** Looking up your hostname
22:34 !helsinki.fi.quakenet.org *** Found your hostname, cached
22:34 !helsinki.fi.quakenet.org *** Checking Ident
22:35 !helsinki.fi.quakenet.org *** No ident response
--- Log closed Wed Jun 11 22:40:30 2003
--- Log opened Wed Jun 11 22:59:02 2003
22:59 !helsinki.fi.quakenet.org *** Looking up your hostname
22:59 !helsinki.fi.quakenet.org *** Checking Ident
22:59 !helsinki.fi.quakenet.org *** Found your hostname
23:00 !helsinki.fi.quakenet.org *** No ident response
--- Log closed Wed Jun 11 23:05:30 2003
--- Log opened Wed Jun 11 23:24:36 2003
23:24 !helsinki.fi.quakenet.org *** Looking up your hostname
23:24 !helsinki.fi.quakenet.org *** Checking Ident
23:24 !helsinki.fi.quakenet.org *** Found your hostname
23:25 !helsinki.fi.quakenet.org *** No ident response
--- Log closed Wed Jun 11 23:31:31 2003
--- Log opened Wed Jun 11 23:50:08 2003
23:50 !helsinki.fi.quakenet.org *** Looking up your hostname
23:50 !helsinki.fi.quakenet.org *** Checking Ident
23:50 !helsinki.fi.quakenet.org *** Found your hostname
23:51 !helsinki.fi.quakenet.org *** No ident response
--- Log closed Wed Jun 11 23:56:31 2003
--- Log opened Thu Jun 12 12:05:43 2003
12:05 !helsinki.fi.quakenet.org *** Looking up your hostname
12:05 !helsinki.fi.quakenet.org *** Checking Ident
12:05 !helsinki.fi.quakenet.org *** Found your hostname
12:06 !helsinki.fi.quakenet.org *** No ident response
--- Log closed Thu Jun 12 12:12:42 2003
--- Log opened Fri Jun 13 13:49:08 2003
13:49 !helsinki.fi.quakenet.org *** Looking up your hostname
13:49 !helsinki.fi.quakenet.org *** Checking Ident
13:49 !helsinki.fi.quakenet.org *** Found your hostname
13:50 !helsinki.fi.quakenet.org *** No ident response
--- Log closed Fri Jun 13 13:55:07 2003
--- Log opened Fri Jun 13 16:11:04 2003
16:11 !helsinki.fi.quakenet.org *** Looking up your hostname
16:11 !helsinki.fi.quakenet.org *** Checking Ident
16:11 !helsinki.fi.quakenet.org *** Found your hostname
16:12 !helsinki.fi.quakenet.org *** No ident response
--- Log closed Fri Jun 13 16:17:04 2003
--- Log opened Sat Jun 14 12:36:48 2003
12:36 !helsinki.fi.quakenet.org *** Looking up your hostname
12:36 !helsinki.fi.quakenet.org *** Checking Ident
12:36 !helsinki.fi.quakenet.org *** Found your hostname
12:37 !helsinki.fi.quakenet.org *** No ident response
--- Log closed Sat Jun 14 12:43:47 2003
--- Log opened Sun Jun 15 15:03:48 2003
15:03 !helsinki.fi.quakenet.org *** Looking up your hostname
15:03 !helsinki.fi.quakenet.org *** Checking Ident
15:03 !helsinki.fi.quakenet.org *** Found your hostname
15:04 !helsinki.fi.quakenet.org *** No ident response
--- Log closed Sun Jun 15 15:10:47 2003
--- Log opened Sun Jun 15 23:04:55 2003
23:04 !helsinki.fi.quakenet.org *** Looking up your hostname
23:04 !helsinki.fi.quakenet.org *** Checking Ident
23:04 !helsinki.fi.quakenet.org *** Found your hostname
23:05 !helsinki.fi.quakenet.org *** No ident response
--- Log closed Sun Jun 15 23:10:55 2003
--- Log opened Mon Jun 16 11:03:11 2003
11:03 !helsinki.fi.quakenet.org *** Looking up your hostname
11:03 !helsinki.fi.quakenet.org *** Checking Ident
11:03 !helsinki.fi.quakenet.org *** Found your hostname
11:04 !helsinki.fi.quakenet.org *** No ident response
--- Log closed Mon Jun 16 11:10:05 2003
--- Log opened Tue Jun 17 11:53:21 2003
11:53 !helsinki.fi.quakenet.org *** Looking up your hostname
11:53 !helsinki.fi.quakenet.org *** Checking Ident
11:53 !helsinki.fi.quakenet.org *** Found your hostname
11:54 !helsinki.fi.quakenet.org *** No ident response
--- Log closed Tue Jun 17 12:00:20 2003
--- Log opened Wed Jun 18 08:44:49 2003
08:44 !helsinki.fi.quakenet.org *** Looking up your hostname
08:44 !helsinki.fi.quakenet.org *** Checking Ident
08:44 !helsinki.fi.quakenet.org *** Found your hostname
08:45 !helsinki.fi.quakenet.org *** No ident response
--- Log closed Wed Jun 18 08:51:49 2003
--- Log opened Wed Jun 18 19:45:41 2003
19:45 !helsinki.fi.quakenet.org *** Looking up your hostname
19:45 !helsinki.fi.quakenet.org *** Checking Ident
19:45 !helsinki.fi.quakenet.org *** Found your hostname
19:46 !helsinki.fi.quakenet.org *** No ident response
--- Log closed Wed Jun 18 19:52:40 2003
--- Log opened Thu Jun 19 11:00:58 2003
11:00 !helsinki.fi.quakenet.org *** Looking up your hostname
11:00 !helsinki.fi.quakenet.org *** Checking Ident
11:00 !helsinki.fi.quakenet.org *** Found your hostname
11:01 !helsinki.fi.quakenet.org *** No ident response
--- Log closed Thu Jun 19 11:07:57 2003
--- Log opened Fri Jun 20 11:56:26 2003
11:56 !helsinki.fi.quakenet.org *** Looking up your hostname
11:56 !helsinki.fi.quakenet.org *** Checking Ident
11:56 !helsinki.fi.quakenet.org *** Found your hostname
11:57 !helsinki.fi.quakenet.org *** No ident response
--- Log closed Fri Jun 20 12:03:20 2003
--- Log opened Sat Jun 21 12:04:20 2003
12:04 !helsinki.fi.quakenet.org *** Looking up your hostname
12:04 !helsinki.fi.quakenet.org *** Checking Ident
12:04 !helsinki.fi.quakenet.org *** Found your hostname
12:05 !helsinki.fi.quakenet.org *** No ident response
--- Log closed Sat Jun 21 12:11:19 2003
--- Log opened Sat Jun 21 14:08:08 2003
14:08 !helsinki.fi.quakenet.org *** Looking up your hostname
14:08 !helsinki.fi.quakenet.org *** Checking Ident
14:08 !helsinki.fi.quakenet.org *** Found your hostname
14:09 !helsinki.fi.quakenet.org *** No ident response
--- Log closed Sat Jun 21 14:14:07 2003
--- Log opened Sat Jun 21 15:54:12 2003
15:54 !helsinki.fi.quakenet.org *** Looking up your hostname
15:54 !helsinki.fi.quakenet.org *** Checking Ident
15:54 !helsinki.fi.quakenet.org *** Found your hostname
15:55 !helsinki.fi.quakenet.org *** No ident response
--- Log closed Sat Jun 21 16:00:12 2003
--- Log opened Sat Jun 21 22:10:17 2003
22:10 !helsinki.fi.quakenet.org *** Looking up your hostname
22:10 !helsinki.fi.quakenet.org *** Checking Ident
22:10 !helsinki.fi.quakenet.org *** Found your hostname
22:11 !helsinki.fi.quakenet.org *** No ident response
--- Log closed Sat Jun 21 22:17:16 2003
--- Log opened Sun Jun 22 01:40:26 2003
01:40 !helsinki.fi.quakenet.org *** Looking up your hostname
01:40 !helsinki.fi.quakenet.org *** Checking Ident
01:40 !helsinki.fi.quakenet.org *** Found your hostname
01:41 !helsinki.fi.quakenet.org *** No ident response
--- Log closed Sun Jun 22 01:47:25 2003
--- Log opened Sun Jun 22 11:26:04 2003
11:26 !helsinki.fi.quakenet.org *** Looking up your hostname
11:26 !helsinki.fi.quakenet.org *** Checking Ident
11:26 !helsinki.fi.quakenet.org *** Found your hostname
11:27 !helsinki.fi.quakenet.org *** No ident response
--- Log closed Sun Jun 22 11:33:03 2003
--- Log opened Mon Jun 23 12:17:22 2003
12:17 !helsinki.fi.quakenet.org *** Looking up your hostname
12:17 !helsinki.fi.quakenet.org *** Checking Ident
12:17 !helsinki.fi.quakenet.org *** Found your hostname
12:18 !helsinki.fi.quakenet.org *** No ident response
--- Log closed Mon Jun 23 12:24:20 2003
--- Log opened Tue Jun 24 15:50:32 2003
15:50 !helsinki.fi.quakenet.org *** Looking up your hostname
15:50 !helsinki.fi.quakenet.org *** Checking Ident
15:50 !helsinki.fi.quakenet.org *** Found your hostname
15:51 !helsinki.fi.quakenet.org *** No ident response
--- Log closed Tue Jun 24 15:57:31 2003
--- Log opened Thu Jun 26 18:23:15 2003
18:23 !irc.fi.quakenet.org *** Looking up your hostname
18:23 !irc.fi.quakenet.org *** Checking Ident
18:23 !irc.fi.quakenet.org *** Found your hostname
18:24 !irc.fi.quakenet.org *** No ident response
--- Log closed Thu Jun 26 18:29:15 2003
--- Log opened Fri Jun 27 16:18:47 2003
16:18 !irc.fi.quakenet.org *** Looking up your hostname
16:18 !irc.fi.quakenet.org *** Checking Ident
16:18 !irc.fi.quakenet.org *** Found your hostname
16:19 !irc.fi.quakenet.org *** No ident response
--- Log closed Fri Jun 27 16:24:46 2003
--- Log opened Sat Jun 28 11:49:14 2003
11:49 !irc.fi.quakenet.org *** Looking up your hostname
11:49 !irc.fi.quakenet.org *** Checking Ident
11:49 !irc.fi.quakenet.org *** Found your hostname
11:50 !irc.fi.quakenet.org *** No ident response
--- Log closed Sat Jun 28 11:56:13 2003
--- Log opened Sun Jun 29 10:09:44 2003
10:09 !irc.fi.quakenet.org *** Looking up your hostname
10:09 !irc.fi.quakenet.org *** Checking Ident
10:09 !irc.fi.quakenet.org *** Found your hostname
10:10 !irc.fi.quakenet.org *** No ident response
--- Log closed Sun Jun 29 10:15:43 2003
--- Log opened Sun Jun 29 19:26:18 2003
19:26 !irc.fi.quakenet.org *** Looking up your hostname
19:26 !irc.fi.quakenet.org *** Checking Ident
19:26 !irc.fi.quakenet.org *** Found your hostname
19:27 !irc.fi.quakenet.org *** No ident response
--- Log closed Sun Jun 29 19:33:09 2003
--- Log opened Sun Jun 29 22:27:50 2003
22:27 !irc.fi.quakenet.org *** Looking up your hostname
22:27 !irc.fi.quakenet.org *** Checking Ident
22:27 !irc.fi.quakenet.org *** Found your hostname
22:28 !irc.fi.quakenet.org *** No ident response
--- Log closed Sun Jun 29 22:33:49 2003
--- Log opened Mon Jun 30 13:23:54 2003
13:23 !irc.fi.quakenet.org *** Looking up your hostname
13:23 !irc.fi.quakenet.org *** Checking Ident
13:23 !irc.fi.quakenet.org *** Found your hostname
13:24 !irc.fi.quakenet.org *** No ident response
--- Log closed Mon Jun 30 13:29:54 2003
--- Log opened Mon Jun 30 18:27:30 2003
18:27 !irc.fi.quakenet.org *** Looking up your hostname
18:27 !irc.fi.quakenet.org *** Checking Ident
18:27 !irc.fi.quakenet.org *** Found your hostname
18:28 !irc.fi.quakenet.org *** No ident response
--- Log closed Mon Jun 30 18:33:30 2003
--- Log opened Tue Jul 01 14:38:00 2003
14:38 !irc.fi.quakenet.org *** Looking up your hostname
14:38 !irc.fi.quakenet.org *** Checking Ident
14:38 !irc.fi.quakenet.org *** Found your hostname
14:39 !irc.fi.quakenet.org *** No ident response
--- Log closed Tue Jul 01 14:44:59 2003
--- Log opened Wed Jul 02 10:33:31 2003
10:33 !irc.fi.quakenet.org *** Looking up your hostname
10:33 !irc.fi.quakenet.org *** Checking Ident
10:33 !irc.fi.quakenet.org *** Found your hostname
10:34 !irc.fi.quakenet.org *** No ident response
--- Log closed Wed Jul 02 10:40:30 2003
--- Log opened Thu Jul 03 12:34:40 2003
12:34 !irc.fi.quakenet.org *** Looking up your hostname
12:34 !irc.fi.quakenet.org *** Checking Ident
12:34 !irc.fi.quakenet.org *** Found your hostname
12:35 !irc.fi.quakenet.org *** No ident response
--- Log closed Thu Jul 03 12:41:39 2003
--- Log opened Thu Jul 03 23:48:55 2003
23:48 !irc.fi.quakenet.org *** Looking up your hostname
23:48 !irc.fi.quakenet.org *** Checking Ident
23:48 !irc.fi.quakenet.org *** Found your hostname
--- Log closed Thu Jul 03 23:49:05 2003
--- Log opened Sat Jul 05 16:47:45 2003
16:47 !irc.fi.quakenet.org *** Looking up your hostname
16:47 !irc.fi.quakenet.org *** Checking Ident
16:47 !irc.fi.quakenet.org *** Found your hostname
16:48 !irc.fi.quakenet.org *** No ident response
--- Log closed Sat Jul 05 16:53:44 2003
--- Log opened Sun Jul 06 13:22:10 2003
13:22 !irc.fi.quakenet.org *** Looking up your hostname
13:22 !irc.fi.quakenet.org *** Checking Ident
13:22 !irc.fi.quakenet.org *** Found your hostname
13:23 !irc.fi.quakenet.org *** No ident response
--- Log closed Sun Jul 06 13:29:09 2003
--- Log opened Tue Jul 08 16:08:42 2003
16:08 !irc.fi.quakenet.org *** Looking up your hostname
16:08 !irc.fi.quakenet.org *** Checking Ident
16:08 !irc.fi.quakenet.org *** Found your hostname
16:09 !irc.fi.quakenet.org *** No ident response
--- Log closed Tue Jul 08 16:15:41 2003
--- Log opened Sun Jul 13 19:35:13 2003
19:35 !irc.fi.quakenet.org *** Looking up your hostname
19:35 !irc.fi.quakenet.org *** Checking Ident
19:35 !irc.fi.quakenet.org *** Found your hostname
19:36 !irc.fi.quakenet.org *** No ident response
--- Log closed Sun Jul 13 19:42:12 2003
--- Log opened Mon Jul 14 10:08:40 2003
10:08 !irc.fi.quakenet.org *** Looking up your hostname
10:08 !irc.fi.quakenet.org *** Checking Ident
10:08 !irc.fi.quakenet.org *** Found your hostname
10:09 !irc.fi.quakenet.org *** No ident response
--- Log closed Mon Jul 14 10:15:36 2003
--- Log opened Fri Jul 18 23:11:49 2003
23:11 !irc.fi.quakenet.org *** Looking up your hostname
23:11 !irc.fi.quakenet.org *** Checking Ident
23:11 !irc.fi.quakenet.org *** Found your hostname
23:12 !irc.fi.quakenet.org *** No ident response
--- Log closed Fri Jul 18 23:18:48 2003
--- Log opened Sun Jul 27 17:04:35 2003
17:04 !irc.fi.quakenet.org *** Looking up your hostname
17:04 !irc.fi.quakenet.org *** Checking Ident
17:04 !irc.fi.quakenet.org *** Found your hostname
17:05 !irc.fi.quakenet.org *** No ident response
--- Log closed Sun Jul 27 17:11:34 2003
--- Log opened Sun Jul 27 17:18:43 2003
17:18 !irc.fi.quakenet.org *** Looking up your hostname
17:18 !irc.fi.quakenet.org *** Found your hostname, cached
17:18 !irc.fi.quakenet.org *** Checking Ident
17:19 !irc.fi.quakenet.org *** No ident response
--- Log closed Sun Jul 27 17:25:34 2003
--- Log opened Sun Jul 27 22:18:45 2003
22:18 !irc.fi.quakenet.org *** Looking up your hostname
22:18 !irc.fi.quakenet.org *** Checking Ident
22:18 !irc.fi.quakenet.org *** Found your hostname
22:19 !irc.fi.quakenet.org *** No ident response
--- Log closed Sun Jul 27 22:25:42 2003
--- Log opened Mon Jul 28 00:06:02 2003
00:06 !irc.fi.quakenet.org *** Looking up your hostname
00:06 !irc.fi.quakenet.org *** Checking Ident
00:06 !irc.fi.quakenet.org *** Found your hostname
00:07 !irc.fi.quakenet.org *** No ident response
--- Log closed Mon Jul 28 00:12:43 2003
--- Log opened Mon Jul 28 18:58:29 2003
18:58 !irc.fi.quakenet.org *** Looking up your hostname
18:58 !irc.fi.quakenet.org *** Checking Ident
18:58 !irc.fi.quakenet.org *** Found your hostname
18:59 !irc.fi.quakenet.org *** No ident response
--- Log closed Mon Jul 28 19:05:28 2003
--- Log opened Tue Jul 29 00:13:58 2003
00:13 !irc.fi.quakenet.org *** Looking up your hostname
00:13 !irc.fi.quakenet.org *** Checking Ident
00:13 !irc.fi.quakenet.org *** Found your hostname
00:14 !irc.fi.quakenet.org *** No ident response
--- Log closed Tue Jul 29 00:20:33 2003
--- Log opened Thu Jul 31 19:32:35 2003
19:32 !irc.fi.quakenet.org *** Looking up your hostname
19:32 !irc.fi.quakenet.org *** Checking Ident
19:32 !irc.fi.quakenet.org *** Found your hostname
19:33 !irc.fi.quakenet.org *** No ident response
--- Log closed Thu Jul 31 19:39:34 2003
--- Log opened Thu Jul 31 21:03:44 2003
21:03 !irc.fi.quakenet.org *** Looking up your hostname
21:03 !irc.fi.quakenet.org *** Checking Ident
21:03 !irc.fi.quakenet.org *** Found your hostname
21:04 !irc.fi.quakenet.org *** No ident response
--- Log closed Thu Jul 31 21:10:36 2003
--- Log opened Sat Aug 02 17:07:14 2003
17:07 !irc.fi.quakenet.org *** Looking up your hostname
17:07 !irc.fi.quakenet.org *** Checking Ident
17:07 !irc.fi.quakenet.org *** Found your hostname
17:08 !irc.fi.quakenet.org *** No ident response
--- Log closed Sat Aug 02 17:14:05 2003
--- Log opened Sun Aug 03 22:35:13 2003
22:35 !irc.fi.quakenet.org *** Looking up your hostname
22:35 !irc.fi.quakenet.org *** Checking Ident
22:35 !irc.fi.quakenet.org *** Found your hostname
22:36 !irc.fi.quakenet.org *** No ident response
--- Log closed Sun Aug 03 22:42:12 2003
--- Log opened Mon Aug 04 17:25:22 2003
17:25 !irc.fi.quakenet.org *** Looking up your hostname
17:25 !irc.fi.quakenet.org *** Checking Ident
17:25 !irc.fi.quakenet.org *** Found your hostname
17:26 !irc.fi.quakenet.org *** No ident response
--- Log closed Mon Aug 04 17:32:21 2003
--- Log opened Mon Aug 04 21:29:57 2003
21:29 !irc.fi.quakenet.org *** Looking up your hostname
21:29 !irc.fi.quakenet.org *** Checking Ident
21:29 !irc.fi.quakenet.org *** Found your hostname
21:30 !irc.fi.quakenet.org *** No ident response
--- Log closed Mon Aug 04 21:35:56 2003
--- Log opened Wed Aug 06 09:10:11 2003
09:10 !irc.fi.quakenet.org *** Looking up your hostname
09:10 !irc.fi.quakenet.org *** Checking Ident
09:10 !irc.fi.quakenet.org *** Found your hostname
09:11 !irc.fi.quakenet.org *** No ident response
--- Log closed Wed Aug 06 09:17:10 2003
--- Log opened Wed Aug 06 20:25:33 2003
20:25 !irc.fi.quakenet.org *** Looking up your hostname
20:25 !irc.fi.quakenet.org *** Checking Ident
20:25 !irc.fi.quakenet.org *** Found your hostname
20:26 !irc.fi.quakenet.org *** No ident response
--- Log closed Wed Aug 06 20:32:21 2003
--- Log opened Thu Aug 07 12:19:56 2003
12:19 !irc.fi.quakenet.org *** Looking up your hostname
12:19 !irc.fi.quakenet.org *** Checking Ident
12:19 !irc.fi.quakenet.org *** Found your hostname
12:20 !irc.fi.quakenet.org *** No ident response
--- Log closed Thu Aug 07 12:26:55 2003
--- Log opened Fri Aug 08 14:01:08 2003
14:01 !irc.fi.quakenet.org *** Looking up your hostname
14:01 !irc.fi.quakenet.org *** Checking Ident
14:01 !irc.fi.quakenet.org *** Found your hostname
14:02 !irc.fi.quakenet.org *** No ident response
--- Log closed Fri Aug 08 14:08:07 2003
--- Log opened Mon Aug 11 15:38:36 2003
15:38 !irc.fi.quakenet.org *** Looking up your hostname
15:38 !irc.fi.quakenet.org *** Checking Ident
15:38 !irc.fi.quakenet.org *** Found your hostname
15:39 !irc.fi.quakenet.org *** No ident response
--- Log closed Mon Aug 11 15:45:35 2003
--- Log opened Wed Aug 13 14:14:16 2003
14:14 !irc.fi.quakenet.org *** Looking up your hostname
14:14 !irc.fi.quakenet.org *** Checking Ident
14:14 !irc.fi.quakenet.org *** Found your hostname
14:15 !irc.fi.quakenet.org *** No ident response
--- Log closed Wed Aug 13 14:21:15 2003
--- Log opened Thu Aug 14 14:16:24 2003
14:16 !irc.fi.quakenet.org *** Looking up your hostname
14:16 !irc.fi.quakenet.org *** Checking Ident
14:16 !irc.fi.quakenet.org *** Found your hostname
14:17 !irc.fi.quakenet.org *** No ident response
--- Log closed Thu Aug 14 14:23:23 2003
--- Log opened Fri Aug 15 10:19:55 2003
10:19 !irc.fi.quakenet.org *** Looking up your hostname
10:19 !irc.fi.quakenet.org *** Checking Ident
10:19 !irc.fi.quakenet.org *** Found your hostname
10:20 !irc.fi.quakenet.org *** No ident response
--- Log closed Fri Aug 15 10:26:54 2003
--- Log opened Fri Aug 15 13:03:41 2003
13:03 !irc.fi.quakenet.org *** Looking up your hostname
13:03 !irc.fi.quakenet.org *** Checking Ident
13:03 !irc.fi.quakenet.org *** Found your hostname
13:04 !irc.fi.quakenet.org *** No ident response
--- Log closed Fri Aug 15 13:09:41 2003
--- Log opened Sat Aug 16 23:19:20 2003
23:19 !irc.fi.quakenet.org *** Looking up your hostname
23:19 !irc.fi.quakenet.org *** Checking Ident
23:19 !irc.fi.quakenet.org *** Found your hostname
23:20 !irc.fi.quakenet.org *** No ident response
--- Log closed Sat Aug 16 23:26:18 2003
--- Log opened Sun Aug 17 12:14:48 2003
12:14 !irc.fi.quakenet.org *** Looking up your hostname
12:14 !irc.fi.quakenet.org *** Checking Ident
12:14 !irc.fi.quakenet.org *** Found your hostname
12:15 !irc.fi.quakenet.org *** No ident response
--- Log closed Sun Aug 17 12:21:47 2003
--- Log opened Sun Aug 17 16:02:43 2003
16:02 !irc.fi.quakenet.org *** Looking up your hostname
16:02 !irc.fi.quakenet.org *** Checking Ident
16:02 !irc.fi.quakenet.org *** Found your hostname
16:03 !irc.fi.quakenet.org *** No ident response
--- Log closed Sun Aug 17 16:08:51 2003
--- Log opened Sun Aug 17 16:15:04 2003
16:15 !irc.fi.quakenet.org *** Looking up your hostname
16:15 !irc.fi.quakenet.org *** Checking Ident
16:15 !irc.fi.quakenet.org *** Found your hostname
16:16 !irc.fi.quakenet.org *** No ident response
--- Log closed Sun Aug 17 16:21:51 2003
--- Log opened Sun Aug 17 16:23:39 2003
16:23 !irc.fi.quakenet.org *** Looking up your hostname
16:23 !irc.fi.quakenet.org *** Found your hostname, cached
16:23 !irc.fi.quakenet.org *** Checking Ident
16:24 !irc.fi.quakenet.org *** No ident response
--- Log closed Sun Aug 17 16:29:51 2003
--- Log opened Sun Aug 17 16:31:39 2003
16:31 !irc.fi.quakenet.org *** Looking up your hostname
16:31 !irc.fi.quakenet.org *** Checking Ident
16:31 !irc.fi.quakenet.org *** Found your hostname
16:32 !irc.fi.quakenet.org *** No ident response
--- Log closed Sun Aug 17 16:37:51 2003
--- Log opened Sun Aug 17 16:40:02 2003
16:40 !irc.fi.quakenet.org *** Looking up your hostname
16:40 !irc.fi.quakenet.org *** Checking Ident
16:40 !irc.fi.quakenet.org *** Found your hostname
16:41 !irc.fi.quakenet.org *** No ident response
--- Log closed Sun Aug 17 16:46:51 2003
--- Log opened Sun Aug 17 16:50:21 2003
16:50 !irc.fi.quakenet.org *** Looking up your hostname
16:50 !irc.fi.quakenet.org *** Found your hostname, cached
16:50 !irc.fi.quakenet.org *** Checking Ident
16:51 !irc.fi.quakenet.org *** No ident response
--- Log closed Sun Aug 17 16:56:51 2003
--- Log opened Sun Aug 17 21:24:05 2003
21:24 !irc.fi.quakenet.org *** Looking up your hostname
21:24 !irc.fi.quakenet.org *** Checking Ident
21:24 !irc.fi.quakenet.org *** Found your hostname
21:25 !irc.fi.quakenet.org *** No ident response
--- Log closed Sun Aug 17 21:31:04 2003
--- Log opened Mon Aug 18 19:50:40 2003
19:50 !irc.fi.quakenet.org *** Looking up your hostname
19:50 !irc.fi.quakenet.org *** Checking Ident
19:50 !irc.fi.quakenet.org *** Found your hostname
19:51 !irc.fi.quakenet.org *** No ident response
--- Log closed Mon Aug 18 19:57:38 2003
--- Log opened Wed Aug 20 08:25:35 2003
08:25 !irc.fi.quakenet.org *** Looking up your hostname
08:25 !irc.fi.quakenet.org *** Checking Ident
08:25 !irc.fi.quakenet.org *** Found your hostname
08:26 !irc.fi.quakenet.org *** No ident response
--- Log closed Wed Aug 20 08:32:34 2003
--- Log opened Sun Sep 14 13:52:41 2003
13:52 !irc.fi.quakenet.org *** Looking up your hostname
13:52 !irc.fi.quakenet.org *** Checking Ident
13:52 !irc.fi.quakenet.org *** Found your hostname
13:52 !irc.fi.quakenet.org *** Got ident response
--- Log closed Sun Sep 14 13:58:39 2003
--- Log opened Sun Sep 14 16:55:27 2003
16:55 !irc.fi.quakenet.org *** Looking up your hostname
16:55 !irc.fi.quakenet.org *** Checking Ident
16:55 !irc.fi.quakenet.org *** Got ident response
16:55 !irc.fi.quakenet.org *** Found your hostname
--- Log closed Sun Sep 14 17:01:26 2003
--- Log opened Sun Sep 14 17:46:10 2003
17:46 !irc.fi.quakenet.org *** Looking up your hostname
17:46 !irc.fi.quakenet.org *** Checking Ident
17:46 !irc.fi.quakenet.org *** Found your hostname
17:46 !irc.fi.quakenet.org *** Got ident response
--- Log closed Sun Sep 14 17:52:09 2003
--- Log opened Mon Sep 15 09:16:17 2003
09:16 !irc.fi.quakenet.org *** Looking up your hostname
09:16 !irc.fi.quakenet.org *** Checking Ident
09:16 !irc.fi.quakenet.org *** Found your hostname
09:16 !irc.fi.quakenet.org *** Got ident response
--- Log closed Mon Sep 15 09:22:16 2003
--- Log opened Mon Sep 15 13:57:29 2003
13:57 !irc.fi.quakenet.org *** Looking up your hostname
13:57 !irc.fi.quakenet.org *** Checking Ident
13:57 !irc.fi.quakenet.org *** Found your hostname
13:57 !irc.fi.quakenet.org *** Got ident response
--- Log closed Mon Sep 15 14:03:28 2003
--- Log opened Tue Sep 16 22:43:59 2003
22:43 !irc.fi.quakenet.org *** Looking up your hostname
22:43 !irc.fi.quakenet.org *** Checking Ident
22:43 !irc.fi.quakenet.org *** Found your hostname
--- Log closed Tue Sep 16 22:47:49 2003
--- Log opened Tue Sep 16 22:48:45 2003
22:48 !irc.fi.quakenet.org *** Looking up your hostname
22:48 !irc.fi.quakenet.org *** Checking Ident
22:48 !irc.fi.quakenet.org *** Found your hostname
--- Log closed Tue Sep 16 22:54:44 2003
--- Log opened Tue Sep 16 23:00:18 2003
23:00 !irc.fi.quakenet.org *** Looking up your hostname
23:00 !irc.fi.quakenet.org *** Found your hostname, cached
23:00 !irc.fi.quakenet.org *** Checking Ident
--- Log closed Tue Sep 16 23:00:40 2003
--- Log opened Wed Sep 17 20:09:15 2003
20:09 !irc.fi.quakenet.org *** Looking up your hostname
20:09 !irc.fi.quakenet.org *** Checking Ident
20:09 !irc.fi.quakenet.org *** Found your hostname
--- Log closed Wed Sep 17 20:15:14 2003
--- Log opened Thu Sep 18 18:54:26 2003
18:54 !irc.fi.quakenet.org *** Looking up your hostname
18:54 !irc.fi.quakenet.org *** Checking Ident
18:54 !irc.fi.quakenet.org *** Found your hostname
--- Log closed Thu Sep 18 19:00:25 2003
--- Log opened Fri Sep 19 19:50:19 2003
19:50 !irc.fi.quakenet.org *** Looking up your hostname
19:50 !irc.fi.quakenet.org *** Checking Ident
19:50 !irc.fi.quakenet.org *** Found your hostname
--- Log closed Fri Sep 19 19:56:18 2003
--- Log opened Fri Sep 19 22:06:45 2003
22:06 !irc.fi.quakenet.org *** Looking up your hostname
22:06 !irc.fi.quakenet.org *** Checking Ident
22:06 !irc.fi.quakenet.org *** Found your hostname
22:07 !irc.fi.quakenet.org *** No ident response
--- Log closed Fri Sep 19 22:13:43 2003
--- Log opened Sat Sep 20 11:41:44 2003
11:41 !irc.fi.quakenet.org *** Looking up your hostname
11:41 !irc.fi.quakenet.org *** Checking Ident
11:41 !irc.fi.quakenet.org *** Found your hostname
--- Log closed Sat Sep 20 11:47:43 2003
--- Log opened Sat Sep 20 11:56:53 2003
11:56 !irc.fi.quakenet.org *** Looking up your hostname
11:56 !irc.fi.quakenet.org *** Found your hostname, cached
11:56 !irc.fi.quakenet.org *** Checking Ident
--- Log closed Sat Sep 20 12:01:53 2003
--- Log opened Sun Sep 21 09:43:09 2003
09:43 !irc.fi.quakenet.org *** Looking up your hostname
09:43 !irc.fi.quakenet.org *** Checking Ident
09:43 !irc.fi.quakenet.org *** Found your hostname
--- Log closed Sun Sep 21 09:49:08 2003
--- Log opened Sun Sep 21 17:18:49 2003
17:18 !irc.fi.quakenet.org *** Looking up your hostname
17:18 !irc.fi.quakenet.org *** Checking Ident
17:18 !irc.fi.quakenet.org *** Found your hostname
--- Log closed Sun Sep 21 17:24:48 2003
--- Log opened Sun Sep 21 18:13:33 2003
18:13 !irc.fi.quakenet.org *** Looking up your hostname
18:13 !irc.fi.quakenet.org *** Checking Ident
18:13 !irc.fi.quakenet.org *** Found your hostname
--- Log closed Sun Sep 21 18:18:49 2003
--- Log opened Sun Sep 21 19:49:09 2003
19:49 !irc.fi.quakenet.org *** Looking up your hostname
19:49 !irc.fi.quakenet.org *** Checking Ident
19:49 !irc.fi.quakenet.org *** Found your hostname
--- Log closed Sun Sep 21 19:55:08 2003
--- Log opened Tue Sep 23 14:34:51 2003
14:34 !irc.fi.quakenet.org *** Looking up your hostname
14:34 !irc.fi.quakenet.org *** Checking Ident
14:34 !irc.fi.quakenet.org *** Found your hostname
14:35 !irc.fi.quakenet.org *** No ident response
--- Log closed Tue Sep 23 14:41:50 2003
--- Log opened Fri Sep 26 21:40:23 2003
21:40 !irc.fi.quakenet.org *** Looking up your hostname
21:40 !irc.fi.quakenet.org *** Checking Ident
21:40 !irc.fi.quakenet.org *** Found your hostname
21:41 !irc.fi.quakenet.org *** No ident response
--- Log closed Fri Sep 26 21:47:21 2003
--- Log opened Sat Sep 27 08:48:44 2003
08:48 !irc.fi.quakenet.org *** Looking up your hostname
08:48 !irc.fi.quakenet.org *** Checking Ident
08:48 !irc.fi.quakenet.org *** Found your hostname
08:49 !irc.fi.quakenet.org *** No ident response
--- Log closed Sat Sep 27 08:55:43 2003
--- Log opened Sun Sep 28 15:33:38 2003
15:33 !irc.fi.quakenet.org *** Looking up your hostname
15:33 !irc.fi.quakenet.org *** Checking Ident
15:33 !irc.fi.quakenet.org *** Found your hostname
15:34 !irc.fi.quakenet.org *** No ident response
--- Log closed Sun Sep 28 15:40:37 2003
--- Log opened Tue Sep 30 18:14:56 2003
18:14 !irc.fi.quakenet.org *** Looking up your hostname
18:14 !irc.fi.quakenet.org *** Checking Ident
18:14 !irc.fi.quakenet.org *** Found your hostname
18:15 !irc.fi.quakenet.org *** No ident response
--- Log closed Tue Sep 30 18:20:55 2003
--- Log opened Tue Sep 30 22:12:37 2003
22:12 !irc.fi.quakenet.org *** Looking up your hostname
22:12 !irc.fi.quakenet.org *** Checking Ident
22:12 !irc.fi.quakenet.org *** Found your hostname
22:13 !irc.fi.quakenet.org *** No ident response
--- Log closed Tue Sep 30 22:18:58 2003
--- Log opened Sat Oct 04 13:29:47 2003
13:29 !irc.fi.quakenet.org *** Looking up your hostname
13:29 !irc.fi.quakenet.org *** Checking Ident
13:29 !irc.fi.quakenet.org *** Found your hostname
13:30 !irc.fi.quakenet.org *** No ident response
--- Log closed Sat Oct 04 13:35:47 2003
--- Log opened Sun Oct 05 12:34:24 2003
12:34 !irc.fi.quakenet.org *** Looking up your hostname
12:34 !irc.fi.quakenet.org *** Checking Ident
12:34 !irc.fi.quakenet.org *** Found your hostname
12:35 !irc.fi.quakenet.org *** No ident response
--- Log closed Sun Oct 05 12:41:23 2003
--- Log opened Mon Oct 06 17:34:14 2003
17:34 !irc.fi.quakenet.org *** Looking up your hostname
17:34 !irc.fi.quakenet.org *** Checking Ident
17:34 !irc.fi.quakenet.org *** Found your hostname
17:35 !irc.fi.quakenet.org *** No ident response
--- Log closed Mon Oct 06 17:41:13 2003
--- Log opened Tue Oct 07 22:00:26 2003
22:00 !irc.fi.quakenet.org *** Looking up your hostname
22:00 !irc.fi.quakenet.org *** Checking Ident
22:00 !irc.fi.quakenet.org *** Found your hostname
22:01 !irc.fi.quakenet.org *** No ident response
--- Log closed Tue Oct 07 22:07:25 2003
--- Log opened Wed Oct 08 20:16:28 2003
20:16 !irc.fi.quakenet.org *** Looking up your hostname
20:16 !irc.fi.quakenet.org *** Checking Ident
20:16 !irc.fi.quakenet.org *** Found your hostname
20:17 !irc.fi.quakenet.org *** No ident response
--- Log closed Wed Oct 08 20:22:27 2003
--- Log opened Fri Oct 10 20:24:38 2003
20:24 !irc.fi.quakenet.org *** Looking up your hostname
20:24 !irc.fi.quakenet.org *** Checking Ident
20:24 !irc.fi.quakenet.org *** Found your hostname
20:25 !irc.fi.quakenet.org *** No ident response
--- Log closed Fri Oct 10 20:31:35 2003
--- Log opened Sun Oct 12 15:54:41 2003
15:54 !irc.fi.quakenet.org *** Looking up your hostname
15:54 !irc.fi.quakenet.org *** Checking Ident
15:54 !irc.fi.quakenet.org *** Found your hostname
15:55 !irc.fi.quakenet.org *** No ident response
--- Log closed Sun Oct 12 16:01:40 2003
--- Log opened Tue Oct 14 23:38:59 2003
23:38 !irc.fi.quakenet.org *** Looking up your hostname
23:39 !irc.fi.quakenet.org *** Checking Ident
23:39 !irc.fi.quakenet.org *** Found your hostname
23:39 !irc.fi.quakenet.org *** No ident response
--- Log closed Tue Oct 14 23:45:58 2003
--- Log opened Wed Oct 15 21:24:00 2003
21:24 !irc.fi.quakenet.org *** Looking up your hostname
21:24 !irc.fi.quakenet.org *** Checking Ident
21:24 !irc.fi.quakenet.org *** Found your hostname
21:25 !irc.fi.quakenet.org *** No ident response
--- Log closed Wed Oct 15 21:30:59 2003
--- Log opened Thu Oct 16 16:37:22 2003
16:37 !irc.fi.quakenet.org *** Looking up your hostname
16:37 !irc.fi.quakenet.org *** Checking Ident
16:37 !irc.fi.quakenet.org *** Found your hostname
16:38 !irc.fi.quakenet.org *** No ident response
--- Log closed Thu Oct 16 16:42:15 2003
--- Log opened Thu Oct 16 18:53:46 2003
18:53 !irc.fi.quakenet.org *** Looking up your hostname
18:53 !irc.fi.quakenet.org *** Checking Ident
18:53 !irc.fi.quakenet.org *** Found your hostname
18:54 !irc.fi.quakenet.org *** No ident response
--- Log closed Thu Oct 16 19:00:45 2003
--- Log opened Fri Oct 17 20:21:29 2003
20:21 !irc.fi.quakenet.org *** Looking up your hostname
20:21 !irc.fi.quakenet.org *** Checking Ident
20:21 !irc.fi.quakenet.org *** Found your hostname
20:22 !irc.fi.quakenet.org *** No ident response
--- Log closed Fri Oct 17 20:27:29 2003
--- Log opened Mon Oct 20 16:45:19 2003
16:45 !irc.fi.quakenet.org *** Looking up your hostname
16:45 !irc.fi.quakenet.org *** Checking Ident
16:45 !irc.fi.quakenet.org *** Found your hostname
16:46 !irc.fi.quakenet.org *** No ident response
--- Log closed Mon Oct 20 16:51:18 2003
--- Log opened Tue Oct 21 22:05:44 2003
22:05 !irc.fi.quakenet.org *** Looking up your hostname
22:05 !irc.fi.quakenet.org *** Checking Ident
22:05 !irc.fi.quakenet.org *** Found your hostname
22:06 !irc.fi.quakenet.org *** No ident response
--- Log closed Tue Oct 21 22:12:43 2003
--- Log opened Thu Oct 23 13:07:20 2003
13:07 !irc.fi.quakenet.org *** Looking up your hostname
13:07 !irc.fi.quakenet.org *** Checking Ident
13:07 !irc.fi.quakenet.org *** Found your hostname
13:08 !irc.fi.quakenet.org *** No ident response
--- Log closed Thu Oct 23 13:13:20 2003
--- Log opened Thu Oct 23 13:22:48 2003
13:22 !irc.fi.quakenet.org *** Looking up your hostname
13:22 !irc.fi.quakenet.org *** Found your hostname, cached
13:22 !irc.fi.quakenet.org *** Checking Ident
13:23 !irc.fi.quakenet.org *** No ident response
--- Log closed Thu Oct 23 13:24:37 2003
--- Log opened Thu Oct 23 17:20:23 2003
17:20 !irc.fi.quakenet.org *** Looking up your hostname
17:20 !irc.fi.quakenet.org *** Checking Ident
17:20 !irc.fi.quakenet.org *** Found your hostname
17:21 !irc.fi.quakenet.org *** No ident response
--- Log closed Thu Oct 23 17:27:16 2003
--- Log opened Thu Oct 23 23:54:30 2003
23:54 !irc.fi.quakenet.org *** Looking up your hostname
23:54 !irc.fi.quakenet.org *** Checking Ident
23:54 !irc.fi.quakenet.org *** Found your hostname
23:55 !irc.fi.quakenet.org *** No ident response
--- Log closed Fri Oct 24 00:00:29 2003
--- Log opened Fri Oct 24 22:07:29 2003
22:07 !irc.fi.quakenet.org *** Looking up your hostname
22:07 !irc.fi.quakenet.org *** Checking Ident
22:07 !irc.fi.quakenet.org *** Found your hostname
22:08 !irc.fi.quakenet.org *** No ident response
--- Log closed Fri Oct 24 22:13:29 2003
--- Log opened Fri Oct 24 22:43:24 2003
22:43 !irc.fi.quakenet.org *** Looking up your hostname
22:43 !irc.fi.quakenet.org *** Checking Ident
22:43 !irc.fi.quakenet.org *** Found your hostname
22:44 !irc.fi.quakenet.org *** No ident response
--- Log closed Fri Oct 24 22:49:23 2003
--- Log opened Sat Oct 25 14:05:17 2003
14:05 !irc.fi.quakenet.org *** Looking up your hostname
14:05 !irc.fi.quakenet.org *** Checking Ident
14:05 !irc.fi.quakenet.org *** Found your hostname
14:06 !irc.fi.quakenet.org *** No ident response
--- Log closed Sat Oct 25 14:12:12 2003
--- Log opened Sun Oct 26 08:27:17 2003
08:27 !irc.fi.quakenet.org *** Looking up your hostname
08:27 !irc.fi.quakenet.org *** Checking Ident
08:27 !irc.fi.quakenet.org *** Found your hostname
08:28 !irc.fi.quakenet.org *** No ident response
--- Log closed Sun Oct 26 08:34:16 2003
--- Log opened Mon Oct 27 19:16:01 2003
19:16 !irc.fi.quakenet.org *** Looking up your hostname
19:16 !irc.fi.quakenet.org *** Checking Ident
19:16 !irc.fi.quakenet.org *** Found your hostname
19:17 !irc.fi.quakenet.org *** No ident response
--- Log closed Mon Oct 27 19:22:59 2003
--- Log opened Tue Oct 28 18:58:56 2003
18:58 !irc.fi.quakenet.org *** Looking up your hostname
18:58 !irc.fi.quakenet.org *** Checking Ident
18:58 !irc.fi.quakenet.org *** Found your hostname
18:59 !irc.fi.quakenet.org *** No ident response
--- Log closed Tue Oct 28 19:05:50 2003
--- Log opened Wed Oct 29 22:47:35 2003
22:47 !irc.fi.quakenet.org *** Looking up your hostname
22:47 !irc.fi.quakenet.org *** Checking Ident
22:47 !irc.fi.quakenet.org *** Found your hostname
22:48 !irc.fi.quakenet.org *** No ident response
--- Log closed Wed Oct 29 22:54:34 2003
--- Log opened Thu Oct 30 18:24:20 2003
18:24 !irc.fi.quakenet.org *** Looking up your hostname
18:24 !irc.fi.quakenet.org *** Checking Ident
18:24 !irc.fi.quakenet.org *** Found your hostname
18:25 !irc.fi.quakenet.org *** No ident response
--- Log closed Thu Oct 30 18:31:19 2003
--- Log opened Fri Oct 31 18:44:14 2003
18:44 !irc.fi.quakenet.org *** Looking up your hostname
18:44 !irc.fi.quakenet.org *** Checking Ident
18:44 !irc.fi.quakenet.org *** Found your hostname
18:45 !irc.fi.quakenet.org *** No ident response
--- Log closed Fri Oct 31 18:51:06 2003
--- Log opened Sat Nov 01 12:45:22 2003
12:45 !irc.fi.quakenet.org *** Looking up your hostname
12:45 !irc.fi.quakenet.org *** Checking Ident
12:45 !irc.fi.quakenet.org *** Found your hostname
12:46 !irc.fi.quakenet.org *** No ident response
--- Log closed Sat Nov 01 12:51:21 2003
--- Log opened Sun Nov 02 12:17:20 2003
12:17 !irc.fi.quakenet.org *** Looking up your hostname
12:17 !irc.fi.quakenet.org *** Checking Ident
12:17 !irc.fi.quakenet.org *** Found your hostname
12:18 !irc.fi.quakenet.org *** No ident response
--- Log closed Sun Nov 02 12:24:19 2003
--- Log opened Mon Nov 03 15:59:20 2003
15:59 !irc.fi.quakenet.org *** Looking up your hostname
15:59 !irc.fi.quakenet.org *** Checking Ident
15:59 !irc.fi.quakenet.org *** Found your hostname
16:00 !irc.fi.quakenet.org *** No ident response
--- Log closed Mon Nov 03 16:06:19 2003
--- Log opened Tue Nov 04 14:45:25 2003
14:45 !irc.fi.quakenet.org *** Looking up your hostname
14:45 !irc.fi.quakenet.org *** Checking Ident
14:45 !irc.fi.quakenet.org *** Found your hostname
14:46 !irc.fi.quakenet.org *** No ident response
--- Log closed Tue Nov 04 14:52:24 2003
--- Log opened Wed Nov 05 17:36:38 2003
17:36 !irc.fi.quakenet.org *** Looking up your hostname
17:36 !irc.fi.quakenet.org *** Checking Ident
17:36 !irc.fi.quakenet.org *** Found your hostname
17:37 !irc.fi.quakenet.org *** No ident response
--- Log closed Wed Nov 05 17:43:37 2003
--- Log opened Thu Nov 06 15:50:25 2003
15:50 !irc.fi.quakenet.org *** Looking up your hostname
15:50 !irc.fi.quakenet.org *** Checking Ident
15:50 !irc.fi.quakenet.org *** Found your hostname
15:51 !irc.fi.quakenet.org *** No ident response
--- Log closed Thu Nov 06 15:57:24 2003
--- Log opened Sat Nov 08 18:40:41 2003
18:40 !irc.fi.quakenet.org *** Looking up your hostname
18:40 !irc.fi.quakenet.org *** Checking Ident
18:40 !irc.fi.quakenet.org *** Found your hostname
18:41 !irc.fi.quakenet.org *** No ident response
--- Log closed Sat Nov 08 18:47:38 2003
--- Log opened Sun Nov 09 14:21:04 2003
14:21 !irc.fi.quakenet.org *** Looking up your hostname
14:21 !irc.fi.quakenet.org *** Checking Ident
14:21 !irc.fi.quakenet.org *** Found your hostname
14:22 !irc.fi.quakenet.org *** No ident response
--- Log closed Sun Nov 09 14:28:02 2003
--- Log opened Thu Nov 13 19:13:07 2003
19:13 !irc.fi.quakenet.org *** Looking up your hostname
19:13 !irc.fi.quakenet.org *** Checking Ident
19:13 !irc.fi.quakenet.org *** Found your hostname
19:14 !irc.fi.quakenet.org *** No ident response
--- Log closed Thu Nov 13 19:20:06 2003
--- Log opened Fri Nov 14 23:08:03 2003
23:08 !irc.fi.quakenet.org *** Looking up your hostname
23:08 !irc.fi.quakenet.org *** Checking Ident
23:08 !irc.fi.quakenet.org *** Found your hostname
23:09 !irc.fi.quakenet.org *** No ident response
--- Log closed Fri Nov 14 23:15:00 2003
--- Log opened Sat Nov 15 08:43:26 2003
08:43 !irc.fi.quakenet.org *** Looking up your hostname
08:43 !irc.fi.quakenet.org *** Checking Ident
08:43 !irc.fi.quakenet.org *** Found your hostname
08:44 !irc.fi.quakenet.org *** No ident response
--- Log closed Sat Nov 15 08:50:25 2003
--- Log opened Sat Nov 15 14:42:48 2003
14:42 !irc.fi.quakenet.org *** Looking up your hostname
14:42 !irc.fi.quakenet.org *** Checking Ident
14:42 !irc.fi.quakenet.org *** Found your hostname
14:43 !irc.fi.quakenet.org *** No ident response
--- Log closed Sat Nov 15 14:49:47 2003
--- Log opened Sun Nov 16 11:19:59 2003
11:19 !irc.fi.quakenet.org *** Looking up your hostname
11:19 !irc.fi.quakenet.org *** Checking Ident
11:19 !irc.fi.quakenet.org *** Found your hostname
11:20 !irc.fi.quakenet.org *** No ident response
--- Log closed Sun Nov 16 11:26:57 2003
--- Log opened Mon Nov 17 18:29:15 2003
18:29 !irc.fi.quakenet.org *** Looking up your hostname
18:29 !irc.fi.quakenet.org *** Checking Ident
18:29 !irc.fi.quakenet.org *** Found your hostname
18:30 !irc.fi.quakenet.org *** No ident response
--- Log closed Mon Nov 17 18:36:13 2003
--- Log opened Tue Nov 18 19:46:24 2003
19:46 !irc.fi.quakenet.org *** Looking up your hostname
19:46 !irc.fi.quakenet.org *** Checking Ident
19:46 !irc.fi.quakenet.org *** Found your hostname
19:47 !irc.fi.quakenet.org *** No ident response
--- Log closed Tue Nov 18 19:53:22 2003
--- Log opened Wed Nov 19 21:03:03 2003
21:03 !irc.fi.quakenet.org *** Looking up your hostname
21:03 !irc.fi.quakenet.org *** Checking Ident
21:03 !irc.fi.quakenet.org *** Found your hostname
21:04 !irc.fi.quakenet.org *** No ident response
--- Log closed Wed Nov 19 21:10:01 2003
--- Log opened Sun Nov 23 17:01:42 2003
17:01 !irc.fi.quakenet.org *** Looking up your hostname
17:01 !irc.fi.quakenet.org *** Checking Ident
17:01 !irc.fi.quakenet.org *** Found your hostname
17:02 !irc.fi.quakenet.org *** No ident response
--- Log closed Sun Nov 23 17:08:39 2003
--- Log opened Sun Nov 23 20:28:56 2003
20:28 !irc.fi.quakenet.org *** Looking up your hostname
20:28 !irc.fi.quakenet.org *** Checking Ident
20:28 !irc.fi.quakenet.org *** Found your hostname
20:29 !irc.fi.quakenet.org *** No ident response
--- Log closed Sun Nov 23 20:35:54 2003
--- Log opened Mon Nov 24 20:16:48 2003
20:16 !irc.fi.quakenet.org *** Looking up your hostname
20:16 !irc.fi.quakenet.org *** Checking Ident
20:16 !irc.fi.quakenet.org *** Found your hostname
20:17 !irc.fi.quakenet.org *** No ident response
--- Log closed Mon Nov 24 20:23:46 2003
--- Log opened Tue Nov 25 21:14:01 2003
21:14 !irc.fi.quakenet.org *** Looking up your hostname
21:14 !irc.fi.quakenet.org *** Checking Ident
21:15 !irc.fi.quakenet.org *** No ident response
21:15 !irc.fi.quakenet.org *** Couldn't look up your hostname
--- Log closed Tue Nov 25 21:20:59 2003
--- Log opened Wed Nov 26 22:11:25 2003
22:11 !irc.fi.quakenet.org *** Looking up your hostname
22:11 !irc.fi.quakenet.org *** Checking Ident
22:11 !irc.fi.quakenet.org *** Found your hostname
22:12 !irc.fi.quakenet.org *** No ident response
--- Log closed Wed Nov 26 22:18:23 2003
--- Log opened Fri Nov 28 22:48:51 2003
22:48 !irc.fi.quakenet.org *** Looking up your hostname
22:48 !irc.fi.quakenet.org *** Checking Ident
22:48 !irc.fi.quakenet.org *** Found your hostname
22:49 !irc.fi.quakenet.org *** No ident response
--- Log closed Fri Nov 28 22:55:49 2003
--- Log opened Sat Nov 29 14:20:21 2003
14:20 !irc.fi.quakenet.org *** Looking up your hostname
14:20 !irc.fi.quakenet.org *** Checking Ident
14:20 !irc.fi.quakenet.org *** Found your hostname
14:21 !irc.fi.quakenet.org *** No ident response
--- Log closed Sat Nov 29 14:27:20 2003
--- Log opened Sat Nov 29 19:10:59 2003
19:10 !irc.fi.quakenet.org *** Looking up your hostname
19:10 !irc.fi.quakenet.org *** Checking Ident
19:10 !irc.fi.quakenet.org *** Found your hostname
19:11 !irc.fi.quakenet.org *** No ident response
--- Log closed Sat Nov 29 19:17:57 2003
--- Log opened Sun Nov 30 11:59:01 2003
11:59 !irc.fi.quakenet.org *** Looking up your hostname
11:59 !irc.fi.quakenet.org *** Checking Ident
11:59 !irc.fi.quakenet.org *** Found your hostname
12:00 !irc.fi.quakenet.org *** No ident response
--- Log closed Sun Nov 30 12:06:00 2003
--- Log opened Sun Nov 30 19:14:18 2003
19:14 !irc.fi.quakenet.org *** Looking up your hostname
19:14 !irc.fi.quakenet.org *** Checking Ident
19:14 !irc.fi.quakenet.org *** Found your hostname
19:15 !irc.fi.quakenet.org *** No ident response
--- Log closed Sun Nov 30 19:21:17 2003
--- Log opened Mon Dec 01 20:21:58 2003
20:21 !irc.fi.quakenet.org *** Looking up your hostname
20:21 !irc.fi.quakenet.org *** Checking Ident
20:21 !irc.fi.quakenet.org *** Found your hostname
20:22 !irc.fi.quakenet.org *** No ident response
--- Log closed Mon Dec 01 20:28:56 2003
--- Log opened Tue Dec 02 18:50:13 2003
18:50 !irc.fi.quakenet.org *** Looking up your hostname
18:50 !irc.fi.quakenet.org *** Checking Ident
18:50 !irc.fi.quakenet.org *** Found your hostname
18:51 !irc.fi.quakenet.org *** No ident response
--- Log closed Tue Dec 02 18:57:12 2003
--- Log opened Wed Dec 03 23:04:16 2003
23:04 !irc.fi.quakenet.org *** Looking up your hostname
23:04 !irc.fi.quakenet.org *** Checking Ident
23:04 !irc.fi.quakenet.org *** Found your hostname
23:05 !irc.fi.quakenet.org *** No ident response
--- Log closed Wed Dec 03 23:11:15 2003
--- Log opened Thu Dec 04 19:41:26 2003
19:41 !irc.fi.quakenet.org *** Looking up your hostname
19:41 !irc.fi.quakenet.org *** Checking Ident
19:41 !irc.fi.quakenet.org *** Found your hostname
19:42 !irc.fi.quakenet.org *** No ident response
--- Log closed Thu Dec 04 19:48:10 2003
--- Log opened Sat Dec 06 09:08:25 2003
09:08 !irc.fi.quakenet.org *** Looking up your hostname
09:08 !irc.fi.quakenet.org *** Checking Ident
09:08 !irc.fi.quakenet.org *** Found your hostname
09:09 !irc.fi.quakenet.org *** No ident response
--- Log closed Sat Dec 06 09:14:24 2003
