--- Log opened Wed Apr 09 16:29:26 2003
16:29 !mediatraffic.fi.quakenet.org Highest connection count: 8002 (8000 clients)
16:29 !mediatraffic.fi.quakenet.org on 1 ca 1(4) ft 20(20)
--- Log closed Wed Apr 09 16:35:24 2003
--- Log opened Sat Apr 12 20:23:27 2003
20:23 !mediatraffic.fi.quakenet.org Highest connection count: 8002 (8000 clients)
20:23 !mediatraffic.fi.quakenet.org on 1 ca 1(4) ft 20(20)
--- Log closed Sat Apr 12 20:29:25 2003
--- Log opened Sun Apr 13 16:30:38 2003
16:30 !mediatraffic2.fi.quakenet.org Highest connection count: 4380 (4379 clients)
16:30 !mediatraffic2.fi.quakenet.org on 1 ca 1(4) ft 20(20)
--- Log closed Sun Apr 13 16:36:37 2003
--- Log opened Fri Jun 27 16:19:46 2003
16:19 !mediatraffic2.fi.quakenet.org Highest connection count: 4245 (4244 clients)
16:19 !mediatraffic2.fi.quakenet.org on 1 ca 1(4) ft 20(20)
--- Log closed Fri Jun 27 16:24:46 2003
--- Log opened Sat Jun 28 11:50:14 2003
11:50 !mediatraffic2.fi.quakenet.org Highest connection count: 4245 (4244 clients)
11:50 !mediatraffic2.fi.quakenet.org on 1 ca 1(4) ft 20(20)
--- Log closed Sat Jun 28 11:56:13 2003
--- Log opened Mon Jun 30 13:24:54 2003
13:24 !mediatraffic.fi.quakenet.org Highest connection count: 4435 (4433 clients)
13:24 !mediatraffic.fi.quakenet.org on 1 ca 1(4) ft 20(20)
--- Log closed Mon Jun 30 13:29:54 2003
--- Log opened Mon Jun 30 18:28:30 2003
18:28 !mediatraffic2.fi.quakenet.org Highest connection count: 4245 (4244 clients)
18:28 !mediatraffic2.fi.quakenet.org on 1 ca 1(4) ft 20(20)
--- Log closed Mon Jun 30 18:33:30 2003
--- Log opened Tue Jul 01 14:39:00 2003
14:39 !mediatraffic2.fi.quakenet.org Highest connection count: 4245 (4244 clients)
14:39 !mediatraffic2.fi.quakenet.org on 1 ca 1(4) ft 20(20)
--- Log closed Tue Jul 01 14:44:59 2003
--- Log opened Wed Jul 02 10:34:31 2003
10:34 !mediatraffic.fi.quakenet.org Highest connection count: 2236 (2234 clients)
10:34 !mediatraffic.fi.quakenet.org on 1 ca 1(4) ft 20(20)
--- Log closed Wed Jul 02 10:40:30 2003
--- Log opened Thu Jul 03 12:35:40 2003
12:35 !mediatraffic2.fi.quakenet.org Highest connection count: 3570 (3569 clients)
12:35 !mediatraffic2.fi.quakenet.org on 1 ca 1(4) ft 20(20)
--- Log closed Thu Jul 03 12:41:39 2003
--- Log opened Thu Jul 31 21:04:44 2003
21:04 !mediatraffic.fi.quakenet.org Highest connection count: 4153 (4151 clients)
21:04 !mediatraffic.fi.quakenet.org on 1 ca 1(4) ft 20(20)
--- Log closed Thu Jul 31 21:10:36 2003
--- Log opened Tue Sep 16 23:00:19 2003
23:00 !mediatraffic.fi.quakenet.org Highest connection count: 4089 (4087 clients)
23:00 !mediatraffic.fi.quakenet.org on 2 ca 1(4) ft 20(20)
--- Log closed Tue Sep 16 23:00:40 2003
--- Log opened Fri Oct 17 20:22:29 2003
20:22 !mediatraffic.fi.quakenet.org Highest connection count: 4924 (4922 clients)
20:22 !mediatraffic.fi.quakenet.org on 1 ca 1(4) ft 20(20)
--- Log closed Fri Oct 17 20:27:29 2003
--- Log opened Thu Oct 23 13:23:48 2003
13:23 !mediatraffic2.fi.quakenet.org Highest connection count: 5528 (5527 clients)
13:23 !mediatraffic2.fi.quakenet.org on 2 ca 1(4) ft 20(20)
--- Log closed Thu Oct 23 13:24:37 2003
--- Log opened Tue Dec 02 18:51:13 2003
18:51 !pelikaista.fi.quakenet.org Highest connection count: 3325 (3324 clients)
18:51 !pelikaista.fi.quakenet.org on 1 ca 1(4) ft 20(20)
--- Log closed Tue Dec 02 18:57:12 2003
