--- Log opened Fri Feb 28 00:50:33 2003
00:50 !mediatraffic2.fi.quakenet.org Highest connection count: 7939 (7938 clients)
00:50 !mediatraffic2.fi.quakenet.org on 1 ca 1(4) ft 20(20)
--- Log closed Fri Feb 28 00:56:31 2003
--- Log opened Fri Feb 28 10:34:47 2003
10:34 !mediatraffic.fi.quakenet.org Highest connection count: 8002 (8000 clients)
10:34 !mediatraffic.fi.quakenet.org on 1 ca 1(4) ft 20(20)
--- Log closed Fri Feb 28 10:40:40 2003
--- Log opened Sun Mar 02 00:40:01 2003
00:40 !mediatraffic2.fi.quakenet.org Highest connection count: 7939 (7938 clients)
00:40 !mediatraffic2.fi.quakenet.org on 1 ca 1(4) ft 20(20)
--- Log closed Sun Mar 02 00:45:59 2003
--- Log opened Sun Mar 02 09:47:37 2003
09:47 !mediatraffic2.fi.quakenet.org Highest connection count: 7939 (7938 clients)
09:47 !mediatraffic2.fi.quakenet.org on 1 ca 1(4) ft 20(20)
--- Log closed Sun Mar 02 09:53:35 2003
--- Log opened Sun Mar 02 20:07:11 2003
20:07 !mediatraffic.fi.quakenet.org Highest connection count: 8002 (8000 clients)
20:07 !mediatraffic.fi.quakenet.org on 1 ca 1(4) ft 20(20)
--- Log closed Sun Mar 02 20:13:05 2003
--- Log opened Mon Mar 03 19:34:04 2003
19:34 !mediatraffic2.fi.quakenet.org Highest connection count: 7939 (7938 clients)
19:34 !mediatraffic2.fi.quakenet.org on 1 ca 1(4) ft 20(20)
--- Log closed Mon Mar 03 19:40:02 2003
--- Log opened Tue Mar 04 20:07:27 2003
20:07 !mediatraffic.fi.quakenet.org Highest connection count: 8002 (8000 clients)
20:07 !mediatraffic.fi.quakenet.org on 1 ca 1(4) ft 20(20)
--- Log closed Tue Mar 04 20:13:21 2003
--- Log opened Wed Mar 05 15:56:56 2003
15:56 !mediatraffic.fi.quakenet.org Highest connection count: 8002 (8000 clients)
15:56 !mediatraffic.fi.quakenet.org on 1 ca 1(4) ft 20(20)
--- Log closed Wed Mar 05 16:02:53 2003
--- Log opened Wed Mar 05 23:19:35 2003
23:19 !mediatraffic2.fi.quakenet.org Highest connection count: 7939 (7938 clients)
23:19 !mediatraffic2.fi.quakenet.org on 1 ca 1(4) ft 20(20)
--- Log closed Wed Mar 05 23:25:33 2003
--- Log opened Fri Mar 07 16:28:04 2003
16:28 !mediatraffic.fi.quakenet.org Highest connection count: 8002 (8000 clients)
16:28 !mediatraffic.fi.quakenet.org on 1 ca 1(4) ft 20(20)
--- Log closed Fri Mar 07 16:34:02 2003
--- Log opened Fri Mar 07 23:26:28 2003
23:26 !mediatraffic.fi.quakenet.org Highest connection count: 8002 (8000 clients)
23:26 !mediatraffic.fi.quakenet.org on 1 ca 1(4) ft 20(20)
--- Log closed Fri Mar 07 23:32:26 2003
--- Log opened Sat Mar 08 17:02:50 2003
17:02 !mediatraffic2.fi.quakenet.org Highest connection count: 7939 (7938 clients)
17:02 !mediatraffic2.fi.quakenet.org on 1 ca 1(4) ft 20(20)
--- Log closed Sat Mar 08 17:08:48 2003
--- Log opened Sun Mar 09 20:35:13 2003
20:35 !mediatraffic2.fi.quakenet.org Highest connection count: 7939 (7938 clients)
20:35 !mediatraffic2.fi.quakenet.org on 1 ca 1(4) ft 20(20)
--- Log closed Sun Mar 09 20:41:10 2003
--- Log opened Mon Mar 10 11:59:18 2003
11:59 !mediatraffic2.fi.quakenet.org Highest connection count: 7939 (7938 clients)
11:59 !mediatraffic2.fi.quakenet.org on 1 ca 1(4) ft 20(20)
--- Log closed Mon Mar 10 12:05:16 2003
--- Log opened Mon Mar 10 20:34:56 2003
20:34 !mediatraffic.fi.quakenet.org Highest connection count: 8002 (8000 clients)
20:34 !mediatraffic.fi.quakenet.org on 1 ca 1(4) ft 20(20)
--- Log closed Mon Mar 10 20:40:53 2003
--- Log opened Mon Mar 10 22:31:04 2003
22:31 !mediatraffic.fi.quakenet.org Highest connection count: 8002 (8000 clients)
22:31 !mediatraffic.fi.quakenet.org on 1 ca 1(4) ft 20(20)
--- Log closed Mon Mar 10 22:36:55 2003
--- Log opened Tue Mar 11 22:17:48 2003
22:17 !mediatraffic.fi.quakenet.org Highest connection count: 8002 (8000 clients)
22:17 !mediatraffic.fi.quakenet.org on 1 ca 1(4) ft 20(20)
--- Log closed Tue Mar 11 22:23:46 2003
--- Log opened Wed Mar 12 12:18:40 2003
12:18 !mediatraffic.fi.quakenet.org Highest connection count: 8002 (8000 clients)
12:18 !mediatraffic.fi.quakenet.org on 1 ca 1(4) ft 20(20)
--- Log closed Wed Mar 12 12:24:39 2003
--- Log opened Wed Mar 12 21:25:18 2003
21:25 !mediatraffic.fi.quakenet.org Highest connection count: 8002 (8000 clients)
21:25 !mediatraffic.fi.quakenet.org on 1 ca 1(4) ft 20(20)
--- Log closed Wed Mar 12 21:31:16 2003
--- Log opened Wed Mar 12 21:56:03 2003
21:56 !mediatraffic.fi.quakenet.org Highest connection count: 8002 (8000 clients)
21:56 !mediatraffic.fi.quakenet.org on 1 ca 1(4) ft 20(20)
--- Log closed Wed Mar 12 22:01:17 2003
--- Log opened Thu Mar 13 11:39:43 2003
11:39 !mediatraffic2.fi.quakenet.org Highest connection count: 7939 (7938 clients)
11:39 !mediatraffic2.fi.quakenet.org on 1 ca 1(4) ft 20(20)
--- Log closed Thu Mar 13 11:45:41 2003
--- Log opened Thu Mar 13 15:03:03 2003
15:03 !mediatraffic.fi.quakenet.org Highest connection count: 8002 (8000 clients)
15:03 !mediatraffic.fi.quakenet.org on 1 ca 1(4) ft 20(20)
--- Log closed Thu Mar 13 15:09:01 2003
--- Log opened Mon Mar 17 09:29:58 2003
09:29 !mediatraffic.fi.quakenet.org Highest connection count: 8002 (8000 clients)
09:29 !mediatraffic.fi.quakenet.org on 1 ca 1(4) ft 20(20)
--- Log closed Mon Mar 17 09:35:57 2003
--- Log opened Tue Mar 18 11:42:42 2003
11:42 !mediatraffic.fi.quakenet.org Highest connection count: 8002 (8000 clients)
11:42 !mediatraffic.fi.quakenet.org on 1 ca 1(4) ft 20(20)
--- Log closed Tue Mar 18 11:48:40 2003
--- Log opened Tue Mar 18 17:48:50 2003
17:48 !mediatraffic2.fi.quakenet.org Highest connection count: 7939 (7938 clients)
17:48 !mediatraffic2.fi.quakenet.org on 1 ca 1(4) ft 20(20)
--- Log closed Tue Mar 18 17:53:39 2003
--- Log opened Wed Mar 19 01:01:48 2003
01:01 !mediatraffic2.fi.quakenet.org Highest connection count: 7939 (7938 clients)
01:01 !mediatraffic2.fi.quakenet.org on 1 ca 1(4) ft 20(20)
--- Log closed Wed Mar 19 01:07:47 2003
--- Log opened Wed Mar 19 09:28:52 2003
09:28 !mediatraffic2.fi.quakenet.org Highest connection count: 7939 (7938 clients)
09:28 !mediatraffic2.fi.quakenet.org on 1 ca 1(4) ft 20(20)
--- Log closed Wed Mar 19 09:34:50 2003
--- Log opened Thu Mar 20 14:51:51 2003
14:51 !mediatraffic2.fi.quakenet.org Highest connection count: 7939 (7938 clients)
14:51 !mediatraffic2.fi.quakenet.org on 1 ca 1(4) ft 20(20)
--- Log closed Thu Mar 20 14:57:49 2003
--- Log opened Fri Mar 21 20:33:14 2003
20:33 !mediatraffic.fi.quakenet.org Highest connection count: 8002 (8000 clients)
20:33 !mediatraffic.fi.quakenet.org on 1 ca 1(4) ft 20(20)
--- Log closed Fri Mar 21 20:39:13 2003
--- Log opened Sat Mar 22 09:32:53 2003
09:32 !mediatraffic.fi.quakenet.org Highest connection count: 8002 (8000 clients)
09:32 !mediatraffic.fi.quakenet.org on 1 ca 1(4) ft 20(20)
--- Log closed Sat Mar 22 09:38:51 2003
--- Log opened Sat Mar 22 22:48:26 2003
22:48 !mediatraffic.fi.quakenet.org Highest connection count: 8002 (8000 clients)
22:48 !mediatraffic.fi.quakenet.org on 1 ca 1(4) ft 20(20)
--- Log closed Sat Mar 22 22:54:24 2003
--- Log opened Sun Mar 23 23:51:07 2003
23:51 !mediatraffic2.fi.quakenet.org Highest connection count: 7939 (7938 clients)
23:51 !mediatraffic2.fi.quakenet.org on 1 ca 1(4) ft 20(20)
--- Log closed Sun Mar 23 23:57:05 2003
--- Log opened Mon Mar 24 10:53:05 2003
10:53 !mediatraffic2.fi.quakenet.org Highest connection count: 7939 (7938 clients)
10:53 !mediatraffic2.fi.quakenet.org on 1 ca 1(4) ft 20(20)
--- Log closed Mon Mar 24 10:58:59 2003
--- Log opened Tue Mar 25 15:20:51 2003
15:20 !mediatraffic.fi.quakenet.org Highest connection count: 8002 (8000 clients)
15:20 !mediatraffic.fi.quakenet.org on 1 ca 1(4) ft 20(20)
--- Log closed Tue Mar 25 15:26:44 2003
--- Log opened Wed Mar 26 11:32:18 2003
11:32 !mediatraffic.fi.quakenet.org Highest connection count: 8002 (8000 clients)
11:32 !mediatraffic.fi.quakenet.org on 1 ca 1(4) ft 20(20)
--- Log closed Wed Mar 26 11:38:12 2003
--- Log opened Wed Mar 26 22:30:07 2003
22:30 !mediatraffic.fi.quakenet.org Highest connection count: 8002 (8000 clients)
22:30 !mediatraffic.fi.quakenet.org on 1 ca 1(4) ft 20(20)
--- Log closed Wed Mar 26 22:36:05 2003
--- Log opened Thu Mar 27 18:11:31 2003
18:11 !mediatraffic2.fi.quakenet.org Highest connection count: 7939 (7938 clients)
18:11 !mediatraffic2.fi.quakenet.org on 1 ca 1(4) ft 20(20)
--- Log closed Thu Mar 27 18:17:29 2003
--- Log opened Thu Mar 27 23:42:10 2003
23:42 !mediatraffic.fi.quakenet.org Highest connection count: 8002 (8000 clients)
23:42 !mediatraffic.fi.quakenet.org on 1 ca 1(4) ft 20(20)
--- Log closed Thu Mar 27 23:47:35 2003
--- Log opened Fri Mar 28 10:38:16 2003
10:38 !mediatraffic.fi.quakenet.org Highest connection count: 8002 (8000 clients)
10:38 !mediatraffic.fi.quakenet.org on 1 ca 1(4) ft 20(20)
--- Log closed Fri Mar 28 10:44:14 2003
--- Log opened Sat Mar 29 17:34:25 2003
17:34 !mediatraffic.fi.quakenet.org Highest connection count: 8002 (8000 clients)
17:34 !mediatraffic.fi.quakenet.org on 1 ca 1(4) ft 20(20)
--- Log closed Sat Mar 29 17:40:23 2003
--- Log opened Sun Mar 30 14:37:21 2003
14:37 !mediatraffic.fi.quakenet.org Highest connection count: 8002 (8000 clients)
14:37 !mediatraffic.fi.quakenet.org on 1 ca 1(4) ft 20(20)
--- Log closed Sun Mar 30 14:43:19 2003
--- Log opened Sun Mar 30 15:44:06 2003
15:44 !mediatraffic.fi.quakenet.org Highest connection count: 8002 (8000 clients)
15:44 !mediatraffic.fi.quakenet.org on 1 ca 1(4) ft 20(20)
--- Log closed Sun Mar 30 15:50:05 2003
--- Log opened Mon Mar 31 00:29:02 2003
00:29 !mediatraffic2.fi.quakenet.org Highest connection count: 7939 (7938 clients)
00:29 !mediatraffic2.fi.quakenet.org on 1 ca 1(4) ft 20(20)
--- Log closed Mon Mar 31 00:35:01 2003
--- Log opened Mon Mar 31 16:47:17 2003
16:47 !mediatraffic.fi.quakenet.org Highest connection count: 8002 (8000 clients)
16:47 !mediatraffic.fi.quakenet.org on 1 ca 1(4) ft 20(20)
--- Log closed Mon Mar 31 16:53:15 2003
--- Log opened Mon Mar 31 22:19:28 2003
22:19 !mediatraffic.fi.quakenet.org Highest connection count: 8002 (8000 clients)
22:19 !mediatraffic.fi.quakenet.org on 1 ca 1(4) ft 20(20)
--- Log closed Mon Mar 31 22:25:26 2003
--- Log opened Tue Apr 01 00:17:23 2003
00:17 !mediatraffic2.fi.quakenet.org Highest connection count: 7939 (7938 clients)
00:17 !mediatraffic2.fi.quakenet.org on 1 ca 1(4) ft 20(20)
--- Log closed Tue Apr 01 00:23:21 2003
--- Log opened Tue Apr 01 09:27:35 2003
09:27 !mediatraffic2.fi.quakenet.org Highest connection count: 7939 (7938 clients)
09:27 !mediatraffic2.fi.quakenet.org on 1 ca 1(4) ft 20(20)
--- Log closed Tue Apr 01 09:33:33 2003
--- Log opened Tue Apr 01 11:59:15 2003
11:59 !mediatraffic.fi.quakenet.org Highest connection count: 8002 (8000 clients)
11:59 !mediatraffic.fi.quakenet.org on 1 ca 1(4) ft 20(20)
--- Log closed Tue Apr 01 12:05:13 2003
--- Log opened Thu Apr 03 13:03:48 2003
13:03 !mediatraffic2.fi.quakenet.org Highest connection count: 7939 (7938 clients)
13:03 !mediatraffic2.fi.quakenet.org on 1 ca 1(4) ft 20(20)
--- Log closed Thu Apr 03 13:09:47 2003
--- Log opened Thu Apr 03 21:13:37 2003
21:13 !mediatraffic2.fi.quakenet.org Highest connection count: 7939 (7938 clients)
21:13 !mediatraffic2.fi.quakenet.org on 1 ca 1(4) ft 20(20)
--- Log closed Thu Apr 03 21:19:34 2003
--- Log opened Fri Apr 04 11:51:16 2003
11:51 !mediatraffic2.fi.quakenet.org Highest connection count: 7939 (7938 clients)
11:51 !mediatraffic2.fi.quakenet.org on 1 ca 1(4) ft 20(20)
--- Log closed Fri Apr 04 11:56:48 2003
--- Log opened Fri Apr 04 12:07:36 2003
12:07 !mediatraffic.fi.quakenet.org Highest connection count: 8002 (8000 clients)
12:07 !mediatraffic.fi.quakenet.org on 1 ca 1(4) ft 20(20)
--- Log closed Fri Apr 04 12:12:49 2003
--- Log opened Fri Apr 04 12:40:12 2003
12:40 !mediatraffic2.fi.quakenet.org Highest connection count: 7939 (7938 clients)
12:40 !mediatraffic2.fi.quakenet.org on 1 ca 1(4) ft 20(20)
--- Log closed Fri Apr 04 12:45:49 2003
--- Log opened Mon Apr 07 21:12:09 2003
21:12 !mediatraffic2.fi.quakenet.org Highest connection count: 7939 (7938 clients)
21:12 !mediatraffic2.fi.quakenet.org on 1 ca 1(4) ft 20(20)
--- Log closed Mon Apr 07 21:18:06 2003
--- Log opened Thu Apr 10 11:08:40 2003
11:08 !mediatraffic.fi.quakenet.org Highest connection count: 8002 (8000 clients)
11:08 !mediatraffic.fi.quakenet.org on 1 ca 1(4) ft 20(20)
--- Log closed Thu Apr 10 11:14:38 2003
--- Log opened Fri Apr 11 16:47:05 2003
16:47 !mediatraffic.fi.quakenet.org Highest connection count: 8002 (8000 clients)
16:47 !mediatraffic.fi.quakenet.org on 1 ca 1(4) ft 20(20)
--- Log closed Fri Apr 11 16:53:03 2003
--- Log opened Fri Apr 11 18:29:56 2003
18:29 !mediatraffic2.fi.quakenet.org Highest connection count: 7939 (7938 clients)
18:29 !mediatraffic2.fi.quakenet.org on 1 ca 1(4) ft 20(20)
--- Log closed Fri Apr 11 18:35:05 2003
--- Log opened Fri Apr 11 19:37:10 2003
19:37 !mediatraffic2.fi.quakenet.org Highest connection count: 7939 (7938 clients)
19:37 !mediatraffic2.fi.quakenet.org on 1 ca 1(4) ft 20(20) tr
--- Log closed Fri Apr 11 19:43:06 2003
--- Log opened Mon Apr 14 09:29:52 2003
09:29 !mediatraffic.fi.quakenet.org Highest connection count: 5211 (5209 clients)
09:29 !mediatraffic.fi.quakenet.org on 1 ca 1(4) ft 20(20)
--- Log closed Mon Apr 14 09:35:51 2003
--- Log opened Wed Apr 16 14:37:12 2003
14:37 !mediatraffic.fi.quakenet.org Highest connection count: 5211 (5209 clients)
14:37 !mediatraffic.fi.quakenet.org on 1 ca 1(4) ft 20(20)
--- Log closed Wed Apr 16 14:43:11 2003
--- Log opened Wed Apr 16 20:08:24 2003
20:08 !mediatraffic.fi.quakenet.org Highest connection count: 5211 (5209 clients)
20:08 !mediatraffic.fi.quakenet.org on 1 ca 1(4) ft 20(20) tr
--- Log closed Wed Apr 16 20:14:17 2003
--- Log opened Wed Apr 16 20:32:38 2003
20:32 !mediatraffic.fi.quakenet.org Highest connection count: 5211 (5209 clients)
20:32 !mediatraffic.fi.quakenet.org on 1 ca 1(4) ft 20(20) tr
--- Log closed Wed Apr 16 20:38:17 2003
--- Log opened Thu Apr 17 13:55:06 2003
13:55 !mediatraffic2.fi.quakenet.org Highest connection count: 4797 (4796 clients)
13:55 !mediatraffic2.fi.quakenet.org on 1 ca 1(4) ft 20(20)
--- Log closed Thu Apr 17 14:01:05 2003
--- Log opened Fri Apr 18 11:07:53 2003
11:07 !mediatraffic2.fi.quakenet.org Highest connection count: 4797 (4796 clients)
11:07 !mediatraffic2.fi.quakenet.org on 1 ca 1(4) ft 20(20)
--- Log closed Fri Apr 18 11:13:52 2003
--- Log opened Fri Apr 18 14:31:07 2003
14:31 !mediatraffic.fi.quakenet.org Highest connection count: 5211 (5209 clients)
14:31 !mediatraffic.fi.quakenet.org on 1 ca 1(4) ft 20(20)
--- Log closed Fri Apr 18 14:37:07 2003
--- Log opened Fri Apr 18 23:39:59 2003
23:39 !mediatraffic.fi.quakenet.org Highest connection count: 5211 (5209 clients)
23:39 !mediatraffic.fi.quakenet.org on 1 ca 1(4) ft 20(20)
--- Log closed Fri Apr 18 23:45:58 2003
--- Log opened Mon Apr 21 22:16:34 2003
22:16 !mediatraffic2.fi.quakenet.org Highest connection count: 4797 (4796 clients)
22:16 !mediatraffic2.fi.quakenet.org on 1 ca 1(4) ft 20(20)
--- Log closed Mon Apr 21 22:22:33 2003
--- Log opened Tue Apr 22 10:14:53 2003
10:14 !mediatraffic2.fi.quakenet.org Highest connection count: 4797 (4796 clients)
10:14 !mediatraffic2.fi.quakenet.org on 1 ca 1(4) ft 20(20)
--- Log closed Tue Apr 22 10:20:41 2003
--- Log opened Tue Apr 22 23:31:38 2003
23:31 !mediatraffic2.fi.quakenet.org Highest connection count: 4797 (4796 clients)
23:31 !mediatraffic2.fi.quakenet.org on 1 ca 1(4) ft 20(20)
--- Log closed Tue Apr 22 23:37:37 2003
--- Log opened Wed Apr 23 10:12:16 2003
10:12 !mediatraffic2.fi.quakenet.org Highest connection count: 4797 (4796 clients)
10:12 !mediatraffic2.fi.quakenet.org on 1 ca 1(4) ft 20(20)
--- Log closed Wed Apr 23 10:18:15 2003
--- Log opened Wed Apr 23 10:29:44 2003
10:29 !mediatraffic2.fi.quakenet.org Highest connection count: 4797 (4796 clients)
10:29 !mediatraffic2.fi.quakenet.org on 1 ca 1(4) ft 20(20) tr
--- Log closed Wed Apr 23 10:35:15 2003
--- Log opened Wed Apr 23 21:49:18 2003
21:49 !mediatraffic.fi.quakenet.org Highest connection count: 5211 (5209 clients)
21:49 !mediatraffic.fi.quakenet.org on 1 ca 1(4) ft 20(20)
--- Log closed Wed Apr 23 21:55:17 2003
--- Log opened Thu Apr 24 16:36:05 2003
16:36 !mediatraffic2.fi.quakenet.org Highest connection count: 4797 (4796 clients)
16:36 !mediatraffic2.fi.quakenet.org on 1 ca 1(4) ft 20(20)
--- Log closed Thu Apr 24 16:42:04 2003
--- Log opened Thu Apr 24 20:02:10 2003
20:02 !mediatraffic.fi.quakenet.org Highest connection count: 5211 (5209 clients)
20:02 !mediatraffic.fi.quakenet.org on 1 ca 1(4) ft 20(20)
--- Log closed Thu Apr 24 20:07:10 2003
--- Log opened Fri Apr 25 09:26:22 2003
09:26 !mediatraffic2.fi.quakenet.org Highest connection count: 4797 (4796 clients)
09:26 !mediatraffic2.fi.quakenet.org on 1 ca 1(4) ft 20(20)
--- Log closed Fri Apr 25 09:32:21 2003
--- Log opened Fri Apr 25 23:20:46 2003
23:20 !mediatraffic2.fi.quakenet.org Highest connection count: 4797 (4796 clients)
23:20 !mediatraffic2.fi.quakenet.org on 1 ca 1(4) ft 20(20)
--- Log closed Fri Apr 25 23:26:44 2003
--- Log opened Sat Apr 26 15:46:52 2003
15:46 !mediatraffic.fi.quakenet.org Highest connection count: 5211 (5209 clients)
15:46 !mediatraffic.fi.quakenet.org on 1 ca 1(4) ft 20(20)
--- Log closed Sat Apr 26 15:52:51 2003
--- Log opened Sun Apr 27 10:30:58 2003
10:30 !mediatraffic.fi.quakenet.org Highest connection count: 2090 (2088 clients)
10:30 !mediatraffic.fi.quakenet.org on 1 ca 1(4) ft 20(20)
--- Log closed Sun Apr 27 10:36:57 2003
--- Log opened Sun Apr 27 22:59:25 2003
22:59 !mediatraffic.fi.quakenet.org Highest connection count: 4052 (4050 clients)
22:59 !mediatraffic.fi.quakenet.org on 1 ca 1(4) ft 20(20) tr
--- Log closed Sun Apr 27 23:05:08 2003
--- Log opened Mon Apr 28 11:16:51 2003
11:16 !mediatraffic2.fi.quakenet.org Highest connection count: 3914 (3913 clients)
11:16 !mediatraffic2.fi.quakenet.org on 1 ca 1(4) ft 20(20)
--- Log closed Mon Apr 28 11:22:50 2003
--- Log opened Tue Apr 29 14:00:25 2003
14:00 !mediatraffic2.fi.quakenet.org Highest connection count: 3914 (3913 clients)
14:00 !mediatraffic2.fi.quakenet.org on 1 ca 1(4) ft 20(20)
--- Log closed Tue Apr 29 14:06:24 2003
--- Log opened Tue Apr 29 20:48:46 2003
20:48 !mediatraffic2.fi.quakenet.org Highest connection count: 3914 (3913 clients)
20:48 !mediatraffic2.fi.quakenet.org on 1 ca 1(4) ft 20(20)
--- Log closed Tue Apr 29 20:54:45 2003
--- Log opened Wed Apr 30 13:25:01 2003
13:25 !mediatraffic.fi.quakenet.org Highest connection count: 4052 (4050 clients)
13:25 !mediatraffic.fi.quakenet.org on 1 ca 1(4) ft 20(20)
--- Log closed Wed Apr 30 13:30:59 2003
--- Log opened Thu May 01 11:41:34 2003
11:41 !mediatraffic.fi.quakenet.org Highest connection count: 4052 (4050 clients)
11:41 !mediatraffic.fi.quakenet.org on 1 ca 1(4) ft 20(20)
--- Log closed Thu May 01 11:47:31 2003
--- Log opened Sat May 03 14:08:17 2003
14:08 !mediatraffic2.fi.quakenet.org Highest connection count: 3914 (3913 clients)
14:08 !mediatraffic2.fi.quakenet.org on 1 ca 1(4) ft 20(20)
--- Log closed Sat May 03 14:14:16 2003
--- Log opened Sun May 04 13:38:35 2003
13:38 !mediatraffic.fi.quakenet.org Highest connection count: 4052 (4050 clients)
13:38 !mediatraffic.fi.quakenet.org on 1 ca 1(4) ft 20(20)
--- Log closed Sun May 04 13:44:34 2003
--- Log opened Mon May 05 20:58:19 2003
20:58 !mediatraffic2.fi.quakenet.org Highest connection count: 3914 (3913 clients)
20:58 !mediatraffic2.fi.quakenet.org on 1 ca 1(4) ft 20(20)
--- Log closed Mon May 05 21:04:17 2003
--- Log opened Tue May 06 12:08:36 2003
12:08 !mediatraffic2.fi.quakenet.org Highest connection count: 3914 (3913 clients)
12:08 !mediatraffic2.fi.quakenet.org on 1 ca 1(4) ft 20(20)
--- Log closed Tue May 06 12:14:35 2003
--- Log opened Tue May 06 22:49:51 2003
22:49 !mediatraffic.fi.quakenet.org Highest connection count: 4052 (4050 clients)
22:49 !mediatraffic.fi.quakenet.org on 1 ca 1(4) ft 20(20)
--- Log closed Tue May 06 22:55:49 2003
--- Log opened Wed May 07 11:44:51 2003
11:44 !mediatraffic.fi.quakenet.org Highest connection count: 4052 (4050 clients)
11:44 !mediatraffic.fi.quakenet.org on 1 ca 1(4) ft 20(20)
--- Log closed Wed May 07 11:50:49 2003
--- Log opened Wed May 07 15:16:11 2003
15:16 !mediatraffic2.fi.quakenet.org Highest connection count: 3914 (3913 clients)
15:16 !mediatraffic2.fi.quakenet.org on 1 ca 1(4) ft 20(20)
--- Log closed Wed May 07 15:22:10 2003
--- Log opened Wed May 07 22:18:40 2003
22:18 !mediatraffic.fi.quakenet.org Highest connection count: 4052 (4050 clients)
22:18 !mediatraffic.fi.quakenet.org on 1 ca 1(4) ft 20(20)
--- Log closed Wed May 07 22:24:17 2003
--- Log opened Wed May 07 22:42:13 2003
22:42 !mediatraffic2.fi.quakenet.org Highest connection count: 3914 (3913 clients)
22:42 !mediatraffic2.fi.quakenet.org on 1 ca 1(4) ft 20(20)
--- Log closed Wed May 07 22:47:17 2003
--- Log opened Wed May 07 23:17:02 2003
23:17 !mediatraffic2.fi.quakenet.org Highest connection count: 3914 (3913 clients)
23:17 !mediatraffic2.fi.quakenet.org on 1 ca 1(4) ft 20(20) tr
--- Log closed Wed May 07 23:22:18 2003
--- Log opened Fri May 09 15:59:13 2003
15:59 !mediatraffic.fi.quakenet.org Highest connection count: 4250 (4248 clients)
15:59 !mediatraffic.fi.quakenet.org on 1 ca 1(4) ft 20(20)
--- Log closed Fri May 09 16:05:09 2003
--- Log opened Fri May 09 21:16:21 2003
21:16 !mediatraffic2.fi.quakenet.org Highest connection count: 4282 (4281 clients)
21:16 !mediatraffic2.fi.quakenet.org on 1 ca 1(4) ft 20(20)
--- Log closed Fri May 09 21:22:19 2003
--- Log opened Fri May 09 23:51:02 2003
23:51 !mediatraffic.fi.quakenet.org Highest connection count: 4250 (4248 clients)
23:51 !mediatraffic.fi.quakenet.org on 1 ca 2(4) ft 20(20)
--- Log closed Fri May 09 23:54:17 2003
--- Log opened Sun May 11 15:48:31 2003
15:48 !mediatraffic2.fi.quakenet.org Highest connection count: 4282 (4281 clients)
15:48 !mediatraffic2.fi.quakenet.org on 1 ca 1(4) ft 20(20)
--- Log closed Sun May 11 15:54:29 2003
--- Log opened Sun May 11 19:46:01 2003
19:46 !mediatraffic.fi.quakenet.org Highest connection count: 4250 (4248 clients)
19:46 !mediatraffic.fi.quakenet.org on 1 ca 1(4) ft 20(20)
--- Log closed Sun May 11 19:52:00 2003
--- Log opened Mon May 12 22:57:31 2003
22:57 !mediatraffic.fi.quakenet.org Highest connection count: 4250 (4248 clients)
22:57 !mediatraffic.fi.quakenet.org on 1 ca 1(4) ft 20(20)
--- Log closed Mon May 12 23:03:30 2003
--- Log opened Tue May 13 21:09:04 2003
21:09 !mediatraffic2.fi.quakenet.org Highest connection count: 4282 (4281 clients)
21:09 !mediatraffic2.fi.quakenet.org on 1 ca 1(4) ft 20(20)
--- Log closed Tue May 13 21:15:03 2003
--- Log opened Wed May 14 22:00:53 2003
22:00 !mediatraffic.fi.quakenet.org Highest connection count: 4250 (4248 clients)
22:00 !mediatraffic.fi.quakenet.org on 1 ca 1(4) ft 20(20)
--- Log closed Wed May 14 22:06:52 2003
--- Log opened Mon May 19 22:09:56 2003
22:09 !mediatraffic2.fi.quakenet.org Highest connection count: 4282 (4281 clients)
22:09 !mediatraffic2.fi.quakenet.org on 1 ca 1(4) ft 20(20)
--- Log closed Mon May 19 22:15:55 2003
--- Log opened Tue May 20 13:55:20 2003
13:55 !mediatraffic.fi.quakenet.org Highest connection count: 4250 (4248 clients)
13:55 !mediatraffic.fi.quakenet.org on 1 ca 1(4) ft 20(20)
--- Log closed Tue May 20 14:01:19 2003
--- Log opened Wed May 21 15:59:29 2003
15:59 !mediatraffic.fi.quakenet.org Highest connection count: 4250 (4248 clients)
15:59 !mediatraffic.fi.quakenet.org on 1 ca 1(4) ft 20(20)
--- Log closed Wed May 21 16:05:28 2003
--- Log opened Fri May 23 16:01:25 2003
16:01 !mediatraffic.fi.quakenet.org Highest connection count: 4250 (4248 clients)
16:01 !mediatraffic.fi.quakenet.org on 1 ca 1(4) ft 20(20)
--- Log closed Fri May 23 16:07:24 2003
--- Log opened Fri May 23 22:10:08 2003
22:10 !mediatraffic2.fi.quakenet.org Highest connection count: 4282 (4281 clients)
22:10 !mediatraffic2.fi.quakenet.org on 1 ca 1(4) ft 20(20)
--- Log closed Fri May 23 22:16:07 2003
--- Log opened Sat May 24 10:47:46 2003
10:47 !mediatraffic2.fi.quakenet.org Highest connection count: 4282 (4281 clients)
10:47 !mediatraffic2.fi.quakenet.org on 1 ca 1(4) ft 20(20)
--- Log closed Sat May 24 10:53:45 2003
--- Log opened Sun May 25 12:48:56 2003
12:48 !mediatraffic2.fi.quakenet.org Highest connection count: 4282 (4281 clients)
12:48 !mediatraffic2.fi.quakenet.org on 1 ca 1(4) ft 20(20)
--- Log closed Sun May 25 12:54:55 2003
--- Log opened Mon May 26 22:18:22 2003
22:18 !mediatraffic2.fi.quakenet.org Highest connection count: 5018 (5017 clients)
22:18 !mediatraffic2.fi.quakenet.org on 1 ca 1(4) ft 20(20)
--- Log closed Mon May 26 22:24:21 2003
--- Log opened Tue May 27 11:50:26 2003
11:50 !mediatraffic2.fi.quakenet.org Highest connection count: 5018 (5017 clients)
11:50 !mediatraffic2.fi.quakenet.org on 1 ca 1(4) ft 20(20)
--- Log closed Tue May 27 11:56:25 2003
--- Log opened Tue May 27 22:46:40 2003
22:46 !mediatraffic.fi.quakenet.org Highest connection count: 5604 (5602 clients)
22:46 !mediatraffic.fi.quakenet.org on 1 ca 1(4) ft 20(20)
--- Log closed Tue May 27 22:52:39 2003
--- Log opened Wed Jun 11 20:45:48 2003
20:45 !mediatraffic2.fi.quakenet.org Highest connection count: 4245 (4244 clients)
20:45 !mediatraffic2.fi.quakenet.org on 1 ca 1(4) ft 20(20)
--- Log closed Wed Jun 11 20:51:47 2003
--- Log opened Wed Jun 11 21:11:29 2003
21:11 !mediatraffic.fi.quakenet.org Highest connection count: 4435 (4433 clients)
21:11 !mediatraffic.fi.quakenet.org on 1 ca 1(4) ft 20(20)
--- Log closed Wed Jun 11 21:16:29 2003
--- Log opened Wed Jun 11 21:50:14 2003
21:50 !mediatraffic.fi.quakenet.org Highest connection count: 4435 (4433 clients)
21:50 !mediatraffic.fi.quakenet.org on 1 ca 1(4) ft 20(20) tr
--- Log closed Wed Jun 11 21:55:29 2003
--- Log opened Wed Jun 11 22:17:04 2003
22:17 !mediatraffic2.fi.quakenet.org Highest connection count: 4245 (4244 clients)
22:17 !mediatraffic2.fi.quakenet.org on 1 ca 1(4) ft 20(20)
--- Log closed Wed Jun 11 22:22:30 2003
--- Log opened Wed Jun 11 22:35:30 2003
22:35 !mediatraffic2.fi.quakenet.org Highest connection count: 4245 (4244 clients)
22:35 !mediatraffic2.fi.quakenet.org on 1 ca 1(4) ft 20(20) tr
--- Log closed Wed Jun 11 22:40:30 2003
--- Log opened Wed Jun 11 23:00:03 2003
23:00 !mediatraffic2.fi.quakenet.org Highest connection count: 4245 (4244 clients)
23:00 !mediatraffic2.fi.quakenet.org on 1 ca 1(4) ft 20(20) tr
--- Log closed Wed Jun 11 23:05:30 2003
--- Log opened Wed Jun 11 23:25:35 2003
23:25 !mediatraffic.fi.quakenet.org Highest connection count: 4435 (4433 clients)
23:25 !mediatraffic.fi.quakenet.org on 1 ca 1(4) ft 20(20)
--- Log closed Wed Jun 11 23:31:31 2003
--- Log opened Wed Jun 11 23:51:07 2003
23:51 !mediatraffic2.fi.quakenet.org Highest connection count: 4245 (4244 clients)
23:51 !mediatraffic2.fi.quakenet.org on 1 ca 1(4) ft 20(20)
--- Log closed Wed Jun 11 23:56:31 2003
--- Log opened Thu Jun 12 12:06:43 2003
12:06 !mediatraffic2.fi.quakenet.org Highest connection count: 4245 (4244 clients)
12:06 !mediatraffic2.fi.quakenet.org on 1 ca 1(4) ft 20(20)
--- Log closed Thu Jun 12 12:12:42 2003
--- Log opened Fri Jun 13 13:50:08 2003
13:50 !mediatraffic2.fi.quakenet.org Highest connection count: 4245 (4244 clients)
13:50 !mediatraffic2.fi.quakenet.org on 1 ca 1(4) ft 20(20)
--- Log closed Fri Jun 13 13:56:07 2003
--- Log opened Fri Jun 13 16:12:04 2003
16:12 !mediatraffic.fi.quakenet.org Highest connection count: 4435 (4433 clients)
16:12 !mediatraffic.fi.quakenet.org on 1 ca 1(4) ft 20(20)
--- Log closed Fri Jun 13 16:17:04 2003
--- Log opened Sat Jun 14 12:37:48 2003
12:37 !mediatraffic2.fi.quakenet.org Highest connection count: 4245 (4244 clients)
12:37 !mediatraffic2.fi.quakenet.org on 1 ca 1(4) ft 20(20)
--- Log closed Sat Jun 14 12:43:47 2003
--- Log opened Sun Jun 15 15:04:48 2003
15:04 !mediatraffic2.fi.quakenet.org Highest connection count: 4245 (4244 clients)
15:04 !mediatraffic2.fi.quakenet.org on 1 ca 1(4) ft 20(20)
--- Log closed Sun Jun 15 15:10:47 2003
--- Log opened Sun Jun 15 23:05:55 2003
23:05 !mediatraffic.fi.quakenet.org Highest connection count: 4435 (4433 clients)
23:05 !mediatraffic.fi.quakenet.org on 1 ca 1(4) ft 20(20)
--- Log closed Sun Jun 15 23:11:55 2003
--- Log opened Mon Jun 16 11:04:11 2003
11:04 !mediatraffic.fi.quakenet.org Highest connection count: 4435 (4433 clients)
11:04 !mediatraffic.fi.quakenet.org on 1 ca 1(4) ft 20(20)
--- Log closed Mon Jun 16 11:10:05 2003
--- Log opened Tue Jun 17 11:54:21 2003
11:54 !mediatraffic2.fi.quakenet.org Highest connection count: 4245 (4244 clients)
11:54 !mediatraffic2.fi.quakenet.org on 1 ca 1(4) ft 20(20)
--- Log closed Tue Jun 17 12:00:20 2003
--- Log opened Wed Jun 18 08:45:49 2003
08:45 !mediatraffic2.fi.quakenet.org Highest connection count: 4245 (4244 clients)
08:45 !mediatraffic2.fi.quakenet.org on 1 ca 1(4) ft 20(20)
--- Log closed Wed Jun 18 08:51:49 2003
--- Log opened Wed Jun 18 19:46:41 2003
19:46 !mediatraffic2.fi.quakenet.org Highest connection count: 4245 (4244 clients)
19:46 !mediatraffic2.fi.quakenet.org on 1 ca 1(4) ft 20(20)
--- Log closed Wed Jun 18 19:52:40 2003
--- Log opened Thu Jun 19 11:01:58 2003
11:01 !mediatraffic2.fi.quakenet.org Highest connection count: 4245 (4244 clients)
11:01 !mediatraffic2.fi.quakenet.org on 1 ca 1(4) ft 20(20)
--- Log closed Thu Jun 19 11:07:57 2003
--- Log opened Fri Jun 20 11:57:26 2003
11:57 !mediatraffic2.fi.quakenet.org Highest connection count: 4245 (4244 clients)
11:57 !mediatraffic2.fi.quakenet.org on 1 ca 1(4) ft 20(20)
--- Log closed Fri Jun 20 12:03:20 2003
--- Log opened Sat Jun 21 12:05:20 2003
12:05 !mediatraffic.fi.quakenet.org Highest connection count: 4435 (4433 clients)
12:05 !mediatraffic.fi.quakenet.org on 1 ca 1(4) ft 20(20)
--- Log closed Sat Jun 21 12:11:19 2003
--- Log opened Sat Jun 21 14:09:08 2003
14:09 !mediatraffic.fi.quakenet.org Highest connection count: 4435 (4433 clients)
14:09 !mediatraffic.fi.quakenet.org on 1 ca 1(4) ft 20(20)
--- Log closed Sat Jun 21 14:15:07 2003
--- Log opened Sat Jun 21 15:55:12 2003
15:55 !mediatraffic.fi.quakenet.org Highest connection count: 4435 (4433 clients)
15:55 !mediatraffic.fi.quakenet.org on 1 ca 1(4) ft 20(20)
--- Log closed Sat Jun 21 16:00:12 2003
--- Log opened Sat Jun 21 22:11:17 2003
22:11 !mediatraffic.fi.quakenet.org Highest connection count: 4435 (4433 clients)
22:11 !mediatraffic.fi.quakenet.org on 1 ca 1(4) ft 20(20)
--- Log closed Sat Jun 21 22:17:16 2003
--- Log opened Sun Jun 22 01:41:26 2003
01:41 !mediatraffic2.fi.quakenet.org Highest connection count: 4245 (4244 clients)
01:41 !mediatraffic2.fi.quakenet.org on 1 ca 1(4) ft 20(20)
--- Log closed Sun Jun 22 01:47:25 2003
--- Log opened Sun Jun 22 11:27:04 2003
11:27 !mediatraffic.fi.quakenet.org Highest connection count: 4435 (4433 clients)
11:27 !mediatraffic.fi.quakenet.org on 1 ca 1(4) ft 20(20)
--- Log closed Sun Jun 22 11:33:03 2003
--- Log opened Mon Jun 23 12:18:21 2003
12:18 !mediatraffic2.fi.quakenet.org Highest connection count: 4245 (4244 clients)
12:18 !mediatraffic2.fi.quakenet.org on 1 ca 1(4) ft 20(20)
--- Log closed Mon Jun 23 12:24:20 2003
--- Log opened Tue Jun 24 15:51:32 2003
15:51 !mediatraffic2.fi.quakenet.org Highest connection count: 4245 (4244 clients)
15:51 !mediatraffic2.fi.quakenet.org on 1 ca 1(4) ft 20(20)
--- Log closed Tue Jun 24 15:57:31 2003
--- Log opened Thu Jun 26 18:24:15 2003
18:24 !mediatraffic2.fi.quakenet.org Highest connection count: 4245 (4244 clients)
18:24 !mediatraffic2.fi.quakenet.org on 1 ca 1(4) ft 20(20)
--- Log closed Thu Jun 26 18:29:15 2003
--- Log opened Sun Jun 29 10:10:44 2003
10:10 !mediatraffic.fi.quakenet.org Highest connection count: 4435 (4433 clients)
10:10 !mediatraffic.fi.quakenet.org on 1 ca 1(4) ft 20(20)
--- Log closed Sun Jun 29 10:16:43 2003
--- Log opened Sun Jun 29 19:27:18 2003
19:27 !mediatraffic2.fi.quakenet.org Highest connection count: 4245 (4244 clients)
19:27 !mediatraffic2.fi.quakenet.org on 1 ca 1(4) ft 20(20)
--- Log closed Sun Jun 29 19:33:09 2003
--- Log opened Sun Jun 29 22:28:49 2003
22:28 !mediatraffic.fi.quakenet.org Highest connection count: 4435 (4433 clients)
22:28 !mediatraffic.fi.quakenet.org on 1 ca 1(4) ft 20(20)
--- Log closed Sun Jun 29 22:33:49 2003
--- Log opened Sat Jul 05 16:48:44 2003
16:48 !mediatraffic2.fi.quakenet.org Highest connection count: 3570 (3569 clients)
16:48 !mediatraffic2.fi.quakenet.org on 1 ca 1(4) ft 20(20)
--- Log closed Sat Jul 05 16:53:44 2003
--- Log opened Sun Jul 06 13:23:10 2003
13:23 !mediatraffic2.fi.quakenet.org Highest connection count: 3570 (3569 clients)
13:23 !mediatraffic2.fi.quakenet.org on 1 ca 1(4) ft 20(20)
--- Log closed Sun Jul 06 13:29:09 2003
--- Log opened Tue Jul 08 16:09:42 2003
16:09 !mediatraffic.fi.quakenet.org Highest connection count: 4153 (4151 clients)
16:09 !mediatraffic.fi.quakenet.org on 1 ca 1(4) ft 20(20)
--- Log closed Tue Jul 08 16:15:41 2003
--- Log opened Sun Jul 13 19:36:13 2003
19:36 !mediatraffic.fi.quakenet.org Highest connection count: 4153 (4151 clients)
19:36 !mediatraffic.fi.quakenet.org on 1 ca 1(4) ft 20(20)
--- Log closed Sun Jul 13 19:42:12 2003
--- Log opened Mon Jul 14 10:09:40 2003
10:09 !mediatraffic2.fi.quakenet.org Highest connection count: 3728 (3727 clients)
10:09 !mediatraffic2.fi.quakenet.org on 1 ca 1(4) ft 20(20)
--- Log closed Mon Jul 14 10:15:36 2003
--- Log opened Fri Jul 18 23:12:49 2003
23:12 !mediatraffic.fi.quakenet.org Highest connection count: 4153 (4151 clients)
23:12 !mediatraffic.fi.quakenet.org on 1 ca 1(4) ft 20(20)
--- Log closed Fri Jul 18 23:18:48 2003
--- Log opened Sun Jul 27 17:05:35 2003
17:05 !mediatraffic.fi.quakenet.org Highest connection count: 4153 (4151 clients)
17:05 !mediatraffic.fi.quakenet.org on 1 ca 1(4) ft 20(20)
--- Log closed Sun Jul 27 17:11:34 2003
--- Log opened Sun Jul 27 17:19:42 2003
17:19 !mediatraffic.fi.quakenet.org Highest connection count: 4153 (4151 clients)
17:19 !mediatraffic.fi.quakenet.org on 1 ca 1(4) ft 20(20)
--- Log closed Sun Jul 27 17:25:34 2003
--- Log opened Sun Jul 27 22:19:45 2003
22:19 !mediatraffic.fi.quakenet.org Highest connection count: 4153 (4151 clients)
22:19 !mediatraffic.fi.quakenet.org on 1 ca 1(4) ft 20(20)
--- Log closed Sun Jul 27 22:25:42 2003
--- Log opened Mon Jul 28 00:07:02 2003
00:07 !mediatraffic.fi.quakenet.org Highest connection count: 4153 (4151 clients)
00:07 !mediatraffic.fi.quakenet.org on 1 ca 1(4) ft 20(20)
--- Log closed Mon Jul 28 00:12:43 2003
--- Log opened Mon Jul 28 18:59:29 2003
18:59 !mediatraffic.fi.quakenet.org Highest connection count: 4153 (4151 clients)
18:59 !mediatraffic.fi.quakenet.org on 1 ca 1(4) ft 20(20)
--- Log closed Mon Jul 28 19:05:28 2003
--- Log opened Tue Jul 29 00:14:58 2003
00:14 !mediatraffic2.fi.quakenet.org Highest connection count: 3728 (3727 clients)
00:14 !mediatraffic2.fi.quakenet.org on 1 ca 1(4) ft 20(20)
--- Log closed Tue Jul 29 00:20:33 2003
--- Log opened Thu Jul 31 19:33:35 2003
19:33 !mediatraffic2.fi.quakenet.org Highest connection count: 3728 (3727 clients)
19:33 !mediatraffic2.fi.quakenet.org on 1 ca 1(4) ft 20(20)
--- Log closed Thu Jul 31 19:39:34 2003
--- Log opened Sat Aug 02 17:08:14 2003
17:08 !mediatraffic.fi.quakenet.org Highest connection count: 4153 (4151 clients)
17:08 !mediatraffic.fi.quakenet.org on 1 ca 1(4) ft 20(20)
--- Log closed Sat Aug 02 17:14:05 2003
--- Log opened Sun Aug 03 22:36:13 2003
22:36 !mediatraffic.fi.quakenet.org Highest connection count: 4153 (4151 clients)
22:36 !mediatraffic.fi.quakenet.org on 1 ca 1(4) ft 20(20)
--- Log closed Sun Aug 03 22:42:12 2003
--- Log opened Mon Aug 04 17:26:22 2003
17:26 !mediatraffic.fi.quakenet.org Highest connection count: 4153 (4151 clients)
17:26 !mediatraffic.fi.quakenet.org on 1 ca 1(4) ft 20(20)
--- Log closed Mon Aug 04 17:32:21 2003
--- Log opened Mon Aug 04 21:30:56 2003
21:30 !mediatraffic2.fi.quakenet.org Highest connection count: 3728 (3727 clients)
21:30 !mediatraffic2.fi.quakenet.org on 1 ca 1(4) ft 20(20)
--- Log closed Mon Aug 04 21:35:56 2003
--- Log opened Wed Aug 06 09:11:11 2003
09:11 !mediatraffic2.fi.quakenet.org Highest connection count: 3728 (3727 clients)
09:11 !mediatraffic2.fi.quakenet.org on 1 ca 1(4) ft 20(20)
--- Log closed Wed Aug 06 09:17:10 2003
--- Log opened Wed Aug 06 20:26:33 2003
20:26 !mediatraffic.fi.quakenet.org Highest connection count: 4153 (4151 clients)
20:26 !mediatraffic.fi.quakenet.org on 1 ca 1(4) ft 20(20)
--- Log closed Wed Aug 06 20:32:21 2003
--- Log opened Thu Aug 07 12:20:56 2003
12:20 !mediatraffic.fi.quakenet.org Highest connection count: 4153 (4151 clients)
12:20 !mediatraffic.fi.quakenet.org on 1 ca 1(4) ft 20(20)
--- Log closed Thu Aug 07 12:26:55 2003
--- Log opened Fri Aug 08 14:02:08 2003
14:02 !mediatraffic.fi.quakenet.org Highest connection count: 4153 (4151 clients)
14:02 !mediatraffic.fi.quakenet.org on 1 ca 1(4) ft 20(20)
--- Log closed Fri Aug 08 14:08:07 2003
--- Log opened Mon Aug 11 15:39:36 2003
15:39 !mediatraffic.fi.quakenet.org Highest connection count: 4153 (4151 clients)
15:39 !mediatraffic.fi.quakenet.org on 1 ca 1(4) ft 20(20)
--- Log closed Mon Aug 11 15:45:35 2003
--- Log opened Wed Aug 13 14:15:16 2003
14:15 !mediatraffic.fi.quakenet.org Highest connection count: 5627 (5625 clients)
14:15 !mediatraffic.fi.quakenet.org on 1 ca 1(4) ft 20(20)
--- Log closed Wed Aug 13 14:21:15 2003
--- Log opened Thu Aug 14 14:17:24 2003
14:17 !mediatraffic2.fi.quakenet.org Highest connection count: 5679 (5678 clients)
14:17 !mediatraffic2.fi.quakenet.org on 1 ca 1(4) ft 20(20)
--- Log closed Thu Aug 14 14:23:23 2003
--- Log opened Fri Aug 15 10:20:55 2003
10:20 !mediatraffic2.fi.quakenet.org Highest connection count: 5679 (5678 clients)
10:20 !mediatraffic2.fi.quakenet.org on 1 ca 1(4) ft 20(20)
--- Log closed Fri Aug 15 10:26:54 2003
--- Log opened Fri Aug 15 13:04:41 2003
13:04 !mediatraffic2.fi.quakenet.org Highest connection count: 5679 (5678 clients)
13:04 !mediatraffic2.fi.quakenet.org on 1 ca 1(4) ft 20(20) tr
--- Log closed Fri Aug 15 13:09:41 2003
--- Log opened Sat Aug 16 23:20:21 2003
23:20 !mediatraffic.fi.quakenet.org Highest connection count: 5627 (5625 clients)
23:20 !mediatraffic.fi.quakenet.org on 1 ca 1(4) ft 20(20)
--- Log closed Sat Aug 16 23:26:18 2003
--- Log opened Sun Aug 17 12:15:48 2003
12:15 !mediatraffic.fi.quakenet.org Highest connection count: 5627 (5625 clients)
12:15 !mediatraffic.fi.quakenet.org on 1 ca 1(4) ft 20(20)
--- Log closed Sun Aug 17 12:21:47 2003
--- Log opened Sun Aug 17 16:03:43 2003
16:03 !mediatraffic2.fi.quakenet.org Highest connection count: 5679 (5678 clients)
16:03 !mediatraffic2.fi.quakenet.org on 1 ca 1(4) ft 20(20)
--- Log closed Sun Aug 17 16:08:51 2003
--- Log opened Sun Aug 17 16:16:04 2003
16:16 !mediatraffic.fi.quakenet.org Highest connection count: 5627 (5625 clients)
16:16 !mediatraffic.fi.quakenet.org on 1 ca 1(4) ft 20(20)
--- Log closed Sun Aug 17 16:21:51 2003
--- Log opened Sun Aug 17 16:24:39 2003
16:24 !mediatraffic2.fi.quakenet.org Highest connection count: 5679 (5678 clients)
16:24 !mediatraffic2.fi.quakenet.org on 1 ca 1(4) ft 20(20)
--- Log closed Sun Aug 17 16:29:51 2003
--- Log opened Sun Aug 17 16:32:39 2003
16:32 !mediatraffic2.fi.quakenet.org Highest connection count: 5679 (5678 clients)
16:32 !mediatraffic2.fi.quakenet.org on 1 ca 1(4) ft 20(20) tr
--- Log closed Sun Aug 17 16:37:51 2003
--- Log opened Sun Aug 17 16:41:02 2003
16:41 !mediatraffic.fi.quakenet.org Highest connection count: 5627 (5625 clients)
16:41 !mediatraffic.fi.quakenet.org on 1 ca 1(4) ft 20(20) tr
--- Log closed Sun Aug 17 16:46:51 2003
--- Log opened Sun Aug 17 16:51:21 2003
16:51 !mediatraffic.fi.quakenet.org Highest connection count: 5627 (5625 clients)
16:51 !mediatraffic.fi.quakenet.org on 1 ca 1(4) ft 20(20) tr
--- Log closed Sun Aug 17 16:56:51 2003
--- Log opened Sun Aug 17 21:25:05 2003
21:25 !mediatraffic2.fi.quakenet.org Highest connection count: 5679 (5678 clients)
21:25 !mediatraffic2.fi.quakenet.org on 1 ca 1(4) ft 20(20)
--- Log closed Sun Aug 17 21:31:04 2003
--- Log opened Mon Aug 18 19:51:40 2003
19:51 !mediatraffic2.fi.quakenet.org Highest connection count: 5679 (5678 clients)
19:51 !mediatraffic2.fi.quakenet.org on 1 ca 1(4) ft 20(20)
--- Log closed Mon Aug 18 19:57:38 2003
--- Log opened Wed Aug 20 08:26:35 2003
08:26 !mediatraffic.fi.quakenet.org Highest connection count: 5627 (5625 clients)
08:26 !mediatraffic.fi.quakenet.org on 1 ca 1(4) ft 20(20)
--- Log closed Wed Aug 20 08:32:34 2003
--- Log opened Sun Sep 14 13:52:43 2003
13:52 !mediatraffic2.fi.quakenet.org Highest connection count: 3792 (3791 clients)
13:52 !mediatraffic2.fi.quakenet.org on 1 ca 1(4) ft 20(20)
--- Log closed Sun Sep 14 13:58:39 2003
--- Log opened Sun Sep 14 16:55:27 2003
16:55 !mediatraffic2.fi.quakenet.org Highest connection count: 3792 (3791 clients)
16:55 !mediatraffic2.fi.quakenet.org on 1 ca 1(4) ft 20(20) tr
--- Log closed Sun Sep 14 17:01:26 2003
--- Log opened Sun Sep 14 17:46:11 2003
17:46 !mediatraffic.fi.quakenet.org Highest connection count: 4040 (4038 clients)
17:46 !mediatraffic.fi.quakenet.org on 1 ca 1(4) ft 20(20)
--- Log closed Sun Sep 14 17:52:09 2003
--- Log opened Mon Sep 15 09:16:18 2003
09:16 !mediatraffic2.fi.quakenet.org Highest connection count: 3792 (3791 clients)
09:16 !mediatraffic2.fi.quakenet.org on 1 ca 1(4) ft 20(20)
--- Log closed Mon Sep 15 09:22:16 2003
--- Log opened Mon Sep 15 13:57:30 2003
13:57 !mediatraffic.fi.quakenet.org Highest connection count: 4089 (4087 clients)
13:57 !mediatraffic.fi.quakenet.org on 1 ca 1(4) ft 20(20)
--- Log closed Mon Sep 15 14:03:28 2003
--- Log opened Tue Sep 16 22:43:59 2003
22:43 !mediatraffic2.fi.quakenet.org Highest connection count: 3792 (3791 clients)
22:44 !mediatraffic2.fi.quakenet.org on 1 ca 1(4) ft 20(20)
--- Log closed Tue Sep 16 22:47:49 2003
--- Log opened Tue Sep 16 22:48:45 2003
22:48 !mediatraffic.fi.quakenet.org Highest connection count: 4089 (4087 clients)
22:48 !mediatraffic.fi.quakenet.org on 1 ca 1(4) ft 20(20)
--- Log closed Tue Sep 16 22:54:44 2003
--- Log opened Wed Sep 17 20:09:16 2003
20:09 !mediatraffic.fi.quakenet.org Highest connection count: 4089 (4087 clients)
20:09 !mediatraffic.fi.quakenet.org on 1 ca 1(4) ft 20(20)
--- Log closed Wed Sep 17 20:15:14 2003
--- Log opened Thu Sep 18 18:54:26 2003
18:54 !mediatraffic2.fi.quakenet.org Highest connection count: 3792 (3791 clients)
18:54 !mediatraffic2.fi.quakenet.org on 1 ca 1(4) ft 20(20)
--- Log closed Thu Sep 18 19:00:25 2003
--- Log opened Fri Sep 19 19:50:19 2003
19:50 !mediatraffic2.fi.quakenet.org Highest connection count: 3792 (3791 clients)
19:50 !mediatraffic2.fi.quakenet.org on 1 ca 1(4) ft 20(20)
--- Log closed Fri Sep 19 19:56:18 2003
--- Log opened Fri Sep 19 22:07:44 2003
22:07 !mediatraffic.fi.quakenet.org Highest connection count: 4089 (4087 clients)
22:07 !mediatraffic.fi.quakenet.org on 1 ca 1(4) ft 20(20)
--- Log closed Fri Sep 19 22:13:43 2003
--- Log opened Sat Sep 20 11:41:45 2003
11:41 !mediatraffic.fi.quakenet.org Highest connection count: 4089 (4087 clients)
11:41 !mediatraffic.fi.quakenet.org on 1 ca 1(4) ft 20(20)
--- Log closed Sat Sep 20 11:47:43 2003
--- Log opened Sat Sep 20 11:56:53 2003
11:56 !mediatraffic.fi.quakenet.org Highest connection count: 4089 (4087 clients)
11:56 !mediatraffic.fi.quakenet.org on 1 ca 1(4) ft 20(20)
--- Log closed Sat Sep 20 12:01:53 2003
--- Log opened Sun Sep 21 09:43:09 2003
09:43 !mediatraffic2.fi.quakenet.org Highest connection count: 3792 (3791 clients)
09:43 !mediatraffic2.fi.quakenet.org on 1 ca 1(4) ft 20(20)
--- Log closed Sun Sep 21 09:49:08 2003
--- Log opened Sun Sep 21 17:18:50 2003
17:18 !mediatraffic2.fi.quakenet.org Highest connection count: 3792 (3791 clients)
17:18 !mediatraffic2.fi.quakenet.org on 1 ca 1(4) ft 20(20)
--- Log closed Sun Sep 21 17:24:48 2003
--- Log opened Sun Sep 21 18:13:34 2003
18:13 !mediatraffic.fi.quakenet.org Highest connection count: 4089 (4087 clients)
18:13 !mediatraffic.fi.quakenet.org on 1 ca 1(4) ft 20(20)
--- Log closed Sun Sep 21 18:18:49 2003
--- Log opened Sun Sep 21 19:49:09 2003
19:49 !mediatraffic.fi.quakenet.org Highest connection count: 4089 (4087 clients)
19:49 !mediatraffic.fi.quakenet.org on 1 ca 1(4) ft 20(20)
--- Log closed Sun Sep 21 19:55:08 2003
--- Log opened Tue Sep 23 14:35:51 2003
14:35 !mediatraffic2.fi.quakenet.org Highest connection count: 3658 (3657 clients)
14:35 !mediatraffic2.fi.quakenet.org on 1 ca 1(4) ft 20(20)
--- Log closed Tue Sep 23 14:41:50 2003
--- Log opened Fri Sep 26 21:41:25 2003
21:41 !mediatraffic.fi.quakenet.org Highest connection count: 4043 (4041 clients)
21:41 !mediatraffic.fi.quakenet.org on 1 ca 1(4) ft 20(20)
--- Log closed Fri Sep 26 21:47:21 2003
--- Log opened Sat Sep 27 08:49:44 2003
08:49 !mediatraffic2.fi.quakenet.org Highest connection count: 4045 (4044 clients)
08:49 !mediatraffic2.fi.quakenet.org on 1 ca 1(4) ft 20(20)
--- Log closed Sat Sep 27 08:55:43 2003
--- Log opened Sun Sep 28 15:34:38 2003
15:34 !mediatraffic.fi.quakenet.org Highest connection count: 4043 (4041 clients)
15:34 !mediatraffic.fi.quakenet.org on 1 ca 1(4) ft 20(20)
--- Log closed Sun Sep 28 15:40:37 2003
--- Log opened Tue Sep 30 18:15:55 2003
18:15 !mediatraffic2.fi.quakenet.org Highest connection count: 4045 (4044 clients)
18:15 !mediatraffic2.fi.quakenet.org on 1 ca 1(4) ft 20(20)
--- Log closed Tue Sep 30 18:21:55 2003
--- Log opened Tue Sep 30 22:13:43 2003
22:13 !mediatraffic.fi.quakenet.org Highest connection count: 4924 (4922 clients)
22:13 !mediatraffic.fi.quakenet.org on 1 ca 1(4) ft 20(20)
--- Log closed Tue Sep 30 22:18:58 2003
--- Log opened Sat Oct 04 13:30:47 2003
13:30 !mediatraffic.fi.quakenet.org Highest connection count: 4924 (4922 clients)
13:30 !mediatraffic.fi.quakenet.org on 1 ca 1(4) ft 20(20)
--- Log closed Sat Oct 04 13:35:47 2003
--- Log opened Sun Oct 05 12:35:24 2003
12:35 !mediatraffic2.fi.quakenet.org Highest connection count: 4199 (4198 clients)
12:35 !mediatraffic2.fi.quakenet.org on 1 ca 1(4) ft 20(20)
--- Log closed Sun Oct 05 12:41:23 2003
--- Log opened Mon Oct 06 17:35:14 2003
17:35 !mediatraffic2.fi.quakenet.org Highest connection count: 4199 (4198 clients)
17:35 !mediatraffic2.fi.quakenet.org on 1 ca 1(4) ft 20(20)
--- Log closed Mon Oct 06 17:41:13 2003
--- Log opened Tue Oct 07 22:01:26 2003
22:01 !mediatraffic.fi.quakenet.org Highest connection count: 4924 (4922 clients)
22:01 !mediatraffic.fi.quakenet.org on 1 ca 1(4) ft 20(20)
--- Log closed Tue Oct 07 22:07:25 2003
--- Log opened Wed Oct 08 20:17:27 2003
20:17 !mediatraffic.fi.quakenet.org Highest connection count: 4924 (4922 clients)
20:17 !mediatraffic.fi.quakenet.org on 1 ca 1(4) ft 20(20)
--- Log closed Wed Oct 08 20:22:27 2003
--- Log opened Fri Oct 10 20:25:39 2003
20:25 !mediatraffic2.fi.quakenet.org Highest connection count: 5528 (5527 clients)
20:25 !mediatraffic2.fi.quakenet.org on 1 ca 1(4) ft 20(20)
--- Log closed Fri Oct 10 20:31:35 2003
--- Log opened Sun Oct 12 15:55:41 2003
15:55 !mediatraffic2.fi.quakenet.org Highest connection count: 5528 (5527 clients)
15:55 !mediatraffic2.fi.quakenet.org on 1 ca 1(4) ft 20(20)
--- Log closed Sun Oct 12 16:01:40 2003
--- Log opened Tue Oct 14 23:39:59 2003
23:39 !mediatraffic2.fi.quakenet.org Highest connection count: 5528 (5527 clients)
23:39 !mediatraffic2.fi.quakenet.org on 1 ca 1(4) ft 20(20)
--- Log closed Tue Oct 14 23:45:58 2003
--- Log opened Wed Oct 15 21:25:00 2003
21:25 !mediatraffic2.fi.quakenet.org Highest connection count: 5528 (5527 clients)
21:25 !mediatraffic2.fi.quakenet.org on 1 ca 1(4) ft 20(20)
--- Log closed Wed Oct 15 21:30:59 2003
--- Log opened Thu Oct 16 16:38:22 2003
16:38 !mediatraffic.fi.quakenet.org Highest connection count: 4924 (4922 clients)
16:38 !mediatraffic.fi.quakenet.org on 1 ca 1(4) ft 20(20)
--- Log closed Thu Oct 16 16:42:15 2003
--- Log opened Thu Oct 16 18:54:46 2003
18:54 !mediatraffic.fi.quakenet.org Highest connection count: 4924 (4922 clients)
18:54 !mediatraffic.fi.quakenet.org on 1 ca 1(4) ft 20(20)
--- Log closed Thu Oct 16 19:00:45 2003
--- Log opened Mon Oct 20 16:46:18 2003
16:46 !mediatraffic2.fi.quakenet.org Highest connection count: 5528 (5527 clients)
16:46 !mediatraffic2.fi.quakenet.org on 1 ca 1(4) ft 20(20)
--- Log closed Mon Oct 20 16:51:18 2003
--- Log opened Tue Oct 21 22:06:44 2003
22:06 !mediatraffic.fi.quakenet.org Highest connection count: 4924 (4922 clients)
22:06 !mediatraffic.fi.quakenet.org on 1 ca 1(4) ft 20(20)
--- Log closed Tue Oct 21 22:12:43 2003
--- Log opened Thu Oct 23 13:08:20 2003
13:08 !mediatraffic2.fi.quakenet.org Highest connection count: 5528 (5527 clients)
13:08 !mediatraffic2.fi.quakenet.org on 1 ca 1(4) ft 20(20)
--- Log closed Thu Oct 23 13:13:20 2003
--- Log opened Thu Oct 23 17:21:26 2003
17:21 !mediatraffic2.fi.quakenet.org Highest connection count: 5528 (5527 clients)
17:21 !mediatraffic2.fi.quakenet.org on 1 ca 1(4) ft 20(20)
--- Log closed Thu Oct 23 17:27:16 2003
--- Log opened Thu Oct 23 23:55:30 2003
23:55 !mediatraffic2.fi.quakenet.org Highest connection count: 5528 (5527 clients)
23:55 !mediatraffic2.fi.quakenet.org on 1 ca 1(4) ft 20(20)
--- Log closed Fri Oct 24 00:01:29 2003
--- Log opened Fri Oct 24 22:08:29 2003
22:08 !mediatraffic2.fi.quakenet.org Highest connection count: 5528 (5527 clients)
22:08 !mediatraffic2.fi.quakenet.org on 1 ca 1(4) ft 20(20)
--- Log closed Fri Oct 24 22:13:29 2003
--- Log opened Fri Oct 24 22:44:23 2003
22:44 !mediatraffic2.fi.quakenet.org Highest connection count: 5528 (5527 clients)
22:44 !mediatraffic2.fi.quakenet.org on 1 ca 1(4) ft 20(20)
--- Log closed Fri Oct 24 22:49:23 2003
--- Log opened Sat Oct 25 14:06:18 2003
14:06 !mediatraffic.fi.quakenet.org Highest connection count: 4924 (4922 clients)
14:06 !mediatraffic.fi.quakenet.org on 1 ca 1(4) ft 20(20)
--- Log closed Sat Oct 25 14:12:12 2003
--- Log opened Sun Oct 26 08:28:17 2003
08:28 !mediatraffic.fi.quakenet.org Highest connection count: 4924 (4922 clients)
08:28 !mediatraffic.fi.quakenet.org on 1 ca 1(4) ft 20(20)
--- Log closed Sun Oct 26 08:34:16 2003
--- Log opened Mon Oct 27 19:17:01 2003
19:17 !mediatraffic.fi.quakenet.org Highest connection count: 3960 (3958 clients)
19:17 !mediatraffic.fi.quakenet.org on 1 ca 1(4) ft 20(20)
--- Log closed Mon Oct 27 19:22:59 2003
--- Log opened Tue Oct 28 18:59:55 2003
18:59 !mediatraffic2.fi.quakenet.org Highest connection count: 3710 (3709 clients)
18:59 !mediatraffic2.fi.quakenet.org on 1 ca 1(4) ft 20(20)
--- Log closed Tue Oct 28 19:05:50 2003
--- Log opened Wed Oct 29 22:48:35 2003
22:48 !mediatraffic.fi.quakenet.org Highest connection count: 5016 (5014 clients)
22:48 !mediatraffic.fi.quakenet.org on 1 ca 1(4) ft 20(20)
--- Log closed Wed Oct 29 22:54:34 2003
--- Log opened Thu Oct 30 18:25:20 2003
18:25 !mediatraffic.fi.quakenet.org Highest connection count: 5016 (5014 clients)
18:25 !mediatraffic.fi.quakenet.org on 1 ca 1(4) ft 20(20)
--- Log closed Thu Oct 30 18:31:19 2003
--- Log opened Fri Oct 31 18:45:20 2003
18:45 !mediatraffic.fi.quakenet.org Highest connection count: 3590 (3588 clients)
18:45 !mediatraffic.fi.quakenet.org on 1 ca 1(4) ft 20(20)
--- Log closed Fri Oct 31 18:51:06 2003
--- Log opened Sat Nov 01 12:46:23 2003
12:46 !mediatraffic2.fi.quakenet.org Highest connection count: 3537 (3536 clients)
12:46 !mediatraffic2.fi.quakenet.org on 1 ca 1(4) ft 20(20)
--- Log closed Sat Nov 01 12:52:21 2003
--- Log opened Sun Nov 02 12:18:20 2003
12:18 !mediatraffic2.fi.quakenet.org Highest connection count: 3591 (3590 clients)
12:18 !mediatraffic2.fi.quakenet.org on 1 ca 1(4) ft 20(20)
--- Log closed Sun Nov 02 12:24:19 2003
--- Log opened Mon Nov 03 16:00:20 2003
16:00 !mediatraffic2.fi.quakenet.org Highest connection count: 4040 (4039 clients)
16:00 !mediatraffic2.fi.quakenet.org on 1 ca 1(4) ft 20(20)
--- Log closed Mon Nov 03 16:06:19 2003
--- Log opened Tue Nov 04 14:46:25 2003
14:46 !mediatraffic2.fi.quakenet.org Highest connection count: 4408 (4407 clients)
14:46 !mediatraffic2.fi.quakenet.org on 1 ca 1(4) ft 20(20)
--- Log closed Tue Nov 04 14:52:24 2003
--- Log opened Wed Nov 05 17:37:38 2003
17:37 !mediatraffic2.fi.quakenet.org Highest connection count: 4472 (4471 clients)
17:37 !mediatraffic2.fi.quakenet.org on 1 ca 1(4) ft 20(20)
--- Log closed Wed Nov 05 17:43:37 2003
--- Log opened Thu Nov 06 15:51:25 2003
15:51 !mediatraffic2.fi.quakenet.org Highest connection count: 5231 (5230 clients)
15:51 !mediatraffic2.fi.quakenet.org on 1 ca 1(4) ft 20(20)
--- Log closed Thu Nov 06 15:57:24 2003
--- Log opened Sat Nov 08 18:41:42 2003
18:41 !mediatraffic2.fi.quakenet.org Highest connection count: 5231 (5230 clients)
18:41 !mediatraffic2.fi.quakenet.org on 1 ca 1(4) ft 20(20)
--- Log closed Sat Nov 08 18:47:38 2003
--- Log opened Sun Nov 09 14:22:04 2003
14:22 !mediatraffic2.fi.quakenet.org Highest connection count: 5231 (5230 clients)
14:22 !mediatraffic2.fi.quakenet.org on 1 ca 1(4) ft 20(20)
--- Log closed Sun Nov 09 14:28:02 2003
--- Log opened Thu Nov 13 19:14:08 2003
19:14 !mediatraffic.fi.quakenet.org Highest connection count: 5269 (5267 clients)
19:14 !mediatraffic.fi.quakenet.org on 1 ca 1(4) ft 20(20)
--- Log closed Thu Nov 13 19:20:06 2003
--- Log opened Fri Nov 14 23:09:03 2003
23:09 !mediatraffic.fi.quakenet.org Highest connection count: 5269 (5267 clients)
23:09 !mediatraffic.fi.quakenet.org on 1 ca 1(4) ft 20(20)
--- Log closed Fri Nov 14 23:15:00 2003
--- Log opened Sat Nov 15 08:44:26 2003
08:44 !mediatraffic.fi.quakenet.org Highest connection count: 5269 (5267 clients)
08:44 !mediatraffic.fi.quakenet.org on 1 ca 1(4) ft 20(20)
--- Log closed Sat Nov 15 08:50:25 2003
--- Log opened Sat Nov 15 14:43:48 2003
14:43 !mediatraffic2.fi.quakenet.org Highest connection count: 5231 (5230 clients)
14:43 !mediatraffic2.fi.quakenet.org on 1 ca 2(4) ft 20(20)
--- Log closed Sat Nov 15 14:49:47 2003
--- Log opened Sun Nov 16 11:20:59 2003
11:20 !mediatraffic2.fi.quakenet.org Highest connection count: 5231 (5230 clients)
11:20 !mediatraffic2.fi.quakenet.org on 1 ca 1(4) ft 20(20)
--- Log closed Sun Nov 16 11:26:57 2003
--- Log opened Mon Nov 17 18:30:14 2003
18:30 !mediatraffic.fi.quakenet.org Highest connection count: 5269 (5267 clients)
18:30 !mediatraffic.fi.quakenet.org on 1 ca 1(4) ft 20(20)
--- Log closed Mon Nov 17 18:36:13 2003
--- Log opened Tue Nov 18 19:47:25 2003
19:47 !mediatraffic2.fi.quakenet.org Highest connection count: 5231 (5230 clients)
19:47 !mediatraffic2.fi.quakenet.org on 1 ca 1(4) ft 20(20)
--- Log closed Tue Nov 18 19:53:22 2003
--- Log opened Wed Nov 19 21:04:03 2003
21:04 !mediatraffic2.fi.quakenet.org Highest connection count: 5231 (5230 clients)
21:04 !mediatraffic2.fi.quakenet.org on 1 ca 1(4) ft 20(20)
--- Log closed Wed Nov 19 21:10:01 2003
--- Log opened Sun Nov 23 17:02:42 2003
17:02 !mediatraffic2.fi.quakenet.org Highest connection count: 5231 (5230 clients)
17:02 !mediatraffic2.fi.quakenet.org on 1 ca 1(4) ft 20(20)
--- Log closed Sun Nov 23 17:08:39 2003
--- Log opened Sun Nov 23 20:29:56 2003
20:29 !mediatraffic2.fi.quakenet.org Highest connection count: 5231 (5230 clients)
20:29 !mediatraffic2.fi.quakenet.org on 1 ca 1(4) ft 20(20)
--- Log closed Sun Nov 23 20:35:54 2003
--- Log opened Mon Nov 24 20:17:48 2003
20:17 !mediatraffic2.fi.quakenet.org Highest connection count: 5231 (5230 clients)
20:17 !mediatraffic2.fi.quakenet.org on 1 ca 1(4) ft 20(20)
--- Log closed Mon Nov 24 20:23:46 2003
--- Log opened Tue Nov 25 21:15:01 2003
21:15 !pelikaista.fi.quakenet.org Highest connection count: 692 (691 clients)
21:15 !pelikaista.fi.quakenet.org on 1 ca 1(4) ft 20(20)
--- Log closed Tue Nov 25 21:20:59 2003
--- Log opened Wed Nov 26 22:12:25 2003
22:12 !pelikaista.fi.quakenet.org Highest connection count: 869 (868 clients)
22:12 !pelikaista.fi.quakenet.org on 1 ca 1(4) ft 20(20)
--- Log closed Wed Nov 26 22:18:23 2003
--- Log opened Fri Nov 28 22:49:51 2003
22:49 !pelikaista.fi.quakenet.org Highest connection count: 2425 (2424 clients)
22:49 !pelikaista.fi.quakenet.org on 1 ca 1(4) ft 20(20)
--- Log closed Fri Nov 28 22:55:49 2003
--- Log opened Sat Nov 29 14:21:21 2003
14:21 !pelikaista.fi.quakenet.org Highest connection count: 2425 (2424 clients)
14:21 !pelikaista.fi.quakenet.org on 1 ca 1(4) ft 20(20)
--- Log closed Sat Nov 29 14:27:20 2003
--- Log opened Sat Nov 29 19:11:59 2003
19:11 !pelikaista.fi.quakenet.org Highest connection count: 2610 (2609 clients)
19:11 !pelikaista.fi.quakenet.org on 1 ca 1(4) ft 20(20)
--- Log closed Sat Nov 29 19:17:57 2003
--- Log opened Sun Nov 30 12:00:01 2003
12:00 !pelikaista.fi.quakenet.org Highest connection count: 2610 (2609 clients)
12:00 !pelikaista.fi.quakenet.org on 1 ca 1(4) ft 20(20)
--- Log closed Sun Nov 30 12:06:00 2003
--- Log opened Sun Nov 30 19:15:18 2003
19:15 !pelikaista.fi.quakenet.org Highest connection count: 2841 (2840 clients)
19:15 !pelikaista.fi.quakenet.org on 1 ca 1(4) ft 20(20)
--- Log closed Sun Nov 30 19:21:17 2003
--- Log opened Mon Dec 01 20:22:58 2003
20:22 !pelikaista.fi.quakenet.org Highest connection count: 3150 (3149 clients)
20:22 !pelikaista.fi.quakenet.org on 1 ca 1(4) ft 20(20)
--- Log closed Mon Dec 01 20:28:56 2003
--- Log opened Wed Dec 03 23:05:16 2003
23:05 !pelikaista.fi.quakenet.org Highest connection count: 3482 (3481 clients)
23:05 !pelikaista.fi.quakenet.org on 1 ca 1(4) ft 20(20)
--- Log closed Wed Dec 03 23:11:15 2003
--- Log opened Thu Dec 04 19:42:26 2003
19:42 !pelikaista.fi.quakenet.org Highest connection count: 3482 (3481 clients)
19:42 !pelikaista.fi.quakenet.org on 1 ca 1(4) ft 20(20)
--- Log closed Thu Dec 04 19:48:10 2003
--- Log opened Sat Dec 06 09:09:24 2003
09:09 !pelikaista.fi.quakenet.org Highest connection count: 3482 (3481 clients)
09:09 !pelikaista.fi.quakenet.org on 1 ca 1(4) ft 20(20)
--- Log closed Sat Dec 06 09:15:24 2003
