--- Log opened Thu Jun 12 13:30:39 2003
13:30 -L(TheLBot@lightweight.quakenet.org)- [#voidwars] Welcome to #voidwars (http://www.voidwars.com)
--- Log closed Thu Jun 12 13:35:43 2003
--- Log opened Fri Jun 13 16:48:36 2003
16:48 -L(TheLBot@lightweight.quakenet.org)- [#voidwars] Welcome to #voidwars (http://www.voidwars.com)
--- Log closed Fri Jun 13 16:54:04 2003
--- Log opened Sun Jun 15 15:07:04 2003
15:07 -L(TheLBot@lightweight.quakenet.org)- [#voidwars] Welcome to #voidwars (http://www.voidwars.com)
--- Log closed Sun Jun 15 15:12:47 2003
--- Log opened Sun Jun 15 23:06:00 2003
23:06 -L(TheLBot@lightweight.quakenet.org)- [#voidwars] Welcome to #voidwars (http://www.voidwars.com)
--- Log closed Sun Jun 15 23:11:55 2003
--- Log opened Mon Jun 16 16:40:31 2003
16:40 -L(TheLBot@lightweight.quakenet.org)- [#voidwars] Welcome to #voidwars (http://www.voidwars.com)
--- Log closed Mon Jun 16 16:46:11 2003
--- Log opened Tue Jun 17 11:54:35 2003
11:54 -L(TheLBot@lightweight.quakenet.org)- [#voidwars] Welcome to #voidwars (http://www.voidwars.com)
--- Log closed Tue Jun 17 12:00:20 2003
--- Log opened Thu Jun 19 12:58:52 2003
12:58 -L(TheLBot@lightweight.quakenet.org)- [#voidwars] Welcome to #voidwars (http://www.voidwars.com)
--- Log closed Thu Jun 19 13:03:59 2003
--- Log opened Thu Jun 26 18:42:36 2003
18:42 -L(TheLBot@lightweight.quakenet.org)- [#voidwars] Welcome to #voidwars (http://www.voidwars.com)
--- Log closed Thu Jun 26 18:48:15 2003
--- Log opened Thu Jul 03 23:53:21 2003
23:53 -L(TheLBot@lightweight.quakenet.org)- [#voidwars] Welcome to #voidwars (http://www.voidwars.com)
--- Log closed Thu Jul 03 23:57:45 2003
--- Log opened Mon Aug 11 16:00:52 2003
16:00 -L(TheLBot@lightweight.quakenet.org)- [#ish] ::Ish:: adz is leaving the giant bong...
--- Log closed Mon Aug 11 16:06:36 2003
