--- Log opened Sat Apr 26 23:07:27 2003
23:07 -!- Irssi: Starting query in quakenet with pepelaku
23:07 <pepelaku> http://www.linuxonly.cx/imuroi_index.html
23:07 <pepelaku> mitk‰ ceedeet tost pit‰‰ hakee..
23:07 <pepelaku> kaikki?
23:08 <draq> hetkinen
23:08 <draq> onko sinulla ADSL?
23:08 <pepelaku> on
23:09 <pepelaku> tulee joku 250kt/s
23:09 <draq> http://www.funet.fi/pub/linux/mirrors/debian-cdimage/3.0_r1/i386/debian-30r1-i386-binary-1.iso
23:09 <draq> mutta
23:09 <draq> hmmm
23:10 <draq> if you want to "try" linux
23:10 <draq> http://www.knopper.net/knoppix/download.php3?lang=en&link=http://ftp.freenet.de/pub/ftp.uni-kl.de/pub/linux/knoppix/
23:10 <draq> go for Knoppix.
23:10 <pepelaku> osaan suomee ihan hyvin :D
23:10 <draq> kiittos
23:11 <draq> :)
23:11 <draq> http://ftp.freenet.de/pub/ftp.uni-kl.de/pub/linux/knoppix/KNOPPIX_V3.2-2003-04-18-EN.iso
23:12 <pepelaku> k
23:12 <draq> ole hyv‰‰
23:12 <pepelaku> tuoko sopii serveri koneeseen
23:13 <draq> serveri?
23:13 <draq> muistan! 
23:13 <draq> argh
23:13 <draq> Debian
23:13 <draq> http://www.funet.fi/pub/linux/mirrors/debian-cdimage/3.0_r1/i386/debian-30r1-i386-binary-1.iso
23:13 <draq> Knoppix destop-lle
23:13 <draq> Knoppix desktop-lle
--- Log closed Sat Apr 26 23:19:58 2003
